#
# There is insufficient memory for the Java Runtime Environment to continue.
# Native memory allocation (mmap) failed to map 109051904 bytes for Failed to commit area from 0x000000008fd00000 to 0x0000000096500000 of length 109051904.
# Possible reasons:
#   The system is out of physical RAM or swap space
#   The process is running with CompressedOops enabled, and the Java Heap may be blocking the growth of the native heap
# Possible solutions:
#   Reduce memory load on the system
#   Increase physical memory or swap space
#   Check if swap backing store is full
#   Decrease Java heap size (-Xmx/-Xms)
#   Decrease number of Java threads
#   Decrease Java thread stack sizes (-Xss)
#   Set larger code cache with -XX:ReservedCodeCacheSize=
#   JVM is running with Unscaled Compressed Oops mode in which the Java heap is
#     placed in the first 4GB address space. The Java Heap base address is the
#     maximum limit for the native heap growth. Please use -XX:HeapBaseMinAddress
#     to set the Java Heap base and to place the Java Heap above 4GB virtual address.
# This output file may be truncated or incomplete.
#
#  Out of Memory Error (./src/hotspot/os/windows/os_windows.cpp:3301), pid=18028, tid=4764
#
# JRE version: OpenJDK Runtime Environment (11.0.10) (build 11.0.10+0-b96-7249189)
# Java VM: OpenJDK 64-Bit Server VM (11.0.10+0-b96-7249189, mixed mode, tiered, compressed oops, g1 gc, windows-amd64)
# No core dump will be written. Minidumps are not enabled by default on client versions of Windows
#

---------------  S U M M A R Y ------------

Command Line: --add-opens=java.base/java.util=ALL-UNNAMED --add-opens=java.base/java.lang=ALL-UNNAMED --add-opens=java.base/java.lang.invoke=ALL-UNNAMED --add-opens=java.base/java.util=ALL-UNNAMED --add-opens=java.prefs/java.util.prefs=ALL-UNNAMED --add-opens=java.prefs/java.util.prefs=ALL-UNNAMED --add-opens=java.base/java.nio.charset=ALL-UNNAMED --add-opens=java.base/java.net=ALL-UNNAMED --add-opens=java.base/java.util.concurrent.atomic=ALL-UNNAMED -Xmx2048m -Dfile.encoding=UTF-8 -Duser.country=CN -Duser.language=zh -Duser.variant org.gradle.launcher.daemon.bootstrap.GradleDaemon 7.0.2

Host: Intel(R) Core(TM) i5-1035G1 CPU @ 1.00GHz, 8 cores, 7G,  Windows 10 , 64 bit Build 22000 (10.0.22000.708)
Time: Thu Oct 13 10:38:20 2022 中国标准时间 elapsed time: 22.832491 seconds (0d 0h 0m 22s)

---------------  T H R E A D  ---------------

Current thread (0x000001b9ff5d4800):  VMThread "VM Thread" [stack: 0x000000559b500000,0x000000559b600000] [id=4764]

Stack: [0x000000559b500000,0x000000559b600000]
[error occurred during error reporting (printing stack bounds), id 0xc0000005, EXCEPTION_ACCESS_VIOLATION (0xc0000005) at pc=0x000001b9e8c310e7]

Native frames: (J=compiled Java code, j=interpreted, Vv=VM code, C=native code)
V  [jvm.dll+0x5ecfaa]
V  [jvm.dll+0x722bd5]
V  [jvm.dll+0x72412d]
V  [jvm.dll+0x724745]
V  [jvm.dll+0x7246fb]
V  [jvm.dll+0x5ec348]
V  [jvm.dll+0x5ecad8]
C  [ntdll.dll+0xa8b1f]
C  [ntdll.dll+0x35b9a]
C  [ntdll.dll+0xa7b2e]
C  0x000001b9e8c310e7

VM_Operation (0x000000559e6f9250): G1CollectForAllocation, mode: safepoint, requested by thread 0x000001b9836c1800


---------------  P R O C E S S  ---------------

Threads class SMR info:
_java_thread_list=0x000001b9853131e0, length=61, elements={
0x000001b9e513d000, 0x000001b980003800, 0x000001b980006800, 0x000001b9ff5eb800,
0x000001b9ff5ec800, 0x000001b980019000, 0x000001b98001e800, 0x000001b98006a000,
0x000001b980070000, 0x000001b9801f3800, 0x000001b98165d800, 0x000001b9803f4800,
0x000001b982b0a800, 0x000001b982cc3800, 0x000001b982882800, 0x000001b9818ad800,
0x000001b982e17800, 0x000001b982445000, 0x000001b9822af800, 0x000001b9822b0000,
0x000001b9822ac000, 0x000001b9822b1000, 0x000001b9822ab800, 0x000001b9822b2000,
0x000001b9822ad000, 0x000001b9822ae000, 0x000001b9822ae800, 0x000001b982cda000,
0x000001b982cd7800, 0x000001b982cd6000, 0x000001b982cd8800, 0x000001b982cd9800,
0x000001b982cd4800, 0x000001b9836bf000, 0x000001b9836bd000, 0x000001b9836b9000,
0x000001b9836ba000, 0x000001b9836bf800, 0x000001b9836ba800, 0x000001b9836c1800,
0x000001b9836be000, 0x000001b9836c0800, 0x000001b9836bb800, 0x000001b9836c2000,
0x000001b9836bc800, 0x000001b9836c3000, 0x000001b9836c3800, 0x000001b9836c4800,
0x000001b9836c5800, 0x000001b9836c7000, 0x000001b9836c8000, 0x000001b987433800,
0x000001b987437000, 0x000001b987436000, 0x000001b987432000, 0x000001b987434800,
0x000001b987435800, 0x000001b987433000, 0x000001b987431000, 0x000001b9852a6800,
0x000001b98743c000
}

Java Threads: ( => current thread )
  0x000001b9e513d000 JavaThread "main" [_thread_blocked, id=2080, stack(0x000000559af00000,0x000000559b000000)]
  0x000001b980003800 JavaThread "Reference Handler" daemon [_thread_blocked, id=18484, stack(0x000000559b600000,0x000000559b700000)]
  0x000001b980006800 JavaThread "Finalizer" daemon [_thread_blocked, id=18944, stack(0x000000559b700000,0x000000559b800000)]
  0x000001b9ff5eb800 JavaThread "Signal Dispatcher" daemon [_thread_blocked, id=17612, stack(0x000000559b800000,0x000000559b900000)]
  0x000001b9ff5ec800 JavaThread "Attach Listener" daemon [_thread_blocked, id=21516, stack(0x000000559b900000,0x000000559ba00000)]
  0x000001b980019000 JavaThread "Service Thread" daemon [_thread_blocked, id=10688, stack(0x000000559ba00000,0x000000559bb00000)]
  0x000001b98001e800 JavaThread "C2 CompilerThread0" daemon [_thread_blocked, id=24280, stack(0x000000559bb00000,0x000000559bc00000)]
  0x000001b98006a000 JavaThread "C1 CompilerThread0" daemon [_thread_blocked, id=20372, stack(0x000000559bc00000,0x000000559bd00000)]
  0x000001b980070000 JavaThread "Sweeper thread" daemon [_thread_blocked, id=14392, stack(0x000000559bd00000,0x000000559be00000)]
  0x000001b9801f3800 JavaThread "Common-Cleaner" daemon [_thread_blocked, id=11984, stack(0x000000559be00000,0x000000559bf00000)]
  0x000001b98165d800 JavaThread "Daemon health stats" [_thread_blocked, id=8432, stack(0x000000559c300000,0x000000559c400000)]
  0x000001b9803f4800 JavaThread "Incoming local TCP Connector on port 58028" [_thread_in_native, id=22856, stack(0x000000559c000000,0x000000559c100000)]
  0x000001b982b0a800 JavaThread "Daemon periodic checks" [_thread_blocked, id=19944, stack(0x000000559c400000,0x000000559c500000)]
  0x000001b982cc3800 JavaThread "Daemon" [_thread_blocked, id=15352, stack(0x000000559c500000,0x000000559c600000)]
  0x000001b982882800 JavaThread "Handler for socket connection from /127.0.0.1:58028 to /127.0.0.1:58029" [_thread_in_native, id=15436, stack(0x000000559c600000,0x000000559c700000)]
  0x000001b9818ad800 JavaThread "Cancel handler" [_thread_blocked, id=16924, stack(0x000000559c700000,0x000000559c800000)]
  0x000001b982e17800 JavaThread "Daemon worker" [_thread_blocked, id=22620, stack(0x000000559c800000,0x000000559c900000)]
  0x000001b982445000 JavaThread "Asynchronous log dispatcher for DefaultDaemonConnection: socket connection from /127.0.0.1:58028 to /127.0.0.1:58029" [_thread_blocked, id=11128, stack(0x000000559c900000,0x000000559ca00000)]
  0x000001b9822af800 JavaThread "Stdin handler" [_thread_blocked, id=22532, stack(0x000000559ca00000,0x000000559cb00000)]
  0x000001b9822b0000 JavaThread "Daemon client event forwarder" [_thread_blocked, id=14300, stack(0x000000559cc00000,0x000000559cd00000)]
  0x000001b9822ac000 JavaThread "Cache worker for file hash cache (C:\Users\ASUS\.gradle\caches\7.0.2\fileHashes)" [_thread_blocked, id=3260, stack(0x000000559cb00000,0x000000559cc00000)]
  0x000001b9822b1000 JavaThread "File lock request listener" [_thread_in_native, id=20800, stack(0x000000559d200000,0x000000559d300000)]
  0x000001b9822ab800 JavaThread "Cache worker for journal cache (C:\Users\ASUS\.gradle\caches\journal-1)" [_thread_blocked, id=22336, stack(0x000000559d400000,0x000000559d500000)]
  0x000001b9822b2000 JavaThread "Cache worker for file hash cache (D:\WorkSpace\.gradle\7.0.2\fileHashes)" [_thread_blocked, id=19444, stack(0x000000559d600000,0x000000559d700000)]
  0x000001b9822ad000 JavaThread "File watcher server" daemon [_thread_blocked, id=9480, stack(0x000000559d700000,0x000000559d800000)]
  0x000001b9822ae000 JavaThread "File watcher consumer" daemon [_thread_blocked, id=22704, stack(0x000000559d800000,0x000000559d900000)]
  0x000001b9822ae800 JavaThread "Cache worker for checksums cache (D:\WorkSpace\.gradle\checksums)" [_thread_blocked, id=7224, stack(0x000000559d900000,0x000000559da00000)]
  0x000001b982cda000 JavaThread "Cache worker for cache directory md-supplier (C:\Users\ASUS\.gradle\caches\7.0.2\md-supplier)" [_thread_blocked, id=20544, stack(0x000000559da00000,0x000000559db00000)]
  0x000001b982cd7800 JavaThread "Cache worker for cache directory md-rule (C:\Users\ASUS\.gradle\caches\7.0.2\md-rule)" [_thread_blocked, id=6492, stack(0x000000559db00000,0x000000559dc00000)]
  0x000001b982cd6000 JavaThread "Cache worker for execution history cache (C:\Users\ASUS\.gradle\caches\7.0.2\executionHistory)" [_thread_blocked, id=1504, stack(0x000000559dc00000,0x000000559dd00000)]
  0x000001b982cd8800 JavaThread "jar transforms" [_thread_blocked, id=7656, stack(0x000000559dd00000,0x000000559de00000)]
  0x000001b982cd9800 JavaThread "jar transforms Thread 2" [_thread_blocked, id=10512, stack(0x000000559de00000,0x000000559df00000)]
  0x000001b982cd4800 JavaThread "Cache worker for file content cache (C:\Users\ASUS\.gradle\caches\7.0.2\fileContent)" [_thread_blocked, id=14800, stack(0x000000559df00000,0x000000559e000000)]
  0x000001b9836bf000 JavaThread "Cache worker for dependencies-accessors (D:\WorkSpace\.gradle\7.0.2\dependencies-accessors)" [_thread_blocked, id=19440, stack(0x000000559e000000,0x000000559e100000)]
  0x000001b9836bd000 JavaThread "jar transforms Thread 3" [_thread_blocked, id=5260, stack(0x000000559e100000,0x000000559e200000)]
  0x000001b9836b9000 JavaThread "Cache worker for Build Output Cleanup Cache (D:\WorkSpace\.gradle\buildOutputCleanup)" [_thread_blocked, id=24080, stack(0x000000559e200000,0x000000559e300000)]
  0x000001b9836ba000 JavaThread "Build operations" [_thread_blocked, id=24104, stack(0x000000559e300000,0x000000559e400000)]
  0x000001b9836bf800 JavaThread "Build operations Thread 2" [_thread_blocked, id=22544, stack(0x000000559e400000,0x000000559e500000)]
  0x000001b9836ba800 JavaThread "Build operations Thread 3" [_thread_blocked, id=18732, stack(0x000000559e500000,0x000000559e600000)]
  0x000001b9836c1800 JavaThread "Build operations Thread 4" [_thread_blocked, id=14708, stack(0x000000559e600000,0x000000559e700000)]
  0x000001b9836be000 JavaThread "Build operations Thread 5" [_thread_blocked, id=22760, stack(0x000000559e700000,0x000000559e800000)]
  0x000001b9836c0800 JavaThread "Build operations Thread 6" [_thread_blocked, id=3448, stack(0x000000559e800000,0x000000559e900000)]
  0x000001b9836bb800 JavaThread "Build operations Thread 7" [_thread_blocked, id=17124, stack(0x000000559e900000,0x000000559ea00000)]
  0x000001b9836c2000 JavaThread "Build operations Thread 8" [_thread_blocked, id=21528, stack(0x000000559ea00000,0x000000559eb00000)]
  0x000001b9836bc800 JavaThread "jar transforms Thread 4" [_thread_blocked, id=23572, stack(0x000000559eb00000,0x000000559ec00000)]
  0x000001b9836c3000 JavaThread "jar transforms Thread 5" [_thread_blocked, id=22352, stack(0x000000559ec00000,0x000000559ed00000)]
  0x000001b9836c3800 JavaThread "jar transforms Thread 6" [_thread_blocked, id=3700, stack(0x000000559ed00000,0x000000559ee00000)]
  0x000001b9836c4800 JavaThread "jar transforms Thread 7" [_thread_blocked, id=22712, stack(0x000000559ee00000,0x000000559ef00000)]
  0x000001b9836c5800 JavaThread "jar transforms Thread 8" [_thread_blocked, id=9056, stack(0x000000559ef00000,0x000000559f000000)]
  0x000001b9836c7000 JavaThread "Memory manager" [_thread_blocked, id=12944, stack(0x000000559f000000,0x000000559f100000)]
  0x000001b9836c8000 JavaThread "build event listener" [_thread_blocked, id=11200, stack(0x000000559f100000,0x000000559f200000)]
  0x000001b987433800 JavaThread "Execution worker for ':'" [_thread_blocked, id=9292, stack(0x000000559f200000,0x000000559f300000)]
  0x000001b987437000 JavaThread "Execution worker for ':' Thread 2" [_thread_blocked, id=7980, stack(0x000000559f300000,0x000000559f400000)]
  0x000001b987436000 JavaThread "Execution worker for ':' Thread 3" [_thread_blocked, id=12912, stack(0x000000559f400000,0x000000559f500000)]
  0x000001b987432000 JavaThread "Execution worker for ':' Thread 4" [_thread_blocked, id=18200, stack(0x000000559f500000,0x000000559f600000)]
  0x000001b987434800 JavaThread "Execution worker for ':' Thread 5" [_thread_blocked, id=16448, stack(0x000000559f600000,0x000000559f700000)]
  0x000001b987435800 JavaThread "Execution worker for ':' Thread 6" [_thread_blocked, id=22784, stack(0x000000559f700000,0x000000559f800000)]
  0x000001b987433000 JavaThread "Execution worker for ':' Thread 7" [_thread_blocked, id=15396, stack(0x000000559f800000,0x000000559f900000)]
  0x000001b987431000 JavaThread "Cache worker for execution history cache (D:\WorkSpace\.gradle\7.0.2\executionHistory)" [_thread_blocked, id=20292, stack(0x000000559f900000,0x000000559fa00000)]
  0x000001b9852a6800 JavaThread "C2 CompilerThread1" daemon [_thread_in_native, id=23176, stack(0x000000559d500000,0x000000559d600000)]
  0x000001b98743c000 JavaThread "WorkerExecutor Queue" [_thread_blocked, id=2076, stack(0x000000559fa00000,0x000000559fb00000)]

Other Threads:
=>0x000001b9ff5d4800 VMThread "VM Thread" [stack: 0x000000559b500000,0x000000559b600000] [id=4764]
  0x000001b980231800 WatcherThread [stack: 0x000000559bf00000,0x000000559c000000] [id=19560]
  0x000001b9e5157800 GCTaskThread "GC Thread#0" [stack: 0x000000559b000000,0x000000559b100000] [id=22184]
  0x000001b980f04000 GCTaskThread "GC Thread#1" [stack: 0x000000559c100000,0x000000559c200000] [id=20796]
  0x000001b980bfc800 GCTaskThread "GC Thread#2" [stack: 0x000000559c200000,0x000000559c300000] [id=18052]
  0x000001b982b73800 GCTaskThread "GC Thread#3" [stack: 0x000000559cd00000,0x000000559ce00000] [id=22656]
  0x000001b982414000 GCTaskThread "GC Thread#4" [stack: 0x000000559ce00000,0x000000559cf00000] [id=7972]
  0x000001b982415000 GCTaskThread "GC Thread#5" [stack: 0x000000559cf00000,0x000000559d000000] [id=10220]
  0x000001b9818ab000 GCTaskThread "GC Thread#6" [stack: 0x000000559d000000,0x000000559d100000] [id=1512]
  0x000001b9818ab800 GCTaskThread "GC Thread#7" [stack: 0x000000559d100000,0x000000559d200000] [id=9124]
  0x000001b9e5188000 ConcurrentGCThread "G1 Main Marker" [stack: 0x000000559b100000,0x000000559b200000] [id=24200]
  0x000001b9e518a000 ConcurrentGCThread "G1 Conc#0" [stack: 0x000000559b200000,0x000000559b300000] [id=19960]
  0x000001b9811ae800 ConcurrentGCThread "G1 Conc#1" [stack: 0x000000559d300000,0x000000559d400000] [id=20168]
  0x000001b9e521d800 ConcurrentGCThread "G1 Refine#0" [stack: 0x000000559b300000,0x000000559b400000] [id=12920]
  0x000001b9ff425800 ConcurrentGCThread "G1 Young RemSet Sampling" [stack: 0x000000559b400000,0x000000559b500000] [id=22880]

Threads with active compile tasks:
C2 CompilerThread0  22858 12170 %     4       com.android.tools.r8.internal.Lv::a @ 337 (455 bytes)
C1 CompilerThread0  22858 12169 % !   3       com.android.tools.r8.graph.i::a @ 133 (1446 bytes)
C2 CompilerThread1  22858 11873 %     4       com.android.tools.r8.internal.T6::a @ 2410 (6044 bytes)

VM state:at safepoint (normal execution)

VM Mutex/Monitor currently owned by a thread:  ([mutex/lock_event])
[0x000001b9e51307d0] Threads_lock - owner thread: 0x000001b9ff5d4800
[0x000001b9e513b410] Heap_lock - owner thread: 0x000001b9836c1800

Heap address: 0x0000000080000000, size: 2048 MB, Compressed Oops mode: 32-bit
Narrow klass base: 0x0000000000000000, Narrow klass shift: 3
Compressed class space size: 1073741824 Address: 0x0000000100000000

Heap:
 garbage-first heap   total 365568K, used 140515K [0x0000000080000000, 0x0000000100000000)
  region size 1024K, 6 young (6144K), 6 survivors (6144K)
 Metaspace       used 95648K, capacity 98067K, committed 98688K, reserved 1134592K
  class space    used 12551K, capacity 13460K, committed 13772K, reserved 1048576K
Heap Regions: E=young(eden), S=young(survivor), O=old, HS=humongous(starts), HC=humongous(continues), CS=collection set, F=free, A=archive, TAMS=top-at-mark-start (previous, next)
|   0|0x0000000080000000, 0x0000000080100000, 0x0000000080100000|100%| O|  |TAMS 0x0000000080100000, 0x0000000080000000| Updating 
|   1|0x0000000080100000, 0x0000000080200000, 0x0000000080200000|100%| O|  |TAMS 0x0000000080200000, 0x0000000080100000| Updating 
|   2|0x0000000080200000, 0x0000000080300000, 0x0000000080300000|100%| O|  |TAMS 0x0000000080300000, 0x0000000080200000| Updating 
|   3|0x0000000080300000, 0x0000000080400000, 0x0000000080400000|100%|HS|  |TAMS 0x0000000080400000, 0x0000000080300000| Complete 
|   4|0x0000000080400000, 0x0000000080500000, 0x0000000080500000|100%|HC|  |TAMS 0x0000000080500000, 0x0000000080400000| Complete 
|   5|0x0000000080500000, 0x0000000080600000, 0x0000000080600000|100%|HC|  |TAMS 0x0000000080600000, 0x0000000080500000| Complete 
|   6|0x0000000080600000, 0x0000000080700000, 0x0000000080700000|100%| O|  |TAMS 0x0000000080700000, 0x0000000080600000| Updating 
|   7|0x0000000080700000, 0x0000000080800000, 0x0000000080800000|100%| O|  |TAMS 0x0000000080800000, 0x0000000080700000| Updating 
|   8|0x0000000080800000, 0x0000000080900000, 0x0000000080900000|100%| O|  |TAMS 0x0000000080900000, 0x0000000080800000| Updating 
|   9|0x0000000080900000, 0x0000000080a00000, 0x0000000080a00000|100%| O|  |TAMS 0x0000000080a00000, 0x0000000080900000| Updating 
|  10|0x0000000080a00000, 0x0000000080b00000, 0x0000000080b00000|100%| O|  |TAMS 0x0000000080b00000, 0x0000000080a00000| Updating 
|  11|0x0000000080b00000, 0x0000000080c00000, 0x0000000080c00000|100%| O|  |TAMS 0x0000000080c00000, 0x0000000080b00000| Updating 
|  12|0x0000000080c00000, 0x0000000080d00000, 0x0000000080d00000|100%| O|  |TAMS 0x0000000080d00000, 0x0000000080c00000| Updating 
|  13|0x0000000080d00000, 0x0000000080e00000, 0x0000000080e00000|100%| O|  |TAMS 0x0000000080e00000, 0x0000000080d00000| Updating 
|  14|0x0000000080e00000, 0x0000000080f00000, 0x0000000080f00000|100%| O|  |TAMS 0x0000000080f00000, 0x0000000080e00000| Updating 
|  15|0x0000000080f00000, 0x0000000081000000, 0x0000000081000000|100%| O|  |TAMS 0x0000000081000000, 0x0000000080f00000| Updating 
|  16|0x0000000081000000, 0x0000000081100000, 0x0000000081100000|100%| O|  |TAMS 0x0000000081100000, 0x0000000081000000| Updating 
|  17|0x0000000081100000, 0x0000000081200000, 0x0000000081200000|100%|HS|  |TAMS 0x0000000081200000, 0x0000000081100000| Complete 
|  18|0x0000000081200000, 0x0000000081300000, 0x0000000081300000|100%| O|  |TAMS 0x0000000081300000, 0x0000000081200000| Updating 
|  19|0x0000000081300000, 0x0000000081400000, 0x0000000081400000|100%| O|  |TAMS 0x0000000081400000, 0x0000000081300000| Updating 
|  20|0x0000000081400000, 0x0000000081500000, 0x0000000081500000|100%| O|  |TAMS 0x0000000081500000, 0x0000000081400000| Updating 
|  21|0x0000000081500000, 0x0000000081600000, 0x0000000081600000|100%| O|  |TAMS 0x0000000081600000, 0x0000000081500000| Updating 
|  22|0x0000000081600000, 0x0000000081700000, 0x0000000081700000|100%| O|  |TAMS 0x0000000081700000, 0x0000000081600000| Updating 
|  23|0x0000000081700000, 0x0000000081800000, 0x0000000081800000|100%| O|  |TAMS 0x0000000081800000, 0x0000000081700000| Updating 
|  24|0x0000000081800000, 0x0000000081900000, 0x0000000081900000|100%|HS|  |TAMS 0x0000000081900000, 0x0000000081800000| Complete 
|  25|0x0000000081900000, 0x0000000081a00000, 0x0000000081a00000|100%|HS|  |TAMS 0x0000000081a00000, 0x0000000081900000| Complete 
|  26|0x0000000081a00000, 0x0000000081b00000, 0x0000000081b00000|100%|HC|  |TAMS 0x0000000081b00000, 0x0000000081a00000| Complete 
|  27|0x0000000081b00000, 0x0000000081c00000, 0x0000000081c00000|100%| O|  |TAMS 0x0000000081c00000, 0x0000000081b00000| Updating 
|  28|0x0000000081c00000, 0x0000000081d00000, 0x0000000081d00000|100%| O|  |TAMS 0x0000000081d00000, 0x0000000081c00000| Updating 
|  29|0x0000000081d00000, 0x0000000081e00000, 0x0000000081e00000|100%| O|  |TAMS 0x0000000081e00000, 0x0000000081d00000| Updating 
|  30|0x0000000081e00000, 0x0000000081f00000, 0x0000000081f00000|100%| O|  |TAMS 0x0000000081f00000, 0x0000000081e00000| Updating 
|  31|0x0000000081f00000, 0x0000000082000000, 0x0000000082000000|100%| O|  |TAMS 0x0000000082000000, 0x0000000081f00000| Updating 
|  32|0x0000000082000000, 0x0000000082100000, 0x0000000082100000|100%| O|  |TAMS 0x0000000082100000, 0x0000000082000000| Updating 
|  33|0x0000000082100000, 0x0000000082200000, 0x0000000082200000|100%| O|  |TAMS 0x0000000082200000, 0x0000000082100000| Updating 
|  34|0x0000000082200000, 0x0000000082300000, 0x0000000082300000|100%| O|  |TAMS 0x0000000082300000, 0x0000000082200000| Updating 
|  35|0x0000000082300000, 0x0000000082400000, 0x0000000082400000|100%| O|  |TAMS 0x0000000082400000, 0x0000000082300000| Updating 
|  36|0x0000000082400000, 0x0000000082500000, 0x0000000082500000|100%| O|  |TAMS 0x0000000082500000, 0x0000000082400000| Updating 
|  37|0x0000000082500000, 0x0000000082600000, 0x0000000082600000|100%| O|  |TAMS 0x0000000082600000, 0x0000000082500000| Updating 
|  38|0x0000000082600000, 0x0000000082700000, 0x0000000082700000|100%| O|  |TAMS 0x0000000082700000, 0x0000000082600000| Updating 
|  39|0x0000000082700000, 0x0000000082800000, 0x0000000082800000|100%| O|  |TAMS 0x0000000082800000, 0x0000000082700000| Updating 
|  40|0x0000000082800000, 0x0000000082900000, 0x0000000082900000|100%| O|  |TAMS 0x0000000082900000, 0x0000000082800000| Updating 
|  41|0x0000000082900000, 0x0000000082a00000, 0x0000000082a00000|100%| O|  |TAMS 0x0000000082a00000, 0x0000000082900000| Updating 
|  42|0x0000000082a00000, 0x0000000082b00000, 0x0000000082b00000|100%| O|  |TAMS 0x0000000082b00000, 0x0000000082a00000| Updating 
|  43|0x0000000082b00000, 0x0000000082c00000, 0x0000000082c00000|100%| O|  |TAMS 0x0000000082c00000, 0x0000000082b00000| Updating 
|  44|0x0000000082c00000, 0x0000000082d00000, 0x0000000082d00000|100%| O|  |TAMS 0x0000000082d00000, 0x0000000082c00000| Updating 
|  45|0x0000000082d00000, 0x0000000082e00000, 0x0000000082e00000|100%| O|  |TAMS 0x0000000082e00000, 0x0000000082d00000| Updating 
|  46|0x0000000082e00000, 0x0000000082f00000, 0x0000000082f00000|100%| O|  |TAMS 0x0000000082f00000, 0x0000000082e00000| Updating 
|  47|0x0000000082f00000, 0x0000000083000000, 0x0000000083000000|100%| O|  |TAMS 0x0000000083000000, 0x0000000082f00000| Updating 
|  48|0x0000000083000000, 0x0000000083100000, 0x0000000083100000|100%| O|  |TAMS 0x0000000083100000, 0x0000000083000000| Updating 
|  49|0x0000000083100000, 0x0000000083200000, 0x0000000083200000|100%| O|  |TAMS 0x0000000083200000, 0x0000000083100000| Updating 
|  50|0x0000000083200000, 0x0000000083300000, 0x0000000083300000|100%| O|  |TAMS 0x0000000083300000, 0x0000000083200000| Updating 
|  51|0x0000000083300000, 0x0000000083400000, 0x0000000083400000|100%| O|  |TAMS 0x0000000083400000, 0x0000000083300000| Updating 
|  52|0x0000000083400000, 0x0000000083500000, 0x0000000083500000|100%| O|  |TAMS 0x0000000083500000, 0x0000000083400000| Updating 
|  53|0x0000000083500000, 0x0000000083600000, 0x0000000083600000|100%| O|  |TAMS 0x0000000083600000, 0x0000000083500000| Updating 
|  54|0x0000000083600000, 0x0000000083700000, 0x0000000083700000|100%| O|  |TAMS 0x0000000083700000, 0x0000000083600000| Updating 
|  55|0x0000000083700000, 0x0000000083800000, 0x0000000083800000|100%| O|  |TAMS 0x0000000083800000, 0x0000000083700000| Updating 
|  56|0x0000000083800000, 0x0000000083900000, 0x0000000083900000|100%| O|  |TAMS 0x0000000083900000, 0x0000000083800000| Updating 
|  57|0x0000000083900000, 0x0000000083a00000, 0x0000000083a00000|100%| O|  |TAMS 0x0000000083a00000, 0x0000000083900000| Updating 
|  58|0x0000000083a00000, 0x0000000083b00000, 0x0000000083b00000|100%| O|  |TAMS 0x0000000083b00000, 0x0000000083a00000| Updating 
|  59|0x0000000083b00000, 0x0000000083c00000, 0x0000000083c00000|100%| O|  |TAMS 0x0000000083c00000, 0x0000000083b00000| Updating 
|  60|0x0000000083c00000, 0x0000000083d00000, 0x0000000083d00000|100%|HS|  |TAMS 0x0000000083d00000, 0x0000000083c00000| Complete 
|  61|0x0000000083d00000, 0x0000000083e00000, 0x0000000083e00000|100%|HC|  |TAMS 0x0000000083e00000, 0x0000000083d00000| Complete 
|  62|0x0000000083e00000, 0x0000000083f00000, 0x0000000083f00000|100%| O|  |TAMS 0x0000000083f00000, 0x0000000083e00000| Updating 
|  63|0x0000000083f00000, 0x0000000084000000, 0x0000000084000000|100%| O|  |TAMS 0x0000000084000000, 0x0000000083f00000| Updating 
|  64|0x0000000084000000, 0x0000000084100000, 0x0000000084100000|100%| O|  |TAMS 0x0000000084100000, 0x0000000084000000| Updating 
|  65|0x0000000084100000, 0x0000000084200000, 0x0000000084200000|100%| O|  |TAMS 0x0000000084200000, 0x0000000084100000| Updating 
|  66|0x0000000084200000, 0x0000000084300000, 0x0000000084300000|100%| O|  |TAMS 0x0000000084300000, 0x0000000084200000| Updating 
|  67|0x0000000084300000, 0x0000000084400000, 0x0000000084400000|100%| O|  |TAMS 0x0000000084400000, 0x0000000084300000| Updating 
|  68|0x0000000084400000, 0x0000000084500000, 0x0000000084500000|100%| O|  |TAMS 0x0000000084500000, 0x0000000084400000| Updating 
|  69|0x0000000084500000, 0x0000000084600000, 0x0000000084600000|100%| O|  |TAMS 0x0000000084600000, 0x0000000084500000| Updating 
|  70|0x0000000084600000, 0x0000000084700000, 0x0000000084700000|100%| O|  |TAMS 0x0000000084700000, 0x0000000084600000| Updating 
|  71|0x0000000084700000, 0x0000000084800000, 0x0000000084800000|100%| O|  |TAMS 0x0000000084800000, 0x0000000084700000| Updating 
|  72|0x0000000084800000, 0x0000000084900000, 0x0000000084900000|100%| O|  |TAMS 0x0000000084900000, 0x0000000084800000| Updating 
|  73|0x0000000084900000, 0x0000000084a00000, 0x0000000084a00000|100%| O|  |TAMS 0x0000000084a00000, 0x0000000084900000| Updating 
|  74|0x0000000084a00000, 0x0000000084b00000, 0x0000000084b00000|100%| O|  |TAMS 0x0000000084b00000, 0x0000000084a00000| Updating 
|  75|0x0000000084b00000, 0x0000000084c00000, 0x0000000084c00000|100%| O|  |TAMS 0x0000000084c00000, 0x0000000084b00000| Updating 
|  76|0x0000000084c00000, 0x0000000084d00000, 0x0000000084d00000|100%| O|  |TAMS 0x0000000084d00000, 0x0000000084c00000| Updating 
|  77|0x0000000084d00000, 0x0000000084e00000, 0x0000000084e00000|100%| O|  |TAMS 0x0000000084e00000, 0x0000000084d00000| Updating 
|  78|0x0000000084e00000, 0x0000000084f00000, 0x0000000084f00000|100%| O|  |TAMS 0x0000000084f00000, 0x0000000084e00000| Updating 
|  79|0x0000000084f00000, 0x0000000085000000, 0x0000000085000000|100%| O|  |TAMS 0x0000000085000000, 0x0000000084f00000| Updating 
|  80|0x0000000085000000, 0x0000000085100000, 0x0000000085100000|100%| O|  |TAMS 0x0000000085100000, 0x0000000085000000| Updating 
|  81|0x0000000085100000, 0x0000000085200000, 0x0000000085200000|100%| O|  |TAMS 0x0000000085200000, 0x0000000085100000| Updating 
|  82|0x0000000085200000, 0x0000000085300000, 0x0000000085300000|100%| O|  |TAMS 0x0000000085300000, 0x0000000085200000| Updating 
|  83|0x0000000085300000, 0x0000000085400000, 0x0000000085400000|100%| O|  |TAMS 0x0000000085400000, 0x0000000085300000| Updating 
|  84|0x0000000085400000, 0x0000000085500000, 0x0000000085500000|100%| O|  |TAMS 0x0000000085500000, 0x0000000085400000| Updating 
|  85|0x0000000085500000, 0x0000000085600000, 0x0000000085600000|100%| O|  |TAMS 0x0000000085600000, 0x0000000085500000| Updating 
|  86|0x0000000085600000, 0x0000000085700000, 0x0000000085700000|100%| O|  |TAMS 0x0000000085700000, 0x0000000085600000| Updating 
|  87|0x0000000085700000, 0x0000000085800000, 0x0000000085800000|100%| O|  |TAMS 0x0000000085800000, 0x0000000085700000| Updating 
|  88|0x0000000085800000, 0x0000000085900000, 0x0000000085900000|100%| O|  |TAMS 0x0000000085900000, 0x0000000085800000| Updating 
|  89|0x0000000085900000, 0x0000000085a00000, 0x0000000085a00000|100%| O|  |TAMS 0x0000000085a00000, 0x0000000085900000| Updating 
|  90|0x0000000085a00000, 0x0000000085b00000, 0x0000000085b00000|100%| O|  |TAMS 0x0000000085b00000, 0x0000000085a00000| Updating 
|  91|0x0000000085b00000, 0x0000000085c00000, 0x0000000085c00000|100%| O|  |TAMS 0x0000000085c00000, 0x0000000085b00000| Updating 
|  92|0x0000000085c00000, 0x0000000085d00000, 0x0000000085d00000|100%| O|  |TAMS 0x0000000085d00000, 0x0000000085c00000| Updating 
|  93|0x0000000085d00000, 0x0000000085e00000, 0x0000000085e00000|100%| O|  |TAMS 0x0000000085e00000, 0x0000000085d00000| Updating 
|  94|0x0000000085e00000, 0x0000000085f00000, 0x0000000085f00000|100%| O|  |TAMS 0x0000000085f00000, 0x0000000085e00000| Updating 
|  95|0x0000000085f00000, 0x0000000086000000, 0x0000000086000000|100%| O|  |TAMS 0x0000000086000000, 0x0000000085f00000| Updating 
|  96|0x0000000086000000, 0x0000000086100000, 0x0000000086100000|100%| O|  |TAMS 0x0000000086100000, 0x0000000086000000| Updating 
|  97|0x0000000086100000, 0x0000000086200000, 0x0000000086200000|100%| O|  |TAMS 0x0000000086200000, 0x0000000086100000| Updating 
|  98|0x0000000086200000, 0x0000000086300000, 0x0000000086300000|100%| O|  |TAMS 0x0000000086300000, 0x0000000086200000| Updating 
|  99|0x0000000086300000, 0x0000000086400000, 0x0000000086400000|100%| O|  |TAMS 0x0000000086400000, 0x0000000086300000| Updating 
| 100|0x0000000086400000, 0x0000000086500000, 0x0000000086500000|100%| O|  |TAMS 0x0000000086500000, 0x0000000086400000| Updating 
| 101|0x0000000086500000, 0x0000000086600000, 0x0000000086600000|100%| O|  |TAMS 0x0000000086600000, 0x0000000086500000| Updating 
| 102|0x0000000086600000, 0x0000000086700000, 0x0000000086700000|100%| O|  |TAMS 0x0000000086700000, 0x0000000086600000| Updating 
| 103|0x0000000086700000, 0x0000000086800000, 0x0000000086800000|100%| O|  |TAMS 0x0000000086800000, 0x0000000086700000| Updating 
| 104|0x0000000086800000, 0x0000000086900000, 0x0000000086900000|100%| O|  |TAMS 0x0000000086900000, 0x0000000086800000| Updating 
| 105|0x0000000086900000, 0x0000000086a00000, 0x0000000086a00000|100%| O|  |TAMS 0x0000000086a00000, 0x0000000086900000| Updating 
| 106|0x0000000086a00000, 0x0000000086b00000, 0x0000000086b00000|100%| O|  |TAMS 0x0000000086b00000, 0x0000000086a00000| Updating 
| 107|0x0000000086b00000, 0x0000000086c00000, 0x0000000086c00000|100%| O|  |TAMS 0x0000000086c00000, 0x0000000086b00000| Updating 
| 108|0x0000000086c00000, 0x0000000086d00000, 0x0000000086d00000|100%| O|  |TAMS 0x0000000086d00000, 0x0000000086c00000| Updating 
| 109|0x0000000086d00000, 0x0000000086e00000, 0x0000000086e00000|100%| O|  |TAMS 0x0000000086e00000, 0x0000000086d00000| Updating 
| 110|0x0000000086e00000, 0x0000000086f00000, 0x0000000086f00000|100%| O|  |TAMS 0x0000000086f00000, 0x0000000086e00000| Updating 
| 111|0x0000000086f00000, 0x0000000087000000, 0x0000000087000000|100%| O|  |TAMS 0x0000000087000000, 0x0000000086f00000| Updating 
| 112|0x0000000087000000, 0x0000000087100000, 0x0000000087100000|100%| O|  |TAMS 0x0000000087100000, 0x0000000087000000| Updating 
| 113|0x0000000087100000, 0x0000000087200000, 0x0000000087200000|100%| O|  |TAMS 0x0000000087200000, 0x0000000087100000| Updating 
| 114|0x0000000087200000, 0x0000000087300000, 0x0000000087300000|100%| O|  |TAMS 0x0000000087300000, 0x0000000087200000| Updating 
| 115|0x0000000087300000, 0x0000000087400000, 0x0000000087400000|100%| O|  |TAMS 0x0000000087400000, 0x0000000087300000| Updating 
| 116|0x0000000087400000, 0x0000000087500000, 0x0000000087500000|100%| O|  |TAMS 0x0000000087500000, 0x0000000087400000| Updating 
| 117|0x0000000087500000, 0x0000000087600000, 0x0000000087600000|100%| O|  |TAMS 0x0000000087600000, 0x0000000087500000| Updating 
| 118|0x0000000087600000, 0x0000000087700000, 0x0000000087700000|100%| O|  |TAMS 0x0000000087700000, 0x0000000087600000| Updating 
| 119|0x0000000087700000, 0x0000000087800000, 0x0000000087800000|100%| O|  |TAMS 0x0000000087800000, 0x0000000087700000| Updating 
| 120|0x0000000087800000, 0x0000000087900000, 0x0000000087900000|100%| O|  |TAMS 0x0000000087900000, 0x0000000087800000| Updating 
| 121|0x0000000087900000, 0x0000000087a00000, 0x0000000087a00000|100%| O|  |TAMS 0x0000000087a00000, 0x0000000087900000| Updating 
| 122|0x0000000087a00000, 0x0000000087b00000, 0x0000000087b00000|100%| O|  |TAMS 0x0000000087b00000, 0x0000000087a00000| Updating 
| 123|0x0000000087b00000, 0x0000000087c00000, 0x0000000087c00000|100%| O|  |TAMS 0x0000000087c00000, 0x0000000087b00000| Updating 
| 124|0x0000000087c00000, 0x0000000087d00000, 0x0000000087d00000|100%| O|  |TAMS 0x0000000087d00000, 0x0000000087c00000| Updating 
| 125|0x0000000087d00000, 0x0000000087e00000, 0x0000000087e00000|100%| O|  |TAMS 0x0000000087e00000, 0x0000000087d00000| Updating 
| 126|0x0000000087e00000, 0x0000000087f00000, 0x0000000087f00000|100%| O|  |TAMS 0x0000000087f00000, 0x0000000087e00000| Updating 
| 127|0x0000000087f00000, 0x0000000088000000, 0x0000000088000000|100%| O|  |TAMS 0x0000000088000000, 0x0000000087f00000| Updating 
| 128|0x0000000088000000, 0x0000000088100000, 0x0000000088100000|100%| O|  |TAMS 0x0000000088100000, 0x0000000088000000| Updating 
| 129|0x0000000088100000, 0x0000000088200000, 0x0000000088200000|100%| O|  |TAMS 0x0000000088200000, 0x0000000088100000| Updating 
| 130|0x0000000088200000, 0x0000000088300000, 0x0000000088300000|100%| O|  |TAMS 0x0000000088300000, 0x0000000088200000| Updating 
| 131|0x0000000088300000, 0x00000000883bc600, 0x0000000088400000| 73%| O|  |TAMS 0x00000000883bc600, 0x0000000088300000| Updating 
| 132|0x0000000088400000, 0x0000000088400000, 0x0000000088500000|  0%| F|  |TAMS 0x0000000088400000, 0x0000000088400000| Untracked 
| 133|0x0000000088500000, 0x0000000088500000, 0x0000000088600000|  0%| F|  |TAMS 0x0000000088500000, 0x0000000088500000| Untracked 
| 134|0x0000000088600000, 0x0000000088600000, 0x0000000088700000|  0%| F|  |TAMS 0x0000000088600000, 0x0000000088600000| Untracked 
| 135|0x0000000088700000, 0x0000000088700000, 0x0000000088800000|  0%| F|  |TAMS 0x0000000088700000, 0x0000000088700000| Untracked 
| 136|0x0000000088800000, 0x0000000088800000, 0x0000000088900000|  0%| F|  |TAMS 0x0000000088800000, 0x0000000088800000| Untracked 
| 137|0x0000000088900000, 0x0000000088900000, 0x0000000088a00000|  0%| F|  |TAMS 0x0000000088900000, 0x0000000088900000| Untracked 
| 138|0x0000000088a00000, 0x0000000088a00000, 0x0000000088b00000|  0%| F|  |TAMS 0x0000000088a00000, 0x0000000088a00000| Untracked 
| 139|0x0000000088b00000, 0x0000000088b00000, 0x0000000088c00000|  0%| F|  |TAMS 0x0000000088b00000, 0x0000000088b00000| Untracked 
| 140|0x0000000088c00000, 0x0000000088c00000, 0x0000000088d00000|  0%| F|  |TAMS 0x0000000088c00000, 0x0000000088c00000| Untracked 
| 141|0x0000000088d00000, 0x0000000088d00000, 0x0000000088e00000|  0%| F|  |TAMS 0x0000000088d00000, 0x0000000088d00000| Untracked 
| 142|0x0000000088e00000, 0x0000000088e00000, 0x0000000088f00000|  0%| F|  |TAMS 0x0000000088e00000, 0x0000000088e00000| Untracked 
| 143|0x0000000088f00000, 0x0000000088f00000, 0x0000000089000000|  0%| F|  |TAMS 0x0000000088f00000, 0x0000000088f00000| Untracked 
| 144|0x0000000089000000, 0x0000000089000000, 0x0000000089100000|  0%| F|  |TAMS 0x0000000089000000, 0x0000000089000000| Untracked 
| 145|0x0000000089100000, 0x0000000089100000, 0x0000000089200000|  0%| F|  |TAMS 0x0000000089100000, 0x0000000089100000| Untracked 
| 146|0x0000000089200000, 0x0000000089200000, 0x0000000089300000|  0%| F|  |TAMS 0x0000000089200000, 0x0000000089200000| Untracked 
| 147|0x0000000089300000, 0x0000000089300000, 0x0000000089400000|  0%| F|  |TAMS 0x0000000089300000, 0x0000000089300000| Untracked 
| 148|0x0000000089400000, 0x0000000089400000, 0x0000000089500000|  0%| F|  |TAMS 0x0000000089400000, 0x0000000089400000| Untracked 
| 149|0x0000000089500000, 0x0000000089500000, 0x0000000089600000|  0%| F|  |TAMS 0x0000000089500000, 0x0000000089500000| Untracked 
| 150|0x0000000089600000, 0x0000000089600000, 0x0000000089700000|  0%| F|  |TAMS 0x0000000089600000, 0x0000000089600000| Untracked 
| 151|0x0000000089700000, 0x0000000089700000, 0x0000000089800000|  0%| F|  |TAMS 0x0000000089700000, 0x0000000089700000| Untracked 
| 152|0x0000000089800000, 0x0000000089800000, 0x0000000089900000|  0%| F|  |TAMS 0x0000000089800000, 0x0000000089800000| Untracked 
| 153|0x0000000089900000, 0x0000000089900000, 0x0000000089a00000|  0%| F|  |TAMS 0x0000000089900000, 0x0000000089900000| Untracked 
| 154|0x0000000089a00000, 0x0000000089a00000, 0x0000000089b00000|  0%| F|  |TAMS 0x0000000089a00000, 0x0000000089a00000| Untracked 
| 155|0x0000000089b00000, 0x0000000089b00000, 0x0000000089c00000|  0%| F|  |TAMS 0x0000000089b00000, 0x0000000089b00000| Untracked 
| 156|0x0000000089c00000, 0x0000000089c00000, 0x0000000089d00000|  0%| F|  |TAMS 0x0000000089c00000, 0x0000000089c00000| Untracked 
| 157|0x0000000089d00000, 0x0000000089d00000, 0x0000000089e00000|  0%| F|  |TAMS 0x0000000089d00000, 0x0000000089d00000| Untracked 
| 158|0x0000000089e00000, 0x0000000089e00000, 0x0000000089f00000|  0%| F|  |TAMS 0x0000000089e00000, 0x0000000089e00000| Untracked 
| 159|0x0000000089f00000, 0x0000000089f00000, 0x000000008a000000|  0%| F|  |TAMS 0x0000000089f00000, 0x0000000089f00000| Untracked 
| 160|0x000000008a000000, 0x000000008a000000, 0x000000008a100000|  0%| F|  |TAMS 0x000000008a000000, 0x000000008a000000| Untracked 
| 161|0x000000008a100000, 0x000000008a100000, 0x000000008a200000|  0%| F|  |TAMS 0x000000008a100000, 0x000000008a100000| Untracked 
| 162|0x000000008a200000, 0x000000008a200000, 0x000000008a300000|  0%| F|  |TAMS 0x000000008a200000, 0x000000008a200000| Untracked 
| 163|0x000000008a300000, 0x000000008a300000, 0x000000008a400000|  0%| F|  |TAMS 0x000000008a300000, 0x000000008a300000| Untracked 
| 164|0x000000008a400000, 0x000000008a400000, 0x000000008a500000|  0%| F|  |TAMS 0x000000008a400000, 0x000000008a400000| Untracked 
| 165|0x000000008a500000, 0x000000008a500000, 0x000000008a600000|  0%| F|  |TAMS 0x000000008a500000, 0x000000008a500000| Untracked 
| 166|0x000000008a600000, 0x000000008a600000, 0x000000008a700000|  0%| F|  |TAMS 0x000000008a600000, 0x000000008a600000| Untracked 
| 167|0x000000008a700000, 0x000000008a700000, 0x000000008a800000|  0%| F|  |TAMS 0x000000008a700000, 0x000000008a700000| Untracked 
| 168|0x000000008a800000, 0x000000008a800000, 0x000000008a900000|  0%| F|  |TAMS 0x000000008a800000, 0x000000008a800000| Untracked 
| 169|0x000000008a900000, 0x000000008a900000, 0x000000008aa00000|  0%| F|  |TAMS 0x000000008a900000, 0x000000008a900000| Untracked 
| 170|0x000000008aa00000, 0x000000008aa00000, 0x000000008ab00000|  0%| F|  |TAMS 0x000000008aa00000, 0x000000008aa00000| Untracked 
| 171|0x000000008ab00000, 0x000000008ab00000, 0x000000008ac00000|  0%| F|  |TAMS 0x000000008ab00000, 0x000000008ab00000| Untracked 
| 172|0x000000008ac00000, 0x000000008ac00000, 0x000000008ad00000|  0%| F|  |TAMS 0x000000008ac00000, 0x000000008ac00000| Untracked 
| 173|0x000000008ad00000, 0x000000008ad00000, 0x000000008ae00000|  0%| F|  |TAMS 0x000000008ad00000, 0x000000008ad00000| Untracked 
| 174|0x000000008ae00000, 0x000000008ae00000, 0x000000008af00000|  0%| F|  |TAMS 0x000000008ae00000, 0x000000008ae00000| Untracked 
| 175|0x000000008af00000, 0x000000008af00000, 0x000000008b000000|  0%| F|  |TAMS 0x000000008af00000, 0x000000008af00000| Untracked 
| 176|0x000000008b000000, 0x000000008b000000, 0x000000008b100000|  0%| F|  |TAMS 0x000000008b000000, 0x000000008b000000| Untracked 
| 177|0x000000008b100000, 0x000000008b100000, 0x000000008b200000|  0%| F|  |TAMS 0x000000008b100000, 0x000000008b100000| Untracked 
| 178|0x000000008b200000, 0x000000008b200000, 0x000000008b300000|  0%| F|  |TAMS 0x000000008b200000, 0x000000008b200000| Untracked 
| 179|0x000000008b300000, 0x000000008b300000, 0x000000008b400000|  0%| F|  |TAMS 0x000000008b300000, 0x000000008b300000| Untracked 
| 180|0x000000008b400000, 0x000000008b400000, 0x000000008b500000|  0%| F|  |TAMS 0x000000008b400000, 0x000000008b400000| Untracked 
| 181|0x000000008b500000, 0x000000008b57c830, 0x000000008b600000| 48%| S|CS|TAMS 0x000000008b500000, 0x000000008b500000| Complete 
| 182|0x000000008b600000, 0x000000008b700000, 0x000000008b700000|100%| S|CS|TAMS 0x000000008b600000, 0x000000008b600000| Complete 
| 183|0x000000008b700000, 0x000000008b800000, 0x000000008b800000|100%| S|CS|TAMS 0x000000008b700000, 0x000000008b700000| Complete 
| 184|0x000000008b800000, 0x000000008b900000, 0x000000008b900000|100%| S|CS|TAMS 0x000000008b800000, 0x000000008b800000| Complete 
| 185|0x000000008b900000, 0x000000008ba00000, 0x000000008ba00000|100%| S|CS|TAMS 0x000000008b900000, 0x000000008b900000| Complete 
| 186|0x000000008ba00000, 0x000000008bb00000, 0x000000008bb00000|100%| S|CS|TAMS 0x000000008ba00000, 0x000000008ba00000| Complete 
| 187|0x000000008bb00000, 0x000000008bb00000, 0x000000008bc00000|  0%| F|  |TAMS 0x000000008bb00000, 0x000000008bb00000| Untracked 
| 188|0x000000008bc00000, 0x000000008bc00000, 0x000000008bd00000|  0%| F|  |TAMS 0x000000008bc00000, 0x000000008bc00000| Untracked 
| 189|0x000000008bd00000, 0x000000008bd00000, 0x000000008be00000|  0%| F|  |TAMS 0x000000008bd00000, 0x000000008bd00000| Untracked 
| 190|0x000000008be00000, 0x000000008be00000, 0x000000008bf00000|  0%| F|  |TAMS 0x000000008be00000, 0x000000008be00000| Untracked 
| 191|0x000000008bf00000, 0x000000008bf00000, 0x000000008c000000|  0%| F|  |TAMS 0x000000008bf00000, 0x000000008bf00000| Untracked 
| 192|0x000000008c000000, 0x000000008c000000, 0x000000008c100000|  0%| F|  |TAMS 0x000000008c000000, 0x000000008c000000| Untracked 
| 193|0x000000008c100000, 0x000000008c100000, 0x000000008c200000|  0%| F|  |TAMS 0x000000008c100000, 0x000000008c100000| Untracked 
| 194|0x000000008c200000, 0x000000008c200000, 0x000000008c300000|  0%| F|  |TAMS 0x000000008c200000, 0x000000008c200000| Untracked 
| 195|0x000000008c300000, 0x000000008c300000, 0x000000008c400000|  0%| F|  |TAMS 0x000000008c300000, 0x000000008c300000| Untracked 
| 196|0x000000008c400000, 0x000000008c400000, 0x000000008c500000|  0%| F|  |TAMS 0x000000008c400000, 0x000000008c400000| Untracked 
| 197|0x000000008c500000, 0x000000008c500000, 0x000000008c600000|  0%| F|  |TAMS 0x000000008c500000, 0x000000008c500000| Untracked 
| 198|0x000000008c600000, 0x000000008c600000, 0x000000008c700000|  0%| F|  |TAMS 0x000000008c600000, 0x000000008c600000| Untracked 
| 199|0x000000008c700000, 0x000000008c700000, 0x000000008c800000|  0%| F|  |TAMS 0x000000008c700000, 0x000000008c700000| Untracked 
| 200|0x000000008c800000, 0x000000008c800000, 0x000000008c900000|  0%| F|  |TAMS 0x000000008c800000, 0x000000008c800000| Untracked 
| 201|0x000000008c900000, 0x000000008c900000, 0x000000008ca00000|  0%| F|  |TAMS 0x000000008c900000, 0x000000008c900000| Untracked 
| 202|0x000000008ca00000, 0x000000008ca00000, 0x000000008cb00000|  0%| F|  |TAMS 0x000000008ca00000, 0x000000008ca00000| Untracked 
| 203|0x000000008cb00000, 0x000000008cb00000, 0x000000008cc00000|  0%| F|  |TAMS 0x000000008cb00000, 0x000000008cb00000| Untracked 
| 204|0x000000008cc00000, 0x000000008cc00000, 0x000000008cd00000|  0%| F|  |TAMS 0x000000008cc00000, 0x000000008cc00000| Untracked 
| 205|0x000000008cd00000, 0x000000008cd00000, 0x000000008ce00000|  0%| F|  |TAMS 0x000000008cd00000, 0x000000008cd00000| Untracked 
| 206|0x000000008ce00000, 0x000000008ce00000, 0x000000008cf00000|  0%| F|  |TAMS 0x000000008ce00000, 0x000000008ce00000| Untracked 
| 207|0x000000008cf00000, 0x000000008cf00000, 0x000000008d000000|  0%| F|  |TAMS 0x000000008cf00000, 0x000000008cf00000| Untracked 
| 208|0x000000008d000000, 0x000000008d000000, 0x000000008d100000|  0%| F|  |TAMS 0x000000008d000000, 0x000000008d000000| Untracked 
| 209|0x000000008d100000, 0x000000008d100000, 0x000000008d200000|  0%| F|  |TAMS 0x000000008d100000, 0x000000008d100000| Untracked 
| 210|0x000000008d200000, 0x000000008d200000, 0x000000008d300000|  0%| F|  |TAMS 0x000000008d200000, 0x000000008d200000| Untracked 
| 211|0x000000008d300000, 0x000000008d300000, 0x000000008d400000|  0%| F|  |TAMS 0x000000008d300000, 0x000000008d300000| Untracked 
| 212|0x000000008d400000, 0x000000008d400000, 0x000000008d500000|  0%| F|  |TAMS 0x000000008d400000, 0x000000008d400000| Untracked 
| 213|0x000000008d500000, 0x000000008d500000, 0x000000008d600000|  0%| F|  |TAMS 0x000000008d500000, 0x000000008d500000| Untracked 
| 214|0x000000008d600000, 0x000000008d600000, 0x000000008d700000|  0%| F|  |TAMS 0x000000008d600000, 0x000000008d600000| Untracked 
| 215|0x000000008d700000, 0x000000008d700000, 0x000000008d800000|  0%| F|  |TAMS 0x000000008d700000, 0x000000008d700000| Untracked 
| 216|0x000000008d800000, 0x000000008d800000, 0x000000008d900000|  0%| F|  |TAMS 0x000000008d800000, 0x000000008d800000| Untracked 
| 217|0x000000008d900000, 0x000000008d900000, 0x000000008da00000|  0%| F|  |TAMS 0x000000008d900000, 0x000000008d900000| Untracked 
| 218|0x000000008da00000, 0x000000008da00000, 0x000000008db00000|  0%| F|  |TAMS 0x000000008da00000, 0x000000008da00000| Untracked 
| 219|0x000000008db00000, 0x000000008db00000, 0x000000008dc00000|  0%| F|  |TAMS 0x000000008db00000, 0x000000008db00000| Untracked 
| 220|0x000000008dc00000, 0x000000008dc00000, 0x000000008dd00000|  0%| F|  |TAMS 0x000000008dc00000, 0x000000008dc00000| Untracked 
| 221|0x000000008dd00000, 0x000000008dd00000, 0x000000008de00000|  0%| F|  |TAMS 0x000000008dd00000, 0x000000008dd00000| Untracked 
| 222|0x000000008de00000, 0x000000008de00000, 0x000000008df00000|  0%| F|  |TAMS 0x000000008de00000, 0x000000008de00000| Untracked 
| 223|0x000000008df00000, 0x000000008df00000, 0x000000008e000000|  0%| F|  |TAMS 0x000000008df00000, 0x000000008df00000| Untracked 
| 224|0x000000008e000000, 0x000000008e000000, 0x000000008e100000|  0%| F|  |TAMS 0x000000008e000000, 0x000000008e000000| Untracked 
| 225|0x000000008e100000, 0x000000008e100000, 0x000000008e200000|  0%| F|  |TAMS 0x000000008e100000, 0x000000008e100000| Untracked 
| 226|0x000000008e200000, 0x000000008e200000, 0x000000008e300000|  0%| F|  |TAMS 0x000000008e200000, 0x000000008e200000| Untracked 
| 227|0x000000008e300000, 0x000000008e300000, 0x000000008e400000|  0%| F|  |TAMS 0x000000008e300000, 0x000000008e300000| Untracked 
| 228|0x000000008e400000, 0x000000008e400000, 0x000000008e500000|  0%| F|  |TAMS 0x000000008e400000, 0x000000008e400000| Untracked 
| 229|0x000000008e500000, 0x000000008e500000, 0x000000008e600000|  0%| F|  |TAMS 0x000000008e500000, 0x000000008e500000| Untracked 
| 230|0x000000008e600000, 0x000000008e600000, 0x000000008e700000|  0%| F|  |TAMS 0x000000008e600000, 0x000000008e600000| Untracked 
| 231|0x000000008e700000, 0x000000008e700000, 0x000000008e800000|  0%| F|  |TAMS 0x000000008e700000, 0x000000008e700000| Untracked 
| 232|0x000000008e800000, 0x000000008e800000, 0x000000008e900000|  0%| F|  |TAMS 0x000000008e800000, 0x000000008e800000| Untracked 
| 233|0x000000008e900000, 0x000000008e900000, 0x000000008ea00000|  0%| F|  |TAMS 0x000000008e900000, 0x000000008e900000| Untracked 
| 234|0x000000008ea00000, 0x000000008ea00000, 0x000000008eb00000|  0%| F|  |TAMS 0x000000008ea00000, 0x000000008ea00000| Untracked 
| 235|0x000000008eb00000, 0x000000008eb00000, 0x000000008ec00000|  0%| F|  |TAMS 0x000000008eb00000, 0x000000008eb00000| Untracked 
| 236|0x000000008ec00000, 0x000000008ec00000, 0x000000008ed00000|  0%| F|  |TAMS 0x000000008ec00000, 0x000000008ec00000| Untracked 
| 237|0x000000008ed00000, 0x000000008ed00000, 0x000000008ee00000|  0%| F|  |TAMS 0x000000008ed00000, 0x000000008ed00000| Untracked 
| 238|0x000000008ee00000, 0x000000008ee00000, 0x000000008ef00000|  0%| F|  |TAMS 0x000000008ee00000, 0x000000008ee00000| Untracked 
| 239|0x000000008ef00000, 0x000000008ef00000, 0x000000008f000000|  0%| F|  |TAMS 0x000000008ef00000, 0x000000008ef00000| Untracked 
| 240|0x000000008f000000, 0x000000008f000000, 0x000000008f100000|  0%| F|  |TAMS 0x000000008f000000, 0x000000008f000000| Untracked 
| 241|0x000000008f100000, 0x000000008f100000, 0x000000008f200000|  0%| F|  |TAMS 0x000000008f100000, 0x000000008f100000| Untracked 
| 242|0x000000008f200000, 0x000000008f200000, 0x000000008f300000|  0%| F|  |TAMS 0x000000008f200000, 0x000000008f200000| Untracked 
| 243|0x000000008f300000, 0x000000008f300000, 0x000000008f400000|  0%| F|  |TAMS 0x000000008f300000, 0x000000008f300000| Untracked 
| 244|0x000000008f400000, 0x000000008f400000, 0x000000008f500000|  0%| F|  |TAMS 0x000000008f400000, 0x000000008f400000| Untracked 
| 245|0x000000008f500000, 0x000000008f500000, 0x000000008f600000|  0%| F|  |TAMS 0x000000008f500000, 0x000000008f500000| Untracked 
| 246|0x000000008f600000, 0x000000008f600000, 0x000000008f700000|  0%| F|  |TAMS 0x000000008f600000, 0x000000008f600000| Untracked 
| 247|0x000000008f700000, 0x000000008f700000, 0x000000008f800000|  0%| F|  |TAMS 0x000000008f700000, 0x000000008f700000| Untracked 
| 248|0x000000008f800000, 0x000000008f800000, 0x000000008f900000|  0%| F|  |TAMS 0x000000008f800000, 0x000000008f800000| Untracked 
| 249|0x000000008f900000, 0x000000008f900000, 0x000000008fa00000|  0%| F|  |TAMS 0x000000008f900000, 0x000000008f900000| Untracked 
| 250|0x000000008fa00000, 0x000000008fa00000, 0x000000008fb00000|  0%| F|  |TAMS 0x000000008fa00000, 0x000000008fa00000| Untracked 
| 251|0x000000008fb00000, 0x000000008fb00000, 0x000000008fc00000|  0%| F|  |TAMS 0x000000008fb00000, 0x000000008fb00000| Untracked 
| 252|0x000000008fc00000, 0x000000008fc00000, 0x000000008fd00000|  0%| F|  |TAMS 0x000000008fc00000, 0x000000008fc00000| Untracked 

Card table byte_map: [0x000001b9f8360000,0x000001b9f8760000] _byte_map_base: 0x000001b9f7f60000

Marking Bits (Prev, Next): (CMBitMap*) 0x000001b9e517f378, (CMBitMap*) 0x000001b9e517f3b0
 Prev Bits: [0x000001b9f8b60000, 0x000001b9fab60000)
 Next Bits: [0x000001b9fab60000, 0x000001b9fcb60000)

Polling page: 0x000001b9e3110000

Metaspace:

Usage:
  Non-class:     82.62 MB capacity,    81.15 MB ( 98%) used,     1.19 MB (  1%) free+waste,   288.44 KB ( <1%) overhead. 
      Class:     13.14 MB capacity,    12.26 MB ( 93%) used,   776.31 KB (  6%) free+waste,   132.38 KB ( <1%) overhead. 
       Both:     95.77 MB capacity,    93.41 MB ( 98%) used,     1.95 MB (  2%) free+waste,   420.81 KB ( <1%) overhead. 

Virtual space:
  Non-class space:       84.00 MB reserved,      82.93 MB ( 99%) committed 
      Class space:        1.00 GB reserved,      13.45 MB (  1%) committed 
             Both:        1.08 GB reserved,      96.38 MB (  9%) committed 

Chunk freelists:
   Non-Class:  245.00 KB
       Class:  268.00 KB
        Both:  513.00 KB

MaxMetaspaceSize: 17179869184.00 GB
CompressedClassSpaceSize: 1.00 GB

CodeHeap 'non-profiled nmethods': size=120000Kb used=5865Kb max_used=5865Kb free=114135Kb
 bounds [0x000001b9f0700000, 0x000001b9f0cc0000, 0x000001b9f7c30000]
CodeHeap 'profiled nmethods': size=120000Kb used=26554Kb max_used=26554Kb free=93445Kb
 bounds [0x000001b9e91d0000, 0x000001b9eabc0000, 0x000001b9f0700000]
CodeHeap 'non-nmethods': size=5760Kb used=2317Kb max_used=2352Kb free=3442Kb
 bounds [0x000001b9e8c30000, 0x000001b9e8ea0000, 0x000001b9e91d0000]
 total_blobs=12725 nmethods=11816 adapters=818
 compilation: enabled
              stopped_count=0, restarted_count=0
 full_count=0

Compilation events (20 events):
Event: 22.774 Thread 0x000001b98001e800 nmethod 11935 0x000001b9f0cb8410 code [0x000001b9f0cb85c0, 0x000001b9f0cb86f8]
Event: 22.774 Thread 0x000001b98001e800 11849       4       java.util.LinkedList$ListItr::hasPrevious (13 bytes)
Event: 22.775 Thread 0x000001b98001e800 nmethod 11849 0x000001b9f0cb8890 code [0x000001b9f0cb8a20, 0x000001b9f0cb8a98]
Event: 22.775 Thread 0x000001b98001e800 12157       4       java.lang.invoke.VarForm::getMemberName (21 bytes)
Event: 22.776 Thread 0x000001b98001e800 nmethod 12157 0x000001b9f0cb8b10 code [0x000001b9f0cb8ca0, 0x000001b9f0cb8d58]
Event: 22.776 Thread 0x000001b98001e800 11851       4       com.android.tools.r8.internal.q::hasNext (17 bytes)
Event: 22.778 Thread 0x000001b98001e800 nmethod 11851 0x000001b9f0cb8e10 code [0x000001b9f0cb8fa0, 0x000001b9f0cb9018]
Event: 22.778 Thread 0x000001b98001e800 11912       4       com.android.tools.r8.internal.h8::a (24 bytes)
Event: 22.780 Thread 0x000001b98001e800 nmethod 11912 0x000001b9f0cb9090 code [0x000001b9f0cb9240, 0x000001b9f0cb9388]
Event: 22.780 Thread 0x000001b98001e800 11900       4       com.android.tools.r8.internal.UG::a (82 bytes)
Event: 22.782 Thread 0x000001b98001e800 nmethod 11900 0x000001b9f0cb9490 code [0x000001b9f0cb9640, 0x000001b9f0cb9718]
Event: 22.782 Thread 0x000001b98001e800 11901       4       com.android.tools.r8.internal.NG::e0 (8 bytes)
Event: 22.784 Thread 0x000001b98001e800 nmethod 11901 0x000001b9f0cb9810 code [0x000001b9f0cb99c0, 0x000001b9f0cb9ab8]
Event: 22.784 Thread 0x000001b98001e800 11956       4       com.android.tools.r8.internal.k8::a (40 bytes)
Event: 22.785 Thread 0x000001b98006a000 nmethod 12149% 0x000001b9eab9c410 code [0x000001b9eab9d840, 0x000001b9eabad218]
Event: 22.786 Thread 0x000001b98006a000 12165 %     3       com.android.tools.r8.ir.regalloc.a::a @ 281 (946 bytes)
Event: 22.795 Thread 0x000001b98001e800 nmethod 11956 0x000001b9f0cb9b90 code [0x000001b9f0cb9d40, 0x000001b9f0cba098]
Event: 22.795 Thread 0x000001b98001e800 12170 %     4       com.android.tools.r8.internal.Lv::a @ 337 (455 bytes)
Event: 22.798 Thread 0x000001b98006a000 nmethod 12165% 0x000001b9eabb2d10 code [0x000001b9eabb3840, 0x000001b9eabbc128]
Event: 22.798 Thread 0x000001b98006a000 12169 % !   3       com.android.tools.r8.graph.i::a @ 133 (1446 bytes)

GC Heap History (20 events):
Event: 19.384 GC heap after
{Heap after GC invocations=26 (full 0):
 garbage-first heap   total 155648K, used 89578K [0x0000000080000000, 0x0000000100000000)
  region size 1024K, 7 young (7168K), 7 survivors (7168K)
 Metaspace       used 85189K, capacity 87256K, committed 87680K, reserved 1124352K
  class space    used 11074K, capacity 11830K, committed 11980K, reserved 1048576K
}
Event: 19.795 GC heap before
{Heap before GC invocations=27 (full 0):
 garbage-first heap   total 155648K, used 122346K [0x0000000080000000, 0x0000000100000000)
  region size 1024K, 40 young (40960K), 7 survivors (7168K)
 Metaspace       used 87893K, capacity 90157K, committed 90368K, reserved 1128448K
  class space    used 11513K, capacity 12351K, committed 12364K, reserved 1048576K
}
Event: 19.805 GC heap after
{Heap after GC invocations=28 (full 0):
 garbage-first heap   total 187392K, used 93406K [0x0000000080000000, 0x0000000100000000)
  region size 1024K, 5 young (5120K), 5 survivors (5120K)
 Metaspace       used 87893K, capacity 90157K, committed 90368K, reserved 1128448K
  class space    used 11513K, capacity 12351K, committed 12364K, reserved 1048576K
}
Event: 20.000 GC heap before
{Heap before GC invocations=28 (full 0):
 garbage-first heap   total 187392K, used 140510K [0x0000000080000000, 0x0000000100000000)
  region size 1024K, 52 young (53248K), 5 survivors (5120K)
 Metaspace       used 88218K, capacity 90550K, committed 90752K, reserved 1128448K
  class space    used 11560K, capacity 12420K, committed 12492K, reserved 1048576K
}
Event: 20.027 GC heap after
{Heap after GC invocations=29 (full 0):
 garbage-first heap   total 187392K, used 106377K [0x0000000080000000, 0x0000000100000000)
  region size 1024K, 7 young (7168K), 7 survivors (7168K)
 Metaspace       used 88218K, capacity 90550K, committed 90752K, reserved 1128448K
  class space    used 11560K, capacity 12420K, committed 12492K, reserved 1048576K
}
Event: 20.401 GC heap before
{Heap before GC invocations=30 (full 0):
 garbage-first heap   total 187392K, used 144265K [0x0000000080000000, 0x0000000100000000)
  region size 1024K, 45 young (46080K), 7 survivors (7168K)
 Metaspace       used 90348K, capacity 92780K, committed 92928K, reserved 1130496K
  class space    used 11883K, capacity 12845K, committed 12876K, reserved 1048576K
}
Event: 20.434 GC heap after
{Heap after GC invocations=31 (full 0):
 garbage-first heap   total 187392K, used 114334K [0x0000000080000000, 0x0000000100000000)
  region size 1024K, 6 young (6144K), 6 survivors (6144K)
 Metaspace       used 90348K, capacity 92780K, committed 92928K, reserved 1130496K
  class space    used 11883K, capacity 12845K, committed 12876K, reserved 1048576K
}
Event: 20.589 GC heap before
{Heap before GC invocations=31 (full 0):
 garbage-first heap   total 187392K, used 149150K [0x0000000080000000, 0x0000000100000000)
  region size 1024K, 40 young (40960K), 6 survivors (6144K)
 Metaspace       used 91354K, capacity 93830K, committed 93952K, reserved 1130496K
  class space    used 12071K, capacity 13048K, committed 13132K, reserved 1048576K
}
Event: 20.609 GC heap after
{Heap after GC invocations=32 (full 0):
 garbage-first heap   total 187392K, used 122064K [0x0000000080000000, 0x0000000100000000)
  region size 1024K, 5 young (5120K), 5 survivors (5120K)
 Metaspace       used 91354K, capacity 93830K, committed 93952K, reserved 1130496K
  class space    used 12071K, capacity 13048K, committed 13132K, reserved 1048576K
}
Event: 20.894 GC heap before
{Heap before GC invocations=32 (full 0):
 garbage-first heap   total 187392K, used 151760K [0x0000000080000000, 0x0000000100000000)
  region size 1024K, 34 young (34816K), 5 survivors (5120K)
 Metaspace       used 93046K, capacity 95564K, committed 96128K, reserved 1132544K
  class space    used 12326K, capacity 13287K, committed 13516K, reserved 1048576K
}
Event: 20.911 GC heap after
{Heap after GC invocations=33 (full 0):
 garbage-first heap   total 187392K, used 126998K [0x0000000080000000, 0x0000000100000000)
  region size 1024K, 5 young (5120K), 5 survivors (5120K)
 Metaspace       used 93046K, capacity 95564K, committed 96128K, reserved 1132544K
  class space    used 12326K, capacity 13287K, committed 13516K, reserved 1048576K
}
Event: 21.114 GC heap before
{Heap before GC invocations=34 (full 0):
 garbage-first heap   total 187392K, used 154646K [0x0000000080000000, 0x0000000100000000)
  region size 1024K, 32 young (32768K), 5 survivors (5120K)
 Metaspace       used 93670K, capacity 96178K, committed 96768K, reserved 1132544K
  class space    used 12429K, capacity 13403K, committed 13644K, reserved 1048576K
}
Event: 21.132 GC heap after
{Heap after GC invocations=35 (full 0):
 garbage-first heap   total 259072K, used 130903K [0x0000000080000000, 0x0000000100000000)
  region size 1024K, 4 young (4096K), 4 survivors (4096K)
 Metaspace       used 93670K, capacity 96178K, committed 96768K, reserved 1132544K
  class space    used 12429K, capacity 13403K, committed 13644K, reserved 1048576K
}
Event: 21.474 GC heap before
{Heap before GC invocations=35 (full 0):
 garbage-first heap   total 259072K, used 188247K [0x0000000080000000, 0x0000000100000000)
  region size 1024K, 60 young (61440K), 4 survivors (4096K)
 Metaspace       used 94354K, capacity 96823K, committed 97280K, reserved 1132544K
  class space    used 12523K, capacity 13481K, committed 13644K, reserved 1048576K
}
Event: 21.492 GC heap after
{Heap after GC invocations=36 (full 0):
 garbage-first heap   total 259072K, used 135629K [0x0000000080000000, 0x0000000100000000)
  region size 1024K, 8 young (8192K), 8 survivors (8192K)
 Metaspace       used 94354K, capacity 96823K, committed 97280K, reserved 1132544K
  class space    used 12523K, capacity 13481K, committed 13644K, reserved 1048576K
}
Event: 22.083 GC heap before
{Heap before GC invocations=37 (full 0):
 garbage-first heap   total 259072K, used 193997K [0x0000000080000000, 0x0000000100000000)
  region size 1024K, 65 young (66560K), 8 survivors (8192K)
 Metaspace       used 94805K, capacity 97203K, committed 98176K, reserved 1134592K
  class space    used 12435K, capacity 13320K, committed 13772K, reserved 1048576K
}
Event: 22.102 GC heap after
{Heap after GC invocations=38 (full 0):
 garbage-first heap   total 259072K, used 137637K [0x0000000080000000, 0x0000000100000000)
  region size 1024K, 3 young (3072K), 3 survivors (3072K)
 Metaspace       used 94805K, capacity 97203K, committed 98176K, reserved 1134592K
  class space    used 12435K, capacity 13320K, committed 13772K, reserved 1048576K
}
Event: 22.362 GC heap before
{Heap before GC invocations=38 (full 0):
 garbage-first heap   total 259072K, used 197029K [0x0000000080000000, 0x0000000100000000)
  region size 1024K, 61 young (62464K), 3 survivors (3072K)
 Metaspace       used 94898K, capacity 97294K, committed 98176K, reserved 1134592K
  class space    used 12449K, capacity 13329K, committed 13772K, reserved 1048576K
}
Event: 22.372 GC heap after
{Heap after GC invocations=39 (full 0):
 garbage-first heap   total 259072K, used 138743K [0x0000000080000000, 0x0000000100000000)
  region size 1024K, 4 young (4096K), 4 survivors (4096K)
 Metaspace       used 94898K, capacity 97294K, committed 98176K, reserved 1134592K
  class space    used 12449K, capacity 13329K, committed 13772K, reserved 1048576K
}
Event: 22.814 GC heap before
{Heap before GC invocations=39 (full 0):
 garbage-first heap   total 259072K, used 200183K [0x0000000080000000, 0x0000000100000000)
  region size 1024K, 66 young (67584K), 4 survivors (4096K)
 Metaspace       used 95648K, capacity 98067K, committed 98688K, reserved 1134592K
  class space    used 12551K, capacity 13460K, committed 13772K, reserved 1048576K
}

Deoptimization events (20 events):
Event: 22.147 Thread 0x000001b9836bf800 DEOPT PACKING pc=0x000001b9ea91c86b sp=0x000000559e4f98a0
Event: 22.147 Thread 0x000001b9836bf800 DEOPT UNPACKING pc=0x000001b9e8c58ede sp=0x000000559e4f8d58 mode 0
Event: 22.226 Thread 0x000001b9836c0800 DEOPT PACKING pc=0x000001b9ea8d848a sp=0x000000559e8f94e0
Event: 22.226 Thread 0x000001b9836c0800 DEOPT UNPACKING pc=0x000001b9e8c58ede sp=0x000000559e8f8a08 mode 0
Event: 22.252 Thread 0x000001b9836c0800 DEOPT PACKING pc=0x000001b9ea8ceeeb sp=0x000000559e8f98d0
Event: 22.252 Thread 0x000001b9836c0800 DEOPT UNPACKING pc=0x000001b9e8c58ede sp=0x000000559e8f8e98 mode 0
Event: 22.630 Thread 0x000001b9836bf800 Uncommon trap: trap_request=0xffffffde fr.pc=0x000001b9f0c12c68 relative=0x00000000000009a8
Event: 22.630 Thread 0x000001b9836bf800 Uncommon trap: reason=class_check action=maybe_recompile pc=0x000001b9f0c12c68 method=com.android.tools.r8.internal.Ij.hasNext()Z @ 27 c2
Event: 22.630 Thread 0x000001b9836bf800 DEOPT PACKING pc=0x000001b9f0c12c68 sp=0x000000559e4faae0
Event: 22.630 Thread 0x000001b9836bf800 DEOPT UNPACKING pc=0x000001b9e8c383af sp=0x000000559e4faab0 mode 2
Event: 22.633 Thread 0x000001b9836bf800 Uncommon trap: trap_request=0xffffffde fr.pc=0x000001b9f0c12c68 relative=0x00000000000009a8
Event: 22.633 Thread 0x000001b9836bf800 Uncommon trap: reason=class_check action=maybe_recompile pc=0x000001b9f0c12c68 method=com.android.tools.r8.internal.Ij.hasNext()Z @ 27 c2
Event: 22.633 Thread 0x000001b9836bf800 DEOPT PACKING pc=0x000001b9f0c12c68 sp=0x000000559e4faaf0
Event: 22.633 Thread 0x000001b9836bf800 DEOPT UNPACKING pc=0x000001b9e8c383af sp=0x000000559e4faac0 mode 2
Event: 22.752 Thread 0x000001b9836bb800 Uncommon trap: trap_request=0xffffff7e fr.pc=0x000001b9f0cb13a4 relative=0x0000000000003284
Event: 22.752 Thread 0x000001b9836bb800 Uncommon trap: reason=predicate action=maybe_recompile pc=0x000001b9f0cb13a4 method=com.android.tools.r8.internal.Lv.a(Lcom/android/tools/r8/internal/Le;Ljava/util/Set;)Z @ 337 c2
Event: 22.752 Thread 0x000001b9836bb800 DEOPT PACKING pc=0x000001b9f0cb13a4 sp=0x000000559e9f8af0
Event: 22.752 Thread 0x000001b9836bb800 DEOPT UNPACKING pc=0x000001b9e8c383af sp=0x000000559e9f8b38 mode 2
Event: 22.789 Thread 0x000001b9836be000 DEOPT PACKING pc=0x000001b9eab9b5da sp=0x000000559e7f8fc0
Event: 22.789 Thread 0x000001b9836be000 DEOPT UNPACKING pc=0x000001b9e8c58ede sp=0x000000559e7f8518 mode 0

Classes redefined (0 events):
No events

Internal exceptions (20 events):
Event: 20.060 Thread 0x000001b9836be000 Exception <a 'java/lang/NoSuchMethodError'{0x000000008b4516c0}: 'void java.lang.invoke.DirectMethodHandle$Holder.invokeStatic(java.lang.Object, java.lang.Object, java.lang.Object, int)'> (0x000000008b4516c0) thrown at [./src/hotspot/share/interpreter/linkResolver.cpp, line 773]
Event: 20.075 Thread 0x000001b9836c0800 Exception <a 'java/lang/IncompatibleClassChangeError'{0x000000008b226500}: Found class java.lang.Object, but interface was expected> (0x000000008b226500) thrown at [./src/hotspot/share/interpreter/linkResolver.cpp, line 839]
Event: 20.091 Thread 0x000001b9836be000 Exception <a 'java/lang/NoSuchMethodError'{0x000000008afb4ce8}: 'int java.lang.invoke.DirectMethodHandle$Holder.invokeVirtual(java.lang.Object, java.lang.Object, java.lang.Object)'> (0x000000008afb4ce8) thrown at [./src/hotspot/share/interpreter/linkResolver.cpp, line 773]
Event: 20.390 Thread 0x000001b9836ba800 Exception <a 'java/lang/NoSuchMethodError'{0x0000000089258030}: 'java.lang.Object java.lang.invoke.DirectMethodHandle$Holder.invokeStatic(java.lang.Object, int, java.lang.Object, java.lang.Object)'> (0x0000000089258030) thrown at [./src/hotspot/share/interpreter/linkResolver.cpp, line 773]
Event: 20.450 Thread 0x000001b9836bf800 Exception <a 'java/lang/NoSuchMethodError'{0x000000008b6abfd8}: 'int java.lang.invoke.DirectMethodHandle$Holder.invokeSpecial(java.lang.Object, java.lang.Object, java.lang.Object, java.lang.Object, java.lang.Object, java.lang.Object, java.lang.Object, java.lang.Object, java.lang.Object)'> (0x000000008b6abfd8) thrown at [./src/hotspot/share/interpreter/linkResolver.cpp, line 773]
Event: 20.451 Thread 0x000001b9836ba800 Exception <a 'java/lang/NoSuchMethodError'{0x000000008b4e8cf8}: 'java.lang.Object java.lang.invoke.Invokers$Holder.linkToTargetMethod(java.lang.Object, java.lang.Object, java.lang.Object, java.lang.Object, java.lang.Object, java.lang.Object, java.lang.Object, java.lang.Object)'> (0x000000008b4e8cf8) thrown at [./src/hotspot/share/interpreter/linkResolver.cpp, line 773]
Event: 20.451 Thread 0x000001b9836bf800 Exception <a 'java/lang/NoSuchMethodError'{0x000000008b333768}: 'java.lang.Object java.lang.invoke.Invokers$Holder.linkToTargetMethod(java.lang.Object, java.lang.Object, java.lang.Object, java.lang.Object, java.lang.Object, java.lang.Object, java.lang.Object, java.lang.Object)'> (0x000000008b333768) thrown at [./src/hotspot/share/interpreter/linkResolver.cpp, line 773]
Event: 20.451 Thread 0x000001b9836c0800 Exception <a 'java/lang/NoSuchMethodError'{0x000000008b33f0b0}: 'java.lang.Object java.lang.invoke.Invokers$Holder.linkToTargetMethod(java.lang.Object, java.lang.Object, java.lang.Object, java.lang.Object, java.lang.Object, java.lang.Object, java.lang.Object, java.lang.Object)'> (0x000000008b33f0b0) thrown at [./src/hotspot/share/interpreter/linkResolver.cpp, line 773]
Event: 20.490 Thread 0x000001b9836ba800 Exception <a 'java/lang/NoSuchMethodError'{0x000000008a92b8e8}: 'java.lang.Object java.lang.invoke.Invokers$Holder.linkToTargetMethod(java.lang.Object, java.lang.Object, java.lang.Object, java.lang.Object, java.lang.Object, java.lang.Object, java.lang.Object)'> (0x000000008a92b8e8) thrown at [./src/hotspot/share/interpreter/linkResolver.cpp, line 773]
Event: 20.490 Thread 0x000001b9836c0800 Exception <a 'java/lang/NoSuchMethodError'{0x000000008a519718}: 'java.lang.Object java.lang.invoke.Invokers$Holder.linkToTargetMethod(java.lang.Object, java.lang.Object, java.lang.Object, java.lang.Object, java.lang.Object, java.lang.Object, java.lang.Object)'> (0x000000008a519718) thrown at [./src/hotspot/share/interpreter/linkResolver.cpp, line 773]
Event: 20.490 Thread 0x000001b9836bf800 Exception <a 'java/lang/NoSuchMethodError'{0x000000008a93a0a0}: 'java.lang.Object java.lang.invoke.Invokers$Holder.linkToTargetMethod(java.lang.Object, java.lang.Object, java.lang.Object, java.lang.Object, java.lang.Object, java.lang.Object, java.lang.Object)'> (0x000000008a93a0a0) thrown at [./src/hotspot/share/interpreter/linkResolver.cpp, line 773]
Event: 20.624 Thread 0x000001b9836ba000 Exception <a 'java/lang/NoSuchMethodError'{0x000000008b563cb0}: 'java.lang.Object java.lang.invoke.DirectMethodHandle$Holder.invokeVirtual(java.lang.Object, java.lang.Object, int, java.lang.Object)'> (0x000000008b563cb0) thrown at [./src/hotspot/share/interpreter/linkResolver.cpp, line 773]
Event: 20.661 Thread 0x000001b9836ba000 Exception <a 'java/lang/NoSuchMethodError'{0x000000008b16f188}: 'void java.lang.invoke.DirectMethodHandle$Holder.invokeVirtual(java.lang.Object, java.lang.Object, int, java.lang.Object)'> (0x000000008b16f188) thrown at [./src/hotspot/share/interpreter/linkResolver.cpp, line 773]
Event: 20.662 Thread 0x000001b9836be000 Exception <a 'java/lang/NoSuchMethodError'{0x000000008b131328}: 'void java.lang.invoke.DirectMethodHandle$Holder.invokeVirtual(java.lang.Object, java.lang.Object, int, java.lang.Object)'> (0x000000008b131328) thrown at [./src/hotspot/share/interpreter/linkResolver.cpp, line 773]
Event: 20.917 Thread 0x000001b9836ba800 Exception <a 'java/lang/NoSuchMethodError'{0x000000008b54f580}: 'java.lang.Object java.lang.invoke.DirectMethodHandle$Holder.invokeInterface(java.lang.Object, java.lang.Object, int)'> (0x000000008b54f580) thrown at [./src/hotspot/share/interpreter/linkResolver.cpp, line 773]
Event: 22.552 Thread 0x000001b9836bf800 Exception <a 'java/lang/IncompatibleClassChangeError'{0x000000008e12e8d0}: Found class java.lang.Object, but interface was expected> (0x000000008e12e8d0) thrown at [./src/hotspot/share/interpreter/linkResolver.cpp, line 839]
Event: 22.630 Thread 0x000001b9836bf800 Exception <a 'java/lang/NoSuchMethodError'{0x000000008d8f19e0}: 'void java.lang.invoke.DirectMethodHandle$Holder.invokeSpecial(java.lang.Object, java.lang.Object, int, java.lang.Object, java.lang.Object, java.lang.Object, java.lang.Object)'> (0x000000008d8f19e0) thrown at [./src/hotspot/share/interpreter/linkResolver.cpp, line 773]
Event: 22.632 Thread 0x000001b9836bf800 Exception <a 'java/lang/NoSuchMethodError'{0x000000008d8fd5e0}: 'java.lang.Object java.lang.invoke.Invokers$Holder.linkToTargetMethod(java.lang.Object, int, java.lang.Object, java.lang.Object, java.lang.Object, java.lang.Object)'> (0x000000008d8fd5e0) thrown at [./src/hotspot/share/interpreter/linkResolver.cpp, line 773]
Event: 22.632 Thread 0x000001b9836bf800 Exception <a 'java/lang/NoSuchMethodError'{0x000000008d79a5f8}: 'void java.lang.invoke.DirectMethodHandle$Holder.invokeSpecial(java.lang.Object, java.lang.Object, java.lang.Object, java.lang.Object, java.lang.Object, java.lang.Object, java.lang.Object, java.lang.Object, java.lang.Object)'> (0x000000008d79a5f8) thrown at [./src/hotspot/share/interpreter/linkResolver.cpp, line 773]
Event: 22.637 Thread 0x000001b9836bf800 Exception <a 'java/lang/NoSuchMethodError'{0x000000008d7b5248}: 'void java.lang.invoke.DirectMethodHandle$Holder.invokeStatic(java.lang.Object, java.lang.Object, java.lang.Object, java.lang.Object, java.lang.Object, java.lang.Object, java.lang.Object, java.lang.Object)'> (0x000000008d7b5248) thrown at [./src/hotspot/share/interpreter/linkResolver.cpp, line 773]

Events (20 events):
Event: 22.802 loading class com/android/tools/r8/internal/CE done
Event: 22.802 loading class com/android/tools/r8/code/F0
Event: 22.802 loading class com/android/tools/r8/code/F0 done
Event: 22.802 loading class com/android/tools/r8/code/F0
Event: 22.802 loading class com/android/tools/r8/code/F0 done
Event: 22.802 loading class com/android/tools/r8/code/F0
Event: 22.802 loading class com/android/tools/r8/code/F0 done
Event: 22.805 loading class com/android/tools/r8/internal/D1
Event: 22.805 loading class com/android/tools/r8/internal/D1 done
Event: 22.806 loading class com/android/tools/r8/graph/Z
Event: 22.806 loading class com/android/tools/r8/graph/Z done
Event: 22.806 loading class com/android/tools/r8/graph/Z
Event: 22.806 loading class com/android/tools/r8/graph/Z done
Event: 22.806 loading class com/android/tools/r8/dex/b
Event: 22.806 loading class com/android/tools/r8/dex/b done
Event: 22.811 Executing VM operation: G1CollectForAllocation
Event: 22.811 Executing VM operation: G1CollectForAllocation done
Event: 22.812 loading class com/android/tools/r8/dex/z
Event: 22.812 loading class com/android/tools/r8/dex/z done
Event: 22.813 Executing VM operation: G1CollectForAllocation


Dynamic libraries:
0x00007ff64fe30000 - 0x00007ff64fe3a000 	D:\Program Files\Android\Android Studio\jre\bin\java.exe
0x00007ff94ac00000 - 0x00007ff94ae09000 	C:\WINDOWS\SYSTEM32\ntdll.dll
0x00007ff948db0000 - 0x00007ff948e6d000 	C:\WINDOWS\System32\KERNEL32.DLL
0x00007ff948670000 - 0x00007ff9489ec000 	C:\WINDOWS\System32\KERNELBASE.dll
0x00007ff948550000 - 0x00007ff948661000 	C:\WINDOWS\System32\ucrtbase.dll
0x00007ff931430000 - 0x00007ff931449000 	D:\Program Files\Android\Android Studio\jre\bin\jli.dll
0x00007ff935dd0000 - 0x00007ff935de7000 	D:\Program Files\Android\Android Studio\jre\bin\VCRUNTIME140.dll
0x00007ff94a540000 - 0x00007ff94a6ed000 	C:\WINDOWS\System32\USER32.dll
0x00007ff9484a0000 - 0x00007ff9484c6000 	C:\WINDOWS\System32\win32u.dll
0x00007ff94a700000 - 0x00007ff94a729000 	C:\WINDOWS\System32\GDI32.dll
0x00007ff9336a0000 - 0x00007ff933945000 	C:\WINDOWS\WinSxS\amd64_microsoft.windows.common-controls_6595b64144ccf1df_6.0.22000.120_none_9d947278b86cc467\COMCTL32.dll
0x00007ff948380000 - 0x00007ff948499000 	C:\WINDOWS\System32\gdi32full.dll
0x00007ff9489f0000 - 0x00007ff948a8d000 	C:\WINDOWS\System32\msvcp_win.dll
0x00007ff94a870000 - 0x00007ff94a913000 	C:\WINDOWS\System32\msvcrt.dll
0x00007ff948e70000 - 0x00007ff948ea1000 	C:\WINDOWS\System32\IMM32.DLL
0x00007ff90b2d0000 - 0x00007ff90b36d000 	D:\Program Files\Android\Android Studio\jre\bin\msvcp140.dll
0x00007ff8e9c00000 - 0x00007ff8ea6cf000 	D:\Program Files\Android\Android Studio\jre\bin\server\jvm.dll
0x00007ff94aab0000 - 0x00007ff94ab5e000 	C:\WINDOWS\System32\ADVAPI32.dll
0x00007ff948eb0000 - 0x00007ff948f4e000 	C:\WINDOWS\System32\sechost.dll
0x00007ff949f80000 - 0x00007ff94a0a0000 	C:\WINDOWS\System32\RPCRT4.dll
0x00007ff94a920000 - 0x00007ff94a928000 	C:\WINDOWS\System32\PSAPI.DLL
0x00007ff941b40000 - 0x00007ff941b73000 	C:\WINDOWS\SYSTEM32\WINMM.dll
0x00007ff932180000 - 0x00007ff932189000 	C:\WINDOWS\SYSTEM32\WSOCK32.dll
0x00007ff942610000 - 0x00007ff94261a000 	C:\WINDOWS\SYSTEM32\VERSION.dll
0x00007ff94aa40000 - 0x00007ff94aaaf000 	C:\WINDOWS\System32\WS2_32.dll
0x00007ff9472c0000 - 0x00007ff9472d8000 	C:\WINDOWS\SYSTEM32\kernel.appcore.dll
0x00007ff937230000 - 0x00007ff937241000 	D:\Program Files\Android\Android Studio\jre\bin\verify.dll
0x00007ff945c40000 - 0x00007ff945e61000 	C:\WINDOWS\SYSTEM32\DBGHELP.DLL
0x00007ff939130000 - 0x00007ff939161000 	C:\WINDOWS\SYSTEM32\dbgcore.DLL
0x00007ff9484d0000 - 0x00007ff94854f000 	C:\WINDOWS\System32\bcryptPrimitives.dll
0x00007ff926690000 - 0x00007ff9266b9000 	D:\Program Files\Android\Android Studio\jre\bin\java.dll
0x00007ff937220000 - 0x00007ff93722b000 	D:\Program Files\Android\Android Studio\jre\bin\jimage.dll
0x00007ff9202e0000 - 0x00007ff9202f8000 	D:\Program Files\Android\Android Studio\jre\bin\zip.dll
0x00007ff949160000 - 0x00007ff949918000 	C:\WINDOWS\System32\SHELL32.dll
0x00007ff946250000 - 0x00007ff946ab8000 	C:\WINDOWS\SYSTEM32\windows.storage.dll
0x00007ff94a0d0000 - 0x00007ff94a449000 	C:\WINDOWS\System32\combase.dll
0x00007ff9460d0000 - 0x00007ff946236000 	C:\WINDOWS\SYSTEM32\wintypes.dll
0x00007ff948a90000 - 0x00007ff948b7a000 	C:\WINDOWS\System32\SHCORE.dll
0x00007ff949920000 - 0x00007ff94997d000 	C:\WINDOWS\System32\shlwapi.dll
0x00007ff948010000 - 0x00007ff948031000 	C:\WINDOWS\SYSTEM32\profapi.dll
0x00007ff9202c0000 - 0x00007ff9202da000 	D:\Program Files\Android\Android Studio\jre\bin\net.dll
0x00007ff940940000 - 0x00007ff940a4c000 	C:\WINDOWS\SYSTEM32\WINHTTP.dll
0x00007ff9476f0000 - 0x00007ff947757000 	C:\WINDOWS\system32\mswsock.dll
0x00007ff9201c0000 - 0x00007ff9201d4000 	D:\Program Files\Android\Android Studio\jre\bin\nio.dll
0x00007ff90f0f0000 - 0x00007ff90f117000 	C:\Users\ASUS\.gradle\native\8bec1ad78214c89d9ad589b4d07fe93259594b29d510b10fafb7a158f7737e5d\windows-amd64\native-platform.dll
0x00007ff8ef7b0000 - 0x00007ff8ef8ed000 	C:\Users\ASUS\.gradle\native\53dbd7edfb1c66fb8903c78663c9afc45aea4f116125fa6feffd364cf09443e8\windows-amd64\native-platform-file-events.dll
0x00007ff937210000 - 0x00007ff93721a000 	D:\Program Files\Android\Android Studio\jre\bin\management.dll
0x00007ff937080000 - 0x00007ff93708c000 	D:\Program Files\Android\Android Studio\jre\bin\management_ext.dll
0x00007ff947940000 - 0x00007ff947958000 	C:\WINDOWS\SYSTEM32\CRYPTSP.dll
0x00007ff947220000 - 0x00007ff947255000 	C:\WINDOWS\system32\rsaenh.dll
0x00007ff9477e0000 - 0x00007ff947809000 	C:\WINDOWS\SYSTEM32\USERENV.dll
0x00007ff947ac0000 - 0x00007ff947ae7000 	C:\WINDOWS\SYSTEM32\bcrypt.dll
0x00007ff947930000 - 0x00007ff94793c000 	C:\WINDOWS\SYSTEM32\CRYPTBASE.dll
0x00007ff946df0000 - 0x00007ff946e1d000 	C:\WINDOWS\SYSTEM32\IPHLPAPI.DLL
0x00007ff94a0c0000 - 0x00007ff94a0c9000 	C:\WINDOWS\System32\NSI.dll
0x00007ff9414f0000 - 0x00007ff941509000 	C:\WINDOWS\SYSTEM32\dhcpcsvc6.DLL
0x00007ff941960000 - 0x00007ff94197e000 	C:\WINDOWS\SYSTEM32\dhcpcsvc.DLL
0x00007ff946e60000 - 0x00007ff946f48000 	C:\WINDOWS\SYSTEM32\DNSAPI.dll

dbghelp: loaded successfully - version: 4.0.5 - missing functions: none
symbol engine: initialized successfully - sym options: 0x614 - pdb path: .;D:\Program Files\Android\Android Studio\jre\bin;C:\WINDOWS\SYSTEM32;C:\WINDOWS\WinSxS\amd64_microsoft.windows.common-controls_6595b64144ccf1df_6.0.22000.120_none_9d947278b86cc467;D:\Program Files\Android\Android Studio\jre\bin\server;C:\Users\ASUS\.gradle\native\8bec1ad78214c89d9ad589b4d07fe93259594b29d510b10fafb7a158f7737e5d\windows-amd64;C:\Users\ASUS\.gradle\native\53dbd7edfb1c66fb8903c78663c9afc45aea4f116125fa6feffd364cf09443e8\windows-amd64

VM Arguments:
jvm_args: --add-opens=java.base/java.util=ALL-UNNAMED --add-opens=java.base/java.lang=ALL-UNNAMED --add-opens=java.base/java.lang.invoke=ALL-UNNAMED --add-opens=java.base/java.util=ALL-UNNAMED --add-opens=java.prefs/java.util.prefs=ALL-UNNAMED --add-opens=java.prefs/java.util.prefs=ALL-UNNAMED --add-opens=java.base/java.nio.charset=ALL-UNNAMED --add-opens=java.base/java.net=ALL-UNNAMED --add-opens=java.base/java.util.concurrent.atomic=ALL-UNNAMED -Xmx2048m -Dfile.encoding=UTF-8 -Duser.country=CN -Duser.language=zh -Duser.variant 
java_command: org.gradle.launcher.daemon.bootstrap.GradleDaemon 7.0.2
java_class_path (initial): C:\Users\ASUS\.gradle\wrapper\dists\gradle-7.0.2-bin\857tjihv64xamwrf0h14cai3r\gradle-7.0.2\lib\gradle-launcher-7.0.2.jar
Launcher Type: SUN_STANDARD

[Global flags]
     intx CICompilerCount                          = 4                                         {product} {ergonomic}
     uint ConcGCThreads                            = 2                                         {product} {ergonomic}
     uint G1ConcRefinementThreads                  = 8                                         {product} {ergonomic}
   size_t G1HeapRegionSize                         = 1048576                                   {product} {ergonomic}
    uintx GCDrainStackTargetSize                   = 64                                        {product} {ergonomic}
   size_t InitialHeapSize                          = 132120576                                 {product} {ergonomic}
   size_t MarkStackSize                            = 4194304                                   {product} {ergonomic}
   size_t MaxHeapSize                              = 2147483648                                {product} {command line}
   size_t MaxNewSize                               = 1287651328                                {product} {ergonomic}
   size_t MinHeapDeltaBytes                        = 1048576                                   {product} {ergonomic}
    uintx NonNMethodCodeHeapSize                   = 5836300                                {pd product} {ergonomic}
    uintx NonProfiledCodeHeapSize                  = 122910970                              {pd product} {ergonomic}
    uintx ProfiledCodeHeapSize                     = 122910970                              {pd product} {ergonomic}
    uintx ReservedCodeCacheSize                    = 251658240                              {pd product} {ergonomic}
     bool SegmentedCodeCache                       = true                                      {product} {ergonomic}
     bool UseCompressedClassPointers               = true                                 {lp64_product} {ergonomic}
     bool UseCompressedOops                        = true                                 {lp64_product} {ergonomic}
     bool UseG1GC                                  = true                                      {product} {ergonomic}
     bool UseLargePagesIndividualAllocation        = false                                  {pd product} {ergonomic}

Logging:
Log output configuration:
 #0: stdout all=warning uptime,level,tags
 #1: stderr all=off uptime,level,tags

Environment Variables:
JAVA_HOME=C:\Program Files\Java\jdk1.8.0_321
CLASSPATH=.;C:\Program Files\Java\jdk1.8.0_321\lib;C:\Program Files\Java\jdk1.8.0_321\lib\tools.jar
PATH=C:\Program Files (x86)\Common Files\Oracle\Java\javapath;C:\Program Files (x86)\VMware\VMware Workstation\bin\;C:\ProgramData\Oracle\Java\javapath;C:\Program Files\Java\jdk1.8.0_321\bin;C:\Program Files\Java\jdk1.8.0_321\jre\bin;D:\Program Files\MySql\mysql-8.0.23-winx64\bin;C:\Program Files (x86)\Microsoft SQL Server\150\DTS\Binn\;C:\Program Files\Microsoft SQL Server\Client SDK\ODBC\170\Tools\Binn\;C:\Program Files (x86)\Microsoft SQL Server\150\Tools\Binn\;C:\Program Files\Microsoft SQL Server\150\Tools\Binn\;C:\Program Files\Microsoft SQL Server\150\DTS\Binn\;C:\WINDOWS\system32;C:\WINDOWS;C:\WINDOWS\System32\Wbem;C:\WINDOWS\System32\WindowsPowerShell\v1.0\;C:\WINDOWS\System32\OpenSSH\;C:\Program Files (x86)\MySQL\MySQL Server 5.1\bin;D:\apache-tomcat-8.0.50\bin;D:\apache-tomcat-8.0.50\lib;D:\nodeJs\;D:\Git\cmd;C:\Users\ASUS\AppData\Local\Microsoft\WindowsApps;C:\Users\ASUS\AppData\Roaming\npm
USERNAME=ASUS
OS=Windows_NT
PROCESSOR_IDENTIFIER=Intel64 Family 6 Model 126 Stepping 5, GenuineIntel



---------------  S Y S T E M  ---------------

OS: Windows 10 , 64 bit Build 22000 (10.0.22000.708)
OS uptime: 3 days 0:39 hours

CPU:total 8 (initial active 8) (4 cores per cpu, 2 threads per core) family 6 model 126 stepping 5 microcode 0xa6, cmov, cx8, fxsr, mmx, sse, sse2, sse3, ssse3, sse4.1, sse4.2, popcnt, avx, avx2, aes, clmul, erms, 3dnowpref, lzcnt, ht, tsc, tscinvbit, bmi1, bmi2, adx, evex, sha, fma

Memory: 4k page, system-wide physical 7997M (304M free)
TotalPageFile size 20136M (AvailPageFile size 61M)
current process WorkingSet (physical memory assigned to process): 557M, peak: 557M
current process commit charge ("private bytes"): 622M, peak: 726M

vm_info: OpenJDK 64-Bit Server VM (11.0.10+0-b96-7249189) for windows-amd64 JRE (11.0.10+0-b96-7249189), built on Mar 31 2021 21:44:00 by "builder" with MS VC++ 14.0 (VS2015)

END.
