#
# There is insufficient memory for the Java Runtime Environment to continue.
# Native memory allocation (malloc) failed to allocate 1721616 bytes for Chunk::new
# Possible reasons:
#   The system is out of physical RAM or swap space
#   The process is running with CompressedOops enabled, and the Java Heap may be blocking the growth of the native heap
# Possible solutions:
#   Reduce memory load on the system
#   Increase physical memory or swap space
#   Check if swap backing store is full
#   Decrease Java heap size (-Xmx/-Xms)
#   Decrease number of Java threads
#   Decrease Java thread stack sizes (-Xss)
#   Set larger code cache with -XX:ReservedCodeCacheSize=
#   JVM is running with Unscaled Compressed Oops mode in which the Java heap is
#     placed in the first 4GB address space. The Java Heap base address is the
#     maximum limit for the native heap growth. Please use -XX:HeapBaseMinAddress
#     to set the Java Heap base and to place the Java Heap above 4GB virtual address.
# This output file may be truncated or incomplete.
#
#  Out of Memory Error (./src/hotspot/share/memory/arena.cpp:197), pid=21532, tid=23976
#
# JRE version: OpenJDK Runtime Environment (11.0.10) (build 11.0.10+0-b96-7249189)
# Java VM: OpenJDK 64-Bit Server VM (11.0.10+0-b96-7249189, mixed mode, tiered, compressed oops, g1 gc, windows-amd64)
# No core dump will be written. Minidumps are not enabled by default on client versions of Windows
#

---------------  S U M M A R Y ------------

Command Line: --add-opens=java.base/java.util=ALL-UNNAMED --add-opens=java.base/java.lang=ALL-UNNAMED --add-opens=java.base/java.lang.invoke=ALL-UNNAMED --add-opens=java.base/java.util=ALL-UNNAMED --add-opens=java.prefs/java.util.prefs=ALL-UNNAMED --add-opens=java.prefs/java.util.prefs=ALL-UNNAMED --add-opens=java.base/java.nio.charset=ALL-UNNAMED --add-opens=java.base/java.net=ALL-UNNAMED --add-opens=java.base/java.util.concurrent.atomic=ALL-UNNAMED -Xmx2048m -Dfile.encoding=UTF-8 -Duser.country=CN -Duser.language=zh -Duser.variant org.gradle.launcher.daemon.bootstrap.GradleDaemon 7.0.2

Host: Intel(R) Core(TM) i5-1035G1 CPU @ 1.00GHz, 8 cores, 7G,  Windows 10 , 64 bit Build 22000 (10.0.22000.708)
Time: Thu Oct 13 10:49:10 2022 中国标准时间 elapsed time: 566.923638 seconds (0d 0h 9m 26s)

---------------  T H R E A D  ---------------

Current thread (0x000002b131173800):  JavaThread "C2 CompilerThread1" daemon [_thread_in_native, id=23976, stack(0x000000f40a400000,0x000000f40a500000)]


Current CompileTask:
C2: 566923 18994 %     4       com.android.tools.r8.internal.T6::a @ 2560 (6044 bytes)

Stack: [0x000000f40a400000,0x000000f40a500000]
Native frames: (J=compiled Java code, j=interpreted, Vv=VM code, C=native code)
V  [jvm.dll+0x5ecfaa]
V  [jvm.dll+0x722bd5]
V  [jvm.dll+0x72412d]
V  [jvm.dll+0x7247e3]
V  [jvm.dll+0x242928]
V  [jvm.dll+0xbc4fc]
V  [jvm.dll+0xbca0c]
V  [jvm.dll+0x352d7d]
V  [jvm.dll+0x320ad3]
V  [jvm.dll+0x31ffca]
V  [jvm.dll+0x1fb602]
V  [jvm.dll+0x1fa7f4]
V  [jvm.dll+0x18354c]
V  [jvm.dll+0x208ee7]
V  [jvm.dll+0x207731]
V  [jvm.dll+0x6eb1cf]
V  [jvm.dll+0x6e3d45]
V  [jvm.dll+0x5ebe96]
C  [ucrtbase.dll+0x26c0c]
C  [KERNEL32.DLL+0x154e0]
C  [ntdll.dll+0x485b]


---------------  P R O C E S S  ---------------

Threads class SMR info:
_java_thread_list=0x000002b13400d720, length=63, elements={
0x000002b10e70f800, 0x000002b12ab57800, 0x000002b12ab5b000, 0x000002b12b458000,
0x000002b12ab75800, 0x000002b12ab77000, 0x000002b12ab83800, 0x000002b12ab88800,
0x000002b12ab8b000, 0x000002b12b5b8800, 0x000002b12d830000, 0x000002b12ceec800,
0x000002b12d7c5800, 0x000002b12d613000, 0x000002b12d610000, 0x000002b12d60f000,
0x000002b12d611000, 0x000002b12d612800, 0x000002b12ebdf000, 0x000002b12ebe0000,
0x000002b12ebe3000, 0x000002b12ebe0800, 0x000002b12ebe8000, 0x000002b12ece2800,
0x000002b12ece9000, 0x000002b12ece3000, 0x000002b12ece6800, 0x000002b12ece9800,
0x000002b12ece5800, 0x000002b131170000, 0x000002b131169800, 0x000002b13116c000,
0x000002b131171000, 0x000002b13116e000, 0x000002b13116b800, 0x000002b13116a800,
0x000002b131172000, 0x000002b131172800, 0x000002b13116d000, 0x000002b13116e800,
0x000002b131173800, 0x000002b131175000, 0x000002b131174800, 0x000002b13116f800,
0x000002b131176000, 0x000002b131177800, 0x000002b131178800, 0x000002b131177000,
0x000002b12ecea800, 0x000002b12ece5000, 0x000002b12eceb800, 0x000002b12eced000,
0x000002b12ece7800, 0x000002b12ecee000, 0x000002b12ece8000, 0x000002b12ecee800,
0x000002b12ecef800, 0x000002b12ecf0800, 0x000002b12ecf1000, 0x000002b12ebe4800,
0x000002b12ebe1800, 0x000002b12ebe2000, 0x000002b12ebed000
}

Java Threads: ( => current thread )
  0x000002b10e70f800 JavaThread "main" [_thread_blocked, id=10748, stack(0x000000f408800000,0x000000f408900000)]
  0x000002b12ab57800 JavaThread "Reference Handler" daemon [_thread_blocked, id=22696, stack(0x000000f408f00000,0x000000f409000000)]
  0x000002b12ab5b000 JavaThread "Finalizer" daemon [_thread_blocked, id=23376, stack(0x000000f409000000,0x000000f409100000)]
  0x000002b12b458000 JavaThread "Signal Dispatcher" daemon [_thread_blocked, id=9708, stack(0x000000f409100000,0x000000f409200000)]
  0x000002b12ab75800 JavaThread "Attach Listener" daemon [_thread_blocked, id=17600, stack(0x000000f409200000,0x000000f409300000)]
  0x000002b12ab77000 JavaThread "Service Thread" daemon [_thread_blocked, id=19064, stack(0x000000f409300000,0x000000f409400000)]
  0x000002b12ab83800 JavaThread "C2 CompilerThread0" daemon [_thread_in_native, id=15428, stack(0x000000f409400000,0x000000f409500000)]
  0x000002b12ab88800 JavaThread "C1 CompilerThread0" daemon [_thread_in_vm, id=13228, stack(0x000000f409500000,0x000000f409600000)]
  0x000002b12ab8b000 JavaThread "Sweeper thread" daemon [_thread_blocked, id=24164, stack(0x000000f409600000,0x000000f409700000)]
  0x000002b12b5b8800 JavaThread "Common-Cleaner" daemon [_thread_blocked, id=21104, stack(0x000000f409700000,0x000000f409800000)]
  0x000002b12d830000 JavaThread "Daemon health stats" [_thread_blocked, id=22396, stack(0x000000f409d00000,0x000000f409e00000)]
  0x000002b12ceec800 JavaThread "Incoming local TCP Connector on port 58087" [_thread_in_native, id=18888, stack(0x000000f409900000,0x000000f409a00000)]
  0x000002b12d7c5800 JavaThread "Daemon periodic checks" [_thread_blocked, id=24188, stack(0x000000f409a00000,0x000000f409b00000)]
  0x000002b12d613000 JavaThread "Cache worker for file hash cache (C:\Users\ASUS\.gradle\caches\7.0.2\fileHashes)" [_thread_blocked, id=11984, stack(0x000000f40aa00000,0x000000f40ab00000)]
  0x000002b12d610000 JavaThread "File lock request listener" [_thread_in_native, id=19560, stack(0x000000f40ab00000,0x000000f40ac00000)]
  0x000002b12d60f000 JavaThread "Cache worker for journal cache (C:\Users\ASUS\.gradle\caches\journal-1)" [_thread_blocked, id=20124, stack(0x000000f40ad00000,0x000000f40ae00000)]
  0x000002b12d611000 JavaThread "File watcher server" daemon [_thread_in_native, id=19944, stack(0x000000f40b000000,0x000000f40b100000)]
  0x000002b12d612800 JavaThread "File watcher consumer" daemon [_thread_blocked, id=15352, stack(0x000000f40b100000,0x000000f40b200000)]
  0x000002b12ebdf000 JavaThread "Cache worker for execution history cache (C:\Users\ASUS\.gradle\caches\7.0.2\executionHistory)" [_thread_blocked, id=7972, stack(0x000000f40b600000,0x000000f40b700000)]
  0x000002b12ebe0000 JavaThread "jar transforms" [_thread_blocked, id=9480, stack(0x000000f40b700000,0x000000f40b800000)]
  0x000002b12ebe3000 JavaThread "jar transforms Thread 2" [_thread_blocked, id=22704, stack(0x000000f40b800000,0x000000f40b900000)]
  0x000002b12ebe0800 JavaThread "Cache worker for file content cache (C:\Users\ASUS\.gradle\caches\7.0.2\fileContent)" [_thread_blocked, id=7224, stack(0x000000f40b900000,0x000000f40ba00000)]
  0x000002b12ebe8000 JavaThread "jar transforms Thread 3" [_thread_blocked, id=6492, stack(0x000000f40bb00000,0x000000f40bc00000)]
  0x000002b12ece2800 JavaThread "jar transforms Thread 4" [_thread_blocked, id=24104, stack(0x000000f40c500000,0x000000f40c600000)]
  0x000002b12ece9000 JavaThread "jar transforms Thread 5" [_thread_blocked, id=22544, stack(0x000000f40c600000,0x000000f40c700000)]
  0x000002b12ece3000 JavaThread "jar transforms Thread 6" [_thread_blocked, id=18732, stack(0x000000f40c700000,0x000000f40c800000)]
  0x000002b12ece6800 JavaThread "jar transforms Thread 7" [_thread_blocked, id=14708, stack(0x000000f40c800000,0x000000f40c900000)]
  0x000002b12ece9800 JavaThread "jar transforms Thread 8" [_thread_blocked, id=22760, stack(0x000000f40c900000,0x000000f40ca00000)]
  0x000002b12ece5800 JavaThread "Memory manager" [_thread_blocked, id=3700, stack(0x000000f40ca00000,0x000000f40cb00000)]
  0x000002b131170000 JavaThread "Cache worker for Java compile cache (C:\Users\ASUS\.gradle\caches\7.0.2\javaCompile)" [_thread_blocked, id=19604, stack(0x000000f40de00000,0x000000f40df00000)]
  0x000002b131169800 JavaThread "ForkJoinPool.commonPool-worker-15" daemon [_thread_blocked, id=3940, stack(0x000000f40da00000,0x000000f40db00000)]
  0x000002b13116c000 JavaThread "Daemon Thread 2" [_thread_blocked, id=22896, stack(0x000000f408500000,0x000000f408600000)]
  0x000002b131171000 JavaThread "Daemon worker Thread 2" [_thread_blocked, id=15396, stack(0x000000f409e00000,0x000000f409f00000)]
  0x000002b13116e000 JavaThread "Handler for socket connection from /127.0.0.1:58087 to /127.0.0.1:51827" [_thread_in_native, id=24392, stack(0x000000f408600000,0x000000f408700000)]
  0x000002b13116b800 JavaThread "Cancel handler" [_thread_blocked, id=8116, stack(0x000000f408700000,0x000000f408800000)]
  0x000002b13116a800 JavaThread "Asynchronous log dispatcher for DefaultDaemonConnection: socket connection from /127.0.0.1:58087 to /127.0.0.1:51827" [_thread_blocked, id=23448, stack(0x000000f409f00000,0x000000f40a000000)]
  0x000002b131172000 JavaThread "Stdin handler" [_thread_blocked, id=4596, stack(0x000000f40a000000,0x000000f40a100000)]
  0x000002b131172800 JavaThread "Daemon client event forwarder" [_thread_blocked, id=12248, stack(0x000000f40a100000,0x000000f40a200000)]
  0x000002b13116d000 JavaThread "Cache worker for file hash cache (D:\WorkSpace\.gradle\7.0.2\fileHashes)" [_thread_blocked, id=7160, stack(0x000000f40a200000,0x000000f40a300000)]
  0x000002b13116e800 JavaThread "Cache worker for checksums cache (D:\WorkSpace\.gradle\checksums)" [_thread_blocked, id=13528, stack(0x000000f40a300000,0x000000f40a400000)]
=>0x000002b131173800 JavaThread "C2 CompilerThread1" daemon [_thread_in_native, id=23976, stack(0x000000f40a400000,0x000000f40a500000)]
  0x000002b131175000 JavaThread "Cache worker for cache directory md-supplier (C:\Users\ASUS\.gradle\caches\7.0.2\md-supplier)" [_thread_blocked, id=18576, stack(0x000000f40ae00000,0x000000f40af00000)]
  0x000002b131174800 JavaThread "Cache worker for cache directory md-rule (C:\Users\ASUS\.gradle\caches\7.0.2\md-rule)" [_thread_blocked, id=21928, stack(0x000000f40af00000,0x000000f40b000000)]
  0x000002b13116f800 JavaThread "Cache worker for dependencies-accessors (D:\WorkSpace\.gradle\7.0.2\dependencies-accessors)" [_thread_blocked, id=11276, stack(0x000000f40b200000,0x000000f40b300000)]
  0x000002b131176000 JavaThread "Cache worker for Build Output Cleanup Cache (D:\WorkSpace\.gradle\buildOutputCleanup)" [_thread_blocked, id=20052, stack(0x000000f40b300000,0x000000f40b400000)]
  0x000002b131177800 JavaThread "Build operations" [_thread_in_Java, id=16876, stack(0x000000f40b400000,0x000000f40b500000)]
  0x000002b131178800 JavaThread "Build operations Thread 2" [_thread_in_Java, id=14128, stack(0x000000f40b500000,0x000000f40b600000)]
  0x000002b131177000 JavaThread "Build operations Thread 3" [_thread_in_Java, id=23744, stack(0x000000f40ba00000,0x000000f40bb00000)]
  0x000002b12ecea800 JavaThread "Build operations Thread 4" [_thread_in_Java, id=15172, stack(0x000000f40bc00000,0x000000f40bd00000)]
  0x000002b12ece5000 JavaThread "Build operations Thread 5" [_thread_in_Java, id=15592, stack(0x000000f40bd00000,0x000000f40be00000)]
  0x000002b12eceb800 JavaThread "Build operations Thread 6" [_thread_blocked, id=18632, stack(0x000000f40be00000,0x000000f40bf00000)]
  0x000002b12eced000 JavaThread "Build operations Thread 7" [_thread_in_Java, id=8600, stack(0x000000f40bf00000,0x000000f40c000000)]
  0x000002b12ece7800 JavaThread "Build operations Thread 8" [_thread_blocked, id=22824, stack(0x000000f40c000000,0x000000f40c100000)]
  0x000002b12ecee000 JavaThread "build event listener" [_thread_blocked, id=19644, stack(0x000000f40c100000,0x000000f40c200000)]
  0x000002b12ece8000 JavaThread "Execution worker for ':'" [_thread_blocked, id=20820, stack(0x000000f40c200000,0x000000f40c300000)]
  0x000002b12ecee800 JavaThread "Execution worker for ':' Thread 2" [_thread_blocked, id=16924, stack(0x000000f40c300000,0x000000f40c400000)]
  0x000002b12ecef800 JavaThread "Execution worker for ':' Thread 3" [_thread_blocked, id=17612, stack(0x000000f40c400000,0x000000f40c500000)]
  0x000002b12ecf0800 JavaThread "Execution worker for ':' Thread 4" [_thread_blocked, id=16520, stack(0x000000f40cb00000,0x000000f40cc00000)]
  0x000002b12ecf1000 JavaThread "Execution worker for ':' Thread 5" [_thread_blocked, id=11392, stack(0x000000f40cc00000,0x000000f40cd00000)]
  0x000002b12ebe4800 JavaThread "Execution worker for ':' Thread 6" [_thread_blocked, id=17484, stack(0x000000f40cd00000,0x000000f40ce00000)]
  0x000002b12ebe1800 JavaThread "Execution worker for ':' Thread 7" [_thread_blocked, id=23672, stack(0x000000f40ce00000,0x000000f40cf00000)]
  0x000002b12ebe2000 JavaThread "Cache worker for execution history cache (D:\WorkSpace\.gradle\7.0.2\executionHistory)" [_thread_blocked, id=23888, stack(0x000000f40cf00000,0x000000f40d000000)]
  0x000002b12ebed000 JavaThread "WorkerExecutor Queue" [_thread_blocked, id=15596, stack(0x000000f40d000000,0x000000f40d100000)]

Other Threads:
  0x000002b12ab52000 VMThread "VM Thread" [stack: 0x000000f408e00000,0x000000f408f00000] [id=21072]
  0x000002b12b5ed000 WatcherThread [stack: 0x000000f409800000,0x000000f409900000] [id=12456]
  0x000002b10e729800 GCTaskThread "GC Thread#0" [stack: 0x000000f408900000,0x000000f408a00000] [id=18136]
  0x000002b12b83e800 GCTaskThread "GC Thread#1" [stack: 0x000000f409b00000,0x000000f409c00000] [id=24324]
  0x000002b12c425000 GCTaskThread "GC Thread#2" [stack: 0x000000f409c00000,0x000000f409d00000] [id=18988]
  0x000002b12e463000 GCTaskThread "GC Thread#3" [stack: 0x000000f40a500000,0x000000f40a600000] [id=21516]
  0x000002b12e389800 GCTaskThread "GC Thread#4" [stack: 0x000000f40a600000,0x000000f40a700000] [id=10688]
  0x000002b12d550000 GCTaskThread "GC Thread#5" [stack: 0x000000f40a700000,0x000000f40a800000] [id=24280]
  0x000002b12cd29000 GCTaskThread "GC Thread#6" [stack: 0x000000f40a800000,0x000000f40a900000] [id=20372]
  0x000002b12e43c800 GCTaskThread "GC Thread#7" [stack: 0x000000f40a900000,0x000000f40aa00000] [id=14392]
  0x000002b10e759000 ConcurrentGCThread "G1 Main Marker" [stack: 0x000000f408a00000,0x000000f408b00000] [id=12676]
  0x000002b10e75b800 ConcurrentGCThread "G1 Conc#0" [stack: 0x000000f408b00000,0x000000f408c00000] [id=7220]
  0x000002b12e13a000 ConcurrentGCThread "G1 Conc#1" [stack: 0x000000f40ac00000,0x000000f40ad00000] [id=23592]
  0x000002b12a9a0800 ConcurrentGCThread "G1 Refine#0" [stack: 0x000000f408c00000,0x000000f408d00000] [id=20316]
  0x000002b13292a800 ConcurrentGCThread "G1 Refine#1" [stack: 0x000000f40e600000,0x000000f40e700000] [id=23940]
  0x000002b137339800 ConcurrentGCThread "G1 Refine#2" [stack: 0x000000f40e500000,0x000000f40e600000] [id=22996]
  0x000002b133b6b800 ConcurrentGCThread "G1 Refine#3" [stack: 0x000000f40e700000,0x000000f40e800000] [id=21896]
  0x000002b12a9a4000 ConcurrentGCThread "G1 Young RemSet Sampling" [stack: 0x000000f408d00000,0x000000f408e00000] [id=8396]

Threads with active compile tasks:
C2 CompilerThread0 566962 19258       4       com.android.tools.r8.internal.zh::a (173 bytes)
C1 CompilerThread0 566962 19295       2       com.android.tools.r8.internal.zw::a (224 bytes)
C2 CompilerThread1 566962 18994 %     4       com.android.tools.r8.internal.T6::a @ 2560 (6044 bytes)

VM state:not at safepoint (normal execution)

VM Mutex/Monitor currently owned by a thread: None

OutOfMemory and StackOverflow Exception counts:
OutOfMemoryError java_heap_errors=2
LinkageErrors=201

Heap address: 0x0000000080000000, size: 2048 MB, Compressed Oops mode: 32-bit
Narrow klass base: 0x0000000000000000, Narrow klass shift: 3
Compressed class space size: 1073741824 Address: 0x0000000100000000

Heap:
 garbage-first heap   total 270336K, used 184500K [0x0000000080000000, 0x0000000100000000)
  region size 1024K, 20 young (20480K), 5 survivors (5120K)
 Metaspace       used 114326K, capacity 117414K, committed 118144K, reserved 1150976K
  class space    used 14648K, capacity 15822K, committed 16076K, reserved 1048576K
Heap Regions: E=young(eden), S=young(survivor), O=old, HS=humongous(starts), HC=humongous(continues), CS=collection set, F=free, A=archive, TAMS=top-at-mark-start (previous, next)
|   0|0x0000000080000000, 0x0000000080100000, 0x0000000080100000|100%| O|  |TAMS 0x0000000080100000, 0x0000000080000000| Untracked 
|   1|0x0000000080100000, 0x0000000080200000, 0x0000000080200000|100%| O|  |TAMS 0x0000000080200000, 0x0000000080100000| Untracked 
|   2|0x0000000080200000, 0x0000000080300000, 0x0000000080300000|100%| O|  |TAMS 0x0000000080300000, 0x0000000080200000| Untracked 
|   3|0x0000000080300000, 0x0000000080400000, 0x0000000080400000|100%|HS|  |TAMS 0x0000000080400000, 0x0000000080300000| Complete 
|   4|0x0000000080400000, 0x0000000080500000, 0x0000000080500000|100%|HC|  |TAMS 0x0000000080500000, 0x0000000080400000| Complete 
|   5|0x0000000080500000, 0x0000000080600000, 0x0000000080600000|100%|HC|  |TAMS 0x0000000080600000, 0x0000000080500000| Complete 
|   6|0x0000000080600000, 0x0000000080700000, 0x0000000080700000|100%| O|  |TAMS 0x0000000080700000, 0x0000000080600000| Untracked 
|   7|0x0000000080700000, 0x0000000080800000, 0x0000000080800000|100%| O|  |TAMS 0x0000000080800000, 0x0000000080700000| Untracked 
|   8|0x0000000080800000, 0x0000000080900000, 0x0000000080900000|100%| O|  |TAMS 0x0000000080900000, 0x0000000080800000| Untracked 
|   9|0x0000000080900000, 0x0000000080a00000, 0x0000000080a00000|100%| O|  |TAMS 0x0000000080a00000, 0x0000000080900000| Untracked 
|  10|0x0000000080a00000, 0x0000000080b00000, 0x0000000080b00000|100%| O|  |TAMS 0x0000000080b00000, 0x0000000080a00000| Untracked 
|  11|0x0000000080b00000, 0x0000000080c00000, 0x0000000080c00000|100%| O|  |TAMS 0x0000000080c00000, 0x0000000080b00000| Untracked 
|  12|0x0000000080c00000, 0x0000000080d00000, 0x0000000080d00000|100%| O|  |TAMS 0x0000000080d00000, 0x0000000080c00000| Untracked 
|  13|0x0000000080d00000, 0x0000000080e00000, 0x0000000080e00000|100%| O|  |TAMS 0x0000000080e00000, 0x0000000080d00000| Untracked 
|  14|0x0000000080e00000, 0x0000000080f00000, 0x0000000080f00000|100%| O|  |TAMS 0x0000000080f00000, 0x0000000080e00000| Untracked 
|  15|0x0000000080f00000, 0x0000000081000000, 0x0000000081000000|100%| O|  |TAMS 0x0000000081000000, 0x0000000080f00000| Untracked 
|  16|0x0000000081000000, 0x0000000081100000, 0x0000000081100000|100%| O|  |TAMS 0x0000000081100000, 0x0000000081000000| Untracked 
|  17|0x0000000081100000, 0x0000000081200000, 0x0000000081200000|100%|HS|  |TAMS 0x0000000081200000, 0x0000000081100000| Complete 
|  18|0x0000000081200000, 0x0000000081300000, 0x0000000081300000|100%| O|  |TAMS 0x0000000081300000, 0x0000000081200000| Untracked 
|  19|0x0000000081300000, 0x0000000081400000, 0x0000000081400000|100%| O|  |TAMS 0x0000000081400000, 0x0000000081300000| Untracked 
|  20|0x0000000081400000, 0x0000000081500000, 0x0000000081500000|100%| O|  |TAMS 0x0000000081500000, 0x0000000081400000| Untracked 
|  21|0x0000000081500000, 0x0000000081600000, 0x0000000081600000|100%| O|  |TAMS 0x0000000081600000, 0x0000000081500000| Untracked 
|  22|0x0000000081600000, 0x0000000081700000, 0x0000000081700000|100%| O|  |TAMS 0x0000000081700000, 0x0000000081600000| Untracked 
|  23|0x0000000081700000, 0x0000000081800000, 0x0000000081800000|100%| O|  |TAMS 0x0000000081800000, 0x0000000081700000| Untracked 
|  24|0x0000000081800000, 0x0000000081900000, 0x0000000081900000|100%| O|  |TAMS 0x0000000081900000, 0x0000000081800000| Untracked 
|  25|0x0000000081900000, 0x0000000081a00000, 0x0000000081a00000|100%| O|  |TAMS 0x0000000081a00000, 0x0000000081900000| Untracked 
|  26|0x0000000081a00000, 0x0000000081b00000, 0x0000000081b00000|100%| O|  |TAMS 0x0000000081b00000, 0x0000000081a00000| Untracked 
|  27|0x0000000081b00000, 0x0000000081c00000, 0x0000000081c00000|100%| O|  |TAMS 0x0000000081b00000, 0x0000000081b00000| Untracked 
|  28|0x0000000081c00000, 0x0000000081d00000, 0x0000000081d00000|100%|HS|  |TAMS 0x0000000081d00000, 0x0000000081c00000| Complete 
|  29|0x0000000081d00000, 0x0000000081e00000, 0x0000000081e00000|100%|HS|  |TAMS 0x0000000081e00000, 0x0000000081d00000| Complete 
|  30|0x0000000081e00000, 0x0000000081f00000, 0x0000000081f00000|100%|HC|  |TAMS 0x0000000081f00000, 0x0000000081e00000| Complete 
|  31|0x0000000081f00000, 0x0000000082000000, 0x0000000082000000|100%| O|  |TAMS 0x0000000081f00000, 0x0000000081f00000| Untracked 
|  32|0x0000000082000000, 0x0000000082100000, 0x0000000082100000|100%| O|  |TAMS 0x0000000082000000, 0x0000000082000000| Untracked 
|  33|0x0000000082100000, 0x0000000082200000, 0x0000000082200000|100%| O|  |TAMS 0x0000000082200000, 0x0000000082100000| Untracked 
|  34|0x0000000082200000, 0x0000000082300000, 0x0000000082300000|100%| O|  |TAMS 0x0000000082300000, 0x0000000082200000| Untracked 
|  35|0x0000000082300000, 0x0000000082400000, 0x0000000082400000|100%| O|  |TAMS 0x0000000082400000, 0x0000000082300000| Untracked 
|  36|0x0000000082400000, 0x0000000082500000, 0x0000000082500000|100%| O|  |TAMS 0x0000000082500000, 0x0000000082400000| Untracked 
|  37|0x0000000082500000, 0x0000000082600000, 0x0000000082600000|100%| O|  |TAMS 0x0000000082600000, 0x0000000082500000| Untracked 
|  38|0x0000000082600000, 0x0000000082700000, 0x0000000082700000|100%| O|  |TAMS 0x0000000082700000, 0x0000000082600000| Untracked 
|  39|0x0000000082700000, 0x0000000082800000, 0x0000000082800000|100%| O|  |TAMS 0x0000000082800000, 0x0000000082700000| Untracked 
|  40|0x0000000082800000, 0x0000000082900000, 0x0000000082900000|100%| O|  |TAMS 0x0000000082900000, 0x0000000082800000| Untracked 
|  41|0x0000000082900000, 0x0000000082a00000, 0x0000000082a00000|100%| O|  |TAMS 0x0000000082a00000, 0x0000000082900000| Untracked 
|  42|0x0000000082a00000, 0x0000000082b00000, 0x0000000082b00000|100%| O|  |TAMS 0x0000000082b00000, 0x0000000082a00000| Untracked 
|  43|0x0000000082b00000, 0x0000000082c00000, 0x0000000082c00000|100%| O|  |TAMS 0x0000000082c00000, 0x0000000082b00000| Untracked 
|  44|0x0000000082c00000, 0x0000000082d00000, 0x0000000082d00000|100%| O|  |TAMS 0x0000000082d00000, 0x0000000082c00000| Untracked 
|  45|0x0000000082d00000, 0x0000000082e00000, 0x0000000082e00000|100%| O|  |TAMS 0x0000000082e00000, 0x0000000082d00000| Untracked 
|  46|0x0000000082e00000, 0x0000000082f00000, 0x0000000082f00000|100%| O|  |TAMS 0x0000000082f00000, 0x0000000082e00000| Untracked 
|  47|0x0000000082f00000, 0x0000000083000000, 0x0000000083000000|100%| O|  |TAMS 0x0000000083000000, 0x0000000082f00000| Untracked 
|  48|0x0000000083000000, 0x0000000083100000, 0x0000000083100000|100%| O|  |TAMS 0x0000000083100000, 0x0000000083000000| Untracked 
|  49|0x0000000083100000, 0x0000000083200000, 0x0000000083200000|100%| O|  |TAMS 0x0000000083200000, 0x0000000083100000| Untracked 
|  50|0x0000000083200000, 0x0000000083300000, 0x0000000083300000|100%| O|  |TAMS 0x0000000083200000, 0x0000000083200000| Untracked 
|  51|0x0000000083300000, 0x0000000083400000, 0x0000000083400000|100%| O|  |TAMS 0x0000000083400000, 0x0000000083300000| Untracked 
|  52|0x0000000083400000, 0x0000000083500000, 0x0000000083500000|100%| O|  |TAMS 0x0000000083500000, 0x0000000083400000| Untracked 
|  53|0x0000000083500000, 0x0000000083600000, 0x0000000083600000|100%| O|  |TAMS 0x0000000083600000, 0x0000000083500000| Untracked 
|  54|0x0000000083600000, 0x0000000083700000, 0x0000000083700000|100%| O|  |TAMS 0x0000000083600000, 0x0000000083600000| Untracked 
|  55|0x0000000083700000, 0x0000000083800000, 0x0000000083800000|100%| O|  |TAMS 0x0000000083800000, 0x0000000083700000| Untracked 
|  56|0x0000000083800000, 0x0000000083900000, 0x0000000083900000|100%| O|  |TAMS 0x0000000083900000, 0x0000000083800000| Untracked 
|  57|0x0000000083900000, 0x0000000083a00000, 0x0000000083a00000|100%| O|  |TAMS 0x0000000083a00000, 0x0000000083900000| Untracked 
|  58|0x0000000083a00000, 0x0000000083b00000, 0x0000000083b00000|100%| O|  |TAMS 0x0000000083a00000, 0x0000000083a00000| Untracked 
|  59|0x0000000083b00000, 0x0000000083c00000, 0x0000000083c00000|100%| O|  |TAMS 0x0000000083c00000, 0x0000000083b00000| Untracked 
|  60|0x0000000083c00000, 0x0000000083d00000, 0x0000000083d00000|100%| O|  |TAMS 0x0000000083c00000, 0x0000000083c00000| Untracked 
|  61|0x0000000083d00000, 0x0000000083e00000, 0x0000000083e00000|100%| O|  |TAMS 0x0000000083d00000, 0x0000000083d00000| Untracked 
|  62|0x0000000083e00000, 0x0000000083f00000, 0x0000000083f00000|100%| O|  |TAMS 0x0000000083f00000, 0x0000000083e00000| Untracked 
|  63|0x0000000083f00000, 0x0000000084000000, 0x0000000084000000|100%| O|  |TAMS 0x0000000084000000, 0x0000000083f00000| Untracked 
|  64|0x0000000084000000, 0x0000000084100000, 0x0000000084100000|100%| O|  |TAMS 0x0000000084100000, 0x0000000084000000| Untracked 
|  65|0x0000000084100000, 0x0000000084200000, 0x0000000084200000|100%| O|  |TAMS 0x0000000084100000, 0x0000000084100000| Untracked 
|  66|0x0000000084200000, 0x0000000084300000, 0x0000000084300000|100%| O|  |TAMS 0x0000000084200000, 0x0000000084200000| Untracked 
|  67|0x0000000084300000, 0x0000000084400000, 0x0000000084400000|100%| O|  |TAMS 0x0000000084400000, 0x0000000084300000| Untracked 
|  68|0x0000000084400000, 0x0000000084500000, 0x0000000084500000|100%| O|  |TAMS 0x0000000084400000, 0x0000000084400000| Untracked 
|  69|0x0000000084500000, 0x0000000084600000, 0x0000000084600000|100%| O|  |TAMS 0x0000000084500000, 0x0000000084500000| Untracked 
|  70|0x0000000084600000, 0x0000000084700000, 0x0000000084700000|100%| O|  |TAMS 0x0000000084600000, 0x0000000084600000| Untracked 
|  71|0x0000000084700000, 0x0000000084800000, 0x0000000084800000|100%| O|  |TAMS 0x0000000084800000, 0x0000000084700000| Untracked 
|  72|0x0000000084800000, 0x0000000084900000, 0x0000000084900000|100%| O|  |TAMS 0x0000000084900000, 0x0000000084800000| Untracked 
|  73|0x0000000084900000, 0x0000000084a00000, 0x0000000084a00000|100%| O|  |TAMS 0x0000000084900000, 0x0000000084900000| Untracked 
|  74|0x0000000084a00000, 0x0000000084b00000, 0x0000000084b00000|100%| O|  |TAMS 0x0000000084b00000, 0x0000000084a00000| Untracked 
|  75|0x0000000084b00000, 0x0000000084c00000, 0x0000000084c00000|100%| O|  |TAMS 0x0000000084b00000, 0x0000000084b00000| Untracked 
|  76|0x0000000084c00000, 0x0000000084d00000, 0x0000000084d00000|100%| O|  |TAMS 0x0000000084c00000, 0x0000000084c00000| Untracked 
|  77|0x0000000084d00000, 0x0000000084e00000, 0x0000000084e00000|100%| O|  |TAMS 0x0000000084d00000, 0x0000000084d00000| Untracked 
|  78|0x0000000084e00000, 0x0000000084f00000, 0x0000000084f00000|100%| O|  |TAMS 0x0000000084e00000, 0x0000000084e00000| Untracked 
|  79|0x0000000084f00000, 0x0000000085000000, 0x0000000085000000|100%| O|  |TAMS 0x0000000084f00000, 0x0000000084f00000| Untracked 
|  80|0x0000000085000000, 0x0000000085100000, 0x0000000085100000|100%| O|  |TAMS 0x0000000085000000, 0x0000000085000000| Untracked 
|  81|0x0000000085100000, 0x0000000085200000, 0x0000000085200000|100%| O|  |TAMS 0x0000000085200000, 0x0000000085100000| Untracked 
|  82|0x0000000085200000, 0x0000000085300000, 0x0000000085300000|100%| O|  |TAMS 0x0000000085200000, 0x0000000085200000| Untracked 
|  83|0x0000000085300000, 0x0000000085400000, 0x0000000085400000|100%| O|  |TAMS 0x0000000085400000, 0x0000000085300000| Untracked 
|  84|0x0000000085400000, 0x0000000085500000, 0x0000000085500000|100%| O|  |TAMS 0x0000000085400000, 0x0000000085400000| Untracked 
|  85|0x0000000085500000, 0x0000000085600000, 0x0000000085600000|100%| O|  |TAMS 0x0000000085600000, 0x0000000085500000| Untracked 
|  86|0x0000000085600000, 0x0000000085700000, 0x0000000085700000|100%| O|  |TAMS 0x0000000085700000, 0x0000000085600000| Untracked 
|  87|0x0000000085700000, 0x0000000085800000, 0x0000000085800000|100%| O|  |TAMS 0x0000000085800000, 0x0000000085700000| Untracked 
|  88|0x0000000085800000, 0x0000000085900000, 0x0000000085900000|100%| O|  |TAMS 0x0000000085900000, 0x0000000085800000| Untracked 
|  89|0x0000000085900000, 0x0000000085a00000, 0x0000000085a00000|100%| O|  |TAMS 0x0000000085a00000, 0x0000000085900000| Untracked 
|  90|0x0000000085a00000, 0x0000000085b00000, 0x0000000085b00000|100%| O|  |TAMS 0x0000000085a00000, 0x0000000085a00000| Untracked 
|  91|0x0000000085b00000, 0x0000000085c00000, 0x0000000085c00000|100%| O|  |TAMS 0x0000000085c00000, 0x0000000085b00000| Untracked 
|  92|0x0000000085c00000, 0x0000000085d00000, 0x0000000085d00000|100%| O|  |TAMS 0x0000000085c00000, 0x0000000085c00000| Untracked 
|  93|0x0000000085d00000, 0x0000000085e00000, 0x0000000085e00000|100%| O|  |TAMS 0x0000000085e00000, 0x0000000085d00000| Untracked 
|  94|0x0000000085e00000, 0x0000000085f00000, 0x0000000085f00000|100%| O|  |TAMS 0x0000000085e00000, 0x0000000085e00000| Untracked 
|  95|0x0000000085f00000, 0x0000000086000000, 0x0000000086000000|100%| O|  |TAMS 0x0000000085f00000, 0x0000000085f00000| Untracked 
|  96|0x0000000086000000, 0x0000000086100000, 0x0000000086100000|100%| O|  |TAMS 0x0000000086100000, 0x0000000086000000| Untracked 
|  97|0x0000000086100000, 0x0000000086200000, 0x0000000086200000|100%| O|  |TAMS 0x0000000086200000, 0x0000000086100000| Untracked 
|  98|0x0000000086200000, 0x0000000086300000, 0x0000000086300000|100%| O|  |TAMS 0x0000000086300000, 0x0000000086200000| Untracked 
|  99|0x0000000086300000, 0x0000000086400000, 0x0000000086400000|100%| O|  |TAMS 0x0000000086400000, 0x0000000086300000| Untracked 
| 100|0x0000000086400000, 0x0000000086500000, 0x0000000086500000|100%| O|  |TAMS 0x0000000086400000, 0x0000000086400000| Untracked 
| 101|0x0000000086500000, 0x0000000086600000, 0x0000000086600000|100%| O|  |TAMS 0x0000000086600000, 0x0000000086500000| Untracked 
| 102|0x0000000086600000, 0x0000000086700000, 0x0000000086700000|100%| O|  |TAMS 0x0000000086700000, 0x0000000086600000| Untracked 
| 103|0x0000000086700000, 0x0000000086800000, 0x0000000086800000|100%| O|  |TAMS 0x0000000086800000, 0x0000000086700000| Untracked 
| 104|0x0000000086800000, 0x0000000086900000, 0x0000000086900000|100%| O|  |TAMS 0x0000000086800000, 0x0000000086800000| Untracked 
| 105|0x0000000086900000, 0x0000000086a00000, 0x0000000086a00000|100%| O|  |TAMS 0x0000000086900000, 0x0000000086900000| Untracked 
| 106|0x0000000086a00000, 0x0000000086b00000, 0x0000000086b00000|100%| O|  |TAMS 0x0000000086a00000, 0x0000000086a00000| Untracked 
| 107|0x0000000086b00000, 0x0000000086c00000, 0x0000000086c00000|100%| O|  |TAMS 0x0000000086b00000, 0x0000000086b00000| Untracked 
| 108|0x0000000086c00000, 0x0000000086d00000, 0x0000000086d00000|100%| O|  |TAMS 0x0000000086c00000, 0x0000000086c00000| Untracked 
| 109|0x0000000086d00000, 0x0000000086e00000, 0x0000000086e00000|100%| O|  |TAMS 0x0000000086e00000, 0x0000000086d00000| Untracked 
| 110|0x0000000086e00000, 0x0000000086f00000, 0x0000000086f00000|100%| O|  |TAMS 0x0000000086f00000, 0x0000000086e00000| Untracked 
| 111|0x0000000086f00000, 0x0000000087000000, 0x0000000087000000|100%| O|  |TAMS 0x0000000086f00000, 0x0000000086f00000| Untracked 
| 112|0x0000000087000000, 0x0000000087100000, 0x0000000087100000|100%| O|  |TAMS 0x0000000087000000, 0x0000000087000000| Untracked 
| 113|0x0000000087100000, 0x0000000087200000, 0x0000000087200000|100%| O|  |TAMS 0x0000000087200000, 0x0000000087100000| Untracked 
| 114|0x0000000087200000, 0x0000000087300000, 0x0000000087300000|100%| O|  |TAMS 0x0000000087300000, 0x0000000087200000| Untracked 
| 115|0x0000000087300000, 0x0000000087400000, 0x0000000087400000|100%| O|  |TAMS 0x0000000087300000, 0x0000000087300000| Untracked 
| 116|0x0000000087400000, 0x0000000087500000, 0x0000000087500000|100%| O|  |TAMS 0x0000000087400000, 0x0000000087400000| Untracked 
| 117|0x0000000087500000, 0x0000000087600000, 0x0000000087600000|100%| O|  |TAMS 0x0000000087500000, 0x0000000087500000| Untracked 
| 118|0x0000000087600000, 0x0000000087700000, 0x0000000087700000|100%| O|  |TAMS 0x0000000087700000, 0x0000000087600000| Untracked 
| 119|0x0000000087700000, 0x0000000087800000, 0x0000000087800000|100%| O|  |TAMS 0x0000000087700000, 0x0000000087700000| Untracked 
| 120|0x0000000087800000, 0x0000000087900000, 0x0000000087900000|100%| O|  |TAMS 0x0000000087900000, 0x0000000087800000| Untracked 
| 121|0x0000000087900000, 0x0000000087a00000, 0x0000000087a00000|100%| O|  |TAMS 0x0000000087900000, 0x0000000087900000| Untracked 
| 122|0x0000000087a00000, 0x0000000087b00000, 0x0000000087b00000|100%|HS|  |TAMS 0x0000000087b00000, 0x0000000087a00000| Complete 
| 123|0x0000000087b00000, 0x0000000087c00000, 0x0000000087c00000|100%|HC|  |TAMS 0x0000000087c00000, 0x0000000087b00000| Complete 
| 124|0x0000000087c00000, 0x0000000087d00000, 0x0000000087d00000|100%| O|  |TAMS 0x0000000087d00000, 0x0000000087c00000| Untracked 
| 125|0x0000000087d00000, 0x0000000087e00000, 0x0000000087e00000|100%| O|  |TAMS 0x0000000087e00000, 0x0000000087d00000| Untracked 
| 126|0x0000000087e00000, 0x0000000087f00000, 0x0000000087f00000|100%| O|  |TAMS 0x0000000087f00000, 0x0000000087e00000| Untracked 
| 127|0x0000000087f00000, 0x0000000088000000, 0x0000000088000000|100%| O|  |TAMS 0x0000000088000000, 0x0000000087f00000| Untracked 
| 128|0x0000000088000000, 0x0000000088100000, 0x0000000088100000|100%| O|  |TAMS 0x0000000088100000, 0x0000000088000000| Untracked 
| 129|0x0000000088100000, 0x0000000088200000, 0x0000000088200000|100%| O|  |TAMS 0x0000000088200000, 0x0000000088100000| Untracked 
| 130|0x0000000088200000, 0x0000000088300000, 0x0000000088300000|100%| O|  |TAMS 0x0000000088200000, 0x0000000088200000| Untracked 
| 131|0x0000000088300000, 0x0000000088400000, 0x0000000088400000|100%| O|  |TAMS 0x0000000088400000, 0x0000000088300000| Untracked 
| 132|0x0000000088400000, 0x0000000088500000, 0x0000000088500000|100%| O|  |TAMS 0x0000000088500000, 0x0000000088400000| Untracked 
| 133|0x0000000088500000, 0x0000000088600000, 0x0000000088600000|100%| O|  |TAMS 0x0000000088500000, 0x0000000088500000| Untracked 
| 134|0x0000000088600000, 0x0000000088700000, 0x0000000088700000|100%| O|  |TAMS 0x0000000088700000, 0x0000000088600000| Untracked 
| 135|0x0000000088700000, 0x0000000088800000, 0x0000000088800000|100%| O|  |TAMS 0x0000000088700000, 0x0000000088700000| Untracked 
| 136|0x0000000088800000, 0x0000000088900000, 0x0000000088900000|100%| O|  |TAMS 0x0000000088900000, 0x0000000088800000| Untracked 
| 137|0x0000000088900000, 0x0000000088a00000, 0x0000000088a00000|100%| O|  |TAMS 0x0000000088a00000, 0x0000000088900000| Untracked 
| 138|0x0000000088a00000, 0x0000000088b00000, 0x0000000088b00000|100%| O|  |TAMS 0x0000000088b00000, 0x0000000088a00000| Untracked 
| 139|0x0000000088b00000, 0x0000000088c00000, 0x0000000088c00000|100%| O|  |TAMS 0x0000000088c00000, 0x0000000088b00000| Untracked 
| 140|0x0000000088c00000, 0x0000000088d00000, 0x0000000088d00000|100%| O|  |TAMS 0x0000000088d00000, 0x0000000088c00000| Untracked 
| 141|0x0000000088d00000, 0x0000000088e00000, 0x0000000088e00000|100%| O|  |TAMS 0x0000000088d00000, 0x0000000088d00000| Untracked 
| 142|0x0000000088e00000, 0x0000000088f00000, 0x0000000088f00000|100%| O|  |TAMS 0x0000000088f00000, 0x0000000088e00000| Untracked 
| 143|0x0000000088f00000, 0x0000000089000000, 0x0000000089000000|100%| O|  |TAMS 0x0000000089000000, 0x0000000088f00000| Untracked 
| 144|0x0000000089000000, 0x0000000089100000, 0x0000000089100000|100%| O|  |TAMS 0x0000000089100000, 0x0000000089000000| Untracked 
| 145|0x0000000089100000, 0x0000000089200000, 0x0000000089200000|100%| O|  |TAMS 0x0000000089200000, 0x0000000089100000| Untracked 
| 146|0x0000000089200000, 0x0000000089300000, 0x0000000089300000|100%| O|  |TAMS 0x0000000089200000, 0x0000000089200000| Untracked 
| 147|0x0000000089300000, 0x0000000089400000, 0x0000000089400000|100%| O|  |TAMS 0x0000000089300000, 0x0000000089300000| Untracked 
| 148|0x0000000089400000, 0x0000000089500000, 0x0000000089500000|100%| O|  |TAMS 0x0000000089400000, 0x0000000089400000| Untracked 
| 149|0x0000000089500000, 0x0000000089600000, 0x0000000089600000|100%| O|  |TAMS 0x0000000089500000, 0x0000000089500000| Untracked 
| 150|0x0000000089600000, 0x0000000089700000, 0x0000000089700000|100%| O|  |TAMS 0x0000000089600000, 0x0000000089600000| Untracked 
| 151|0x0000000089700000, 0x0000000089800000, 0x0000000089800000|100%|HS|  |TAMS 0x0000000089700000, 0x0000000089700000| Complete 
| 152|0x0000000089800000, 0x0000000089900000, 0x0000000089900000|100%|HC|  |TAMS 0x0000000089800000, 0x0000000089800000| Complete 
| 153|0x0000000089900000, 0x0000000089a00000, 0x0000000089a00000|100%| O|  |TAMS 0x0000000089900000, 0x0000000089900000| Untracked 
| 154|0x0000000089a00000, 0x0000000089b00000, 0x0000000089b00000|100%| O|  |TAMS 0x0000000089a00000, 0x0000000089a00000| Untracked 
| 155|0x0000000089b00000, 0x0000000089c00000, 0x0000000089c00000|100%| O|  |TAMS 0x0000000089b00000, 0x0000000089b00000| Untracked 
| 156|0x0000000089c00000, 0x0000000089d00000, 0x0000000089d00000|100%| O|  |TAMS 0x0000000089c00000, 0x0000000089c00000| Untracked 
| 157|0x0000000089d00000, 0x0000000089e00000, 0x0000000089e00000|100%| O|  |TAMS 0x0000000089d00000, 0x0000000089d00000| Untracked 
| 158|0x0000000089e00000, 0x0000000089f00000, 0x0000000089f00000|100%| O|  |TAMS 0x0000000089f00000, 0x0000000089e00000| Untracked 
| 159|0x0000000089f00000, 0x000000008a000000, 0x000000008a000000|100%| O|  |TAMS 0x000000008a000000, 0x0000000089f00000| Untracked 
| 160|0x000000008a000000, 0x000000008a100000, 0x000000008a100000|100%| O|  |TAMS 0x000000008a000000, 0x000000008a000000| Untracked 
| 161|0x000000008a100000, 0x000000008a100000, 0x000000008a200000|  0%| F|  |TAMS 0x000000008a100000, 0x000000008a100000| Untracked 
| 162|0x000000008a200000, 0x000000008a200000, 0x000000008a300000|  0%| F|  |TAMS 0x000000008a200000, 0x000000008a200000| Untracked 
| 163|0x000000008a300000, 0x000000008a300000, 0x000000008a400000|  0%| F|  |TAMS 0x000000008a300000, 0x000000008a300000| Untracked 
| 164|0x000000008a400000, 0x000000008a400000, 0x000000008a500000|  0%| F|  |TAMS 0x000000008a400000, 0x000000008a400000| Untracked 
| 165|0x000000008a500000, 0x000000008a500000, 0x000000008a600000|  0%| F|  |TAMS 0x000000008a500000, 0x000000008a500000| Untracked 
| 166|0x000000008a600000, 0x000000008a600000, 0x000000008a700000|  0%| F|  |TAMS 0x000000008a600000, 0x000000008a600000| Untracked 
| 167|0x000000008a700000, 0x000000008a700000, 0x000000008a800000|  0%| F|  |TAMS 0x000000008a700000, 0x000000008a700000| Untracked 
| 168|0x000000008a800000, 0x000000008a800000, 0x000000008a900000|  0%| F|  |TAMS 0x000000008a800000, 0x000000008a800000| Untracked 
| 169|0x000000008a900000, 0x000000008a900000, 0x000000008aa00000|  0%| F|  |TAMS 0x000000008a900000, 0x000000008a900000| Untracked 
| 170|0x000000008aa00000, 0x000000008aa00000, 0x000000008ab00000|  0%| F|  |TAMS 0x000000008aa00000, 0x000000008aa00000| Untracked 
| 171|0x000000008ab00000, 0x000000008ac00000, 0x000000008ac00000|100%| O|  |TAMS 0x000000008ab72a00, 0x000000008ab00000| Untracked 
| 172|0x000000008ac00000, 0x000000008ac00000, 0x000000008ad00000|  0%| F|  |TAMS 0x000000008ac00000, 0x000000008ac00000| Untracked 
| 173|0x000000008ad00000, 0x000000008ad00000, 0x000000008ae00000|  0%| F|  |TAMS 0x000000008ad00000, 0x000000008ad00000| Untracked 
| 174|0x000000008ae00000, 0x000000008ae00000, 0x000000008af00000|  0%| F|  |TAMS 0x000000008ae00000, 0x000000008ae00000| Untracked 
| 175|0x000000008af00000, 0x000000008af00000, 0x000000008b000000|  0%| F|  |TAMS 0x000000008af00000, 0x000000008af00000| Untracked 
| 176|0x000000008b000000, 0x000000008b000000, 0x000000008b100000|  0%| F|  |TAMS 0x000000008b000000, 0x000000008b000000| Untracked 
| 177|0x000000008b100000, 0x000000008b100000, 0x000000008b200000|  0%| F|  |TAMS 0x000000008b100000, 0x000000008b100000| Untracked 
| 178|0x000000008b200000, 0x000000008b200000, 0x000000008b300000|  0%| F|  |TAMS 0x000000008b200000, 0x000000008b200000| Untracked 
| 179|0x000000008b300000, 0x000000008b300000, 0x000000008b400000|  0%| F|  |TAMS 0x000000008b300000, 0x000000008b300000| Untracked 
| 180|0x000000008b400000, 0x000000008b400000, 0x000000008b500000|  0%| F|  |TAMS 0x000000008b400000, 0x000000008b400000| Untracked 
| 181|0x000000008b500000, 0x000000008b500000, 0x000000008b600000|  0%| F|  |TAMS 0x000000008b500000, 0x000000008b500000| Untracked 
| 182|0x000000008b600000, 0x000000008b600000, 0x000000008b700000|  0%| F|  |TAMS 0x000000008b600000, 0x000000008b600000| Untracked 
| 183|0x000000008b700000, 0x000000008b700000, 0x000000008b800000|  0%| F|  |TAMS 0x000000008b700000, 0x000000008b700000| Untracked 
| 184|0x000000008b800000, 0x000000008b800000, 0x000000008b900000|  0%| F|  |TAMS 0x000000008b800000, 0x000000008b800000| Untracked 
| 185|0x000000008b900000, 0x000000008b900000, 0x000000008ba00000|  0%| F|  |TAMS 0x000000008b900000, 0x000000008b900000| Untracked 
| 186|0x000000008ba00000, 0x000000008ba00000, 0x000000008bb00000|  0%| F|  |TAMS 0x000000008ba00000, 0x000000008ba00000| Untracked 
| 187|0x000000008bb00000, 0x000000008bb00000, 0x000000008bc00000|  0%| F|  |TAMS 0x000000008bb00000, 0x000000008bb00000| Untracked 
| 188|0x000000008bc00000, 0x000000008bc00000, 0x000000008bd00000|  0%| F|  |TAMS 0x000000008bc00000, 0x000000008bc00000| Untracked 
| 189|0x000000008bd00000, 0x000000008bd00000, 0x000000008be00000|  0%| F|  |TAMS 0x000000008bd00000, 0x000000008bd00000| Untracked 
| 190|0x000000008be00000, 0x000000008be00000, 0x000000008bf00000|  0%| F|  |TAMS 0x000000008be00000, 0x000000008be00000| Untracked 
| 191|0x000000008bf00000, 0x000000008bf00000, 0x000000008c000000|  0%| F|  |TAMS 0x000000008bf00000, 0x000000008bf00000| Untracked 
| 192|0x000000008c000000, 0x000000008c000000, 0x000000008c100000|  0%| F|  |TAMS 0x000000008c000000, 0x000000008c000000| Untracked 
| 193|0x000000008c100000, 0x000000008c100000, 0x000000008c200000|  0%| F|  |TAMS 0x000000008c100000, 0x000000008c100000| Untracked 
| 194|0x000000008c200000, 0x000000008c200000, 0x000000008c300000|  0%| F|  |TAMS 0x000000008c200000, 0x000000008c200000| Untracked 
| 195|0x000000008c300000, 0x000000008c300000, 0x000000008c400000|  0%| F|  |TAMS 0x000000008c300000, 0x000000008c300000| Untracked 
| 196|0x000000008c400000, 0x000000008c400000, 0x000000008c500000|  0%| F|  |TAMS 0x000000008c400000, 0x000000008c400000| Untracked 
| 197|0x000000008c500000, 0x000000008c500000, 0x000000008c600000|  0%| F|  |TAMS 0x000000008c500000, 0x000000008c500000| Untracked 
| 198|0x000000008c600000, 0x000000008c600000, 0x000000008c700000|  0%| F|  |TAMS 0x000000008c600000, 0x000000008c600000| Untracked 
| 199|0x000000008c700000, 0x000000008c700000, 0x000000008c800000|  0%| F|  |TAMS 0x000000008c700000, 0x000000008c700000| Untracked 
| 200|0x000000008c800000, 0x000000008c800000, 0x000000008c900000|  0%| F|  |TAMS 0x000000008c800000, 0x000000008c800000| Untracked 
| 201|0x000000008c900000, 0x000000008c92d200, 0x000000008ca00000| 17%| S|CS|TAMS 0x000000008c900000, 0x000000008c900000| Complete 
| 202|0x000000008ca00000, 0x000000008ca00000, 0x000000008cb00000|  0%| F|  |TAMS 0x000000008ca00000, 0x000000008ca00000| Untracked 
| 203|0x000000008cb00000, 0x000000008cb00000, 0x000000008cc00000|  0%| F|  |TAMS 0x000000008cb00000, 0x000000008cb00000| Untracked 
| 204|0x000000008cc00000, 0x000000008cc00000, 0x000000008cd00000|  0%| F|  |TAMS 0x000000008cc00000, 0x000000008cc00000| Untracked 
| 205|0x000000008cd00000, 0x000000008cd00000, 0x000000008ce00000|  0%| F|  |TAMS 0x000000008cd00000, 0x000000008cd00000| Untracked 
| 206|0x000000008ce00000, 0x000000008ce00000, 0x000000008cf00000|  0%| F|  |TAMS 0x000000008ce00000, 0x000000008ce00000| Untracked 
| 207|0x000000008cf00000, 0x000000008cf00000, 0x000000008d000000|  0%| F|  |TAMS 0x000000008cf00000, 0x000000008cf00000| Untracked 
| 208|0x000000008d000000, 0x000000008d000000, 0x000000008d100000|  0%| F|  |TAMS 0x000000008d000000, 0x000000008d000000| Untracked 
| 209|0x000000008d100000, 0x000000008d100000, 0x000000008d200000|  0%| F|  |TAMS 0x000000008d100000, 0x000000008d100000| Untracked 
| 210|0x000000008d200000, 0x000000008d300000, 0x000000008d300000|100%| S|CS|TAMS 0x000000008d200000, 0x000000008d200000| Complete 
| 211|0x000000008d300000, 0x000000008d400000, 0x000000008d400000|100%| S|CS|TAMS 0x000000008d300000, 0x000000008d300000| Complete 
| 212|0x000000008d400000, 0x000000008d500000, 0x000000008d500000|100%| S|CS|TAMS 0x000000008d400000, 0x000000008d400000| Complete 
| 213|0x000000008d500000, 0x000000008d600000, 0x000000008d600000|100%| S|CS|TAMS 0x000000008d500000, 0x000000008d500000| Complete 
| 214|0x000000008d600000, 0x000000008d600000, 0x000000008d700000|  0%| F|  |TAMS 0x000000008d600000, 0x000000008d600000| Untracked 
| 215|0x000000008d700000, 0x000000008d700000, 0x000000008d800000|  0%| F|  |TAMS 0x000000008d700000, 0x000000008d700000| Untracked 
| 216|0x000000008d800000, 0x000000008d800000, 0x000000008d900000|  0%| F|  |TAMS 0x000000008d800000, 0x000000008d800000| Untracked 
| 217|0x000000008d900000, 0x000000008d900000, 0x000000008da00000|  0%| F|  |TAMS 0x000000008d900000, 0x000000008d900000| Untracked 
| 218|0x000000008da00000, 0x000000008da00000, 0x000000008db00000|  0%| F|  |TAMS 0x000000008da00000, 0x000000008da00000| Untracked 
| 219|0x000000008db00000, 0x000000008db00000, 0x000000008dc00000|  0%| F|  |TAMS 0x000000008db00000, 0x000000008db00000| Untracked 
| 220|0x000000008dc00000, 0x000000008dc00000, 0x000000008dd00000|  0%| F|  |TAMS 0x000000008dc00000, 0x000000008dc00000| Untracked 
| 221|0x000000008dd00000, 0x000000008dd00000, 0x000000008de00000|  0%| F|  |TAMS 0x000000008dd00000, 0x000000008dd00000| Untracked 
| 222|0x000000008de00000, 0x000000008de00000, 0x000000008df00000|  0%| F|  |TAMS 0x000000008de00000, 0x000000008de00000| Untracked 
| 223|0x000000008df00000, 0x000000008df00000, 0x000000008e000000|  0%| F|  |TAMS 0x000000008df00000, 0x000000008df00000| Untracked 
| 224|0x000000008e000000, 0x000000008e000000, 0x000000008e100000|  0%| F|  |TAMS 0x000000008e000000, 0x000000008e000000| Untracked 
| 225|0x000000008e100000, 0x000000008e100000, 0x000000008e200000|  0%| F|  |TAMS 0x000000008e100000, 0x000000008e100000| Untracked 
| 226|0x000000008e200000, 0x000000008e200000, 0x000000008e300000|  0%| F|  |TAMS 0x000000008e200000, 0x000000008e200000| Untracked 
| 227|0x000000008e300000, 0x000000008e300000, 0x000000008e400000|  0%| F|  |TAMS 0x000000008e300000, 0x000000008e300000| Untracked 
| 228|0x000000008e400000, 0x000000008e400000, 0x000000008e500000|  0%| F|  |TAMS 0x000000008e400000, 0x000000008e400000| Untracked 
| 229|0x000000008e500000, 0x000000008e500000, 0x000000008e600000|  0%| F|  |TAMS 0x000000008e500000, 0x000000008e500000| Untracked 
| 230|0x000000008e600000, 0x000000008e600000, 0x000000008e700000|  0%| F|  |TAMS 0x000000008e600000, 0x000000008e600000| Untracked 
| 231|0x000000008e700000, 0x000000008e700000, 0x000000008e800000|  0%| F|  |TAMS 0x000000008e700000, 0x000000008e700000| Untracked 
| 232|0x000000008e800000, 0x000000008e800000, 0x000000008e900000|  0%| F|  |TAMS 0x000000008e800000, 0x000000008e800000| Untracked 
| 233|0x000000008e900000, 0x000000008e900000, 0x000000008ea00000|  0%| F|  |TAMS 0x000000008e900000, 0x000000008e900000| Untracked 
| 234|0x000000008ea00000, 0x000000008ea00000, 0x000000008eb00000|  0%| F|  |TAMS 0x000000008ea00000, 0x000000008ea00000| Untracked 
| 235|0x000000008eb00000, 0x000000008eb00000, 0x000000008ec00000|  0%| F|  |TAMS 0x000000008eb00000, 0x000000008eb00000| Untracked 
| 236|0x000000008ec00000, 0x000000008ec00000, 0x000000008ed00000|  0%| F|  |TAMS 0x000000008ec00000, 0x000000008ec00000| Untracked 
| 237|0x000000008ed00000, 0x000000008ed00000, 0x000000008ee00000|  0%| F|  |TAMS 0x000000008ed00000, 0x000000008ed00000| Untracked 
| 238|0x000000008ee00000, 0x000000008ee00000, 0x000000008ef00000|  0%| F|  |TAMS 0x000000008ee00000, 0x000000008ee00000| Untracked 
| 239|0x000000008ef00000, 0x000000008ef00000, 0x000000008f000000|  0%| F|  |TAMS 0x000000008ef00000, 0x000000008ef00000| Untracked 
| 240|0x000000008f000000, 0x000000008f000000, 0x000000008f100000|  0%| F|  |TAMS 0x000000008f000000, 0x000000008f000000| Untracked 
| 241|0x000000008f100000, 0x000000008f100000, 0x000000008f200000|  0%| F|  |TAMS 0x000000008f100000, 0x000000008f100000| Untracked 
| 242|0x000000008f200000, 0x000000008f200000, 0x000000008f300000|  0%| F|  |TAMS 0x000000008f200000, 0x000000008f200000| Untracked 
| 243|0x000000008f300000, 0x000000008f300000, 0x000000008f400000|  0%| F|  |TAMS 0x000000008f300000, 0x000000008f300000| Untracked 
| 244|0x000000008f400000, 0x000000008f400000, 0x000000008f500000|  0%| F|  |TAMS 0x000000008f400000, 0x000000008f400000| Untracked 
| 245|0x000000008f500000, 0x000000008f500000, 0x000000008f600000|  0%| F|  |TAMS 0x000000008f500000, 0x000000008f500000| Untracked 
| 246|0x000000008f600000, 0x000000008f700000, 0x000000008f700000|100%| E|  |TAMS 0x000000008f600000, 0x000000008f600000| Complete 
| 247|0x000000008f700000, 0x000000008f800000, 0x000000008f800000|100%| E|CS|TAMS 0x000000008f700000, 0x000000008f700000| Complete 
| 248|0x000000008f800000, 0x000000008f900000, 0x000000008f900000|100%| E|CS|TAMS 0x000000008f800000, 0x000000008f800000| Complete 
| 249|0x000000008f900000, 0x000000008fa00000, 0x000000008fa00000|100%| E|CS|TAMS 0x000000008f900000, 0x000000008f900000| Complete 
| 250|0x000000008fa00000, 0x000000008fb00000, 0x000000008fb00000|100%| E|CS|TAMS 0x000000008fa00000, 0x000000008fa00000| Complete 
| 251|0x000000008fb00000, 0x000000008fc00000, 0x000000008fc00000|100%| E|CS|TAMS 0x000000008fb00000, 0x000000008fb00000| Complete 
| 252|0x000000008fc00000, 0x000000008fd00000, 0x000000008fd00000|100%| E|CS|TAMS 0x000000008fc00000, 0x000000008fc00000| Complete 
| 253|0x000000008fd00000, 0x000000008fe00000, 0x000000008fe00000|100%| E|CS|TAMS 0x000000008fd00000, 0x000000008fd00000| Complete 
| 254|0x000000008fe00000, 0x000000008ff00000, 0x000000008ff00000|100%| E|CS|TAMS 0x000000008fe00000, 0x000000008fe00000| Complete 
| 255|0x000000008ff00000, 0x0000000090000000, 0x0000000090000000|100%| E|CS|TAMS 0x000000008ff00000, 0x000000008ff00000| Complete 
| 256|0x0000000090000000, 0x0000000090100000, 0x0000000090100000|100%| E|CS|TAMS 0x0000000090000000, 0x0000000090000000| Complete 
| 257|0x0000000090100000, 0x0000000090200000, 0x0000000090200000|100%| E|CS|TAMS 0x0000000090100000, 0x0000000090100000| Complete 
| 258|0x0000000090200000, 0x0000000090300000, 0x0000000090300000|100%| E|CS|TAMS 0x0000000090200000, 0x0000000090200000| Complete 
| 259|0x0000000090300000, 0x0000000090400000, 0x0000000090400000|100%| E|CS|TAMS 0x0000000090300000, 0x0000000090300000| Complete 
| 260|0x0000000090400000, 0x0000000090500000, 0x0000000090500000|100%| E|CS|TAMS 0x0000000090400000, 0x0000000090400000| Complete 
| 261|0x0000000090500000, 0x0000000090600000, 0x0000000090600000|100%| E|CS|TAMS 0x0000000090500000, 0x0000000090500000| Complete 
| 262|0x0000000090600000, 0x0000000090700000, 0x0000000090700000|100%| E|CS|TAMS 0x0000000090600000, 0x0000000090600000| Complete 
| 263|0x0000000090700000, 0x0000000090800000, 0x0000000090800000|100%| E|CS|TAMS 0x0000000090700000, 0x0000000090700000| Complete 

Card table byte_map: [0x000002b123880000,0x000002b123c80000] _byte_map_base: 0x000002b123480000

Marking Bits (Prev, Next): (CMBitMap*) 0x000002b10e7504a8, (CMBitMap*) 0x000002b10e7504e0
 Prev Bits: [0x000002b124080000, 0x000002b126080000)
 Next Bits: [0x000002b126080000, 0x000002b128080000)

Polling page: 0x000002b10e7f0000

Metaspace:

Usage:
  Non-class:     99.21 MB capacity,    97.36 MB ( 98%) used,     1.47 MB (  1%) free+waste,   389.44 KB ( <1%) overhead. 
      Class:     15.45 MB capacity,    14.30 MB ( 93%) used,  1000.58 KB (  6%) free+waste,   173.38 KB (  1%) overhead. 
       Both:    114.66 MB capacity,   111.66 MB ( 97%) used,     2.45 MB (  2%) free+waste,   562.81 KB ( <1%) overhead. 

Virtual space:
  Non-class space:      100.00 MB reserved,      99.68 MB (>99%) committed 
      Class space:        1.00 GB reserved,      15.70 MB (  2%) committed 
             Both:        1.10 GB reserved,     115.38 MB ( 10%) committed 

Chunk freelists:
   Non-Class:  284.00 KB
       Class:  210.00 KB
        Both:  494.00 KB

MaxMetaspaceSize: 17179869184.00 GB
CompressedClassSpaceSize: 1.00 GB

CodeHeap 'non-profiled nmethods': size=120000Kb used=10689Kb max_used=10689Kb free=109310Kb
 bounds [0x000002b11b4f0000, 0x000002b11bf70000, 0x000002b122a20000]
CodeHeap 'profiled nmethods': size=120000Kb used=40067Kb max_used=40067Kb free=79933Kb
 bounds [0x000002b113fc0000, 0x000002b1166f0000, 0x000002b11b4f0000]
CodeHeap 'non-nmethods': size=5760Kb used=2359Kb max_used=2419Kb free=3400Kb
 bounds [0x000002b113a20000, 0x000002b113c90000, 0x000002b113fc0000]
 total_blobs=19512 nmethods=18549 adapters=873
 compilation: enabled
              stopped_count=0, restarted_count=0
 full_count=0

Compilation events (20 events):
Event: 566.869 Thread 0x000002b12ab88800 nmethod 19194 0x000002b11667a910 code [0x000002b11667ab80, 0x000002b11667b118]
Event: 566.869 Thread 0x000002b12ab88800 19201       2       com.android.tools.r8.internal.W4::i (297 bytes)
Event: 566.870 Thread 0x000002b12ab88800 nmethod 19201 0x000002b11667b490 code [0x000002b11667b720, 0x000002b11667c258]
Event: 566.870 Thread 0x000002b12ab88800 19204 %     3       com.android.tools.r8.internal.Me::b @ 126 (165 bytes)
Event: 566.872 Thread 0x000002b12ab88800 nmethod 19204% 0x000002b11667c710 code [0x000002b11667ca60, 0x000002b11667e428]
Event: 566.872 Thread 0x000002b12ab88800 19205       3       com.android.tools.r8.internal.Nf::b (226 bytes)
Event: 566.874 Thread 0x000002b12ab88800 nmethod 19205 0x000002b11667eb10 code [0x000002b11667eee0, 0x000002b116680bf8]
Event: 566.874 Thread 0x000002b12ab88800 19208 %     3       com.android.tools.r8.internal.Lv::a @ 337 (455 bytes)
Event: 566.877 Thread 0x000002b12ab88800 nmethod 19208% 0x000002b116681810 code [0x000002b116681dc0, 0x000002b1166857c8]
Event: 566.877 Thread 0x000002b12ab88800 19206 %     3       com.android.tools.r8.internal.Le::a @ 1628 (3140 bytes)
Event: 566.907 Thread 0x000002b12ab88800 nmethod 19206% 0x000002b116686790 code [0x000002b116688600, 0x000002b11669e468]
Event: 566.907 Thread 0x000002b12ab88800 19240       2       java.util.TimSort::countRunAndMakeAscending (128 bytes)
Event: 566.908 Thread 0x000002b12ab88800 nmethod 19240 0x000002b1166a5b90 code [0x000002b1166a5da0, 0x000002b1166a6388]
Event: 566.908 Thread 0x000002b12ab88800 19239 %     3       java.util.LinkedList::toArray @ 15 (39 bytes)
Event: 566.908 Thread 0x000002b12ab88800 nmethod 19239% 0x000002b1166a6690 code [0x000002b1166a6860, 0x000002b1166a6c98]
Event: 566.908 Thread 0x000002b12ab88800 19215 %     3       java.util.PriorityQueue::indexOf @ 17 (43 bytes)
Event: 566.908 Thread 0x000002b12ab88800 nmethod 19215% 0x000002b1166a6e10 code [0x000002b1166a6fe0, 0x000002b1166a73a8]
Event: 566.908 Thread 0x000002b12ab88800 19222 %     3       com.android.tools.r8.internal.Lv::a @ 302 (455 bytes)
Event: 566.912 Thread 0x000002b12ab88800 nmethod 19222% 0x000002b1166a7510 code [0x000002b1166a7ac0, 0x000002b1166ab408]
Event: 566.912 Thread 0x000002b12ab88800 19233       3       com.android.tools.r8.internal.Kv::a (430 bytes)

GC Heap History (20 events):
Event: 555.726 GC heap before
{Heap before GC invocations=49 (full 0):
 garbage-first heap   total 270336K, used 200966K [0x0000000080000000, 0x0000000100000000)
  region size 1024K, 91 young (93184K), 14 survivors (14336K)
 Metaspace       used 112600K, capacity 115837K, committed 115968K, reserved 1148928K
  class space    used 14610K, capacity 15883K, committed 15948K, reserved 1048576K
}
Event: 555.751 GC heap after
{Heap after GC invocations=50 (full 0):
 garbage-first heap   total 270336K, used 147104K [0x0000000080000000, 0x0000000100000000)
  region size 1024K, 12 young (12288K), 12 survivors (12288K)
 Metaspace       used 112600K, capacity 115837K, committed 115968K, reserved 1148928K
  class space    used 14610K, capacity 15883K, committed 15948K, reserved 1048576K
}
Event: 556.160 GC heap before
{Heap before GC invocations=50 (full 0):
 garbage-first heap   total 270336K, used 206496K [0x0000000080000000, 0x0000000100000000)
  region size 1024K, 66 young (67584K), 12 survivors (12288K)
 Metaspace       used 112607K, capacity 115901K, committed 115968K, reserved 1148928K
  class space    used 14610K, capacity 15883K, committed 15948K, reserved 1048576K
}
Event: 556.178 GC heap after
{Heap after GC invocations=51 (full 0):
 garbage-first heap   total 270336K, used 163840K [0x0000000080000000, 0x0000000100000000)
  region size 1024K, 9 young (9216K), 9 survivors (9216K)
 Metaspace       used 112607K, capacity 115901K, committed 115968K, reserved 1148928K
  class space    used 14610K, capacity 15883K, committed 15948K, reserved 1048576K
}
Event: 556.334 GC heap before
{Heap before GC invocations=51 (full 0):
 garbage-first heap   total 270336K, used 219136K [0x0000000080000000, 0x0000000100000000)
  region size 1024K, 56 young (57344K), 9 survivors (9216K)
 Metaspace       used 112613K, capacity 115901K, committed 115968K, reserved 1148928K
  class space    used 14610K, capacity 15883K, committed 15948K, reserved 1048576K
}
Event: 556.343 GC heap after
{Heap after GC invocations=52 (full 0):
 garbage-first heap   total 270336K, used 175555K [0x0000000080000000, 0x0000000100000000)
  region size 1024K, 6 young (6144K), 6 survivors (6144K)
 Metaspace       used 112613K, capacity 115901K, committed 115968K, reserved 1148928K
  class space    used 14610K, capacity 15883K, committed 15948K, reserved 1048576K
}
Event: 565.423 GC heap before
{Heap before GC invocations=52 (full 0):
 garbage-first heap   total 270336K, used 217539K [0x0000000080000000, 0x0000000100000000)
  region size 1024K, 48 young (49152K), 6 survivors (6144K)
 Metaspace       used 113251K, capacity 116591K, committed 116864K, reserved 1150976K
  class space    used 14663K, capacity 15962K, committed 16076K, reserved 1048576K
}
Event: 565.441 GC heap after
{Heap after GC invocations=53 (full 0):
 garbage-first heap   total 270336K, used 172988K [0x0000000080000000, 0x0000000100000000)
  region size 1024K, 4 young (4096K), 4 survivors (4096K)
 Metaspace       used 113251K, capacity 116591K, committed 116864K, reserved 1150976K
  class space    used 14663K, capacity 15962K, committed 16076K, reserved 1048576K
}
Event: 566.121 GC heap before
{Heap before GC invocations=54 (full 0):
 garbage-first heap   total 270336K, used 212924K [0x0000000080000000, 0x0000000100000000)
  region size 1024K, 49 young (50176K), 4 survivors (4096K)
 Metaspace       used 113065K, capacity 116044K, committed 117120K, reserved 1150976K
  class space    used 14492K, capacity 15633K, committed 16076K, reserved 1048576K
}
Event: 566.128 GC heap after
{Heap after GC invocations=55 (full 0):
 garbage-first heap   total 270336K, used 167910K [0x0000000080000000, 0x0000000100000000)
  region size 1024K, 7 young (7168K), 7 survivors (7168K)
 Metaspace       used 113065K, capacity 116044K, committed 117120K, reserved 1150976K
  class space    used 14492K, capacity 15633K, committed 16076K, reserved 1048576K
}
Event: 566.139 GC heap before
{Heap before GC invocations=55 (full 0):
 garbage-first heap   total 270336K, used 174054K [0x0000000080000000, 0x0000000100000000)
  region size 1024K, 13 young (13312K), 7 survivors (7168K)
 Metaspace       used 113069K, capacity 116044K, committed 117120K, reserved 1150976K
  class space    used 14492K, capacity 15633K, committed 16076K, reserved 1048576K
}
Event: 566.150 GC heap after
{Heap after GC invocations=56 (full 0):
 garbage-first heap   total 270336K, used 143476K [0x0000000080000000, 0x0000000100000000)
  region size 1024K, 2 young (2048K), 2 survivors (2048K)
 Metaspace       used 113069K, capacity 116044K, committed 117120K, reserved 1150976K
  class space    used 14492K, capacity 15633K, committed 16076K, reserved 1048576K
}
Event: 566.192 GC heap before
{Heap before GC invocations=56 (full 0):
 garbage-first heap   total 270336K, used 154740K [0x0000000080000000, 0x0000000100000000)
  region size 1024K, 13 young (13312K), 2 survivors (2048K)
 Metaspace       used 113081K, capacity 116045K, committed 117120K, reserved 1150976K
  class space    used 14493K, capacity 15633K, committed 16076K, reserved 1048576K
}
Event: 566.213 GC heap after
{Heap after GC invocations=57 (full 0):
 garbage-first heap   total 270336K, used 133131K [0x0000000080000000, 0x0000000100000000)
  region size 1024K, 2 young (2048K), 2 survivors (2048K)
 Metaspace       used 113081K, capacity 116045K, committed 117120K, reserved 1150976K
  class space    used 14493K, capacity 15633K, committed 16076K, reserved 1048576K
}
Event: 566.354 GC heap before
{Heap before GC invocations=57 (full 0):
 garbage-first heap   total 270336K, used 202763K [0x0000000080000000, 0x0000000100000000)
  region size 1024K, 71 young (72704K), 2 survivors (2048K)
 Metaspace       used 113200K, capacity 116256K, committed 117376K, reserved 1150976K
  class space    used 14503K, capacity 15639K, committed 16076K, reserved 1048576K
}
Event: 566.365 GC heap after
{Heap after GC invocations=58 (full 0):
 garbage-first heap   total 270336K, used 145295K [0x0000000080000000, 0x0000000100000000)
  region size 1024K, 9 young (9216K), 9 survivors (9216K)
 Metaspace       used 113200K, capacity 116256K, committed 117376K, reserved 1150976K
  class space    used 14503K, capacity 15639K, committed 16076K, reserved 1048576K
}
Event: 566.544 GC heap before
{Heap before GC invocations=58 (full 0):
 garbage-first heap   total 270336K, used 208783K [0x0000000080000000, 0x0000000100000000)
  region size 1024K, 72 young (73728K), 9 survivors (9216K)
 Metaspace       used 113701K, capacity 116811K, committed 117632K, reserved 1150976K
  class space    used 14586K, capacity 15754K, committed 16076K, reserved 1048576K
}
Event: 566.563 GC heap after
{Heap after GC invocations=59 (full 0):
 garbage-first heap   total 270336K, used 158091K [0x0000000080000000, 0x0000000100000000)
  region size 1024K, 9 young (9216K), 9 survivors (9216K)
 Metaspace       used 113701K, capacity 116811K, committed 117632K, reserved 1150976K
  class space    used 14586K, capacity 15754K, committed 16076K, reserved 1048576K
}
Event: 566.748 GC heap before
{Heap before GC invocations=59 (full 0):
 garbage-first heap   total 270336K, used 212363K [0x0000000080000000, 0x0000000100000000)
  region size 1024K, 63 young (64512K), 9 survivors (9216K)
 Metaspace       used 114203K, capacity 117284K, committed 117888K, reserved 1150976K
  class space    used 14636K, capacity 15803K, committed 16076K, reserved 1048576K
}
Event: 566.758 GC heap after
{Heap after GC invocations=60 (full 0):
 garbage-first heap   total 270336K, used 166273K [0x0000000080000000, 0x0000000100000000)
  region size 1024K, 8 young (8192K), 8 survivors (8192K)
 Metaspace       used 114203K, capacity 117284K, committed 117888K, reserved 1150976K
  class space    used 14636K, capacity 15803K, committed 16076K, reserved 1048576K
}

Deoptimization events (20 events):
Event: 566.740 Thread 0x000002b131177000 Uncommon trap: trap_request=0xffffff4d fr.pc=0x000002b11bdcd670 relative=0x0000000000000fd0
Event: 566.740 Thread 0x000002b131177000 Uncommon trap: reason=unstable_if action=reinterpret pc=0x000002b11bdcd670 method=java.util.HashMap.computeIfAbsent(Ljava/lang/Object;Ljava/util/function/Function;)Ljava/lang/Object; @ 294 c2
Event: 566.740 Thread 0x000002b131177000 DEOPT PACKING pc=0x000002b11bdcd670 sp=0x000000f40baf9540
Event: 566.740 Thread 0x000002b131177000 DEOPT UNPACKING pc=0x000002b113a283af sp=0x000000f40baf9508 mode 2
Event: 566.777 Thread 0x000002b131178800 DEOPT PACKING pc=0x000002b115cfb842 sp=0x000000f40b5f99b0
Event: 566.777 Thread 0x000002b131178800 DEOPT UNPACKING pc=0x000002b113a48ede sp=0x000000f40b5f8e90 mode 0
Event: 566.847 Thread 0x000002b12ecea800 DEOPT PACKING pc=0x000002b115cf0a66 sp=0x000000f40bcf9ba0
Event: 566.847 Thread 0x000002b12ecea800 DEOPT UNPACKING pc=0x000002b113a48ede sp=0x000000f40bcf90d8 mode 0
Event: 566.878 Thread 0x000002b131177000 Uncommon trap: trap_request=0xffffffd6 fr.pc=0x000002b11bee9d34 relative=0x0000000000000574
Event: 566.878 Thread 0x000002b131177000 Uncommon trap: reason=array_check action=maybe_recompile pc=0x000002b11bee9d34 method=java.util.TimSort.reverseRange([Ljava/lang/Object;II)V @ 27 c2
Event: 566.878 Thread 0x000002b131177000 DEOPT PACKING pc=0x000002b11bee9d34 sp=0x000000f40baf94e0
Event: 566.878 Thread 0x000002b131177000 DEOPT UNPACKING pc=0x000002b113a283af sp=0x000000f40baf9410 mode 2
Event: 566.878 Thread 0x000002b131177000 Uncommon trap: trap_request=0xffffffd6 fr.pc=0x000002b11bee9d34 relative=0x0000000000000574
Event: 566.878 Thread 0x000002b131177000 Uncommon trap: reason=array_check action=maybe_recompile pc=0x000002b11bee9d34 method=java.util.TimSort.reverseRange([Ljava/lang/Object;II)V @ 27 c2
Event: 566.878 Thread 0x000002b131177000 DEOPT PACKING pc=0x000002b11bee9d34 sp=0x000000f40baf94e0
Event: 566.878 Thread 0x000002b131177000 DEOPT UNPACKING pc=0x000002b113a283af sp=0x000000f40baf9410 mode 2
Event: 566.893 Thread 0x000002b12eced000 DEOPT PACKING pc=0x000002b115d4448a sp=0x000000f40bff9d80
Event: 566.893 Thread 0x000002b12eced000 DEOPT UNPACKING pc=0x000002b113a48ede sp=0x000000f40bff9348 mode 0
Event: 566.900 Thread 0x000002b131177000 DEOPT PACKING pc=0x000002b1166654da sp=0x000000f40baf9020
Event: 566.900 Thread 0x000002b131177000 DEOPT UNPACKING pc=0x000002b113a48ede sp=0x000000f40baf8590 mode 0

Classes redefined (0 events):
No events

Internal exceptions (20 events):
Event: 565.407 Thread 0x000002b131171000 Exception <a 'sun/nio/fs/WindowsException'{0x000000008df98f80}> (0x000000008df98f80) thrown at [./src/hotspot/share/prims/jni.cpp, line 615]
Event: 565.414 Thread 0x000002b131171000 Exception <a 'sun/nio/fs/WindowsException'{0x000000008de35dd0}> (0x000000008de35dd0) thrown at [./src/hotspot/share/prims/jni.cpp, line 615]
Event: 565.414 Thread 0x000002b131171000 Exception <a 'sun/nio/fs/WindowsException'{0x000000008de36ea0}> (0x000000008de36ea0) thrown at [./src/hotspot/share/prims/jni.cpp, line 615]
Event: 565.414 Thread 0x000002b131171000 Exception <a 'sun/nio/fs/WindowsException'{0x000000008de37fc0}> (0x000000008de37fc0) thrown at [./src/hotspot/share/prims/jni.cpp, line 615]
Event: 565.414 Thread 0x000002b131171000 Exception <a 'sun/nio/fs/WindowsException'{0x000000008de390e0}> (0x000000008de390e0) thrown at [./src/hotspot/share/prims/jni.cpp, line 615]
Event: 566.249 Thread 0x000002b12ecea800 Exception <a 'sun/nio/fs/WindowsException'{0x000000008f588e08}> (0x000000008f588e08) thrown at [./src/hotspot/share/prims/jni.cpp, line 615]
Event: 566.252 Thread 0x000002b131177000 Exception <a 'sun/nio/fs/WindowsException'{0x000000008f335098}> (0x000000008f335098) thrown at [./src/hotspot/share/prims/jni.cpp, line 615]
Event: 566.254 Thread 0x000002b12ecea800 Exception <a 'java/lang/NoSuchMethodError'{0x000000008f42a790}: 'void java.lang.invoke.DirectMethodHandle$Holder.invokeStatic(java.lang.Object, java.lang.Object, int, java.lang.Object, java.lang.Object, java.lang.Object, java.lang.Object)'> (0x000000008f42a790) thrown at [./src/hotspot/share/interpreter/linkResolver.cpp, line 773]
Event: 566.274 Thread 0x000002b12eced000 Exception <a 'sun/nio/fs/WindowsException'{0x000000008eb695a8}> (0x000000008eb695a8) thrown at [./src/hotspot/share/prims/jni.cpp, line 615]
Event: 566.306 Thread 0x000002b131178800 Exception <a 'sun/nio/fs/WindowsException'{0x000000008d7c8878}> (0x000000008d7c8878) thrown at [./src/hotspot/share/prims/jni.cpp, line 615]
Event: 566.328 Thread 0x000002b12eceb800 Exception <a 'java/lang/OutOfMemoryError'{0x000000008cd720f0}> (0x000000008cd720f0) thrown at [./src/hotspot/share/prims/jni.cpp, line 636]
Event: 566.328 Thread 0x000002b12ece7800 Exception <a 'java/lang/OutOfMemoryError'{0x000000008cda9d50}> (0x000000008cda9d50) thrown at [./src/hotspot/share/prims/jni.cpp, line 636]
Event: 566.377 Thread 0x000002b131177000 Exception <a 'java/lang/IncompatibleClassChangeError'{0x0000000090331800}: Found class java.lang.Object, but interface was expected> (0x0000000090331800) thrown at [./src/hotspot/share/interpreter/linkResolver.cpp, line 839]
Event: 566.395 Thread 0x000002b12ece5000 Exception <a 'sun/nio/fs/WindowsException'{0x000000008fca0e78}> (0x000000008fca0e78) thrown at [./src/hotspot/share/prims/jni.cpp, line 615]
Event: 566.438 Thread 0x000002b131178800 Exception <a 'java/lang/NoSuchMethodError'{0x000000008ed32ef0}: 'java.lang.Object java.lang.invoke.Invokers$Holder.linkToTargetMethod(java.lang.Object, java.lang.Object, java.lang.Object, java.lang.Object, java.lang.Object, java.lang.Object, java.lang.Object, java.lang.Object)'> (0x000000008ed32ef0) thrown at [./src/hotspot/share/interpreter/linkResolver.cpp, line 773]
Event: 566.440 Thread 0x000002b131177800 Exception <a 'sun/nio/fs/WindowsException'{0x000000008eff3d30}> (0x000000008eff3d30) thrown at [./src/hotspot/share/prims/jni.cpp, line 615]
Event: 566.458 Thread 0x000002b12ece7800 Exception <a 'sun/nio/fs/WindowsException'{0x000000008e6b8f48}> (0x000000008e6b8f48) thrown at [./src/hotspot/share/prims/jni.cpp, line 615]
Event: 566.538 Thread 0x000002b12ecea800 Exception <a 'java/lang/NoSuchMethodError'{0x000000008ca6d2f0}: 'java.lang.Object java.lang.invoke.DirectMethodHandle$Holder.invokeInterface(java.lang.Object, java.lang.Object, int)'> (0x000000008ca6d2f0) thrown at [./src/hotspot/share/interpreter/linkResolver.cpp, line 773]
Event: 566.718 Thread 0x000002b12ece7800 Exception <a 'java/lang/IncompatibleClassChangeError'{0x000000008ddee8f8}: Found class java.lang.Object, but interface was expected> (0x000000008ddee8f8) thrown at [./src/hotspot/share/interpreter/linkResolver.cpp, line 839]
Event: 566.762 Thread 0x000002b12ece7800 Exception <a 'sun/nio/fs/WindowsException'{0x0000000090603150}> (0x0000000090603150) thrown at [./src/hotspot/share/prims/jni.cpp, line 615]

Events (20 events):
Event: 566.766 Executing VM operation: RevokeBias
Event: 566.766 Executing VM operation: RevokeBias done
Event: 566.766 loading class com/android/tools/r8/internal/qA
Event: 566.766 loading class com/android/tools/r8/internal/qA done
Event: 566.767 Executing VM operation: RevokeBias
Event: 566.767 Executing VM operation: RevokeBias done
Event: 566.767 Executing VM operation: RevokeBias
Event: 566.767 Executing VM operation: RevokeBias done
Event: 566.767 Executing VM operation: RevokeBias
Event: 566.767 loading class com/android/tools/r8/internal/NG
Event: 566.767 loading class com/android/tools/r8/internal/NG done
Event: 566.767 Executing VM operation: RevokeBias done
Event: 566.767 loading class com/android/tools/r8/internal/qA
Event: 566.767 loading class com/android/tools/r8/internal/qA done
Event: 566.768 loading class org/gradle/api/internal/artifacts/transform/DefaultTransformerInvocationFactory$TransformerExecution
Event: 566.768 loading class org/gradle/api/internal/artifacts/transform/DefaultTransformerInvocationFactory$TransformerExecution done
Event: 566.776 loading class org/gradle/api/internal/artifacts/transform/DefaultTransformerInvocationFactory$TransformerExecution$2
Event: 566.776 loading class org/gradle/api/internal/artifacts/transform/DefaultTransformerInvocationFactory$TransformerExecution$2 done
Event: 566.910 loading class com/android/tools/r8/ir/regalloc/a
Event: 566.910 loading class com/android/tools/r8/ir/regalloc/a done


Dynamic libraries:
0x00007ff64fe30000 - 0x00007ff64fe3a000 	D:\Program Files\Android\Android Studio\jre\bin\java.exe
0x00007ff94ac00000 - 0x00007ff94ae09000 	C:\WINDOWS\SYSTEM32\ntdll.dll
0x00007ff948db0000 - 0x00007ff948e6d000 	C:\WINDOWS\System32\KERNEL32.DLL
0x00007ff948670000 - 0x00007ff9489ec000 	C:\WINDOWS\System32\KERNELBASE.dll
0x00007ff948550000 - 0x00007ff948661000 	C:\WINDOWS\System32\ucrtbase.dll
0x00007ff931430000 - 0x00007ff931449000 	D:\Program Files\Android\Android Studio\jre\bin\jli.dll
0x00007ff935dd0000 - 0x00007ff935de7000 	D:\Program Files\Android\Android Studio\jre\bin\VCRUNTIME140.dll
0x00007ff94a540000 - 0x00007ff94a6ed000 	C:\WINDOWS\System32\USER32.dll
0x00007ff9484a0000 - 0x00007ff9484c6000 	C:\WINDOWS\System32\win32u.dll
0x00007ff94a700000 - 0x00007ff94a729000 	C:\WINDOWS\System32\GDI32.dll
0x00007ff948380000 - 0x00007ff948499000 	C:\WINDOWS\System32\gdi32full.dll
0x00007ff9489f0000 - 0x00007ff948a8d000 	C:\WINDOWS\System32\msvcp_win.dll
0x00007ff9336a0000 - 0x00007ff933945000 	C:\WINDOWS\WinSxS\amd64_microsoft.windows.common-controls_6595b64144ccf1df_6.0.22000.120_none_9d947278b86cc467\COMCTL32.dll
0x00007ff94a870000 - 0x00007ff94a913000 	C:\WINDOWS\System32\msvcrt.dll
0x00007ff948e70000 - 0x00007ff948ea1000 	C:\WINDOWS\System32\IMM32.DLL
0x00007ff90b2d0000 - 0x00007ff90b36d000 	D:\Program Files\Android\Android Studio\jre\bin\msvcp140.dll
0x00007ff8e9c00000 - 0x00007ff8ea6cf000 	D:\Program Files\Android\Android Studio\jre\bin\server\jvm.dll
0x00007ff94aab0000 - 0x00007ff94ab5e000 	C:\WINDOWS\System32\ADVAPI32.dll
0x00007ff948eb0000 - 0x00007ff948f4e000 	C:\WINDOWS\System32\sechost.dll
0x00007ff949f80000 - 0x00007ff94a0a0000 	C:\WINDOWS\System32\RPCRT4.dll
0x00007ff94a920000 - 0x00007ff94a928000 	C:\WINDOWS\System32\PSAPI.DLL
0x00007ff942610000 - 0x00007ff94261a000 	C:\WINDOWS\SYSTEM32\VERSION.dll
0x00007ff932180000 - 0x00007ff932189000 	C:\WINDOWS\SYSTEM32\WSOCK32.dll
0x00007ff941b40000 - 0x00007ff941b73000 	C:\WINDOWS\SYSTEM32\WINMM.dll
0x00007ff94aa40000 - 0x00007ff94aaaf000 	C:\WINDOWS\System32\WS2_32.dll
0x00007ff9472c0000 - 0x00007ff9472d8000 	C:\WINDOWS\SYSTEM32\kernel.appcore.dll
0x00007ff937230000 - 0x00007ff937241000 	D:\Program Files\Android\Android Studio\jre\bin\verify.dll
0x00007ff945c40000 - 0x00007ff945e61000 	C:\WINDOWS\SYSTEM32\DBGHELP.DLL
0x00007ff939130000 - 0x00007ff939161000 	C:\WINDOWS\SYSTEM32\dbgcore.DLL
0x00007ff9484d0000 - 0x00007ff94854f000 	C:\WINDOWS\System32\bcryptPrimitives.dll
0x00007ff926690000 - 0x00007ff9266b9000 	D:\Program Files\Android\Android Studio\jre\bin\java.dll
0x00007ff937220000 - 0x00007ff93722b000 	D:\Program Files\Android\Android Studio\jre\bin\jimage.dll
0x00007ff9202e0000 - 0x00007ff9202f8000 	D:\Program Files\Android\Android Studio\jre\bin\zip.dll
0x00007ff949160000 - 0x00007ff949918000 	C:\WINDOWS\System32\SHELL32.dll
0x00007ff946250000 - 0x00007ff946ab8000 	C:\WINDOWS\SYSTEM32\windows.storage.dll
0x00007ff94a0d0000 - 0x00007ff94a449000 	C:\WINDOWS\System32\combase.dll
0x00007ff9460d0000 - 0x00007ff946236000 	C:\WINDOWS\SYSTEM32\wintypes.dll
0x00007ff948a90000 - 0x00007ff948b7a000 	C:\WINDOWS\System32\SHCORE.dll
0x00007ff949920000 - 0x00007ff94997d000 	C:\WINDOWS\System32\shlwapi.dll
0x00007ff948010000 - 0x00007ff948031000 	C:\WINDOWS\SYSTEM32\profapi.dll
0x00007ff9202c0000 - 0x00007ff9202da000 	D:\Program Files\Android\Android Studio\jre\bin\net.dll
0x00007ff940940000 - 0x00007ff940a4c000 	C:\WINDOWS\SYSTEM32\WINHTTP.dll
0x00007ff9476f0000 - 0x00007ff947757000 	C:\WINDOWS\system32\mswsock.dll
0x00007ff9201c0000 - 0x00007ff9201d4000 	D:\Program Files\Android\Android Studio\jre\bin\nio.dll
0x00007ff90f0f0000 - 0x00007ff90f117000 	C:\Users\ASUS\.gradle\native\8bec1ad78214c89d9ad589b4d07fe93259594b29d510b10fafb7a158f7737e5d\windows-amd64\native-platform.dll
0x00007ff8ef7b0000 - 0x00007ff8ef8ed000 	C:\Users\ASUS\.gradle\native\53dbd7edfb1c66fb8903c78663c9afc45aea4f116125fa6feffd364cf09443e8\windows-amd64\native-platform-file-events.dll
0x00007ff937210000 - 0x00007ff93721a000 	D:\Program Files\Android\Android Studio\jre\bin\management.dll
0x00007ff937080000 - 0x00007ff93708c000 	D:\Program Files\Android\Android Studio\jre\bin\management_ext.dll
0x00007ff947940000 - 0x00007ff947958000 	C:\WINDOWS\SYSTEM32\CRYPTSP.dll
0x00007ff947220000 - 0x00007ff947255000 	C:\WINDOWS\system32\rsaenh.dll
0x00007ff9477e0000 - 0x00007ff947809000 	C:\WINDOWS\SYSTEM32\USERENV.dll
0x00007ff947ac0000 - 0x00007ff947ae7000 	C:\WINDOWS\SYSTEM32\bcrypt.dll
0x00007ff947930000 - 0x00007ff94793c000 	C:\WINDOWS\SYSTEM32\CRYPTBASE.dll
0x00007ff946df0000 - 0x00007ff946e1d000 	C:\WINDOWS\SYSTEM32\IPHLPAPI.DLL
0x00007ff94a0c0000 - 0x00007ff94a0c9000 	C:\WINDOWS\System32\NSI.dll
0x00007ff9414f0000 - 0x00007ff941509000 	C:\WINDOWS\SYSTEM32\dhcpcsvc6.DLL
0x00007ff941960000 - 0x00007ff94197e000 	C:\WINDOWS\SYSTEM32\dhcpcsvc.DLL
0x00007ff946e60000 - 0x00007ff946f48000 	C:\WINDOWS\SYSTEM32\DNSAPI.dll
0x00007ff919960000 - 0x00007ff919987000 	D:\Program Files\Android\Android Studio\jre\bin\sunec.dll

dbghelp: loaded successfully - version: 4.0.5 - missing functions: none
symbol engine: initialized successfully - sym options: 0x614 - pdb path: .;D:\Program Files\Android\Android Studio\jre\bin;C:\WINDOWS\SYSTEM32;C:\WINDOWS\WinSxS\amd64_microsoft.windows.common-controls_6595b64144ccf1df_6.0.22000.120_none_9d947278b86cc467;D:\Program Files\Android\Android Studio\jre\bin\server;C:\Users\ASUS\.gradle\native\8bec1ad78214c89d9ad589b4d07fe93259594b29d510b10fafb7a158f7737e5d\windows-amd64;C:\Users\ASUS\.gradle\native\53dbd7edfb1c66fb8903c78663c9afc45aea4f116125fa6feffd364cf09443e8\windows-amd64

VM Arguments:
jvm_args: --add-opens=java.base/java.util=ALL-UNNAMED --add-opens=java.base/java.lang=ALL-UNNAMED --add-opens=java.base/java.lang.invoke=ALL-UNNAMED --add-opens=java.base/java.util=ALL-UNNAMED --add-opens=java.prefs/java.util.prefs=ALL-UNNAMED --add-opens=java.prefs/java.util.prefs=ALL-UNNAMED --add-opens=java.base/java.nio.charset=ALL-UNNAMED --add-opens=java.base/java.net=ALL-UNNAMED --add-opens=java.base/java.util.concurrent.atomic=ALL-UNNAMED -Xmx2048m -Dfile.encoding=UTF-8 -Duser.country=CN -Duser.language=zh -Duser.variant 
java_command: org.gradle.launcher.daemon.bootstrap.GradleDaemon 7.0.2
java_class_path (initial): C:\Users\ASUS\.gradle\wrapper\dists\gradle-7.0.2-bin\857tjihv64xamwrf0h14cai3r\gradle-7.0.2\lib\gradle-launcher-7.0.2.jar
Launcher Type: SUN_STANDARD

[Global flags]
     intx CICompilerCount                          = 4                                         {product} {ergonomic}
     uint ConcGCThreads                            = 2                                         {product} {ergonomic}
     uint G1ConcRefinementThreads                  = 8                                         {product} {ergonomic}
   size_t G1HeapRegionSize                         = 1048576                                   {product} {ergonomic}
    uintx GCDrainStackTargetSize                   = 64                                        {product} {ergonomic}
   size_t InitialHeapSize                          = 132120576                                 {product} {ergonomic}
   size_t MarkStackSize                            = 4194304                                   {product} {ergonomic}
   size_t MaxHeapSize                              = 2147483648                                {product} {command line}
   size_t MaxNewSize                               = 1287651328                                {product} {ergonomic}
   size_t MinHeapDeltaBytes                        = 1048576                                   {product} {ergonomic}
    uintx NonNMethodCodeHeapSize                   = 5836300                                {pd product} {ergonomic}
    uintx NonProfiledCodeHeapSize                  = 122910970                              {pd product} {ergonomic}
    uintx ProfiledCodeHeapSize                     = 122910970                              {pd product} {ergonomic}
    uintx ReservedCodeCacheSize                    = 251658240                              {pd product} {ergonomic}
     bool SegmentedCodeCache                       = true                                      {product} {ergonomic}
     bool UseCompressedClassPointers               = true                                 {lp64_product} {ergonomic}
     bool UseCompressedOops                        = true                                 {lp64_product} {ergonomic}
     bool UseG1GC                                  = true                                      {product} {ergonomic}
     bool UseLargePagesIndividualAllocation        = false                                  {pd product} {ergonomic}

Logging:
Log output configuration:
 #0: stdout all=warning uptime,level,tags
 #1: stderr all=off uptime,level,tags

Environment Variables:
JAVA_HOME=C:\Program Files\Java\jdk1.8.0_321
CLASSPATH=.;C:\Program Files\Java\jdk1.8.0_321\lib;C:\Program Files\Java\jdk1.8.0_321\lib\tools.jar
PATH=C:\Program Files (x86)\Common Files\Oracle\Java\javapath;C:\Program Files (x86)\VMware\VMware Workstation\bin\;C:\ProgramData\Oracle\Java\javapath;C:\Program Files\Java\jdk1.8.0_321\bin;C:\Program Files\Java\jdk1.8.0_321\jre\bin;D:\Program Files\MySql\mysql-8.0.23-winx64\bin;C:\Program Files (x86)\Microsoft SQL Server\150\DTS\Binn\;C:\Program Files\Microsoft SQL Server\Client SDK\ODBC\170\Tools\Binn\;C:\Program Files (x86)\Microsoft SQL Server\150\Tools\Binn\;C:\Program Files\Microsoft SQL Server\150\Tools\Binn\;C:\Program Files\Microsoft SQL Server\150\DTS\Binn\;C:\WINDOWS\system32;C:\WINDOWS;C:\WINDOWS\System32\Wbem;C:\WINDOWS\System32\WindowsPowerShell\v1.0\;C:\WINDOWS\System32\OpenSSH\;C:\Program Files (x86)\MySQL\MySQL Server 5.1\bin;D:\apache-tomcat-8.0.50\bin;D:\apache-tomcat-8.0.50\lib;D:\nodeJs\;D:\Git\cmd;C:\Users\ASUS\AppData\Local\Microsoft\WindowsApps;C:\Users\ASUS\AppData\Roaming\npm
USERNAME=ASUS
OS=Windows_NT
PROCESSOR_IDENTIFIER=Intel64 Family 6 Model 126 Stepping 5, GenuineIntel



---------------  S Y S T E M  ---------------

OS: Windows 10 , 64 bit Build 22000 (10.0.22000.708)
OS uptime: 3 days 0:50 hours

CPU:total 8 (initial active 8) (4 cores per cpu, 2 threads per core) family 6 model 126 stepping 5 microcode 0xa6, cmov, cx8, fxsr, mmx, sse, sse2, sse3, ssse3, sse4.1, sse4.2, popcnt, avx, avx2, aes, clmul, erms, 3dnowpref, lzcnt, ht, tsc, tscinvbit, bmi1, bmi2, adx, evex, sha, fma

Memory: 4k page, system-wide physical 7997M (380M free)
TotalPageFile size 20136M (AvailPageFile size 5M)
current process WorkingSet (physical memory assigned to process): 582M, peak: 586M
current process commit charge ("private bytes"): 638M, peak: 644M

vm_info: OpenJDK 64-Bit Server VM (11.0.10+0-b96-7249189) for windows-amd64 JRE (11.0.10+0-b96-7249189), built on Mar 31 2021 21:44:00 by "builder" with MS VC++ 14.0 (VS2015)

END.
