#
# There is insufficient memory for the Java Runtime Environment to continue.
# Native memory allocation (mmap) failed to map 60817408 bytes for Failed to commit area from 0x0000000092200000 to 0x0000000095c00000 of length 60817408.
# Possible reasons:
#   The system is out of physical RAM or swap space
#   The process is running with CompressedOops enabled, and the Java Heap may be blocking the growth of the native heap
# Possible solutions:
#   Reduce memory load on the system
#   Increase physical memory or swap space
#   Check if swap backing store is full
#   Decrease Java heap size (-Xmx/-Xms)
#   Decrease number of Java threads
#   Decrease Java thread stack sizes (-Xss)
#   Set larger code cache with -XX:ReservedCodeCacheSize=
#   JVM is running with Unscaled Compressed Oops mode in which the Java heap is
#     placed in the first 4GB address space. The Java Heap base address is the
#     maximum limit for the native heap growth. Please use -XX:HeapBaseMinAddress
#     to set the Java Heap base and to place the Java Heap above 4GB virtual address.
# This output file may be truncated or incomplete.
#
#  Out of Memory Error (./src/hotspot/os/windows/os_windows.cpp:3301), pid=23600, tid=11820
#
# JRE version: OpenJDK Runtime Environment (11.0.10) (build 11.0.10+0-b96-7249189)
# Java VM: OpenJDK 64-Bit Server VM (11.0.10+0-b96-7249189, mixed mode, tiered, compressed oops, g1 gc, windows-amd64)
# No core dump will be written. Minidumps are not enabled by default on client versions of Windows
#

---------------  S U M M A R Y ------------

Command Line: --add-opens=java.base/java.util=ALL-UNNAMED --add-opens=java.base/java.lang=ALL-UNNAMED --add-opens=java.base/java.lang.invoke=ALL-UNNAMED --add-opens=java.base/java.util=ALL-UNNAMED --add-opens=java.prefs/java.util.prefs=ALL-UNNAMED --add-opens=java.prefs/java.util.prefs=ALL-UNNAMED --add-opens=java.base/java.nio.charset=ALL-UNNAMED --add-opens=java.base/java.net=ALL-UNNAMED --add-opens=java.base/java.util.concurrent.atomic=ALL-UNNAMED -Xmx2048m -Dfile.encoding=UTF-8 -Duser.country=CN -Duser.language=zh -Duser.variant org.gradle.launcher.daemon.bootstrap.GradleDaemon 7.0.2

Host: Intel(R) Core(TM) i5-1035G1 CPU @ 1.00GHz, 8 cores, 7G,  Windows 10 , 64 bit Build 22000 (10.0.22000.708)
Time: Thu Oct 13 10:36:04 2022 中国标准时间 elapsed time: 25.758256 seconds (0d 0h 0m 25s)

---------------  T H R E A D  ---------------

Current thread (0x000001c5fe641800):  VMThread "VM Thread" [stack: 0x00000030d8900000,0x00000030d8a00000] [id=11820]

Stack: [0x00000030d8900000,0x00000030d8a00000]
[error occurred during error reporting (printing stack bounds), id 0xc0000005, EXCEPTION_ACCESS_VIOLATION (0xc0000005) at pc=0x000001c5e7cd10e7]

Native frames: (J=compiled Java code, j=interpreted, Vv=VM code, C=native code)
V  [jvm.dll+0x5ecfaa]
V  [jvm.dll+0x722bd5]
V  [jvm.dll+0x72412d]
V  [jvm.dll+0x724745]
V  [jvm.dll+0x7246fb]
V  [jvm.dll+0x5ec348]
V  [jvm.dll+0x5ecad8]
C  [ntdll.dll+0xa8b1f]
C  [ntdll.dll+0x35b9a]
C  [ntdll.dll+0xa7b2e]
C  0x000001c5e7cd10e7

VM_Operation (0x00000030ddefe550): G1CollectForAllocation, mode: safepoint, requested by thread 0x000001c58564a000


---------------  P R O C E S S  ---------------

Threads class SMR info:
_java_thread_list=0x000001c588047ce0, length=78, elements={
0x000001c5e41de800, 0x000001c5fe647800, 0x000001c5fe64b000, 0x000001c5fef43800,
0x000001c5fef45800, 0x000001c5fe665800, 0x000001c5fe670800, 0x000001c5fe679000,
0x000001c5fe67b800, 0x000001c5ff0c7000, 0x000001c58035b000, 0x000001c580ce0000,
0x000001c58090d000, 0x000001c5812b5800, 0x000001c5ffafe800, 0x000001c5ff8a4000,
0x000001c581013000, 0x000001c581162800, 0x000001c58156d000, 0x000001c581654800,
0x000001c581651000, 0x000001c581655000, 0x000001c581656000, 0x000001c581652800,
0x000001c581650800, 0x000001c581657000, 0x000001c581652000, 0x000001c581653800,
0x000001c58368b000, 0x000001c58368d800, 0x000001c58368a800, 0x000001c58368e800,
0x000001c58368f000, 0x000001c58368c800, 0x000001c583691800, 0x000001c58368c000,
0x000001c583694000, 0x000001c583692800, 0x000001c583697800, 0x000001c583698000,
0x000001c583695000, 0x000001c583699000, 0x000001c583696800, 0x000001c583693800,
0x000001c583695800, 0x000001c583bb1800, 0x000001c583bb1000, 0x000001c583bb2800,
0x000001c583bb3800, 0x000001c583bb0000, 0x000001c583bae800, 0x000001c583bad800,
0x000001c583bb4000, 0x000001c583bb5000, 0x000001c583baf800, 0x000001c583bba800,
0x000001c583bb7800, 0x000001c583bb6000, 0x000001c583bbc800, 0x000001c583bba000,
0x000001c583bb6800, 0x000001c583bb9000, 0x000001c583bbb800, 0x000001c583bb8800,
0x000001c589904800, 0x000001c589906000, 0x000001c589905000, 0x000001c589900800,
0x000001c589902000, 0x000001c589907000, 0x000001c589901000, 0x000001c589902800,
0x000001c589903800, 0x000001c585649800, 0x000001c585647800, 0x000001c585648800,
0x000001c58564a000, 0x000001c58564b000
}

Java Threads: ( => current thread )
  0x000001c5e41de800 JavaThread "main" [_thread_blocked, id=23708, stack(0x00000030d8300000,0x00000030d8400000)]
  0x000001c5fe647800 JavaThread "Reference Handler" daemon [_thread_blocked, id=22148, stack(0x00000030d8a00000,0x00000030d8b00000)]
  0x000001c5fe64b000 JavaThread "Finalizer" daemon [_thread_blocked, id=20688, stack(0x00000030d8b00000,0x00000030d8c00000)]
  0x000001c5fef43800 JavaThread "Signal Dispatcher" daemon [_thread_blocked, id=18220, stack(0x00000030d8c00000,0x00000030d8d00000)]
  0x000001c5fef45800 JavaThread "Attach Listener" daemon [_thread_blocked, id=22088, stack(0x00000030d8d00000,0x00000030d8e00000)]
  0x000001c5fe665800 JavaThread "Service Thread" daemon [_thread_blocked, id=10032, stack(0x00000030d8e00000,0x00000030d8f00000)]
  0x000001c5fe670800 JavaThread "C2 CompilerThread0" daemon [_thread_in_native, id=22172, stack(0x00000030d8f00000,0x00000030d9000000)]
  0x000001c5fe679000 JavaThread "C1 CompilerThread0" daemon [_thread_blocked, id=11272, stack(0x00000030d9000000,0x00000030d9100000)]
  0x000001c5fe67b800 JavaThread "Sweeper thread" daemon [_thread_blocked, id=24120, stack(0x00000030d9100000,0x00000030d9200000)]
  0x000001c5ff0c7000 JavaThread "Common-Cleaner" daemon [_thread_blocked, id=21200, stack(0x00000030d9200000,0x00000030d9300000)]
  0x000001c58035b000 JavaThread "Daemon health stats" [_thread_blocked, id=20176, stack(0x00000030d9600000,0x00000030d9700000)]
  0x000001c580ce0000 JavaThread "Incoming local TCP Connector on port 57986" [_thread_in_native, id=15396, stack(0x00000030d9700000,0x00000030d9800000)]
  0x000001c58090d000 JavaThread "Daemon periodic checks" [_thread_blocked, id=20108, stack(0x00000030d9800000,0x00000030d9900000)]
  0x000001c5812b5800 JavaThread "Daemon" [_thread_blocked, id=24040, stack(0x00000030d9900000,0x00000030d9a00000)]
  0x000001c5ffafe800 JavaThread "Handler for socket connection from /127.0.0.1:57986 to /127.0.0.1:57987" [_thread_in_native, id=19260, stack(0x00000030d9a00000,0x00000030d9b00000)]
  0x000001c5ff8a4000 JavaThread "Cancel handler" [_thread_blocked, id=24432, stack(0x00000030d9b00000,0x00000030d9c00000)]
  0x000001c581013000 JavaThread "Daemon worker" [_thread_blocked, id=5532, stack(0x00000030d9c00000,0x00000030d9d00000)]
  0x000001c581162800 JavaThread "Asynchronous log dispatcher for DefaultDaemonConnection: socket connection from /127.0.0.1:57986 to /127.0.0.1:57987" [_thread_blocked, id=12912, stack(0x00000030d9d00000,0x00000030d9e00000)]
  0x000001c58156d000 JavaThread "Stdin handler" [_thread_blocked, id=19056, stack(0x00000030d9e00000,0x00000030d9f00000)]
  0x000001c581654800 JavaThread "Daemon client event forwarder" [_thread_blocked, id=7980, stack(0x00000030d9f00000,0x00000030da000000)]
  0x000001c581651000 JavaThread "Cache worker for file hash cache (C:\Users\ASUS\.gradle\caches\7.0.2\fileHashes)" [_thread_blocked, id=10748, stack(0x00000030da500000,0x00000030da600000)]
  0x000001c581655000 JavaThread "File lock request listener" [_thread_in_native, id=22736, stack(0x00000030da600000,0x00000030da700000)]
  0x000001c581656000 JavaThread "Cache worker for journal cache (C:\Users\ASUS\.gradle\caches\journal-1)" [_thread_blocked, id=11664, stack(0x00000030da800000,0x00000030da900000)]
  0x000001c581652800 JavaThread "Cache worker for file hash cache (D:\WorkSpace\.gradle\7.0.2\fileHashes)" [_thread_blocked, id=14552, stack(0x00000030da900000,0x00000030daa00000)]
  0x000001c581650800 JavaThread "File watcher server" daemon [_thread_blocked, id=20316, stack(0x00000030daa00000,0x00000030dab00000)]
  0x000001c581657000 JavaThread "File watcher consumer" daemon [_thread_blocked, id=22784, stack(0x00000030dab00000,0x00000030dac00000)]
  0x000001c581652000 JavaThread "Cache worker for checksums cache (D:\WorkSpace\.gradle\checksums)" [_thread_blocked, id=18200, stack(0x00000030dac00000,0x00000030dad00000)]
  0x000001c581653800 JavaThread "Cache worker for cache directory md-supplier (C:\Users\ASUS\.gradle\caches\7.0.2\md-supplier)" [_thread_blocked, id=7180, stack(0x00000030dad00000,0x00000030dae00000)]
  0x000001c58368b000 JavaThread "Cache worker for cache directory md-rule (C:\Users\ASUS\.gradle\caches\7.0.2\md-rule)" [_thread_blocked, id=16448, stack(0x00000030dae00000,0x00000030daf00000)]
  0x000001c58368d800 JavaThread "Cache worker for execution history cache (C:\Users\ASUS\.gradle\caches\7.0.2\executionHistory)" [_thread_blocked, id=11500, stack(0x00000030daf00000,0x00000030db000000)]
  0x000001c58368a800 JavaThread "jar transforms" [_thread_blocked, id=19064, stack(0x00000030db000000,0x00000030db100000)]
  0x000001c58368e800 JavaThread "jar transforms Thread 2" [_thread_blocked, id=23376, stack(0x00000030db100000,0x00000030db200000)]
  0x000001c58368f000 JavaThread "Cache worker for file content cache (C:\Users\ASUS\.gradle\caches\7.0.2\fileContent)" [_thread_blocked, id=24164, stack(0x00000030db200000,0x00000030db300000)]
  0x000001c58368c800 JavaThread "Cache worker for dependencies-accessors (D:\WorkSpace\.gradle\7.0.2\dependencies-accessors)" [_thread_blocked, id=23344, stack(0x00000030db300000,0x00000030db400000)]
  0x000001c583691800 JavaThread "jar transforms Thread 3" [_thread_blocked, id=9292, stack(0x00000030db400000,0x00000030db500000)]
  0x000001c58368c000 JavaThread "Cache worker for Build Output Cleanup Cache (D:\WorkSpace\.gradle\buildOutputCleanup)" [_thread_blocked, id=11200, stack(0x00000030db500000,0x00000030db600000)]
  0x000001c583694000 JavaThread "Build operations" [_thread_blocked, id=22164, stack(0x00000030db600000,0x00000030db700000)]
  0x000001c583692800 JavaThread "Build operations Thread 2" [_thread_blocked, id=11220, stack(0x00000030db700000,0x00000030db800000)]
  0x000001c583697800 JavaThread "Build operations Thread 3" [_thread_blocked, id=17800, stack(0x00000030db800000,0x00000030db900000)]
  0x000001c583698000 JavaThread "Build operations Thread 4" [_thread_blocked, id=9072, stack(0x00000030db900000,0x00000030dba00000)]
  0x000001c583695000 JavaThread "Build operations Thread 5" [_thread_blocked, id=13912, stack(0x00000030dba00000,0x00000030dbb00000)]
  0x000001c583699000 JavaThread "Build operations Thread 6" [_thread_blocked, id=12132, stack(0x00000030dbb00000,0x00000030dbc00000)]
  0x000001c583696800 JavaThread "Build operations Thread 7" [_thread_blocked, id=12456, stack(0x00000030dbc00000,0x00000030dbd00000)]
  0x000001c583693800 JavaThread "Build operations Thread 8" [_thread_blocked, id=4856, stack(0x00000030dbd00000,0x00000030dbe00000)]
  0x000001c583695800 JavaThread "jar transforms Thread 4" [_thread_blocked, id=23808, stack(0x00000030dbe00000,0x00000030dbf00000)]
  0x000001c583bb1800 JavaThread "jar transforms Thread 5" [_thread_blocked, id=22496, stack(0x00000030dbf00000,0x00000030dc000000)]
  0x000001c583bb1000 JavaThread "jar transforms Thread 6" [_thread_blocked, id=2076, stack(0x00000030dc000000,0x00000030dc100000)]
  0x000001c583bb2800 JavaThread "jar transforms Thread 7" [_thread_blocked, id=23176, stack(0x00000030dc100000,0x00000030dc200000)]
  0x000001c583bb3800 JavaThread "jar transforms Thread 8" [_thread_blocked, id=15940, stack(0x00000030dc200000,0x00000030dc300000)]
  0x000001c583bb0000 JavaThread "Memory manager" [_thread_blocked, id=3940, stack(0x00000030dc300000,0x00000030dc400000)]
  0x000001c583bae800 JavaThread "build event listener" [_thread_blocked, id=22488, stack(0x00000030dc400000,0x00000030dc500000)]
  0x000001c583bad800 JavaThread "Execution worker for ':'" [_thread_blocked, id=18988, stack(0x00000030dc500000,0x00000030dc600000)]
  0x000001c583bb4000 JavaThread "Execution worker for ':' Thread 2" [_thread_blocked, id=18392, stack(0x00000030dc600000,0x00000030dc700000)]
  0x000001c583bb5000 JavaThread "Execution worker for ':' Thread 3" [_thread_blocked, id=18420, stack(0x00000030dc700000,0x00000030dc800000)]
  0x000001c583baf800 JavaThread "Execution worker for ':' Thread 4" [_thread_blocked, id=11616, stack(0x00000030dc800000,0x00000030dc900000)]
  0x000001c583bba800 JavaThread "Execution worker for ':' Thread 5" [_thread_blocked, id=23956, stack(0x00000030dc900000,0x00000030dca00000)]
  0x000001c583bb7800 JavaThread "Execution worker for ':' Thread 6" [_thread_blocked, id=23912, stack(0x00000030dca00000,0x00000030dcb00000)]
  0x000001c583bb6000 JavaThread "Execution worker for ':' Thread 7" [_thread_blocked, id=13632, stack(0x00000030dcb00000,0x00000030dcc00000)]
  0x000001c583bbc800 JavaThread "Cache worker for execution history cache (D:\WorkSpace\.gradle\7.0.2\executionHistory)" [_thread_blocked, id=18108, stack(0x00000030dcc00000,0x00000030dcd00000)]
  0x000001c583bba000 JavaThread "WorkerExecutor Queue" [_thread_blocked, id=8152, stack(0x00000030dcd00000,0x00000030dce00000)]
  0x000001c583bb6800 JavaThread "pool-3-thread-1" [_thread_blocked, id=22108, stack(0x00000030dce00000,0x00000030dcf00000)]
  0x000001c583bb9000 JavaThread "stderr" [_thread_in_native, id=8388, stack(0x00000030dcf00000,0x00000030dd000000)]
  0x000001c583bbb800 JavaThread "stdout" [_thread_in_native, id=21828, stack(0x00000030dd000000,0x00000030dd100000)]
  0x000001c583bb8800 JavaThread "WorkerExecutor Queue Thread 2" [_thread_blocked, id=23180, stack(0x00000030dd100000,0x00000030dd200000)]
  0x000001c589904800 JavaThread "WorkerExecutor Queue Thread 3" [_thread_blocked, id=24052, stack(0x00000030dd200000,0x00000030dd300000)]
  0x000001c589906000 JavaThread "WorkerExecutor Queue Thread 4" [_thread_blocked, id=1680, stack(0x00000030dd300000,0x00000030dd400000)]
  0x000001c589905000 JavaThread "WorkerExecutor Queue Thread 5" [_thread_blocked, id=14928, stack(0x00000030dd400000,0x00000030dd500000)]
  0x000001c589900800 JavaThread "WorkerExecutor Queue Thread 6" [_thread_blocked, id=21800, stack(0x00000030dd500000,0x00000030dd600000)]
  0x000001c589902000 JavaThread "WorkerExecutor Queue Thread 7" [_thread_blocked, id=12672, stack(0x00000030dd600000,0x00000030dd700000)]
  0x000001c589907000 JavaThread "WorkerExecutor Queue Thread 8" [_thread_blocked, id=15728, stack(0x00000030dd700000,0x00000030dd800000)]
  0x000001c589901000 JavaThread "ForkJoinPool-1-worker-3" daemon [_thread_blocked, id=20384, stack(0x00000030dd800000,0x00000030dd900000)]
  0x000001c589902800 JavaThread "ForkJoinPool-1-worker-5" daemon [_thread_blocked, id=21712, stack(0x00000030dd900000,0x00000030dda00000)]
  0x000001c589903800 JavaThread "ForkJoinPool-1-worker-9" daemon [_thread_blocked, id=23096, stack(0x00000030dda00000,0x00000030ddb00000)]
  0x000001c585649800 JavaThread "ForkJoinPool-1-worker-7" daemon [_thread_blocked, id=19904, stack(0x00000030ddb00000,0x00000030ddc00000)]
  0x000001c585647800 JavaThread "ForkJoinPool-1-worker-11" daemon [_thread_blocked, id=11132, stack(0x00000030ddc00000,0x00000030ddd00000)]
  0x000001c585648800 JavaThread "ForkJoinPool-1-worker-13" daemon [_thread_blocked, id=20256, stack(0x00000030ddd00000,0x00000030dde00000)]
  0x000001c58564a000 JavaThread "ForkJoinPool-1-worker-15" daemon [_thread_blocked, id=22280, stack(0x00000030dde00000,0x00000030ddf00000)]
  0x000001c58564b000 JavaThread "ForkJoinPool-1-worker-1" daemon [_thread_blocked, id=18764, stack(0x00000030ddf00000,0x00000030de000000)]

Other Threads:
=>0x000001c5fe641800 VMThread "VM Thread" [stack: 0x00000030d8900000,0x00000030d8a00000] [id=11820]
  0x000001c5ff0f0000 WatcherThread [stack: 0x00000030d9300000,0x00000030d9400000] [id=12604]
  0x000001c5e41f9000 GCTaskThread "GC Thread#0" [stack: 0x00000030d8400000,0x00000030d8500000] [id=15152]
  0x000001c5ff9ca000 GCTaskThread "GC Thread#1" [stack: 0x00000030d9400000,0x00000030d9500000] [id=16560]
  0x000001c5ffa8c800 GCTaskThread "GC Thread#2" [stack: 0x00000030d9500000,0x00000030d9600000] [id=22020]
  0x000001c58107c000 GCTaskThread "GC Thread#3" [stack: 0x00000030da000000,0x00000030da100000] [id=22032]
  0x000001c5812d1800 GCTaskThread "GC Thread#4" [stack: 0x00000030da100000,0x00000030da200000] [id=23452]
  0x000001c5812d3800 GCTaskThread "GC Thread#5" [stack: 0x00000030da200000,0x00000030da300000] [id=10620]
  0x000001c5812d9800 GCTaskThread "GC Thread#6" [stack: 0x00000030da300000,0x00000030da400000] [id=4480]
  0x000001c581561800 GCTaskThread "GC Thread#7" [stack: 0x00000030da400000,0x00000030da500000] [id=20124]
  0x000001c5e4229000 ConcurrentGCThread "G1 Main Marker" [stack: 0x00000030d8500000,0x00000030d8600000] [id=21252]
  0x000001c5e422b800 ConcurrentGCThread "G1 Conc#0" [stack: 0x00000030d8600000,0x00000030d8700000] [id=23488]
  0x000001c580f4e000 ConcurrentGCThread "G1 Conc#1" [stack: 0x00000030da700000,0x00000030da800000] [id=11024]
  0x000001c5e42be000 ConcurrentGCThread "G1 Refine#0" [stack: 0x00000030d8700000,0x00000030d8800000] [id=20880]
  0x000001c58571c000 ConcurrentGCThread "G1 Refine#1" [stack: 0x00000030de000000,0x00000030de100000] [id=9612]
  0x000001c58a261800 ConcurrentGCThread "G1 Refine#2" [stack: 0x00000030de100000,0x00000030de200000] [id=11852]
  0x000001c5fe493800 ConcurrentGCThread "G1 Young RemSet Sampling" [stack: 0x00000030d8800000,0x00000030d8900000] [id=2168]

Threads with active compile tasks:
C2 CompilerThread0  25787 14393 %     4       com.android.tools.r8.dex.j::a @ 315 (1038 bytes)

VM state:at safepoint (normal execution)

VM Mutex/Monitor currently owned by a thread:  ([mutex/lock_event])
[0x000001c5e41db1a0] Threads_lock - owner thread: 0x000001c5fe641800
[0x000001c5e41db590] Heap_lock - owner thread: 0x000001c58564a000

Heap address: 0x0000000080000000, size: 2048 MB, Compressed Oops mode: 32-bit
Narrow klass base: 0x0000000000000000, Narrow klass shift: 3
Compressed class space size: 1073741824 Address: 0x0000000100000000

Heap:
 garbage-first heap   total 356352K, used 148114K [0x0000000080000000, 0x0000000100000000)
  region size 1024K, 1 young (1024K), 1 survivors (1024K)
 Metaspace       used 102018K, capacity 104649K, committed 106700K, reserved 1140736K
  class space    used 13107K, capacity 14136K, committed 15052K, reserved 1048576K
Heap Regions: E=young(eden), S=young(survivor), O=old, HS=humongous(starts), HC=humongous(continues), CS=collection set, F=free, A=archive, TAMS=top-at-mark-start (previous, next)
|   0|0x0000000080000000, 0x0000000080100000, 0x0000000080100000|100%| O|  |TAMS 0x0000000080100000, 0x0000000080000000| Complete 
|   1|0x0000000080100000, 0x0000000080200000, 0x0000000080200000|100%| O|  |TAMS 0x0000000080200000, 0x0000000080100000| Untracked 
|   2|0x0000000080200000, 0x0000000080300000, 0x0000000080300000|100%| O|  |TAMS 0x0000000080300000, 0x0000000080200000| Untracked 
|   3|0x0000000080300000, 0x0000000080400000, 0x0000000080400000|100%|HS|  |TAMS 0x0000000080400000, 0x0000000080300000| Complete 
|   4|0x0000000080400000, 0x0000000080500000, 0x0000000080500000|100%|HC|  |TAMS 0x0000000080500000, 0x0000000080400000| Complete 
|   5|0x0000000080500000, 0x0000000080600000, 0x0000000080600000|100%|HC|  |TAMS 0x0000000080600000, 0x0000000080500000| Complete 
|   6|0x0000000080600000, 0x0000000080700000, 0x0000000080700000|100%| O|  |TAMS 0x0000000080700000, 0x0000000080600000| Untracked 
|   7|0x0000000080700000, 0x0000000080800000, 0x0000000080800000|100%| O|  |TAMS 0x0000000080800000, 0x0000000080700000| Untracked 
|   8|0x0000000080800000, 0x0000000080900000, 0x0000000080900000|100%| O|  |TAMS 0x0000000080900000, 0x0000000080800000| Untracked 
|   9|0x0000000080900000, 0x0000000080a00000, 0x0000000080a00000|100%| O|  |TAMS 0x0000000080a00000, 0x0000000080900000| Complete 
|  10|0x0000000080a00000, 0x0000000080b00000, 0x0000000080b00000|100%| O|  |TAMS 0x0000000080b00000, 0x0000000080a00000| Untracked 
|  11|0x0000000080b00000, 0x0000000080c00000, 0x0000000080c00000|100%| O|  |TAMS 0x0000000080c00000, 0x0000000080b00000| Untracked 
|  12|0x0000000080c00000, 0x0000000080d00000, 0x0000000080d00000|100%|HS|  |TAMS 0x0000000080c00000, 0x0000000080c00000| Complete 
|  13|0x0000000080d00000, 0x0000000080e00000, 0x0000000080e00000|100%| O|  |TAMS 0x0000000080e00000, 0x0000000080d00000| Complete 
|  14|0x0000000080e00000, 0x0000000080f00000, 0x0000000080f00000|100%| O|  |TAMS 0x0000000080f00000, 0x0000000080e00000| Untracked 
|  15|0x0000000080f00000, 0x0000000081000000, 0x0000000081000000|100%| O|  |TAMS 0x0000000081000000, 0x0000000080f00000| Untracked 
|  16|0x0000000081000000, 0x0000000081100000, 0x0000000081100000|100%| O|  |TAMS 0x0000000081100000, 0x0000000081000000| Untracked 
|  17|0x0000000081100000, 0x0000000081200000, 0x0000000081200000|100%| O|  |TAMS 0x0000000081200000, 0x0000000081100000| Untracked 
|  18|0x0000000081200000, 0x0000000081300000, 0x0000000081300000|100%| O|  |TAMS 0x0000000081300000, 0x0000000081200000| Complete 
|  19|0x0000000081300000, 0x0000000081400000, 0x0000000081400000|100%| O|  |TAMS 0x0000000081400000, 0x0000000081300000| Untracked 
|  20|0x0000000081400000, 0x0000000081500000, 0x0000000081500000|100%| O|  |TAMS 0x0000000081500000, 0x0000000081400000| Untracked 
|  21|0x0000000081500000, 0x0000000081600000, 0x0000000081600000|100%| O|  |TAMS 0x0000000081600000, 0x0000000081500000| Untracked 
|  22|0x0000000081600000, 0x0000000081700000, 0x0000000081700000|100%| O|  |TAMS 0x0000000081700000, 0x0000000081600000| Complete 
|  23|0x0000000081700000, 0x0000000081800000, 0x0000000081800000|100%| O|  |TAMS 0x0000000081800000, 0x0000000081700000| Untracked 
|  24|0x0000000081800000, 0x0000000081900000, 0x0000000081900000|100%| O|  |TAMS 0x0000000081900000, 0x0000000081800000| Untracked 
|  25|0x0000000081900000, 0x0000000081a00000, 0x0000000081a00000|100%| O|  |TAMS 0x0000000081a00000, 0x0000000081900000| Untracked 
|  26|0x0000000081a00000, 0x0000000081b00000, 0x0000000081b00000|100%| O|  |TAMS 0x0000000081b00000, 0x0000000081a00000| Complete 
|  27|0x0000000081b00000, 0x0000000081c00000, 0x0000000081c00000|100%|HS|  |TAMS 0x0000000081c00000, 0x0000000081b00000| Complete 
|  28|0x0000000081c00000, 0x0000000081d00000, 0x0000000081d00000|100%|HS|  |TAMS 0x0000000081d00000, 0x0000000081c00000| Complete 
|  29|0x0000000081d00000, 0x0000000081e00000, 0x0000000081e00000|100%|HS|  |TAMS 0x0000000081e00000, 0x0000000081d00000| Complete 
|  30|0x0000000081e00000, 0x0000000081f00000, 0x0000000081f00000|100%|HC|  |TAMS 0x0000000081f00000, 0x0000000081e00000| Complete 
|  31|0x0000000081f00000, 0x0000000082000000, 0x0000000082000000|100%| O|  |TAMS 0x0000000082000000, 0x0000000081f00000| Untracked 
|  32|0x0000000082000000, 0x0000000082100000, 0x0000000082100000|100%| O|  |TAMS 0x0000000082100000, 0x0000000082000000| Untracked 
|  33|0x0000000082100000, 0x0000000082200000, 0x0000000082200000|100%| O|  |TAMS 0x0000000082200000, 0x0000000082100000| Untracked 
|  34|0x0000000082200000, 0x0000000082300000, 0x0000000082300000|100%| O|  |TAMS 0x0000000082300000, 0x0000000082200000| Complete 
|  35|0x0000000082300000, 0x0000000082400000, 0x0000000082400000|100%| O|  |TAMS 0x0000000082400000, 0x0000000082300000| Untracked 
|  36|0x0000000082400000, 0x0000000082500000, 0x0000000082500000|100%| O|  |TAMS 0x0000000082500000, 0x0000000082400000| Untracked 
|  37|0x0000000082500000, 0x0000000082600000, 0x0000000082600000|100%| O|  |TAMS 0x0000000082600000, 0x0000000082500000| Untracked 
|  38|0x0000000082600000, 0x0000000082700000, 0x0000000082700000|100%| O|  |TAMS 0x0000000082700000, 0x0000000082600000| Untracked 
|  39|0x0000000082700000, 0x0000000082800000, 0x0000000082800000|100%| O|  |TAMS 0x0000000082800000, 0x0000000082700000| Untracked 
|  40|0x0000000082800000, 0x0000000082900000, 0x0000000082900000|100%| O|  |TAMS 0x0000000082900000, 0x0000000082800000| Untracked 
|  41|0x0000000082900000, 0x0000000082a00000, 0x0000000082a00000|100%| O|  |TAMS 0x0000000082a00000, 0x0000000082900000| Untracked 
|  42|0x0000000082a00000, 0x0000000082b00000, 0x0000000082b00000|100%| O|  |TAMS 0x0000000082b00000, 0x0000000082a00000| Complete 
|  43|0x0000000082b00000, 0x0000000082c00000, 0x0000000082c00000|100%| O|  |TAMS 0x0000000082c00000, 0x0000000082b00000| Untracked 
|  44|0x0000000082c00000, 0x0000000082d00000, 0x0000000082d00000|100%| O|  |TAMS 0x0000000082d00000, 0x0000000082c00000| Untracked 
|  45|0x0000000082d00000, 0x0000000082e00000, 0x0000000082e00000|100%| O|  |TAMS 0x0000000082e00000, 0x0000000082d00000| Untracked 
|  46|0x0000000082e00000, 0x0000000082f00000, 0x0000000082f00000|100%| O|  |TAMS 0x0000000082f00000, 0x0000000082e00000| Untracked 
|  47|0x0000000082f00000, 0x0000000083000000, 0x0000000083000000|100%| O|  |TAMS 0x0000000083000000, 0x0000000082f00000| Untracked 
|  48|0x0000000083000000, 0x0000000083100000, 0x0000000083100000|100%| O|  |TAMS 0x0000000083100000, 0x0000000083000000| Untracked 
|  49|0x0000000083100000, 0x0000000083200000, 0x0000000083200000|100%| O|  |TAMS 0x0000000083200000, 0x0000000083100000| Untracked 
|  50|0x0000000083200000, 0x0000000083300000, 0x0000000083300000|100%| O|  |TAMS 0x0000000083300000, 0x0000000083200000| Untracked 
|  51|0x0000000083300000, 0x0000000083400000, 0x0000000083400000|100%| O|  |TAMS 0x0000000083400000, 0x0000000083300000| Complete 
|  52|0x0000000083400000, 0x0000000083500000, 0x0000000083500000|100%| O|  |TAMS 0x0000000083500000, 0x0000000083400000| Untracked 
|  53|0x0000000083500000, 0x0000000083600000, 0x0000000083600000|100%| O|  |TAMS 0x0000000083600000, 0x0000000083500000| Untracked 
|  54|0x0000000083600000, 0x0000000083700000, 0x0000000083700000|100%| O|  |TAMS 0x0000000083700000, 0x0000000083600000| Untracked 
|  55|0x0000000083700000, 0x0000000083800000, 0x0000000083800000|100%| O|  |TAMS 0x0000000083800000, 0x0000000083700000| Untracked 
|  56|0x0000000083800000, 0x0000000083900000, 0x0000000083900000|100%| O|  |TAMS 0x0000000083900000, 0x0000000083800000| Complete 
|  57|0x0000000083900000, 0x0000000083a00000, 0x0000000083a00000|100%| O|  |TAMS 0x0000000083a00000, 0x0000000083900000| Untracked 
|  58|0x0000000083a00000, 0x0000000083b00000, 0x0000000083b00000|100%| O|  |TAMS 0x0000000083b00000, 0x0000000083a00000| Untracked 
|  59|0x0000000083b00000, 0x0000000083c00000, 0x0000000083c00000|100%| O|  |TAMS 0x0000000083c00000, 0x0000000083b00000| Complete 
|  60|0x0000000083c00000, 0x0000000083d00000, 0x0000000083d00000|100%| O|  |TAMS 0x0000000083d00000, 0x0000000083c00000| Untracked 
|  61|0x0000000083d00000, 0x0000000083e00000, 0x0000000083e00000|100%| O|  |TAMS 0x0000000083e00000, 0x0000000083d00000| Untracked 
|  62|0x0000000083e00000, 0x0000000083f00000, 0x0000000083f00000|100%| O|  |TAMS 0x0000000083f00000, 0x0000000083e00000| Complete 
|  63|0x0000000083f00000, 0x0000000084000000, 0x0000000084000000|100%| O|  |TAMS 0x0000000084000000, 0x0000000083f00000| Untracked 
|  64|0x0000000084000000, 0x0000000084100000, 0x0000000084100000|100%| O|  |TAMS 0x0000000084100000, 0x0000000084000000| Complete 
|  65|0x0000000084100000, 0x0000000084200000, 0x0000000084200000|100%| O|  |TAMS 0x0000000084200000, 0x0000000084100000| Untracked 
|  66|0x0000000084200000, 0x0000000084300000, 0x0000000084300000|100%| O|  |TAMS 0x0000000084300000, 0x0000000084200000| Complete 
|  67|0x0000000084300000, 0x0000000084400000, 0x0000000084400000|100%| O|  |TAMS 0x0000000084400000, 0x0000000084300000| Complete 
|  68|0x0000000084400000, 0x0000000084500000, 0x0000000084500000|100%| O|  |TAMS 0x0000000084500000, 0x0000000084400000| Complete 
|  69|0x0000000084500000, 0x0000000084600000, 0x0000000084600000|100%| O|  |TAMS 0x0000000084600000, 0x0000000084500000| Untracked 
|  70|0x0000000084600000, 0x0000000084700000, 0x0000000084700000|100%| O|  |TAMS 0x0000000084700000, 0x0000000084600000| Complete 
|  71|0x0000000084700000, 0x0000000084800000, 0x0000000084800000|100%| O|  |TAMS 0x0000000084800000, 0x0000000084700000| Complete 
|  72|0x0000000084800000, 0x0000000084900000, 0x0000000084900000|100%|HS|  |TAMS 0x0000000084900000, 0x0000000084800000| Complete 
|  73|0x0000000084900000, 0x0000000084a00000, 0x0000000084a00000|100%| O|  |TAMS 0x0000000084a00000, 0x0000000084900000| Complete 
|  74|0x0000000084a00000, 0x0000000084b00000, 0x0000000084b00000|100%|HS|  |TAMS 0x0000000084a00000, 0x0000000084a00000| Complete 
|  75|0x0000000084b00000, 0x0000000084c00000, 0x0000000084c00000|100%| O|  |TAMS 0x0000000084b00000, 0x0000000084b00000| Untracked 
|  76|0x0000000084c00000, 0x0000000084d00000, 0x0000000084d00000|100%| O|  |TAMS 0x0000000084c00000, 0x0000000084c00000| Untracked 
|  77|0x0000000084d00000, 0x0000000084e00000, 0x0000000084e00000|100%|HS|  |TAMS 0x0000000084e00000, 0x0000000084d00000| Complete 
|  78|0x0000000084e00000, 0x0000000084f00000, 0x0000000084f00000|100%|HC|  |TAMS 0x0000000084f00000, 0x0000000084e00000| Complete 
|  79|0x0000000084f00000, 0x0000000085000000, 0x0000000085000000|100%|HS|  |TAMS 0x0000000085000000, 0x0000000084f00000| Complete 
|  80|0x0000000085000000, 0x0000000085100000, 0x0000000085100000|100%|HS|  |TAMS 0x0000000085100000, 0x0000000085000000| Complete 
|  81|0x0000000085100000, 0x0000000085200000, 0x0000000085200000|100%| O|  |TAMS 0x0000000085200000, 0x0000000085100000| Untracked 
|  82|0x0000000085200000, 0x0000000085300000, 0x0000000085300000|100%| O|  |TAMS 0x0000000085300000, 0x0000000085200000| Complete 
|  83|0x0000000085300000, 0x0000000085400000, 0x0000000085400000|100%|HS|  |TAMS 0x0000000085400000, 0x0000000085300000| Complete 
|  84|0x0000000085400000, 0x0000000085500000, 0x0000000085500000|100%| O|  |TAMS 0x0000000085500000, 0x0000000085400000| Untracked 
|  85|0x0000000085500000, 0x0000000085600000, 0x0000000085600000|100%| O|  |TAMS 0x0000000085600000, 0x0000000085500000| Untracked 
|  86|0x0000000085600000, 0x0000000085700000, 0x0000000085700000|100%| O|  |TAMS 0x0000000085700000, 0x0000000085600000| Untracked 
|  87|0x0000000085700000, 0x0000000085800000, 0x0000000085800000|100%| O|  |TAMS 0x0000000085800000, 0x0000000085700000| Untracked 
|  88|0x0000000085800000, 0x0000000085900000, 0x0000000085900000|100%| O|  |TAMS 0x0000000085900000, 0x0000000085800000| Untracked 
|  89|0x0000000085900000, 0x0000000085a00000, 0x0000000085a00000|100%| O|  |TAMS 0x0000000085a00000, 0x0000000085900000| Complete 
|  90|0x0000000085a00000, 0x0000000085b00000, 0x0000000085b00000|100%| O|  |TAMS 0x0000000085b00000, 0x0000000085a00000| Complete 
|  91|0x0000000085b00000, 0x0000000085c00000, 0x0000000085c00000|100%| O|  |TAMS 0x0000000085c00000, 0x0000000085b00000| Complete 
|  92|0x0000000085c00000, 0x0000000085d00000, 0x0000000085d00000|100%| O|  |TAMS 0x0000000085d00000, 0x0000000085c00000| Complete 
|  93|0x0000000085d00000, 0x0000000085e00000, 0x0000000085e00000|100%| O|  |TAMS 0x0000000085e00000, 0x0000000085d00000| Complete 
|  94|0x0000000085e00000, 0x0000000085f00000, 0x0000000085f00000|100%| O|  |TAMS 0x0000000085f00000, 0x0000000085e00000| Untracked 
|  95|0x0000000085f00000, 0x0000000086000000, 0x0000000086000000|100%| O|  |TAMS 0x0000000086000000, 0x0000000085f00000| Untracked 
|  96|0x0000000086000000, 0x0000000086100000, 0x0000000086100000|100%| O|  |TAMS 0x0000000086100000, 0x0000000086000000| Complete 
|  97|0x0000000086100000, 0x0000000086200000, 0x0000000086200000|100%| O|  |TAMS 0x0000000086200000, 0x0000000086100000| Complete 
|  98|0x0000000086200000, 0x0000000086300000, 0x0000000086300000|100%| O|  |TAMS 0x0000000086300000, 0x0000000086200000| Untracked 
|  99|0x0000000086300000, 0x0000000086400000, 0x0000000086400000|100%| O|  |TAMS 0x0000000086400000, 0x0000000086300000| Untracked 
| 100|0x0000000086400000, 0x0000000086500000, 0x0000000086500000|100%| O|  |TAMS 0x0000000086500000, 0x0000000086400000| Complete 
| 101|0x0000000086500000, 0x0000000086600000, 0x0000000086600000|100%| O|  |TAMS 0x0000000086600000, 0x0000000086500000| Untracked 
| 102|0x0000000086600000, 0x0000000086700000, 0x0000000086700000|100%| O|  |TAMS 0x0000000086700000, 0x0000000086600000| Complete 
| 103|0x0000000086700000, 0x0000000086800000, 0x0000000086800000|100%| O|  |TAMS 0x0000000086800000, 0x0000000086700000| Complete 
| 104|0x0000000086800000, 0x0000000086900000, 0x0000000086900000|100%| O|  |TAMS 0x0000000086900000, 0x0000000086800000| Complete 
| 105|0x0000000086900000, 0x0000000086a00000, 0x0000000086a00000|100%| O|  |TAMS 0x0000000086900000, 0x0000000086900000| Untracked 
| 106|0x0000000086a00000, 0x0000000086b00000, 0x0000000086b00000|100%| O|  |TAMS 0x0000000086b00000, 0x0000000086a00000| Complete 
| 107|0x0000000086b00000, 0x0000000086c00000, 0x0000000086c00000|100%| O|  |TAMS 0x0000000086c00000, 0x0000000086b00000| Complete 
| 108|0x0000000086c00000, 0x0000000086d00000, 0x0000000086d00000|100%| O|  |TAMS 0x0000000086d00000, 0x0000000086c00000| Untracked 
| 109|0x0000000086d00000, 0x0000000086e00000, 0x0000000086e00000|100%| O|  |TAMS 0x0000000086e00000, 0x0000000086d00000| Complete 
| 110|0x0000000086e00000, 0x0000000086f00000, 0x0000000086f00000|100%| O|  |TAMS 0x0000000086f00000, 0x0000000086e00000| Untracked 
| 111|0x0000000086f00000, 0x0000000087000000, 0x0000000087000000|100%| O|  |TAMS 0x0000000087000000, 0x0000000086f00000| Untracked 
| 112|0x0000000087000000, 0x0000000087100000, 0x0000000087100000|100%| O|  |TAMS 0x0000000087100000, 0x0000000087000000| Untracked 
| 113|0x0000000087100000, 0x0000000087200000, 0x0000000087200000|100%| O|  |TAMS 0x0000000087200000, 0x0000000087100000| Complete 
| 114|0x0000000087200000, 0x0000000087300000, 0x0000000087300000|100%| O|  |TAMS 0x0000000087200000, 0x0000000087200000| Untracked 
| 115|0x0000000087300000, 0x0000000087400000, 0x0000000087400000|100%| O|  |TAMS 0x0000000087400000, 0x0000000087300000| Untracked 
| 116|0x0000000087400000, 0x0000000087500000, 0x0000000087500000|100%| O|  |TAMS 0x0000000087400000, 0x0000000087400000| Untracked 
| 117|0x0000000087500000, 0x0000000087600000, 0x0000000087600000|100%| O|  |TAMS 0x0000000087600000, 0x0000000087500000| Untracked 
| 118|0x0000000087600000, 0x0000000087700000, 0x0000000087700000|100%| O|  |TAMS 0x0000000087700000, 0x0000000087600000| Untracked 
| 119|0x0000000087700000, 0x0000000087800000, 0x0000000087800000|100%| O|  |TAMS 0x0000000087800000, 0x0000000087700000| Complete 
| 120|0x0000000087800000, 0x0000000087900000, 0x0000000087900000|100%| O|  |TAMS 0x0000000087900000, 0x0000000087800000| Complete 
| 121|0x0000000087900000, 0x0000000087a00000, 0x0000000087a00000|100%| O|  |TAMS 0x0000000087a00000, 0x0000000087900000| Untracked 
| 122|0x0000000087a00000, 0x0000000087b00000, 0x0000000087b00000|100%| O|  |TAMS 0x0000000087b00000, 0x0000000087a00000| Untracked 
| 123|0x0000000087b00000, 0x0000000087c00000, 0x0000000087c00000|100%| O|  |TAMS 0x0000000087c00000, 0x0000000087b00000| Untracked 
| 124|0x0000000087c00000, 0x0000000087d00000, 0x0000000087d00000|100%| O|  |TAMS 0x0000000087d00000, 0x0000000087c00000| Untracked 
| 125|0x0000000087d00000, 0x0000000087e00000, 0x0000000087e00000|100%| O|  |TAMS 0x0000000087e00000, 0x0000000087d00000| Untracked 
| 126|0x0000000087e00000, 0x0000000087f00000, 0x0000000087f00000|100%| O|  |TAMS 0x0000000087f00000, 0x0000000087e00000| Untracked 
| 127|0x0000000087f00000, 0x0000000088000000, 0x0000000088000000|100%| O|  |TAMS 0x0000000088000000, 0x0000000087f00000| Complete 
| 128|0x0000000088000000, 0x0000000088100000, 0x0000000088100000|100%|HS|  |TAMS 0x0000000088100000, 0x0000000088000000| Complete 
| 129|0x0000000088100000, 0x0000000088200000, 0x0000000088200000|100%|HC|  |TAMS 0x0000000088200000, 0x0000000088100000| Complete 
| 130|0x0000000088200000, 0x0000000088300000, 0x0000000088300000|100%| O|  |TAMS 0x0000000088300000, 0x0000000088200000| Untracked 
| 131|0x0000000088300000, 0x0000000088400000, 0x0000000088400000|100%| O|  |TAMS 0x0000000088400000, 0x0000000088300000| Complete 
| 132|0x0000000088400000, 0x0000000088500000, 0x0000000088500000|100%| O|  |TAMS 0x0000000088500000, 0x0000000088400000| Complete 
| 133|0x0000000088500000, 0x0000000088600000, 0x0000000088600000|100%| O|  |TAMS 0x0000000088500000, 0x0000000088500000| Untracked 
| 134|0x0000000088600000, 0x0000000088700000, 0x0000000088700000|100%| O|  |TAMS 0x0000000088600000, 0x0000000088600000| Untracked 
| 135|0x0000000088700000, 0x0000000088800000, 0x0000000088800000|100%| O|  |TAMS 0x0000000088800000, 0x0000000088700000| Untracked 
| 136|0x0000000088800000, 0x0000000088900000, 0x0000000088900000|100%| O|  |TAMS 0x0000000088900000, 0x0000000088800000| Untracked 
| 137|0x0000000088900000, 0x0000000088900000, 0x0000000088a00000|  0%| F|  |TAMS 0x0000000088900000, 0x0000000088900000| Untracked 
| 138|0x0000000088a00000, 0x0000000088b00000, 0x0000000088b00000|100%| O|  |TAMS 0x0000000088b00000, 0x0000000088a00000| Complete 
| 139|0x0000000088b00000, 0x0000000088c00000, 0x0000000088c00000|100%|HS|  |TAMS 0x0000000088c00000, 0x0000000088b00000| Complete 
| 140|0x0000000088c00000, 0x0000000088d00000, 0x0000000088d00000|100%| O|  |TAMS 0x0000000088d00000, 0x0000000088c00000| Untracked 
| 141|0x0000000088d00000, 0x0000000088e00000, 0x0000000088e00000|100%| O|  |TAMS 0x0000000088e00000, 0x0000000088d00000| Untracked 
| 142|0x0000000088e00000, 0x0000000088f00000, 0x0000000088f00000|100%| O|  |TAMS 0x0000000088f00000, 0x0000000088e00000| Untracked 
| 143|0x0000000088f00000, 0x0000000089000000, 0x0000000089000000|100%| O|  |TAMS 0x0000000088fc8200, 0x0000000088f00000| Untracked 
| 144|0x0000000089000000, 0x00000000890a4800, 0x0000000089100000| 64%| O|  |TAMS 0x0000000089000000, 0x0000000089000000| Untracked 
| 145|0x0000000089100000, 0x0000000089100000, 0x0000000089200000|  0%| F|  |TAMS 0x0000000089100000, 0x0000000089100000| Untracked 
| 146|0x0000000089200000, 0x0000000089200000, 0x0000000089300000|  0%| F|  |TAMS 0x0000000089200000, 0x0000000089200000| Untracked 
| 147|0x0000000089300000, 0x0000000089300000, 0x0000000089400000|  0%| F|  |TAMS 0x0000000089300000, 0x0000000089300000| Untracked 
| 148|0x0000000089400000, 0x0000000089400000, 0x0000000089500000|  0%| F|  |TAMS 0x0000000089400000, 0x0000000089400000| Untracked 
| 149|0x0000000089500000, 0x0000000089500000, 0x0000000089600000|  0%| F|  |TAMS 0x0000000089500000, 0x0000000089500000| Untracked 
| 150|0x0000000089600000, 0x0000000089600000, 0x0000000089700000|  0%| F|  |TAMS 0x0000000089600000, 0x0000000089600000| Untracked 
| 151|0x0000000089700000, 0x0000000089700000, 0x0000000089800000|  0%| F|  |TAMS 0x0000000089700000, 0x0000000089700000| Untracked 
| 152|0x0000000089800000, 0x0000000089800000, 0x0000000089900000|  0%| F|  |TAMS 0x0000000089800000, 0x0000000089800000| Untracked 
| 153|0x0000000089900000, 0x0000000089900000, 0x0000000089a00000|  0%| F|  |TAMS 0x0000000089900000, 0x0000000089900000| Untracked 
| 154|0x0000000089a00000, 0x0000000089a00000, 0x0000000089b00000|  0%| F|  |TAMS 0x0000000089a00000, 0x0000000089a00000| Untracked 
| 155|0x0000000089b00000, 0x0000000089b00000, 0x0000000089c00000|  0%| F|  |TAMS 0x0000000089b00000, 0x0000000089b00000| Untracked 
| 156|0x0000000089c00000, 0x0000000089c00000, 0x0000000089d00000|  0%| F|  |TAMS 0x0000000089c00000, 0x0000000089c00000| Untracked 
| 157|0x0000000089d00000, 0x0000000089d00000, 0x0000000089e00000|  0%| F|  |TAMS 0x0000000089d00000, 0x0000000089d00000| Untracked 
| 158|0x0000000089e00000, 0x0000000089e00000, 0x0000000089f00000|  0%| F|  |TAMS 0x0000000089e00000, 0x0000000089e00000| Untracked 
| 159|0x0000000089f00000, 0x0000000089f00000, 0x000000008a000000|  0%| F|  |TAMS 0x0000000089f00000, 0x0000000089f00000| Untracked 
| 160|0x000000008a000000, 0x000000008a000000, 0x000000008a100000|  0%| F|  |TAMS 0x000000008a000000, 0x000000008a000000| Untracked 
| 161|0x000000008a100000, 0x000000008a100000, 0x000000008a200000|  0%| F|  |TAMS 0x000000008a100000, 0x000000008a100000| Untracked 
| 162|0x000000008a200000, 0x000000008a200000, 0x000000008a300000|  0%| F|  |TAMS 0x000000008a200000, 0x000000008a200000| Untracked 
| 163|0x000000008a300000, 0x000000008a300000, 0x000000008a400000|  0%| F|  |TAMS 0x000000008a300000, 0x000000008a300000| Untracked 
| 164|0x000000008a400000, 0x000000008a400000, 0x000000008a500000|  0%| F|  |TAMS 0x000000008a400000, 0x000000008a400000| Untracked 
| 165|0x000000008a500000, 0x000000008a500000, 0x000000008a600000|  0%| F|  |TAMS 0x000000008a500000, 0x000000008a500000| Untracked 
| 166|0x000000008a600000, 0x000000008a600000, 0x000000008a700000|  0%| F|  |TAMS 0x000000008a600000, 0x000000008a600000| Untracked 
| 167|0x000000008a700000, 0x000000008a700000, 0x000000008a800000|  0%| F|  |TAMS 0x000000008a700000, 0x000000008a700000| Untracked 
| 168|0x000000008a800000, 0x000000008a800000, 0x000000008a900000|  0%| F|  |TAMS 0x000000008a800000, 0x000000008a800000| Untracked 
| 169|0x000000008a900000, 0x000000008a900000, 0x000000008aa00000|  0%| F|  |TAMS 0x000000008a900000, 0x000000008a900000| Untracked 
| 170|0x000000008aa00000, 0x000000008aa00000, 0x000000008ab00000|  0%| F|  |TAMS 0x000000008aa00000, 0x000000008aa00000| Untracked 
| 171|0x000000008ab00000, 0x000000008ab00000, 0x000000008ac00000|  0%| F|  |TAMS 0x000000008ab00000, 0x000000008ab00000| Untracked 
| 172|0x000000008ac00000, 0x000000008ac00000, 0x000000008ad00000|  0%| F|  |TAMS 0x000000008ac00000, 0x000000008ac00000| Untracked 
| 173|0x000000008ad00000, 0x000000008ad00000, 0x000000008ae00000|  0%| F|  |TAMS 0x000000008ad00000, 0x000000008ad00000| Untracked 
| 174|0x000000008ae00000, 0x000000008ae00000, 0x000000008af00000|  0%| F|  |TAMS 0x000000008ae00000, 0x000000008ae00000| Untracked 
| 175|0x000000008af00000, 0x000000008af00000, 0x000000008b000000|  0%| F|  |TAMS 0x000000008af00000, 0x000000008af00000| Untracked 
| 176|0x000000008b000000, 0x000000008b000000, 0x000000008b100000|  0%| F|  |TAMS 0x000000008b000000, 0x000000008b000000| Untracked 
| 177|0x000000008b100000, 0x000000008b100000, 0x000000008b200000|  0%| F|  |TAMS 0x000000008b100000, 0x000000008b100000| Untracked 
| 178|0x000000008b200000, 0x000000008b200000, 0x000000008b300000|  0%| F|  |TAMS 0x000000008b200000, 0x000000008b200000| Untracked 
| 179|0x000000008b300000, 0x000000008b300000, 0x000000008b400000|  0%| F|  |TAMS 0x000000008b300000, 0x000000008b300000| Untracked 
| 180|0x000000008b400000, 0x000000008b400000, 0x000000008b500000|  0%| F|  |TAMS 0x000000008b400000, 0x000000008b400000| Untracked 
| 181|0x000000008b500000, 0x000000008b500000, 0x000000008b600000|  0%| F|  |TAMS 0x000000008b500000, 0x000000008b500000| Untracked 
| 182|0x000000008b600000, 0x000000008b600000, 0x000000008b700000|  0%| F|  |TAMS 0x000000008b600000, 0x000000008b600000| Untracked 
| 183|0x000000008b700000, 0x000000008b700000, 0x000000008b800000|  0%| F|  |TAMS 0x000000008b700000, 0x000000008b700000| Untracked 
| 184|0x000000008b800000, 0x000000008b800000, 0x000000008b900000|  0%| F|  |TAMS 0x000000008b800000, 0x000000008b800000| Untracked 
| 185|0x000000008b900000, 0x000000008b900000, 0x000000008ba00000|  0%| F|  |TAMS 0x000000008b900000, 0x000000008b900000| Untracked 
| 186|0x000000008ba00000, 0x000000008ba00000, 0x000000008bb00000|  0%| F|  |TAMS 0x000000008ba00000, 0x000000008ba00000| Untracked 
| 187|0x000000008bb00000, 0x000000008bb00000, 0x000000008bc00000|  0%| F|  |TAMS 0x000000008bb00000, 0x000000008bb00000| Untracked 
| 188|0x000000008bc00000, 0x000000008bc00000, 0x000000008bd00000|  0%| F|  |TAMS 0x000000008bc00000, 0x000000008bc00000| Untracked 
| 189|0x000000008bd00000, 0x000000008bd00000, 0x000000008be00000|  0%| F|  |TAMS 0x000000008bd00000, 0x000000008bd00000| Untracked 
| 190|0x000000008be00000, 0x000000008be00000, 0x000000008bf00000|  0%| F|  |TAMS 0x000000008be00000, 0x000000008be00000| Untracked 
| 191|0x000000008bf00000, 0x000000008bf00000, 0x000000008c000000|  0%| F|  |TAMS 0x000000008bf00000, 0x000000008bf00000| Untracked 
| 192|0x000000008c000000, 0x000000008c000000, 0x000000008c100000|  0%| F|  |TAMS 0x000000008c000000, 0x000000008c000000| Untracked 
| 193|0x000000008c100000, 0x000000008c100000, 0x000000008c200000|  0%| F|  |TAMS 0x000000008c100000, 0x000000008c100000| Untracked 
| 194|0x000000008c200000, 0x000000008c200000, 0x000000008c300000|  0%| F|  |TAMS 0x000000008c200000, 0x000000008c200000| Untracked 
| 195|0x000000008c300000, 0x000000008c300000, 0x000000008c400000|  0%| F|  |TAMS 0x000000008c300000, 0x000000008c300000| Untracked 
| 196|0x000000008c400000, 0x000000008c400000, 0x000000008c500000|  0%| F|  |TAMS 0x000000008c400000, 0x000000008c400000| Untracked 
| 197|0x000000008c500000, 0x000000008c500000, 0x000000008c600000|  0%| F|  |TAMS 0x000000008c500000, 0x000000008c500000| Untracked 
| 198|0x000000008c600000, 0x000000008c600000, 0x000000008c700000|  0%| F|  |TAMS 0x000000008c600000, 0x000000008c600000| Untracked 
| 199|0x000000008c700000, 0x000000008c700000, 0x000000008c800000|  0%| F|  |TAMS 0x000000008c700000, 0x000000008c700000| Untracked 
| 200|0x000000008c800000, 0x000000008c800000, 0x000000008c900000|  0%| F|  |TAMS 0x000000008c800000, 0x000000008c800000| Untracked 
| 201|0x000000008c900000, 0x000000008c900000, 0x000000008ca00000|  0%| F|  |TAMS 0x000000008c900000, 0x000000008c900000| Untracked 
| 202|0x000000008ca00000, 0x000000008ca00000, 0x000000008cb00000|  0%| F|  |TAMS 0x000000008ca00000, 0x000000008ca00000| Untracked 
| 203|0x000000008cb00000, 0x000000008cb00000, 0x000000008cc00000|  0%| F|  |TAMS 0x000000008cb00000, 0x000000008cb00000| Untracked 
| 204|0x000000008cc00000, 0x000000008cc00000, 0x000000008cd00000|  0%| F|  |TAMS 0x000000008cc00000, 0x000000008cc00000| Untracked 
| 205|0x000000008cd00000, 0x000000008cd00000, 0x000000008ce00000|  0%| F|  |TAMS 0x000000008cd00000, 0x000000008cd00000| Untracked 
| 206|0x000000008ce00000, 0x000000008ce00000, 0x000000008cf00000|  0%| F|  |TAMS 0x000000008ce00000, 0x000000008ce00000| Untracked 
| 207|0x000000008cf00000, 0x000000008cf00000, 0x000000008d000000|  0%| F|  |TAMS 0x000000008cf00000, 0x000000008cf00000| Untracked 
| 208|0x000000008d000000, 0x000000008d000000, 0x000000008d100000|  0%| F|  |TAMS 0x000000008d000000, 0x000000008d000000| Untracked 
| 209|0x000000008d100000, 0x000000008d100000, 0x000000008d200000|  0%| F|  |TAMS 0x000000008d100000, 0x000000008d100000| Untracked 
| 210|0x000000008d200000, 0x000000008d200000, 0x000000008d300000|  0%| F|  |TAMS 0x000000008d200000, 0x000000008d200000| Untracked 
| 211|0x000000008d300000, 0x000000008d300000, 0x000000008d400000|  0%| F|  |TAMS 0x000000008d300000, 0x000000008d300000| Untracked 
| 212|0x000000008d400000, 0x000000008d400000, 0x000000008d500000|  0%| F|  |TAMS 0x000000008d400000, 0x000000008d400000| Untracked 
| 213|0x000000008d500000, 0x000000008d500000, 0x000000008d600000|  0%| F|  |TAMS 0x000000008d500000, 0x000000008d500000| Untracked 
| 214|0x000000008d600000, 0x000000008d600000, 0x000000008d700000|  0%| F|  |TAMS 0x000000008d600000, 0x000000008d600000| Untracked 
| 215|0x000000008d700000, 0x000000008d700000, 0x000000008d800000|  0%| F|  |TAMS 0x000000008d700000, 0x000000008d700000| Untracked 
| 216|0x000000008d800000, 0x000000008d800000, 0x000000008d900000|  0%| F|  |TAMS 0x000000008d800000, 0x000000008d800000| Untracked 
| 217|0x000000008d900000, 0x000000008d900000, 0x000000008da00000|  0%| F|  |TAMS 0x000000008d900000, 0x000000008d900000| Untracked 
| 218|0x000000008da00000, 0x000000008da00000, 0x000000008db00000|  0%| F|  |TAMS 0x000000008da00000, 0x000000008da00000| Untracked 
| 219|0x000000008db00000, 0x000000008db00000, 0x000000008dc00000|  0%| F|  |TAMS 0x000000008db00000, 0x000000008db00000| Untracked 
| 220|0x000000008dc00000, 0x000000008dc00000, 0x000000008dd00000|  0%| F|  |TAMS 0x000000008dc00000, 0x000000008dc00000| Untracked 
| 221|0x000000008dd00000, 0x000000008dd00000, 0x000000008de00000|  0%| F|  |TAMS 0x000000008dd00000, 0x000000008dd00000| Untracked 
| 222|0x000000008de00000, 0x000000008de00000, 0x000000008df00000|  0%| F|  |TAMS 0x000000008de00000, 0x000000008de00000| Untracked 
| 223|0x000000008df00000, 0x000000008df00000, 0x000000008e000000|  0%| F|  |TAMS 0x000000008df00000, 0x000000008df00000| Untracked 
| 224|0x000000008e000000, 0x000000008e000000, 0x000000008e100000|  0%| F|  |TAMS 0x000000008e000000, 0x000000008e000000| Untracked 
| 225|0x000000008e100000, 0x000000008e100000, 0x000000008e200000|  0%| F|  |TAMS 0x000000008e100000, 0x000000008e100000| Untracked 
| 226|0x000000008e200000, 0x000000008e200000, 0x000000008e300000|  0%| F|  |TAMS 0x000000008e200000, 0x000000008e200000| Untracked 
| 227|0x000000008e300000, 0x000000008e300000, 0x000000008e400000|  0%| F|  |TAMS 0x000000008e300000, 0x000000008e300000| Untracked 
| 228|0x000000008e400000, 0x000000008e400000, 0x000000008e500000|  0%| F|  |TAMS 0x000000008e400000, 0x000000008e400000| Untracked 
| 229|0x000000008e500000, 0x000000008e500000, 0x000000008e600000|  0%| F|  |TAMS 0x000000008e500000, 0x000000008e500000| Untracked 
| 230|0x000000008e600000, 0x000000008e600000, 0x000000008e700000|  0%| F|  |TAMS 0x000000008e600000, 0x000000008e600000| Untracked 
| 231|0x000000008e700000, 0x000000008e700000, 0x000000008e800000|  0%| F|  |TAMS 0x000000008e700000, 0x000000008e700000| Untracked 
| 232|0x000000008e800000, 0x000000008e800000, 0x000000008e900000|  0%| F|  |TAMS 0x000000008e800000, 0x000000008e800000| Untracked 
| 233|0x000000008e900000, 0x000000008e900000, 0x000000008ea00000|  0%| F|  |TAMS 0x000000008e900000, 0x000000008e900000| Untracked 
| 234|0x000000008ea00000, 0x000000008ea00000, 0x000000008eb00000|  0%| F|  |TAMS 0x000000008ea00000, 0x000000008ea00000| Untracked 
| 235|0x000000008eb00000, 0x000000008eb00000, 0x000000008ec00000|  0%| F|  |TAMS 0x000000008eb00000, 0x000000008eb00000| Untracked 
| 236|0x000000008ec00000, 0x000000008ec00000, 0x000000008ed00000|  0%| F|  |TAMS 0x000000008ec00000, 0x000000008ec00000| Untracked 
| 237|0x000000008ed00000, 0x000000008ed00000, 0x000000008ee00000|  0%| F|  |TAMS 0x000000008ed00000, 0x000000008ed00000| Untracked 
| 238|0x000000008ee00000, 0x000000008ee00000, 0x000000008ef00000|  0%| F|  |TAMS 0x000000008ee00000, 0x000000008ee00000| Untracked 
| 239|0x000000008ef00000, 0x000000008ef00000, 0x000000008f000000|  0%| F|  |TAMS 0x000000008ef00000, 0x000000008ef00000| Untracked 
| 240|0x000000008f000000, 0x000000008f000000, 0x000000008f100000|  0%| F|  |TAMS 0x000000008f000000, 0x000000008f000000| Untracked 
| 241|0x000000008f100000, 0x000000008f100000, 0x000000008f200000|  0%| F|  |TAMS 0x000000008f100000, 0x000000008f100000| Untracked 
| 242|0x000000008f200000, 0x000000008f200000, 0x000000008f300000|  0%| F|  |TAMS 0x000000008f200000, 0x000000008f200000| Untracked 
| 243|0x000000008f300000, 0x000000008f300000, 0x000000008f400000|  0%| F|  |TAMS 0x000000008f300000, 0x000000008f300000| Untracked 
| 244|0x000000008f400000, 0x000000008f400000, 0x000000008f500000|  0%| F|  |TAMS 0x000000008f400000, 0x000000008f400000| Untracked 
| 245|0x000000008f500000, 0x000000008f500000, 0x000000008f600000|  0%| F|  |TAMS 0x000000008f500000, 0x000000008f500000| Untracked 
| 246|0x000000008f600000, 0x000000008f600000, 0x000000008f700000|  0%| F|  |TAMS 0x000000008f600000, 0x000000008f600000| Untracked 
| 247|0x000000008f700000, 0x000000008f700000, 0x000000008f800000|  0%| F|  |TAMS 0x000000008f700000, 0x000000008f700000| Untracked 
| 248|0x000000008f800000, 0x000000008f800000, 0x000000008f900000|  0%| F|  |TAMS 0x000000008f800000, 0x000000008f800000| Untracked 
| 249|0x000000008f900000, 0x000000008f900000, 0x000000008fa00000|  0%| F|  |TAMS 0x000000008f900000, 0x000000008f900000| Untracked 
| 250|0x000000008fa00000, 0x000000008fa00000, 0x000000008fb00000|  0%| F|  |TAMS 0x000000008fa00000, 0x000000008fa00000| Untracked 
| 251|0x000000008fb00000, 0x000000008fb00000, 0x000000008fc00000|  0%| F|  |TAMS 0x000000008fb00000, 0x000000008fb00000| Untracked 
| 252|0x000000008fc00000, 0x000000008fc00000, 0x000000008fd00000|  0%| F|  |TAMS 0x000000008fc00000, 0x000000008fc00000| Untracked 
| 253|0x000000008fd00000, 0x000000008fd00000, 0x000000008fe00000|  0%| F|  |TAMS 0x000000008fd00000, 0x000000008fd00000| Untracked 
| 254|0x000000008fe00000, 0x000000008fe00000, 0x000000008ff00000|  0%| F|  |TAMS 0x000000008fe00000, 0x000000008fe00000| Untracked 
| 255|0x000000008ff00000, 0x000000008ff00000, 0x0000000090000000|  0%| F|  |TAMS 0x000000008ff00000, 0x000000008ff00000| Untracked 
| 256|0x0000000090000000, 0x0000000090000000, 0x0000000090100000|  0%| F|  |TAMS 0x0000000090000000, 0x0000000090000000| Untracked 
| 257|0x0000000090100000, 0x0000000090100000, 0x0000000090200000|  0%| F|  |TAMS 0x0000000090100000, 0x0000000090100000| Untracked 
| 258|0x0000000090200000, 0x0000000090200000, 0x0000000090300000|  0%| F|  |TAMS 0x0000000090200000, 0x0000000090200000| Untracked 
| 259|0x0000000090300000, 0x0000000090300000, 0x0000000090400000|  0%| F|  |TAMS 0x0000000090300000, 0x0000000090300000| Untracked 
| 260|0x0000000090400000, 0x0000000090400000, 0x0000000090500000|  0%| F|  |TAMS 0x0000000090400000, 0x0000000090400000| Untracked 
| 261|0x0000000090500000, 0x0000000090500000, 0x0000000090600000|  0%| F|  |TAMS 0x0000000090500000, 0x0000000090500000| Untracked 
| 262|0x0000000090600000, 0x0000000090600000, 0x0000000090700000|  0%| F|  |TAMS 0x0000000090600000, 0x0000000090600000| Untracked 
| 263|0x0000000090700000, 0x0000000090700000, 0x0000000090800000|  0%| F|  |TAMS 0x0000000090700000, 0x0000000090700000| Untracked 
| 264|0x0000000090800000, 0x0000000090800000, 0x0000000090900000|  0%| F|  |TAMS 0x0000000090800000, 0x0000000090800000| Untracked 
| 265|0x0000000090900000, 0x0000000090900000, 0x0000000090a00000|  0%| F|  |TAMS 0x0000000090900000, 0x0000000090900000| Untracked 
| 266|0x0000000090a00000, 0x0000000090a00000, 0x0000000090b00000|  0%| F|  |TAMS 0x0000000090a00000, 0x0000000090a00000| Untracked 
| 267|0x0000000090b00000, 0x0000000090b00000, 0x0000000090c00000|  0%| F|  |TAMS 0x0000000090b00000, 0x0000000090b00000| Untracked 
| 268|0x0000000090c00000, 0x0000000090c00000, 0x0000000090d00000|  0%| F|  |TAMS 0x0000000090c00000, 0x0000000090c00000| Untracked 
| 269|0x0000000090d00000, 0x0000000090d00000, 0x0000000090e00000|  0%| F|  |TAMS 0x0000000090d00000, 0x0000000090d00000| Untracked 
| 270|0x0000000090e00000, 0x0000000090e00000, 0x0000000090f00000|  0%| F|  |TAMS 0x0000000090e00000, 0x0000000090e00000| Untracked 
| 271|0x0000000090f00000, 0x0000000090f00000, 0x0000000091000000|  0%| F|  |TAMS 0x0000000090f00000, 0x0000000090f00000| Untracked 
| 272|0x0000000091000000, 0x0000000091000000, 0x0000000091100000|  0%| F|  |TAMS 0x0000000091000000, 0x0000000091000000| Untracked 
| 273|0x0000000091100000, 0x0000000091100000, 0x0000000091200000|  0%| F|  |TAMS 0x0000000091100000, 0x0000000091100000| Untracked 
| 274|0x0000000091200000, 0x0000000091200000, 0x0000000091300000|  0%| F|  |TAMS 0x0000000091200000, 0x0000000091200000| Untracked 
| 275|0x0000000091300000, 0x0000000091300000, 0x0000000091400000|  0%| F|  |TAMS 0x0000000091300000, 0x0000000091300000| Untracked 
| 276|0x0000000091400000, 0x0000000091400000, 0x0000000091500000|  0%| F|  |TAMS 0x0000000091400000, 0x0000000091400000| Untracked 
| 277|0x0000000091500000, 0x0000000091500000, 0x0000000091600000|  0%| F|  |TAMS 0x0000000091500000, 0x0000000091500000| Untracked 
| 278|0x0000000091600000, 0x0000000091600000, 0x0000000091700000|  0%| F|  |TAMS 0x0000000091600000, 0x0000000091600000| Untracked 
| 279|0x0000000091700000, 0x0000000091700000, 0x0000000091800000|  0%| F|  |TAMS 0x0000000091700000, 0x0000000091700000| Untracked 
| 280|0x0000000091800000, 0x0000000091800000, 0x0000000091900000|  0%| F|  |TAMS 0x0000000091800000, 0x0000000091800000| Untracked 
| 281|0x0000000091900000, 0x0000000091900000, 0x0000000091a00000|  0%| F|  |TAMS 0x0000000091900000, 0x0000000091900000| Untracked 
| 282|0x0000000091a00000, 0x0000000091a00000, 0x0000000091b00000|  0%| F|  |TAMS 0x0000000091a00000, 0x0000000091a00000| Untracked 
| 283|0x0000000091b00000, 0x0000000091c00000, 0x0000000091c00000|100%| S|CS|TAMS 0x0000000091b00000, 0x0000000091b00000| Complete 
| 284|0x0000000091c00000, 0x0000000091c00000, 0x0000000091d00000|  0%| F|  |TAMS 0x0000000091c00000, 0x0000000091c00000| Untracked 
| 285|0x0000000091d00000, 0x0000000091d00000, 0x0000000091e00000|  0%| F|  |TAMS 0x0000000091d00000, 0x0000000091d00000| Untracked 
| 286|0x0000000091e00000, 0x0000000091e00000, 0x0000000091f00000|  0%| F|  |TAMS 0x0000000091e00000, 0x0000000091e00000| Untracked 
| 287|0x0000000091f00000, 0x0000000091f00000, 0x0000000092000000|  0%| F|  |TAMS 0x0000000091f00000, 0x0000000091f00000| Untracked 
| 288|0x0000000092000000, 0x0000000092000000, 0x0000000092100000|  0%| F|  |TAMS 0x0000000092000000, 0x0000000092000000| Untracked 
| 289|0x0000000092100000, 0x0000000092100000, 0x0000000092200000|  0%| F|  |TAMS 0x0000000092100000, 0x0000000092100000| Untracked 

Card table byte_map: [0x000001c5f7400000,0x000001c5f7800000] _byte_map_base: 0x000001c5f7000000

Marking Bits (Prev, Next): (CMBitMap*) 0x000001c5e42204b0, (CMBitMap*) 0x000001c5e4220478
 Prev Bits: [0x000001c5f9c00000, 0x000001c5fbc00000)
 Next Bits: [0x000001c5f7c00000, 0x000001c5f9c00000)

Polling page: 0x000001c5e2200000

Metaspace:

Usage:
  Non-class:     88.39 MB capacity,    86.83 MB ( 98%) used,     1.25 MB (  1%) free+waste,   322.94 KB ( <1%) overhead. 
      Class:     13.80 MB capacity,    12.80 MB ( 93%) used,   884.95 KB (  6%) free+waste,   143.63 KB (  1%) overhead. 
       Both:    102.20 MB capacity,    99.63 MB ( 97%) used,     2.11 MB (  2%) free+waste,   466.56 KB ( <1%) overhead. 

Virtual space:
  Non-class space:       90.00 MB reserved,      89.50 MB (>99%) committed 
      Class space:        1.00 GB reserved,      14.70 MB (  1%) committed 
             Both:        1.09 GB reserved,     104.20 MB (  9%) committed 

Chunk freelists:
   Non-Class:  1.05 MB
       Class:  808.00 KB
        Both:  1.83 MB

MaxMetaspaceSize: 17179869184.00 GB
CompressedClassSpaceSize: 1.00 GB

CodeHeap 'non-profiled nmethods': size=120000Kb used=4903Kb max_used=4903Kb free=115096Kb
 bounds [0x000001c5ef7a0000, 0x000001c5efc70000, 0x000001c5f6cd0000]
CodeHeap 'profiled nmethods': size=120000Kb used=33210Kb max_used=33210Kb free=86789Kb
 bounds [0x000001c5e8270000, 0x000001c5ea2e0000, 0x000001c5ef7a0000]
CodeHeap 'non-nmethods': size=5760Kb used=2337Kb max_used=2363Kb free=3422Kb
 bounds [0x000001c5e7cd0000, 0x000001c5e7f40000, 0x000001c5e8270000]
 total_blobs=15274 nmethods=14338 adapters=846
 compilation: enabled
              stopped_count=0, restarted_count=0
 full_count=0

Compilation events (20 events):
Event: 25.682 Thread 0x000001c5fe679000 15023       2       com.android.tools.r8.graph.b::p (11 bytes)
Event: 25.683 Thread 0x000001c5fe679000 nmethod 15023 0x000001c5ea2d8290 code [0x000001c5ea2d8440, 0x000001c5ea2d8558]
Event: 25.683 Thread 0x000001c5fe679000 15025       2       com.android.tools.r8.graph.z::c0 (8 bytes)
Event: 25.683 Thread 0x000001c5fe679000 nmethod 15025 0x000001c5ea2d8610 code [0x000001c5ea2d87c0, 0x000001c5ea2d88e8]
Event: 25.683 Thread 0x000001c5fe679000 15026       2       com.android.tools.r8.internal.gr::d (8 bytes)
Event: 25.683 Thread 0x000001c5fe679000 nmethod 15026 0x000001c5ea2d8a10 code [0x000001c5ea2d8bc0, 0x000001c5ea2d8ce8]
Event: 25.683 Thread 0x000001c5fe679000 15027       2       com.android.tools.r8.graph.z::S0 (8 bytes)
Event: 25.683 Thread 0x000001c5fe679000 nmethod 15027 0x000001c5ea2d8d90 code [0x000001c5ea2d8f40, 0x000001c5ea2d9068]
Event: 25.683 Thread 0x000001c5fe679000 15029       2       com.android.tools.r8.internal.gr::m (8 bytes)
Event: 25.683 Thread 0x000001c5fe679000 nmethod 15029 0x000001c5ea2d9190 code [0x000001c5ea2d9340, 0x000001c5ea2d9468]
Event: 25.683 Thread 0x000001c5fe679000 15030       2       com.android.tools.r8.internal.fr::i (32 bytes)
Event: 25.684 Thread 0x000001c5fe679000 nmethod 15030 0x000001c5ea2d9510 code [0x000001c5ea2d96e0, 0x000001c5ea2d9948]
Event: 25.684 Thread 0x000001c5fe679000 15024       2       com.android.tools.r8.internal.pr$$Lambda$2224/0x0000000100c3b440::test (12 bytes)
Event: 25.684 Thread 0x000001c5fe679000 nmethod 15024 0x000001c5ea2d9a90 code [0x000001c5ea2d9c40, 0x000001c5ea2d9da8]
Event: 25.685 Thread 0x000001c5fe679000 15031       2       com.android.tools.r8.dex.m$$Lambda$2140/0x0000000100e30840::get$Lambda (11 bytes)
Event: 25.685 Thread 0x000001c5fe679000 nmethod 15031 0x000001c5ea2d9f10 code [0x000001c5ea2da0c0, 0x000001c5ea2da318]
Event: 25.718 Thread 0x000001c5fe679000 15032 %     3       com.android.tools.r8.naming.w$b::a @ 22 (88 bytes)
Event: 25.721 Thread 0x000001c5fe679000 nmethod 15032% 0x000001c5ea2da410 code [0x000001c5ea2da7a0, 0x000001c5ea2dbe58]
Event: 25.733 Thread 0x000001c5fe679000 15033       3       com.android.tools.r8.naming.w$b::a (88 bytes)
Event: 25.736 Thread 0x000001c5fe679000 nmethod 15033 0x000001c5ea2dc890 code [0x000001c5ea2dcc20, 0x000001c5ea2de1b8]

GC Heap History (20 events):
Event: 23.717 GC heap after
{Heap after GC invocations=38 (full 0):
 garbage-first heap   total 187392K, used 128535K [0x0000000080000000, 0x0000000100000000)
  region size 1024K, 7 young (7168K), 7 survivors (7168K)
 Metaspace       used 101728K, capacity 104441K, committed 106444K, reserved 1140736K
  class space    used 13129K, capacity 14185K, committed 15052K, reserved 1048576K
}
Event: 24.002 GC heap before
{Heap before GC invocations=38 (full 0):
 garbage-first heap   total 187392K, used 150039K [0x0000000080000000, 0x0000000100000000)
  region size 1024K, 29 young (29696K), 7 survivors (7168K)
 Metaspace       used 101782K, capacity 104432K, committed 106444K, reserved 1140736K
  class space    used 13103K, capacity 14137K, committed 15052K, reserved 1048576K
}
Event: 24.026 GC heap after
{Heap after GC invocations=39 (full 0):
 garbage-first heap   total 246784K, used 134939K [0x0000000080000000, 0x0000000100000000)
  region size 1024K, 4 young (4096K), 4 survivors (4096K)
 Metaspace       used 101782K, capacity 104432K, committed 106444K, reserved 1140736K
  class space    used 13103K, capacity 14137K, committed 15052K, reserved 1048576K
}
Event: 24.368 GC heap before
{Heap before GC invocations=40 (full 0):
 garbage-first heap   total 246784K, used 185115K [0x0000000080000000, 0x0000000100000000)
  region size 1024K, 52 young (53248K), 4 survivors (4096K)
 Metaspace       used 101920K, capacity 104575K, committed 106700K, reserved 1140736K
  class space    used 13107K, capacity 14137K, committed 15052K, reserved 1048576K
}
Event: 24.386 GC heap after
{Heap after GC invocations=41 (full 0):
 garbage-first heap   total 246784K, used 142148K [0x0000000080000000, 0x0000000100000000)
  region size 1024K, 5 young (5120K), 5 survivors (5120K)
 Metaspace       used 101920K, capacity 104575K, committed 106700K, reserved 1140736K
  class space    used 13107K, capacity 14137K, committed 15052K, reserved 1048576K
}
Event: 24.429 GC heap before
{Heap before GC invocations=41 (full 0):
 garbage-first heap   total 246784K, used 148292K [0x0000000080000000, 0x0000000100000000)
  region size 1024K, 12 young (12288K), 5 survivors (5120K)
 Metaspace       used 101934K, capacity 104575K, committed 106700K, reserved 1140736K
  class space    used 13107K, capacity 14137K, committed 15052K, reserved 1048576K
}
Event: 24.440 GC heap after
{Heap after GC invocations=42 (full 0):
 garbage-first heap   total 246784K, used 141998K [0x0000000080000000, 0x0000000100000000)
  region size 1024K, 2 young (2048K), 2 survivors (2048K)
 Metaspace       used 101934K, capacity 104575K, committed 106700K, reserved 1140736K
  class space    used 13107K, capacity 14137K, committed 15052K, reserved 1048576K
}
Event: 24.468 GC heap before
{Heap before GC invocations=42 (full 0):
 garbage-first heap   total 246784K, used 148142K [0x0000000080000000, 0x0000000100000000)
  region size 1024K, 9 young (9216K), 2 survivors (2048K)
 Metaspace       used 101943K, capacity 104576K, committed 106700K, reserved 1140736K
  class space    used 13107K, capacity 14137K, committed 15052K, reserved 1048576K
}
Event: 24.474 GC heap after
{Heap after GC invocations=43 (full 0):
 garbage-first heap   total 246784K, used 141925K [0x0000000080000000, 0x0000000100000000)
  region size 1024K, 2 young (2048K), 2 survivors (2048K)
 Metaspace       used 101943K, capacity 104576K, committed 106700K, reserved 1140736K
  class space    used 13107K, capacity 14137K, committed 15052K, reserved 1048576K
}
Event: 24.788 GC heap before
{Heap before GC invocations=43 (full 0):
 garbage-first heap   total 246784K, used 189029K [0x0000000080000000, 0x0000000100000000)
  region size 1024K, 51 young (52224K), 2 survivors (2048K)
 Metaspace       used 101978K, capacity 104630K, committed 106700K, reserved 1140736K
  class space    used 13104K, capacity 14131K, committed 15052K, reserved 1048576K
}
Event: 24.798 GC heap after
{Heap after GC invocations=44 (full 0):
 garbage-first heap   total 246784K, used 141499K [0x0000000080000000, 0x0000000100000000)
  region size 1024K, 3 young (3072K), 3 survivors (3072K)
 Metaspace       used 101978K, capacity 104630K, committed 106700K, reserved 1140736K
  class space    used 13104K, capacity 14131K, committed 15052K, reserved 1048576K
}
Event: 25.155 GC heap before
{Heap before GC invocations=45 (full 0):
 garbage-first heap   total 246784K, used 193723K [0x0000000080000000, 0x0000000100000000)
  region size 1024K, 54 young (55296K), 3 survivors (3072K)
 Metaspace       used 101978K, capacity 104630K, committed 106700K, reserved 1140736K
  class space    used 13104K, capacity 14131K, committed 15052K, reserved 1048576K
}
Event: 25.167 GC heap after
{Heap after GC invocations=46 (full 0):
 garbage-first heap   total 296960K, used 143737K [0x0000000080000000, 0x0000000100000000)
  region size 1024K, 4 young (4096K), 4 survivors (4096K)
 Metaspace       used 101978K, capacity 104630K, committed 106700K, reserved 1140736K
  class space    used 13104K, capacity 14131K, committed 15052K, reserved 1048576K
}
Event: 25.251 GC heap before
{Heap before GC invocations=46 (full 0):
 garbage-first heap   total 296960K, used 153977K [0x0000000080000000, 0x0000000100000000)
  region size 1024K, 14 young (14336K), 4 survivors (4096K)
 Metaspace       used 101980K, capacity 104630K, committed 106700K, reserved 1140736K
  class space    used 13104K, capacity 14131K, committed 15052K, reserved 1048576K
}
Event: 25.263 GC heap after
{Heap after GC invocations=47 (full 0):
 garbage-first heap   total 296960K, used 138428K [0x0000000080000000, 0x0000000100000000)
  region size 1024K, 1 young (1024K), 1 survivors (1024K)
 Metaspace       used 101980K, capacity 104630K, committed 106700K, reserved 1140736K
  class space    used 13104K, capacity 14131K, committed 15052K, reserved 1048576K
}
Event: 25.278 GC heap before
{Heap before GC invocations=47 (full 0):
 garbage-first heap   total 296960K, used 140476K [0x0000000080000000, 0x0000000100000000)
  region size 1024K, 5 young (5120K), 1 survivors (1024K)
 Metaspace       used 101980K, capacity 104630K, committed 106700K, reserved 1140736K
  class space    used 13104K, capacity 14131K, committed 15052K, reserved 1048576K
}
Event: 25.286 GC heap after
{Heap after GC invocations=48 (full 0):
 garbage-first heap   total 296960K, used 138734K [0x0000000080000000, 0x0000000100000000)
  region size 1024K, 1 young (1024K), 1 survivors (1024K)
 Metaspace       used 101980K, capacity 104630K, committed 106700K, reserved 1140736K
  class space    used 13104K, capacity 14131K, committed 15052K, reserved 1048576K
}
Event: 25.725 GC heap before
{Heap before GC invocations=49 (full 0):
 garbage-first heap   total 296960K, used 217582K [0x0000000080000000, 0x0000000100000000)
  region size 1024K, 77 young (78848K), 1 survivors (1024K)
 Metaspace       used 102018K, capacity 104649K, committed 106700K, reserved 1140736K
  class space    used 13107K, capacity 14136K, committed 15052K, reserved 1048576K
}
Event: 25.732 GC heap after
{Heap after GC invocations=50 (full 0):
 garbage-first heap   total 296960K, used 148054K [0x0000000080000000, 0x0000000100000000)
  region size 1024K, 8 young (8192K), 8 survivors (8192K)
 Metaspace       used 102018K, capacity 104649K, committed 106700K, reserved 1140736K
  class space    used 13107K, capacity 14136K, committed 15052K, reserved 1048576K
}
Event: 25.745 GC heap before
{Heap before GC invocations=50 (full 0):
 garbage-first heap   total 296960K, used 154198K [0x0000000080000000, 0x0000000100000000)
  region size 1024K, 14 young (14336K), 8 survivors (8192K)
 Metaspace       used 102018K, capacity 104649K, committed 106700K, reserved 1140736K
  class space    used 13107K, capacity 14136K, committed 15052K, reserved 1048576K
}

Deoptimization events (20 events):
Event: 25.740 Thread 0x000001c58564a000 DEOPT PACKING pc=0x000001c5ea2b0e1b sp=0x00000030ddefe780
Event: 25.740 Thread 0x000001c58564a000 DEOPT UNPACKING pc=0x000001c5e7cf8ede sp=0x00000030ddefdbf0 mode 0
Event: 25.740 Thread 0x000001c58564a000 DEOPT PACKING pc=0x000001c5ea2b0e1b sp=0x00000030ddefe780
Event: 25.740 Thread 0x000001c58564a000 DEOPT UNPACKING pc=0x000001c5e7cf8ede sp=0x00000030ddefdbf0 mode 0
Event: 25.741 Thread 0x000001c58564a000 DEOPT PACKING pc=0x000001c5ea2b0e1b sp=0x00000030ddefe550
Event: 25.741 Thread 0x000001c58564a000 DEOPT UNPACKING pc=0x000001c5e7cf8ede sp=0x00000030ddefd9c0 mode 0
Event: 25.741 Thread 0x000001c58564a000 DEOPT PACKING pc=0x000001c5ea2b0e1b sp=0x00000030ddefe780
Event: 25.741 Thread 0x000001c58564a000 DEOPT UNPACKING pc=0x000001c5e7cf8ede sp=0x00000030ddefdbf0 mode 0
Event: 25.742 Thread 0x000001c583bb4000 DEOPT PACKING pc=0x000001c5ea2b0e1b sp=0x00000030dc6fbb30
Event: 25.742 Thread 0x000001c583bb4000 DEOPT UNPACKING pc=0x000001c5e7cf8ede sp=0x00000030dc6fafa0 mode 0
Event: 25.742 Thread 0x000001c58564a000 DEOPT PACKING pc=0x000001c5ea2b0e1b sp=0x00000030ddefe550
Event: 25.742 Thread 0x000001c58564a000 DEOPT UNPACKING pc=0x000001c5e7cf8ede sp=0x00000030ddefd9c0 mode 0
Event: 25.743 Thread 0x000001c58564a000 DEOPT PACKING pc=0x000001c5ea2b0e1b sp=0x00000030ddefe550
Event: 25.743 Thread 0x000001c58564a000 DEOPT UNPACKING pc=0x000001c5e7cf8ede sp=0x00000030ddefd9c0 mode 0
Event: 25.744 Thread 0x000001c58564a000 DEOPT PACKING pc=0x000001c5ea2b0e1b sp=0x00000030ddefe710
Event: 25.744 Thread 0x000001c58564a000 DEOPT UNPACKING pc=0x000001c5e7cf8ede sp=0x00000030ddefdb80 mode 0
Event: 25.744 Thread 0x000001c58564a000 DEOPT PACKING pc=0x000001c5ea2b0e1b sp=0x00000030ddefe780
Event: 25.744 Thread 0x000001c58564a000 DEOPT UNPACKING pc=0x000001c5e7cf8ede sp=0x00000030ddefdbf0 mode 0
Event: 25.745 Thread 0x000001c58564a000 DEOPT PACKING pc=0x000001c5ea2b0e1b sp=0x00000030ddefe710
Event: 25.745 Thread 0x000001c58564a000 DEOPT UNPACKING pc=0x000001c5e7cf8ede sp=0x00000030ddefdb80 mode 0

Classes redefined (0 events):
No events

Internal exceptions (20 events):
Event: 19.079 Thread 0x000001c583693800 Exception <a 'java/lang/IncompatibleClassChangeError'{0x0000000087eb1c58}: Found class java.lang.Object, but interface was expected> (0x0000000087eb1c58) thrown at [./src/hotspot/share/interpreter/linkResolver.cpp, line 839]
Event: 19.157 Thread 0x000001c583694000 Exception <a 'java/lang/NoSuchMethodError'{0x00000000875dffa8}: 'void java.lang.invoke.DirectMethodHandle$Holder.invokeVirtual(java.lang.Object, java.lang.Object, int)'> (0x00000000875dffa8) thrown at [./src/hotspot/share/interpreter/linkResolver.cpp, line 773]
Event: 19.157 Thread 0x000001c583693800 Exception <a 'java/lang/NoSuchMethodError'{0x0000000087402790}: 'void java.lang.invoke.DirectMethodHandle$Holder.invokeVirtual(java.lang.Object, java.lang.Object, int)'> (0x0000000087402790) thrown at [./src/hotspot/share/interpreter/linkResolver.cpp, line 773]
Event: 19.197 Thread 0x000001c583694000 Exception <a 'sun/nio/fs/WindowsException'{0x0000000087220448}> (0x0000000087220448) thrown at [./src/hotspot/share/prims/jni.cpp, line 615]
Event: 19.203 Thread 0x000001c583693800 Exception <a 'sun/nio/fs/WindowsException'{0x00000000872af000}> (0x00000000872af000) thrown at [./src/hotspot/share/prims/jni.cpp, line 615]
Event: 19.554 Thread 0x000001c583bba000 Exception <a 'java/lang/NoSuchMethodError'{0x00000000885e8f28}: 'int java.lang.invoke.DirectMethodHandle$Holder.invokeSpecialIFC(java.lang.Object, java.lang.Object, java.lang.Object)'> (0x00000000885e8f28) thrown at [./src/hotspot/share/interpreter/linkResolver.cpp, line 773]
Event: 19.788 Thread 0x000001c583698000 Exception <a 'sun/nio/fs/WindowsException'{0x000000008b2b3050}> (0x000000008b2b3050) thrown at [./src/hotspot/share/prims/jni.cpp, line 615]
Event: 19.848 Thread 0x000001c583695000 Exception <a 'sun/nio/fs/WindowsException'{0x000000008ab69578}> (0x000000008ab69578) thrown at [./src/hotspot/share/prims/jni.cpp, line 615]
Event: 21.372 Thread 0x000001c583696800 Exception <a 'java/lang/NoSuchMethodError'{0x000000008b1c3a78}: 'int java.lang.invoke.DirectMethodHandle$Holder.invokeInterface(java.lang.Object, java.lang.Object, int)'> (0x000000008b1c3a78) thrown at [./src/hotspot/share/interpreter/linkResolver.cpp, line 773]
Event: 22.597 Thread 0x000001c583696800 Exception <a 'sun/nio/fs/WindowsException'{0x0000000087797c48}> (0x0000000087797c48) thrown at [./src/hotspot/share/prims/jni.cpp, line 615]
Event: 22.870 Thread 0x000001c589900800 Exception <a 'sun/nio/fs/WindowsException'{0x0000000089bd6970}> (0x0000000089bd6970) thrown at [./src/hotspot/share/prims/jni.cpp, line 615]
Event: 22.911 Thread 0x000001c583bba000 Exception <a 'sun/nio/fs/WindowsException'{0x00000000896ae350}> (0x00000000896ae350) thrown at [./src/hotspot/share/prims/jni.cpp, line 615]
Event: 22.914 Thread 0x000001c583bba000 Exception <a 'sun/nio/fs/WindowsException'{0x00000000896e1338}> (0x00000000896e1338) thrown at [./src/hotspot/share/prims/jni.cpp, line 615]
Event: 22.914 Thread 0x000001c583bba000 Exception <a 'sun/nio/fs/WindowsException'{0x00000000896e1420}> (0x00000000896e1420) thrown at [./src/hotspot/share/prims/jni.cpp, line 615]
Event: 23.282 Thread 0x000001c583694000 Exception <a 'sun/nio/fs/WindowsException'{0x0000000087eebe18}> (0x0000000087eebe18) thrown at [./src/hotspot/share/prims/jni.cpp, line 615]
Event: 23.286 Thread 0x000001c583692800 Exception <a 'sun/nio/fs/WindowsException'{0x0000000087e84f60}> (0x0000000087e84f60) thrown at [./src/hotspot/share/prims/jni.cpp, line 615]
Event: 23.291 Thread 0x000001c583695000 Exception <a 'sun/nio/fs/WindowsException'{0x0000000087d28b90}> (0x0000000087d28b90) thrown at [./src/hotspot/share/prims/jni.cpp, line 615]
Event: 23.312 Thread 0x000001c583bb4000 Exception <a 'sun/nio/fs/WindowsException'{0x0000000087c54c90}> (0x0000000087c54c90) thrown at [./src/hotspot/share/prims/jni.cpp, line 615]
Event: 23.321 Thread 0x000001c583696800 Exception <a 'sun/nio/fs/WindowsException'{0x0000000088074980}> (0x0000000088074980) thrown at [./src/hotspot/share/prims/jni.cpp, line 615]
Event: 23.339 Thread 0x000001c583699000 Exception <a 'sun/nio/fs/WindowsException'{0x00000000877e5298}> (0x00000000877e5298) thrown at [./src/hotspot/share/prims/jni.cpp, line 615]

Events (20 events):
Event: 25.637 Executing VM operation: RevokeBias done
Event: 25.637 Executing VM operation: RevokeBias
Event: 25.638 Executing VM operation: RevokeBias done
Event: 25.638 Executing VM operation: RevokeBias
Event: 25.639 Executing VM operation: RevokeBias done
Event: 25.639 Executing VM operation: RevokeBias
Event: 25.640 Executing VM operation: RevokeBias done
Event: 25.640 Executing VM operation: RevokeBias
Event: 25.641 Executing VM operation: RevokeBias done
Event: 25.641 Executing VM operation: RevokeBias
Event: 25.642 Executing VM operation: RevokeBias done
Event: 25.642 Executing VM operation: RevokeBias
Event: 25.644 Executing VM operation: RevokeBias done
Event: 25.644 Executing VM operation: BulkRevokeBias
Event: 25.649 Executing VM operation: BulkRevokeBias done
Event: 25.684 Executing VM operation: CGC_Operation
Event: 25.684 Executing VM operation: CGC_Operation done
Event: 25.725 Executing VM operation: G1CollectForAllocation
Event: 25.733 Executing VM operation: G1CollectForAllocation done
Event: 25.745 Executing VM operation: G1CollectForAllocation


Dynamic libraries:
0x00007ff78f2e0000 - 0x00007ff78f2ea000 	D:\Program Files\Android\Android Studio\jre\bin\java.exe
0x00007ff94ac00000 - 0x00007ff94ae09000 	C:\WINDOWS\SYSTEM32\ntdll.dll
0x00007ff948db0000 - 0x00007ff948e6d000 	C:\WINDOWS\System32\KERNEL32.DLL
0x00007ff948670000 - 0x00007ff9489ec000 	C:\WINDOWS\System32\KERNELBASE.dll
0x00007ff948550000 - 0x00007ff948661000 	C:\WINDOWS\System32\ucrtbase.dll
0x00007ff919e60000 - 0x00007ff919e77000 	D:\Program Files\Android\Android Studio\jre\bin\VCRUNTIME140.dll
0x00007ff90e5b0000 - 0x00007ff90e5c9000 	D:\Program Files\Android\Android Studio\jre\bin\jli.dll
0x00007ff94a540000 - 0x00007ff94a6ed000 	C:\WINDOWS\System32\USER32.dll
0x00007ff9484a0000 - 0x00007ff9484c6000 	C:\WINDOWS\System32\win32u.dll
0x00007ff94a700000 - 0x00007ff94a729000 	C:\WINDOWS\System32\GDI32.dll
0x00007ff948380000 - 0x00007ff948499000 	C:\WINDOWS\System32\gdi32full.dll
0x00007ff9336a0000 - 0x00007ff933945000 	C:\WINDOWS\WinSxS\amd64_microsoft.windows.common-controls_6595b64144ccf1df_6.0.22000.120_none_9d947278b86cc467\COMCTL32.dll
0x00007ff9489f0000 - 0x00007ff948a8d000 	C:\WINDOWS\System32\msvcp_win.dll
0x00007ff94a870000 - 0x00007ff94a913000 	C:\WINDOWS\System32\msvcrt.dll
0x00007ff948e70000 - 0x00007ff948ea1000 	C:\WINDOWS\System32\IMM32.DLL
0x00007ff8f3b40000 - 0x00007ff8f3bdd000 	D:\Program Files\Android\Android Studio\jre\bin\msvcp140.dll
0x00007ff8e9c00000 - 0x00007ff8ea6cf000 	D:\Program Files\Android\Android Studio\jre\bin\server\jvm.dll
0x00007ff94aab0000 - 0x00007ff94ab5e000 	C:\WINDOWS\System32\ADVAPI32.dll
0x00007ff948eb0000 - 0x00007ff948f4e000 	C:\WINDOWS\System32\sechost.dll
0x00007ff949f80000 - 0x00007ff94a0a0000 	C:\WINDOWS\System32\RPCRT4.dll
0x00007ff94a920000 - 0x00007ff94a928000 	C:\WINDOWS\System32\PSAPI.DLL
0x00007ff932180000 - 0x00007ff932189000 	C:\WINDOWS\SYSTEM32\WSOCK32.dll
0x00007ff94aa40000 - 0x00007ff94aaaf000 	C:\WINDOWS\System32\WS2_32.dll
0x00007ff942610000 - 0x00007ff94261a000 	C:\WINDOWS\SYSTEM32\VERSION.dll
0x00007ff941b40000 - 0x00007ff941b73000 	C:\WINDOWS\SYSTEM32\WINMM.dll
0x00007ff9472c0000 - 0x00007ff9472d8000 	C:\WINDOWS\SYSTEM32\kernel.appcore.dll
0x00007ff937230000 - 0x00007ff937241000 	D:\Program Files\Android\Android Studio\jre\bin\verify.dll
0x00007ff945c40000 - 0x00007ff945e61000 	C:\WINDOWS\SYSTEM32\DBGHELP.DLL
0x00007ff939130000 - 0x00007ff939161000 	C:\WINDOWS\SYSTEM32\dbgcore.DLL
0x00007ff9484d0000 - 0x00007ff94854f000 	C:\WINDOWS\System32\bcryptPrimitives.dll
0x00007ff926690000 - 0x00007ff9266b9000 	D:\Program Files\Android\Android Studio\jre\bin\java.dll
0x00007ff937220000 - 0x00007ff93722b000 	D:\Program Files\Android\Android Studio\jre\bin\jimage.dll
0x00007ff9202e0000 - 0x00007ff9202f8000 	D:\Program Files\Android\Android Studio\jre\bin\zip.dll
0x00007ff949160000 - 0x00007ff949918000 	C:\WINDOWS\System32\SHELL32.dll
0x00007ff946250000 - 0x00007ff946ab8000 	C:\WINDOWS\SYSTEM32\windows.storage.dll
0x00007ff94a0d0000 - 0x00007ff94a449000 	C:\WINDOWS\System32\combase.dll
0x00007ff9460d0000 - 0x00007ff946236000 	C:\WINDOWS\SYSTEM32\wintypes.dll
0x00007ff948a90000 - 0x00007ff948b7a000 	C:\WINDOWS\System32\SHCORE.dll
0x00007ff949920000 - 0x00007ff94997d000 	C:\WINDOWS\System32\shlwapi.dll
0x00007ff948010000 - 0x00007ff948031000 	C:\WINDOWS\SYSTEM32\profapi.dll
0x00007ff9202c0000 - 0x00007ff9202da000 	D:\Program Files\Android\Android Studio\jre\bin\net.dll
0x00007ff940940000 - 0x00007ff940a4c000 	C:\WINDOWS\SYSTEM32\WINHTTP.dll
0x00007ff9476f0000 - 0x00007ff947757000 	C:\WINDOWS\system32\mswsock.dll
0x00007ff9201c0000 - 0x00007ff9201d4000 	D:\Program Files\Android\Android Studio\jre\bin\nio.dll
0x00007ff90f0f0000 - 0x00007ff90f117000 	C:\Users\ASUS\.gradle\native\8bec1ad78214c89d9ad589b4d07fe93259594b29d510b10fafb7a158f7737e5d\windows-amd64\native-platform.dll
0x00007ff8ef7b0000 - 0x00007ff8ef8ed000 	C:\Users\ASUS\.gradle\native\53dbd7edfb1c66fb8903c78663c9afc45aea4f116125fa6feffd364cf09443e8\windows-amd64\native-platform-file-events.dll
0x00007ff937210000 - 0x00007ff93721a000 	D:\Program Files\Android\Android Studio\jre\bin\management.dll
0x00007ff937080000 - 0x00007ff93708c000 	D:\Program Files\Android\Android Studio\jre\bin\management_ext.dll
0x00007ff947940000 - 0x00007ff947958000 	C:\WINDOWS\SYSTEM32\CRYPTSP.dll
0x00007ff947220000 - 0x00007ff947255000 	C:\WINDOWS\system32\rsaenh.dll
0x00007ff9477e0000 - 0x00007ff947809000 	C:\WINDOWS\SYSTEM32\USERENV.dll
0x00007ff947ac0000 - 0x00007ff947ae7000 	C:\WINDOWS\SYSTEM32\bcrypt.dll
0x00007ff947930000 - 0x00007ff94793c000 	C:\WINDOWS\SYSTEM32\CRYPTBASE.dll
0x00007ff946df0000 - 0x00007ff946e1d000 	C:\WINDOWS\SYSTEM32\IPHLPAPI.DLL
0x00007ff94a0c0000 - 0x00007ff94a0c9000 	C:\WINDOWS\System32\NSI.dll
0x00007ff9414f0000 - 0x00007ff941509000 	C:\WINDOWS\SYSTEM32\dhcpcsvc6.DLL
0x00007ff941960000 - 0x00007ff94197e000 	C:\WINDOWS\SYSTEM32\dhcpcsvc.DLL
0x00007ff946e60000 - 0x00007ff946f48000 	C:\WINDOWS\SYSTEM32\DNSAPI.dll

dbghelp: loaded successfully - version: 4.0.5 - missing functions: none
symbol engine: initialized successfully - sym options: 0x614 - pdb path: .;D:\Program Files\Android\Android Studio\jre\bin;C:\WINDOWS\SYSTEM32;C:\WINDOWS\WinSxS\amd64_microsoft.windows.common-controls_6595b64144ccf1df_6.0.22000.120_none_9d947278b86cc467;D:\Program Files\Android\Android Studio\jre\bin\server;C:\Users\ASUS\.gradle\native\8bec1ad78214c89d9ad589b4d07fe93259594b29d510b10fafb7a158f7737e5d\windows-amd64;C:\Users\ASUS\.gradle\native\53dbd7edfb1c66fb8903c78663c9afc45aea4f116125fa6feffd364cf09443e8\windows-amd64

VM Arguments:
jvm_args: --add-opens=java.base/java.util=ALL-UNNAMED --add-opens=java.base/java.lang=ALL-UNNAMED --add-opens=java.base/java.lang.invoke=ALL-UNNAMED --add-opens=java.base/java.util=ALL-UNNAMED --add-opens=java.prefs/java.util.prefs=ALL-UNNAMED --add-opens=java.prefs/java.util.prefs=ALL-UNNAMED --add-opens=java.base/java.nio.charset=ALL-UNNAMED --add-opens=java.base/java.net=ALL-UNNAMED --add-opens=java.base/java.util.concurrent.atomic=ALL-UNNAMED -Xmx2048m -Dfile.encoding=UTF-8 -Duser.country=CN -Duser.language=zh -Duser.variant 
java_command: org.gradle.launcher.daemon.bootstrap.GradleDaemon 7.0.2
java_class_path (initial): C:\Users\ASUS\.gradle\wrapper\dists\gradle-7.0.2-bin\857tjihv64xamwrf0h14cai3r\gradle-7.0.2\lib\gradle-launcher-7.0.2.jar
Launcher Type: SUN_STANDARD

[Global flags]
     intx CICompilerCount                          = 4                                         {product} {ergonomic}
     uint ConcGCThreads                            = 2                                         {product} {ergonomic}
     uint G1ConcRefinementThreads                  = 8                                         {product} {ergonomic}
   size_t G1HeapRegionSize                         = 1048576                                   {product} {ergonomic}
    uintx GCDrainStackTargetSize                   = 64                                        {product} {ergonomic}
   size_t InitialHeapSize                          = 132120576                                 {product} {ergonomic}
   size_t MarkStackSize                            = 4194304                                   {product} {ergonomic}
   size_t MaxHeapSize                              = 2147483648                                {product} {command line}
   size_t MaxNewSize                               = 1287651328                                {product} {ergonomic}
   size_t MinHeapDeltaBytes                        = 1048576                                   {product} {ergonomic}
    uintx NonNMethodCodeHeapSize                   = 5836300                                {pd product} {ergonomic}
    uintx NonProfiledCodeHeapSize                  = 122910970                              {pd product} {ergonomic}
    uintx ProfiledCodeHeapSize                     = 122910970                              {pd product} {ergonomic}
    uintx ReservedCodeCacheSize                    = 251658240                              {pd product} {ergonomic}
     bool SegmentedCodeCache                       = true                                      {product} {ergonomic}
     bool UseCompressedClassPointers               = true                                 {lp64_product} {ergonomic}
     bool UseCompressedOops                        = true                                 {lp64_product} {ergonomic}
     bool UseG1GC                                  = true                                      {product} {ergonomic}
     bool UseLargePagesIndividualAllocation        = false                                  {pd product} {ergonomic}

Logging:
Log output configuration:
 #0: stdout all=warning uptime,level,tags
 #1: stderr all=off uptime,level,tags

Environment Variables:
JAVA_HOME=C:\Program Files\Java\jdk1.8.0_321
CLASSPATH=.;C:\Program Files\Java\jdk1.8.0_321\lib;C:\Program Files\Java\jdk1.8.0_321\lib\tools.jar
PATH=C:\Program Files (x86)\Common Files\Oracle\Java\javapath;C:\Program Files (x86)\VMware\VMware Workstation\bin\;C:\ProgramData\Oracle\Java\javapath;C:\Program Files\Java\jdk1.8.0_321\bin;C:\Program Files\Java\jdk1.8.0_321\jre\bin;D:\Program Files\MySql\mysql-8.0.23-winx64\bin;C:\Program Files (x86)\Microsoft SQL Server\150\DTS\Binn\;C:\Program Files\Microsoft SQL Server\Client SDK\ODBC\170\Tools\Binn\;C:\Program Files (x86)\Microsoft SQL Server\150\Tools\Binn\;C:\Program Files\Microsoft SQL Server\150\Tools\Binn\;C:\Program Files\Microsoft SQL Server\150\DTS\Binn\;C:\WINDOWS\system32;C:\WINDOWS;C:\WINDOWS\System32\Wbem;C:\WINDOWS\System32\WindowsPowerShell\v1.0\;C:\WINDOWS\System32\OpenSSH\;C:\Program Files (x86)\MySQL\MySQL Server 5.1\bin;D:\apache-tomcat-8.0.50\bin;D:\apache-tomcat-8.0.50\lib;D:\nodeJs\;D:\Git\cmd;C:\Users\ASUS\AppData\Local\Microsoft\WindowsApps;C:\Users\ASUS\AppData\Roaming\npm
USERNAME=ASUS
OS=Windows_NT
PROCESSOR_IDENTIFIER=Intel64 Family 6 Model 126 Stepping 5, GenuineIntel



---------------  S Y S T E M  ---------------

OS: Windows 10 , 64 bit Build 22000 (10.0.22000.708)
OS uptime: 3 days 0:37 hours

CPU:total 8 (initial active 8) (4 cores per cpu, 2 threads per core) family 6 model 126 stepping 5 microcode 0xa6, cmov, cx8, fxsr, mmx, sse, sse2, sse3, ssse3, sse4.1, sse4.2, popcnt, avx, avx2, aes, clmul, erms, 3dnowpref, lzcnt, ht, tsc, tscinvbit, bmi1, bmi2, adx, evex, sha, fma

Memory: 4k page, system-wide physical 7997M (63M free)
TotalPageFile size 20136M (AvailPageFile size 27M)
current process WorkingSet (physical memory assigned to process): 567M, peak: 567M
current process commit charge ("private bytes"): 607M, peak: 664M

vm_info: OpenJDK 64-Bit Server VM (11.0.10+0-b96-7249189) for windows-amd64 JRE (11.0.10+0-b96-7249189), built on Mar 31 2021 21:44:00 by "builder" with MS VC++ 14.0 (VS2015)

END.
