#
# There is insufficient memory for the Java Runtime Environment to continue.
# Native memory allocation (mmap) failed to map 240123904 bytes for Failed to commit area from 0x0000000095d00000 to 0x00000000a4200000 of length 240123904.
# Possible reasons:
#   The system is out of physical RAM or swap space
#   The process is running with CompressedOops enabled, and the Java Heap may be blocking the growth of the native heap
# Possible solutions:
#   Reduce memory load on the system
#   Increase physical memory or swap space
#   Check if swap backing store is full
#   Decrease Java heap size (-Xmx/-Xms)
#   Decrease number of Java threads
#   Decrease Java thread stack sizes (-Xss)
#   Set larger code cache with -XX:ReservedCodeCacheSize=
#   JVM is running with Unscaled Compressed Oops mode in which the Java heap is
#     placed in the first 4GB address space. The Java Heap base address is the
#     maximum limit for the native heap growth. Please use -XX:HeapBaseMinAddress
#     to set the Java Heap base and to place the Java Heap above 4GB virtual address.
# This output file may be truncated or incomplete.
#
#  Out of Memory Error (./src/hotspot/os/windows/os_windows.cpp:3301), pid=16440, tid=23036
#
# JRE version: OpenJDK Runtime Environment (11.0.10) (build 11.0.10+0-b96-7249189)
# Java VM: OpenJDK 64-Bit Server VM (11.0.10+0-b96-7249189, mixed mode, tiered, compressed oops, g1 gc, windows-amd64)
# No core dump will be written. Minidumps are not enabled by default on client versions of Windows
#

---------------  S U M M A R Y ------------

Command Line: --add-opens=java.base/java.util=ALL-UNNAMED --add-opens=java.base/java.lang=ALL-UNNAMED --add-opens=java.base/java.lang.invoke=ALL-UNNAMED --add-opens=java.base/java.util=ALL-UNNAMED --add-opens=java.prefs/java.util.prefs=ALL-UNNAMED --add-opens=java.prefs/java.util.prefs=ALL-UNNAMED --add-opens=java.base/java.nio.charset=ALL-UNNAMED --add-opens=java.base/java.net=ALL-UNNAMED --add-opens=java.base/java.util.concurrent.atomic=ALL-UNNAMED -Xmx2048m -Dfile.encoding=UTF-8 -Duser.country=CN -Duser.language=zh -Duser.variant org.gradle.launcher.daemon.bootstrap.GradleDaemon 7.0.2

Host: Intel(R) Core(TM) i5-1035G1 CPU @ 1.00GHz, 8 cores, 7G,  Windows 10 , 64 bit Build 22000 (10.0.22000.708)
Time: Thu Oct 13 10:36:49 2022 中国标准时间 elapsed time: 22.271909 seconds (0d 0h 0m 22s)

---------------  T H R E A D  ---------------

Current thread (0x0000021d7ac94800):  VMThread "VM Thread" [stack: 0x000000e629d00000,0x000000e629e00000] [id=23036]

Stack: [0x000000e629d00000,0x000000e629e00000]
[error occurred during error reporting (printing stack bounds), id 0xc0000005, EXCEPTION_ACCESS_VIOLATION (0xc0000005) at pc=0x0000021d000010e7]

Native frames: (J=compiled Java code, j=interpreted, Vv=VM code, C=native code)
V  [jvm.dll+0x5ecfaa]
V  [jvm.dll+0x722bd5]
V  [jvm.dll+0x72412d]
V  [jvm.dll+0x724745]
V  [jvm.dll+0x7246fb]
V  [jvm.dll+0x5ec348]
V  [jvm.dll+0x5ecad8]
C  [ntdll.dll+0xa8b1f]
C  [ntdll.dll+0x35b9a]
C  [ntdll.dll+0xa7b2e]
C  0x0000021d000010e7

VM_Operation (0x000000e62ccf8870): G1CollectForAllocation, mode: safepoint, requested by thread 0x0000021d7f0ee800


---------------  P R O C E S S  ---------------

Threads class SMR info:
_java_thread_list=0x0000021d7ecdc730, length=60, elements={
0x0000021d6f780800, 0x0000021d7ac9a000, 0x0000021d7ac9d800, 0x0000021d7acc7000,
0x0000021d7acca000, 0x0000021d7accb800, 0x0000021d7b517000, 0x0000021d7b51b000,
0x0000021d7b528000, 0x0000021d7b68d000, 0x0000021d7cef7800, 0x0000021d7c6d3800,
0x0000021d7b766800, 0x0000021d7e962800, 0x0000021d7d9bd800, 0x0000021d7d4df000,
0x0000021d7d4de000, 0x0000021d7d4e0800, 0x0000021d7d4e1000, 0x0000021d7d4dc800,
0x0000021d7d4db800, 0x0000021d7d4df800, 0x0000021d7d4e2000, 0x0000021d7d4dd000,
0x0000021d7f0e2800, 0x0000021d7f0e3000, 0x0000021d7f0e4000, 0x0000021d7f0e5800,
0x0000021d7f0e1800, 0x0000021d7f0e6800, 0x0000021d7f0e9000, 0x0000021d7f0e7800,
0x0000021d7f0e8000, 0x0000021d7f0eb800, 0x0000021d7f0ec000, 0x0000021d7f0ed000,
0x0000021d7f0ee000, 0x0000021d7f0ee800, 0x0000021d7f0f0000, 0x0000021d7baf1000,
0x0000021d7baee000, 0x0000021d7baf2000, 0x0000021d7baee800, 0x0000021d7baec800,
0x0000021d7baf0800, 0x0000021d7baf3000, 0x0000021d7baed000, 0x0000021d7baf4800,
0x0000021d7baf3800, 0x0000021d7baf5800, 0x0000021d7baf7000, 0x0000021d7baf9800,
0x0000021d7bafb000, 0x0000021d7baf6000, 0x0000021d7baf7800, 0x0000021d7baf8800,
0x0000021d7bafa000, 0x0000021d11e83800, 0x0000021d11e7f000, 0x0000021d11e80800
}

Java Threads: ( => current thread )
  0x0000021d6f780800 JavaThread "main" [_thread_blocked, id=22264, stack(0x000000e629700000,0x000000e629800000)]
  0x0000021d7ac9a000 JavaThread "Reference Handler" daemon [_thread_blocked, id=4580, stack(0x000000e629e00000,0x000000e629f00000)]
  0x0000021d7ac9d800 JavaThread "Finalizer" daemon [_thread_blocked, id=22920, stack(0x000000e629f00000,0x000000e62a000000)]
  0x0000021d7acc7000 JavaThread "Signal Dispatcher" daemon [_thread_blocked, id=23260, stack(0x000000e62a000000,0x000000e62a100000)]
  0x0000021d7acca000 JavaThread "Attach Listener" daemon [_thread_blocked, id=21628, stack(0x000000e62a100000,0x000000e62a200000)]
  0x0000021d7accb800 JavaThread "Service Thread" daemon [_thread_blocked, id=17212, stack(0x000000e62a200000,0x000000e62a300000)]
  0x0000021d7b517000 JavaThread "C2 CompilerThread0" daemon [_thread_blocked, id=10704, stack(0x000000e62a300000,0x000000e62a400000)]
  0x0000021d7b51b000 JavaThread "C1 CompilerThread0" daemon [_thread_blocked, id=20324, stack(0x000000e62a400000,0x000000e62a500000)]
  0x0000021d7b528000 JavaThread "Sweeper thread" daemon [_thread_blocked, id=22980, stack(0x000000e62a500000,0x000000e62a600000)]
  0x0000021d7b68d000 JavaThread "Common-Cleaner" daemon [_thread_blocked, id=24124, stack(0x000000e62a600000,0x000000e62a700000)]
  0x0000021d7cef7800 JavaThread "Daemon health stats" [_thread_blocked, id=1764, stack(0x000000e62ab00000,0x000000e62ac00000)]
  0x0000021d7c6d3800 JavaThread "Incoming local TCP Connector on port 58005" [_thread_in_native, id=12384, stack(0x000000e62a800000,0x000000e62a900000)]
  0x0000021d7b766800 JavaThread "Daemon periodic checks" [_thread_blocked, id=21852, stack(0x000000e62ac00000,0x000000e62ad00000)]
  0x0000021d7e962800 JavaThread "Daemon" [_thread_blocked, id=19976, stack(0x000000e62ae00000,0x000000e62af00000)]
  0x0000021d7d9bd800 JavaThread "Handler for socket connection from /127.0.0.1:58005 to /127.0.0.1:58006" [_thread_in_native, id=18880, stack(0x000000e62af00000,0x000000e62b000000)]
  0x0000021d7d4df000 JavaThread "Cancel handler" [_thread_blocked, id=23632, stack(0x000000e62b000000,0x000000e62b100000)]
  0x0000021d7d4de000 JavaThread "Daemon worker" [_thread_blocked, id=3752, stack(0x000000e62b100000,0x000000e62b200000)]
  0x0000021d7d4e0800 JavaThread "Asynchronous log dispatcher for DefaultDaemonConnection: socket connection from /127.0.0.1:58005 to /127.0.0.1:58006" [_thread_blocked, id=17180, stack(0x000000e62b200000,0x000000e62b300000)]
  0x0000021d7d4e1000 JavaThread "Stdin handler" [_thread_blocked, id=19432, stack(0x000000e62b300000,0x000000e62b400000)]
  0x0000021d7d4dc800 JavaThread "Daemon client event forwarder" [_thread_blocked, id=15312, stack(0x000000e62b400000,0x000000e62b500000)]
  0x0000021d7d4db800 JavaThread "Cache worker for file hash cache (C:\Users\ASUS\.gradle\caches\7.0.2\fileHashes)" [_thread_blocked, id=12728, stack(0x000000e62ba00000,0x000000e62bb00000)]
  0x0000021d7d4df800 JavaThread "File lock request listener" [_thread_in_native, id=3992, stack(0x000000e62bb00000,0x000000e62bc00000)]
  0x0000021d7d4e2000 JavaThread "Cache worker for journal cache (C:\Users\ASUS\.gradle\caches\journal-1)" [_thread_blocked, id=10340, stack(0x000000e62bd00000,0x000000e62be00000)]
  0x0000021d7d4dd000 JavaThread "Cache worker for file hash cache (D:\WorkSpace\.gradle\7.0.2\fileHashes)" [_thread_blocked, id=13424, stack(0x000000e62be00000,0x000000e62bf00000)]
  0x0000021d7f0e2800 JavaThread "File watcher server" daemon [_thread_blocked, id=19412, stack(0x000000e62bf00000,0x000000e62c000000)]
  0x0000021d7f0e3000 JavaThread "File watcher consumer" daemon [_thread_blocked, id=19900, stack(0x000000e62c000000,0x000000e62c100000)]
  0x0000021d7f0e4000 JavaThread "Cache worker for checksums cache (D:\WorkSpace\.gradle\checksums)" [_thread_blocked, id=12708, stack(0x000000e62c100000,0x000000e62c200000)]
  0x0000021d7f0e5800 JavaThread "Cache worker for cache directory md-supplier (C:\Users\ASUS\.gradle\caches\7.0.2\md-supplier)" [_thread_blocked, id=10336, stack(0x000000e62c200000,0x000000e62c300000)]
  0x0000021d7f0e1800 JavaThread "Cache worker for cache directory md-rule (C:\Users\ASUS\.gradle\caches\7.0.2\md-rule)" [_thread_blocked, id=9760, stack(0x000000e62c300000,0x000000e62c400000)]
  0x0000021d7f0e6800 JavaThread "Cache worker for execution history cache (C:\Users\ASUS\.gradle\caches\7.0.2\executionHistory)" [_thread_blocked, id=23740, stack(0x000000e62c400000,0x000000e62c500000)]
  0x0000021d7f0e9000 JavaThread "jar transforms" [_thread_blocked, id=9548, stack(0x000000e62c500000,0x000000e62c600000)]
  0x0000021d7f0e7800 JavaThread "jar transforms Thread 2" [_thread_blocked, id=7652, stack(0x000000e62c600000,0x000000e62c700000)]
  0x0000021d7f0e8000 JavaThread "Cache worker for file content cache (C:\Users\ASUS\.gradle\caches\7.0.2\fileContent)" [_thread_blocked, id=15340, stack(0x000000e62c700000,0x000000e62c800000)]
  0x0000021d7f0eb800 JavaThread "Cache worker for dependencies-accessors (D:\WorkSpace\.gradle\7.0.2\dependencies-accessors)" [_thread_blocked, id=13916, stack(0x000000e62c800000,0x000000e62c900000)]
  0x0000021d7f0ec000 JavaThread "jar transforms Thread 3" [_thread_blocked, id=16912, stack(0x000000e62c900000,0x000000e62ca00000)]
  0x0000021d7f0ed000 JavaThread "Cache worker for Build Output Cleanup Cache (D:\WorkSpace\.gradle\buildOutputCleanup)" [_thread_blocked, id=11444, stack(0x000000e62ca00000,0x000000e62cb00000)]
  0x0000021d7f0ee000 JavaThread "Build operations" [_thread_blocked, id=7144, stack(0x000000e62cb00000,0x000000e62cc00000)]
  0x0000021d7f0ee800 JavaThread "Build operations Thread 2" [_thread_blocked, id=11336, stack(0x000000e62cc00000,0x000000e62cd00000)]
  0x0000021d7f0f0000 JavaThread "Build operations Thread 3" [_thread_blocked, id=23052, stack(0x000000e62cd00000,0x000000e62ce00000)]
  0x0000021d7baf1000 JavaThread "Build operations Thread 4" [_thread_blocked, id=8088, stack(0x000000e62ce00000,0x000000e62cf00000)]
  0x0000021d7baee000 JavaThread "Build operations Thread 5" [_thread_blocked, id=11848, stack(0x000000e62cf00000,0x000000e62d000000)]
  0x0000021d7baf2000 JavaThread "Build operations Thread 6" [_thread_blocked, id=22368, stack(0x000000e62d000000,0x000000e62d100000)]
  0x0000021d7baee800 JavaThread "Build operations Thread 7" [_thread_blocked, id=22996, stack(0x000000e62d100000,0x000000e62d200000)]
  0x0000021d7baec800 JavaThread "Build operations Thread 8" [_thread_blocked, id=1568, stack(0x000000e62d200000,0x000000e62d300000)]
  0x0000021d7baf0800 JavaThread "jar transforms Thread 4" [_thread_blocked, id=15816, stack(0x000000e62d300000,0x000000e62d400000)]
  0x0000021d7baf3000 JavaThread "jar transforms Thread 5" [_thread_blocked, id=23876, stack(0x000000e62d400000,0x000000e62d500000)]
  0x0000021d7baed000 JavaThread "jar transforms Thread 6" [_thread_blocked, id=7528, stack(0x000000e62d500000,0x000000e62d600000)]
  0x0000021d7baf4800 JavaThread "jar transforms Thread 7" [_thread_blocked, id=8788, stack(0x000000e62d600000,0x000000e62d700000)]
  0x0000021d7baf3800 JavaThread "jar transforms Thread 8" [_thread_blocked, id=23284, stack(0x000000e62d700000,0x000000e62d800000)]
  0x0000021d7baf5800 JavaThread "Memory manager" [_thread_blocked, id=17792, stack(0x000000e62d800000,0x000000e62d900000)]
  0x0000021d7baf7000 JavaThread "build event listener" [_thread_blocked, id=15024, stack(0x000000e62d900000,0x000000e62da00000)]
  0x0000021d7baf9800 JavaThread "Execution worker for ':'" [_thread_blocked, id=23920, stack(0x000000e62da00000,0x000000e62db00000)]
  0x0000021d7bafb000 JavaThread "Execution worker for ':' Thread 2" [_thread_blocked, id=8592, stack(0x000000e62db00000,0x000000e62dc00000)]
  0x0000021d7baf6000 JavaThread "Execution worker for ':' Thread 3" [_thread_blocked, id=16876, stack(0x000000e62dc00000,0x000000e62dd00000)]
  0x0000021d7baf7800 JavaThread "Execution worker for ':' Thread 4" [_thread_blocked, id=21688, stack(0x000000e62dd00000,0x000000e62de00000)]
  0x0000021d7baf8800 JavaThread "Execution worker for ':' Thread 5" [_thread_blocked, id=19860, stack(0x000000e62de00000,0x000000e62df00000)]
  0x0000021d7bafa000 JavaThread "Execution worker for ':' Thread 6" [_thread_blocked, id=22540, stack(0x000000e62df00000,0x000000e62e000000)]
  0x0000021d11e83800 JavaThread "Execution worker for ':' Thread 7" [_thread_blocked, id=10496, stack(0x000000e62e000000,0x000000e62e100000)]
  0x0000021d11e7f000 JavaThread "Cache worker for execution history cache (D:\WorkSpace\.gradle\7.0.2\executionHistory)" [_thread_blocked, id=2492, stack(0x000000e62e100000,0x000000e62e200000)]
  0x0000021d11e80800 JavaThread "WorkerExecutor Queue" [_thread_blocked, id=12732, stack(0x000000e62ad00000,0x000000e62ae00000)]

Other Threads:
=>0x0000021d7ac94800 VMThread "VM Thread" [stack: 0x000000e629d00000,0x000000e629e00000] [id=23036]
  0x0000021d7b6be800 WatcherThread [stack: 0x000000e62a700000,0x000000e62a800000] [id=16792]
  0x0000021d6f79a800 GCTaskThread "GC Thread#0" [stack: 0x000000e629800000,0x000000e629900000] [id=22516]
  0x0000021d7c34c000 GCTaskThread "GC Thread#1" [stack: 0x000000e62a900000,0x000000e62aa00000] [id=24112]
  0x0000021d7c1bd000 GCTaskThread "GC Thread#2" [stack: 0x000000e62aa00000,0x000000e62ab00000] [id=16556]
  0x0000021d7da1c800 GCTaskThread "GC Thread#3" [stack: 0x000000e62b500000,0x000000e62b600000] [id=7968]
  0x0000021d7dc36000 GCTaskThread "GC Thread#4" [stack: 0x000000e62b600000,0x000000e62b700000] [id=23068]
  0x0000021d7dd7a800 GCTaskThread "GC Thread#5" [stack: 0x000000e62b700000,0x000000e62b800000] [id=23028]
  0x0000021d7dd7b000 GCTaskThread "GC Thread#6" [stack: 0x000000e62b800000,0x000000e62b900000] [id=23548]
  0x0000021d7d614800 GCTaskThread "GC Thread#7" [stack: 0x000000e62b900000,0x000000e62ba00000] [id=23532]
  0x0000021d6f7ca800 ConcurrentGCThread "G1 Main Marker" [stack: 0x000000e629900000,0x000000e629a00000] [id=9136]
  0x0000021d6f7cd000 ConcurrentGCThread "G1 Conc#0" [stack: 0x000000e629a00000,0x000000e629b00000] [id=19760]
  0x0000021d7e71e000 ConcurrentGCThread "G1 Conc#1" [stack: 0x000000e62bc00000,0x000000e62bd00000] [id=4936]
  0x0000021d7aae0800 ConcurrentGCThread "G1 Refine#0" [stack: 0x000000e629b00000,0x000000e629c00000] [id=10092]
  0x0000021d6f85e800 ConcurrentGCThread "G1 Young RemSet Sampling" [stack: 0x000000e629c00000,0x000000e629d00000] [id=19504]

Threads with active compile tasks:
C2 CompilerThread0  22295 12583       4       com.android.tools.r8.internal.Lv::a (455 bytes)
C1 CompilerThread0  22296 12683 % !   3       com.android.tools.r8.graph.i::a @ 133 (1446 bytes)

VM state:at safepoint (normal execution)

VM Mutex/Monitor currently owned by a thread:  ([mutex/lock_event])
[0x0000021d6f77d680] Threads_lock - owner thread: 0x0000021d7ac94800
[0x0000021d6f77d7a0] Heap_lock - owner thread: 0x0000021d7f0ee800

Heap address: 0x0000000080000000, size: 2048 MB, Compressed Oops mode: 32-bit
Narrow klass base: 0x0000000000000000, Narrow klass shift: 3
Compressed class space size: 1073741824 Address: 0x0000000100000000

Heap:
 garbage-first heap   total 591872K, used 147508K [0x0000000080000000, 0x0000000100000000)
  region size 1024K, 12 young (12288K), 12 survivors (12288K)
 Metaspace       used 97600K, capacity 100201K, committed 100556K, reserved 1136640K
  class space    used 12849K, capacity 13871K, committed 14028K, reserved 1048576K
Heap Regions: E=young(eden), S=young(survivor), O=old, HS=humongous(starts), HC=humongous(continues), CS=collection set, F=free, A=archive, TAMS=top-at-mark-start (previous, next)
|   0|0x0000000080000000, 0x0000000080100000, 0x0000000080100000|100%| O|  |TAMS 0x0000000080100000, 0x0000000080000000| Untracked 
|   1|0x0000000080100000, 0x0000000080200000, 0x0000000080200000|100%| O|  |TAMS 0x0000000080200000, 0x0000000080100000| Untracked 
|   2|0x0000000080200000, 0x0000000080300000, 0x0000000080300000|100%| O|  |TAMS 0x0000000080300000, 0x0000000080200000| Untracked 
|   3|0x0000000080300000, 0x0000000080400000, 0x0000000080400000|100%|HS|  |TAMS 0x0000000080400000, 0x0000000080300000| Complete 
|   4|0x0000000080400000, 0x0000000080500000, 0x0000000080500000|100%|HC|  |TAMS 0x0000000080500000, 0x0000000080400000| Complete 
|   5|0x0000000080500000, 0x0000000080600000, 0x0000000080600000|100%|HC|  |TAMS 0x0000000080600000, 0x0000000080500000| Complete 
|   6|0x0000000080600000, 0x0000000080700000, 0x0000000080700000|100%| O|  |TAMS 0x0000000080700000, 0x0000000080600000| Untracked 
|   7|0x0000000080700000, 0x0000000080800000, 0x0000000080800000|100%| O|  |TAMS 0x0000000080800000, 0x0000000080700000| Untracked 
|   8|0x0000000080800000, 0x0000000080900000, 0x0000000080900000|100%| O|  |TAMS 0x0000000080900000, 0x0000000080800000| Untracked 
|   9|0x0000000080900000, 0x0000000080a00000, 0x0000000080a00000|100%| O|  |TAMS 0x0000000080a00000, 0x0000000080900000| Untracked 
|  10|0x0000000080a00000, 0x0000000080b00000, 0x0000000080b00000|100%| O|  |TAMS 0x0000000080b00000, 0x0000000080a00000| Untracked 
|  11|0x0000000080b00000, 0x0000000080c00000, 0x0000000080c00000|100%| O|  |TAMS 0x0000000080c00000, 0x0000000080b00000| Untracked 
|  12|0x0000000080c00000, 0x0000000080d00000, 0x0000000080d00000|100%| O|  |TAMS 0x0000000080d00000, 0x0000000080c00000| Untracked 
|  13|0x0000000080d00000, 0x0000000080e00000, 0x0000000080e00000|100%| O|  |TAMS 0x0000000080e00000, 0x0000000080d00000| Untracked 
|  14|0x0000000080e00000, 0x0000000080f00000, 0x0000000080f00000|100%| O|  |TAMS 0x0000000080f00000, 0x0000000080e00000| Untracked 
|  15|0x0000000080f00000, 0x0000000081000000, 0x0000000081000000|100%| O|  |TAMS 0x0000000081000000, 0x0000000080f00000| Untracked 
|  16|0x0000000081000000, 0x0000000081100000, 0x0000000081100000|100%|HS|  |TAMS 0x0000000081100000, 0x0000000081000000| Complete 
|  17|0x0000000081100000, 0x0000000081200000, 0x0000000081200000|100%| O|  |TAMS 0x0000000081200000, 0x0000000081100000| Untracked 
|  18|0x0000000081200000, 0x0000000081300000, 0x0000000081300000|100%| O|  |TAMS 0x0000000081300000, 0x0000000081200000| Untracked 
|  19|0x0000000081300000, 0x0000000081400000, 0x0000000081400000|100%| O|  |TAMS 0x0000000081400000, 0x0000000081300000| Untracked 
|  20|0x0000000081400000, 0x0000000081500000, 0x0000000081500000|100%| O|  |TAMS 0x0000000081500000, 0x0000000081400000| Untracked 
|  21|0x0000000081500000, 0x0000000081600000, 0x0000000081600000|100%| O|  |TAMS 0x0000000081600000, 0x0000000081500000| Untracked 
|  22|0x0000000081600000, 0x0000000081700000, 0x0000000081700000|100%| O|  |TAMS 0x0000000081700000, 0x0000000081600000| Untracked 
|  23|0x0000000081700000, 0x0000000081800000, 0x0000000081800000|100%| O|  |TAMS 0x0000000081800000, 0x0000000081700000| Untracked 
|  24|0x0000000081800000, 0x0000000081900000, 0x0000000081900000|100%| O|  |TAMS 0x0000000081900000, 0x0000000081800000| Untracked 
|  25|0x0000000081900000, 0x0000000081a00000, 0x0000000081a00000|100%| O|  |TAMS 0x0000000081a00000, 0x0000000081900000| Untracked 
|  26|0x0000000081a00000, 0x0000000081b00000, 0x0000000081b00000|100%| O|  |TAMS 0x0000000081b00000, 0x0000000081a00000| Untracked 
|  27|0x0000000081b00000, 0x0000000081c00000, 0x0000000081c00000|100%|HS|  |TAMS 0x0000000081c00000, 0x0000000081b00000| Complete 
|  28|0x0000000081c00000, 0x0000000081d00000, 0x0000000081d00000|100%|HS|  |TAMS 0x0000000081d00000, 0x0000000081c00000| Complete 
|  29|0x0000000081d00000, 0x0000000081e00000, 0x0000000081e00000|100%|HC|  |TAMS 0x0000000081e00000, 0x0000000081d00000| Complete 
|  30|0x0000000081e00000, 0x0000000081f00000, 0x0000000081f00000|100%| O|  |TAMS 0x0000000081f00000, 0x0000000081e00000| Untracked 
|  31|0x0000000081f00000, 0x0000000082000000, 0x0000000082000000|100%| O|  |TAMS 0x0000000082000000, 0x0000000081f00000| Untracked 
|  32|0x0000000082000000, 0x0000000082100000, 0x0000000082100000|100%| O|  |TAMS 0x0000000082100000, 0x0000000082000000| Untracked 
|  33|0x0000000082100000, 0x0000000082200000, 0x0000000082200000|100%| O|  |TAMS 0x0000000082200000, 0x0000000082100000| Untracked 
|  34|0x0000000082200000, 0x0000000082300000, 0x0000000082300000|100%| O|  |TAMS 0x0000000082300000, 0x0000000082200000| Untracked 
|  35|0x0000000082300000, 0x0000000082400000, 0x0000000082400000|100%| O|  |TAMS 0x0000000082400000, 0x0000000082300000| Untracked 
|  36|0x0000000082400000, 0x0000000082500000, 0x0000000082500000|100%| O|  |TAMS 0x0000000082500000, 0x0000000082400000| Untracked 
|  37|0x0000000082500000, 0x0000000082600000, 0x0000000082600000|100%| O|  |TAMS 0x0000000082600000, 0x0000000082500000| Untracked 
|  38|0x0000000082600000, 0x0000000082700000, 0x0000000082700000|100%| O|  |TAMS 0x0000000082700000, 0x0000000082600000| Untracked 
|  39|0x0000000082700000, 0x0000000082800000, 0x0000000082800000|100%| O|  |TAMS 0x0000000082800000, 0x0000000082700000| Untracked 
|  40|0x0000000082800000, 0x0000000082900000, 0x0000000082900000|100%| O|  |TAMS 0x0000000082900000, 0x0000000082800000| Untracked 
|  41|0x0000000082900000, 0x0000000082a00000, 0x0000000082a00000|100%| O|  |TAMS 0x0000000082a00000, 0x0000000082900000| Untracked 
|  42|0x0000000082a00000, 0x0000000082b00000, 0x0000000082b00000|100%| O|  |TAMS 0x0000000082b00000, 0x0000000082a00000| Untracked 
|  43|0x0000000082b00000, 0x0000000082c00000, 0x0000000082c00000|100%| O|  |TAMS 0x0000000082c00000, 0x0000000082b00000| Untracked 
|  44|0x0000000082c00000, 0x0000000082d00000, 0x0000000082d00000|100%| O|  |TAMS 0x0000000082d00000, 0x0000000082c00000| Untracked 
|  45|0x0000000082d00000, 0x0000000082e00000, 0x0000000082e00000|100%| O|  |TAMS 0x0000000082e00000, 0x0000000082d00000| Untracked 
|  46|0x0000000082e00000, 0x0000000082f00000, 0x0000000082f00000|100%| O|  |TAMS 0x0000000082f00000, 0x0000000082e00000| Untracked 
|  47|0x0000000082f00000, 0x0000000083000000, 0x0000000083000000|100%| O|  |TAMS 0x0000000083000000, 0x0000000082f00000| Untracked 
|  48|0x0000000083000000, 0x0000000083100000, 0x0000000083100000|100%| O|  |TAMS 0x0000000083100000, 0x0000000083000000| Untracked 
|  49|0x0000000083100000, 0x0000000083200000, 0x0000000083200000|100%| O|  |TAMS 0x0000000083200000, 0x0000000083100000| Untracked 
|  50|0x0000000083200000, 0x0000000083300000, 0x0000000083300000|100%| O|  |TAMS 0x0000000083300000, 0x0000000083200000| Untracked 
|  51|0x0000000083300000, 0x0000000083400000, 0x0000000083400000|100%| O|  |TAMS 0x0000000083400000, 0x0000000083300000| Untracked 
|  52|0x0000000083400000, 0x0000000083500000, 0x0000000083500000|100%| O|  |TAMS 0x0000000083500000, 0x0000000083400000| Untracked 
|  53|0x0000000083500000, 0x0000000083600000, 0x0000000083600000|100%| O|  |TAMS 0x0000000083600000, 0x0000000083500000| Untracked 
|  54|0x0000000083600000, 0x0000000083700000, 0x0000000083700000|100%| O|  |TAMS 0x0000000083700000, 0x0000000083600000| Untracked 
|  55|0x0000000083700000, 0x0000000083800000, 0x0000000083800000|100%| O|  |TAMS 0x0000000083800000, 0x0000000083700000| Untracked 
|  56|0x0000000083800000, 0x0000000083900000, 0x0000000083900000|100%| O|  |TAMS 0x0000000083900000, 0x0000000083800000| Untracked 
|  57|0x0000000083900000, 0x0000000083a00000, 0x0000000083a00000|100%| O|  |TAMS 0x0000000083a00000, 0x0000000083900000| Untracked 
|  58|0x0000000083a00000, 0x0000000083b00000, 0x0000000083b00000|100%| O|  |TAMS 0x0000000083b00000, 0x0000000083a00000| Untracked 
|  59|0x0000000083b00000, 0x0000000083c00000, 0x0000000083c00000|100%| O|  |TAMS 0x0000000083c00000, 0x0000000083b00000| Untracked 
|  60|0x0000000083c00000, 0x0000000083d00000, 0x0000000083d00000|100%| O|  |TAMS 0x0000000083d00000, 0x0000000083c00000| Untracked 
|  61|0x0000000083d00000, 0x0000000083e00000, 0x0000000083e00000|100%| O|  |TAMS 0x0000000083e00000, 0x0000000083d00000| Untracked 
|  62|0x0000000083e00000, 0x0000000083f00000, 0x0000000083f00000|100%| O|  |TAMS 0x0000000083f00000, 0x0000000083e00000| Untracked 
|  63|0x0000000083f00000, 0x0000000084000000, 0x0000000084000000|100%| O|  |TAMS 0x0000000084000000, 0x0000000083f00000| Untracked 
|  64|0x0000000084000000, 0x0000000084100000, 0x0000000084100000|100%| O|  |TAMS 0x0000000084100000, 0x0000000084000000| Untracked 
|  65|0x0000000084100000, 0x0000000084200000, 0x0000000084200000|100%| O|  |TAMS 0x0000000084200000, 0x0000000084100000| Untracked 
|  66|0x0000000084200000, 0x0000000084300000, 0x0000000084300000|100%|HS|  |TAMS 0x0000000084300000, 0x0000000084200000| Complete 
|  67|0x0000000084300000, 0x0000000084400000, 0x0000000084400000|100%|HC|  |TAMS 0x0000000084400000, 0x0000000084300000| Complete 
|  68|0x0000000084400000, 0x0000000084500000, 0x0000000084500000|100%| O|  |TAMS 0x0000000084500000, 0x0000000084400000| Untracked 
|  69|0x0000000084500000, 0x0000000084600000, 0x0000000084600000|100%| O|  |TAMS 0x0000000084600000, 0x0000000084500000| Untracked 
|  70|0x0000000084600000, 0x0000000084700000, 0x0000000084700000|100%| O|  |TAMS 0x0000000084700000, 0x0000000084600000| Untracked 
|  71|0x0000000084700000, 0x0000000084800000, 0x0000000084800000|100%| O|  |TAMS 0x0000000084800000, 0x0000000084700000| Untracked 
|  72|0x0000000084800000, 0x0000000084900000, 0x0000000084900000|100%| O|  |TAMS 0x0000000084900000, 0x0000000084800000| Untracked 
|  73|0x0000000084900000, 0x0000000084a00000, 0x0000000084a00000|100%| O|  |TAMS 0x0000000084a00000, 0x0000000084900000| Untracked 
|  74|0x0000000084a00000, 0x0000000084b00000, 0x0000000084b00000|100%| O|  |TAMS 0x0000000084b00000, 0x0000000084a00000| Untracked 
|  75|0x0000000084b00000, 0x0000000084c00000, 0x0000000084c00000|100%| O|  |TAMS 0x0000000084c00000, 0x0000000084b00000| Untracked 
|  76|0x0000000084c00000, 0x0000000084d00000, 0x0000000084d00000|100%| O|  |TAMS 0x0000000084d00000, 0x0000000084c00000| Untracked 
|  77|0x0000000084d00000, 0x0000000084e00000, 0x0000000084e00000|100%| O|  |TAMS 0x0000000084e00000, 0x0000000084d00000| Untracked 
|  78|0x0000000084e00000, 0x0000000084f00000, 0x0000000084f00000|100%| O|  |TAMS 0x0000000084f00000, 0x0000000084e00000| Untracked 
|  79|0x0000000084f00000, 0x0000000085000000, 0x0000000085000000|100%| O|  |TAMS 0x0000000085000000, 0x0000000084f00000| Untracked 
|  80|0x0000000085000000, 0x0000000085100000, 0x0000000085100000|100%| O|  |TAMS 0x0000000085100000, 0x0000000085000000| Untracked 
|  81|0x0000000085100000, 0x0000000085200000, 0x0000000085200000|100%| O|  |TAMS 0x0000000085200000, 0x0000000085100000| Untracked 
|  82|0x0000000085200000, 0x0000000085300000, 0x0000000085300000|100%| O|  |TAMS 0x0000000085300000, 0x0000000085200000| Untracked 
|  83|0x0000000085300000, 0x0000000085400000, 0x0000000085400000|100%| O|  |TAMS 0x0000000085400000, 0x0000000085300000| Untracked 
|  84|0x0000000085400000, 0x0000000085500000, 0x0000000085500000|100%| O|  |TAMS 0x0000000085500000, 0x0000000085400000| Untracked 
|  85|0x0000000085500000, 0x0000000085600000, 0x0000000085600000|100%| O|  |TAMS 0x0000000085600000, 0x0000000085500000| Untracked 
|  86|0x0000000085600000, 0x0000000085700000, 0x0000000085700000|100%| O|  |TAMS 0x0000000085700000, 0x0000000085600000| Untracked 
|  87|0x0000000085700000, 0x0000000085800000, 0x0000000085800000|100%| O|  |TAMS 0x0000000085800000, 0x0000000085700000| Untracked 
|  88|0x0000000085800000, 0x0000000085900000, 0x0000000085900000|100%| O|  |TAMS 0x0000000085900000, 0x0000000085800000| Untracked 
|  89|0x0000000085900000, 0x0000000085a00000, 0x0000000085a00000|100%| O|  |TAMS 0x0000000085a00000, 0x0000000085900000| Untracked 
|  90|0x0000000085a00000, 0x0000000085b00000, 0x0000000085b00000|100%| O|  |TAMS 0x0000000085b00000, 0x0000000085a00000| Untracked 
|  91|0x0000000085b00000, 0x0000000085c00000, 0x0000000085c00000|100%| O|  |TAMS 0x0000000085c00000, 0x0000000085b00000| Untracked 
|  92|0x0000000085c00000, 0x0000000085d00000, 0x0000000085d00000|100%| O|  |TAMS 0x0000000085d00000, 0x0000000085c00000| Untracked 
|  93|0x0000000085d00000, 0x0000000085e00000, 0x0000000085e00000|100%| O|  |TAMS 0x0000000085e00000, 0x0000000085d00000| Untracked 
|  94|0x0000000085e00000, 0x0000000085f00000, 0x0000000085f00000|100%| O|  |TAMS 0x0000000085f00000, 0x0000000085e00000| Untracked 
|  95|0x0000000085f00000, 0x0000000086000000, 0x0000000086000000|100%| O|  |TAMS 0x0000000086000000, 0x0000000085f00000| Untracked 
|  96|0x0000000086000000, 0x0000000086100000, 0x0000000086100000|100%| O|  |TAMS 0x0000000086100000, 0x0000000086000000| Untracked 
|  97|0x0000000086100000, 0x0000000086200000, 0x0000000086200000|100%| O|  |TAMS 0x0000000086200000, 0x0000000086100000| Untracked 
|  98|0x0000000086200000, 0x0000000086300000, 0x0000000086300000|100%| O|  |TAMS 0x0000000086300000, 0x0000000086200000| Untracked 
|  99|0x0000000086300000, 0x0000000086400000, 0x0000000086400000|100%| O|  |TAMS 0x0000000086400000, 0x0000000086300000| Untracked 
| 100|0x0000000086400000, 0x0000000086500000, 0x0000000086500000|100%| O|  |TAMS 0x0000000086500000, 0x0000000086400000| Untracked 
| 101|0x0000000086500000, 0x0000000086600000, 0x0000000086600000|100%| O|  |TAMS 0x0000000086600000, 0x0000000086500000| Untracked 
| 102|0x0000000086600000, 0x0000000086700000, 0x0000000086700000|100%| O|  |TAMS 0x0000000086700000, 0x0000000086600000| Untracked 
| 103|0x0000000086700000, 0x0000000086800000, 0x0000000086800000|100%| O|  |TAMS 0x0000000086800000, 0x0000000086700000| Untracked 
| 104|0x0000000086800000, 0x0000000086900000, 0x0000000086900000|100%| O|  |TAMS 0x0000000086900000, 0x0000000086800000| Untracked 
| 105|0x0000000086900000, 0x0000000086a00000, 0x0000000086a00000|100%| O|  |TAMS 0x0000000086a00000, 0x0000000086900000| Untracked 
| 106|0x0000000086a00000, 0x0000000086b00000, 0x0000000086b00000|100%| O|  |TAMS 0x0000000086b00000, 0x0000000086a00000| Untracked 
| 107|0x0000000086b00000, 0x0000000086c00000, 0x0000000086c00000|100%| O|  |TAMS 0x0000000086c00000, 0x0000000086b00000| Untracked 
| 108|0x0000000086c00000, 0x0000000086d00000, 0x0000000086d00000|100%| O|  |TAMS 0x0000000086d00000, 0x0000000086c00000| Untracked 
| 109|0x0000000086d00000, 0x0000000086e00000, 0x0000000086e00000|100%| O|  |TAMS 0x0000000086e00000, 0x0000000086d00000| Untracked 
| 110|0x0000000086e00000, 0x0000000086f00000, 0x0000000086f00000|100%| O|  |TAMS 0x0000000086f00000, 0x0000000086e00000| Untracked 
| 111|0x0000000086f00000, 0x0000000087000000, 0x0000000087000000|100%| O|  |TAMS 0x0000000087000000, 0x0000000086f00000| Untracked 
| 112|0x0000000087000000, 0x0000000087100000, 0x0000000087100000|100%| O|  |TAMS 0x0000000087100000, 0x0000000087000000| Untracked 
| 113|0x0000000087100000, 0x0000000087200000, 0x0000000087200000|100%| O|  |TAMS 0x0000000087200000, 0x0000000087100000| Untracked 
| 114|0x0000000087200000, 0x0000000087300000, 0x0000000087300000|100%| O|  |TAMS 0x0000000087300000, 0x0000000087200000| Untracked 
| 115|0x0000000087300000, 0x0000000087400000, 0x0000000087400000|100%| O|  |TAMS 0x0000000087400000, 0x0000000087300000| Untracked 
| 116|0x0000000087400000, 0x0000000087500000, 0x0000000087500000|100%| O|  |TAMS 0x00000000874e6600, 0x0000000087400000| Untracked 
| 117|0x0000000087500000, 0x0000000087600000, 0x0000000087600000|100%| O|  |TAMS 0x0000000087500000, 0x0000000087500000| Untracked 
| 118|0x0000000087600000, 0x0000000087700000, 0x0000000087700000|100%| O|  |TAMS 0x0000000087600000, 0x0000000087600000| Untracked 
| 119|0x0000000087700000, 0x0000000087800000, 0x0000000087800000|100%| O|  |TAMS 0x0000000087700000, 0x0000000087700000| Untracked 
| 120|0x0000000087800000, 0x0000000087900000, 0x0000000087900000|100%| O|  |TAMS 0x0000000087800000, 0x0000000087800000| Untracked 
| 121|0x0000000087900000, 0x0000000087a00000, 0x0000000087a00000|100%| O|  |TAMS 0x0000000087900000, 0x0000000087900000| Untracked 
| 122|0x0000000087a00000, 0x0000000087b00000, 0x0000000087b00000|100%| O|  |TAMS 0x0000000087a00000, 0x0000000087a00000| Untracked 
| 123|0x0000000087b00000, 0x0000000087c00000, 0x0000000087c00000|100%| O|  |TAMS 0x0000000087b00000, 0x0000000087b00000| Untracked 
| 124|0x0000000087c00000, 0x0000000087d00000, 0x0000000087d00000|100%| O|  |TAMS 0x0000000087c00000, 0x0000000087c00000| Untracked 
| 125|0x0000000087d00000, 0x0000000087e00000, 0x0000000087e00000|100%| O|  |TAMS 0x0000000087d00000, 0x0000000087d00000| Untracked 
| 126|0x0000000087e00000, 0x0000000087f00000, 0x0000000087f00000|100%| O|  |TAMS 0x0000000087e00000, 0x0000000087e00000| Untracked 
| 127|0x0000000087f00000, 0x0000000088000000, 0x0000000088000000|100%| O|  |TAMS 0x0000000087f00000, 0x0000000087f00000| Untracked 
| 128|0x0000000088000000, 0x0000000088100000, 0x0000000088100000|100%| O|  |TAMS 0x0000000088000000, 0x0000000088000000| Untracked 
| 129|0x0000000088100000, 0x0000000088200000, 0x0000000088200000|100%| O|  |TAMS 0x0000000088100000, 0x0000000088100000| Untracked 
| 130|0x0000000088200000, 0x0000000088300000, 0x0000000088300000|100%| O|  |TAMS 0x0000000088200000, 0x0000000088200000| Untracked 
| 131|0x0000000088300000, 0x0000000088400000, 0x0000000088400000|100%| O|  |TAMS 0x0000000088300000, 0x0000000088300000| Untracked 
| 132|0x0000000088400000, 0x00000000884cde00, 0x0000000088500000| 80%| O|  |TAMS 0x0000000088400000, 0x0000000088400000| Untracked 
| 133|0x0000000088500000, 0x0000000088500000, 0x0000000088600000|  0%| F|  |TAMS 0x0000000088500000, 0x0000000088500000| Untracked 
| 134|0x0000000088600000, 0x0000000088600000, 0x0000000088700000|  0%| F|  |TAMS 0x0000000088600000, 0x0000000088600000| Untracked 
| 135|0x0000000088700000, 0x0000000088700000, 0x0000000088800000|  0%| F|  |TAMS 0x0000000088700000, 0x0000000088700000| Untracked 
| 136|0x0000000088800000, 0x0000000088800000, 0x0000000088900000|  0%| F|  |TAMS 0x0000000088800000, 0x0000000088800000| Untracked 
| 137|0x0000000088900000, 0x0000000088900000, 0x0000000088a00000|  0%| F|  |TAMS 0x0000000088900000, 0x0000000088900000| Untracked 
| 138|0x0000000088a00000, 0x0000000088a00000, 0x0000000088b00000|  0%| F|  |TAMS 0x0000000088a00000, 0x0000000088a00000| Untracked 
| 139|0x0000000088b00000, 0x0000000088b00000, 0x0000000088c00000|  0%| F|  |TAMS 0x0000000088b00000, 0x0000000088b00000| Untracked 
| 140|0x0000000088c00000, 0x0000000088c00000, 0x0000000088d00000|  0%| F|  |TAMS 0x0000000088c00000, 0x0000000088c00000| Untracked 
| 141|0x0000000088d00000, 0x0000000088d00000, 0x0000000088e00000|  0%| F|  |TAMS 0x0000000088d00000, 0x0000000088d00000| Untracked 
| 142|0x0000000088e00000, 0x0000000088e00000, 0x0000000088f00000|  0%| F|  |TAMS 0x0000000088e00000, 0x0000000088e00000| Untracked 
| 143|0x0000000088f00000, 0x0000000088f00000, 0x0000000089000000|  0%| F|  |TAMS 0x0000000088f00000, 0x0000000088f00000| Untracked 
| 144|0x0000000089000000, 0x0000000089000000, 0x0000000089100000|  0%| F|  |TAMS 0x0000000089000000, 0x0000000089000000| Untracked 
| 145|0x0000000089100000, 0x0000000089100000, 0x0000000089200000|  0%| F|  |TAMS 0x0000000089100000, 0x0000000089100000| Untracked 
| 146|0x0000000089200000, 0x0000000089200000, 0x0000000089300000|  0%| F|  |TAMS 0x0000000089200000, 0x0000000089200000| Untracked 
| 147|0x0000000089300000, 0x0000000089300000, 0x0000000089400000|  0%| F|  |TAMS 0x0000000089300000, 0x0000000089300000| Untracked 
| 148|0x0000000089400000, 0x0000000089400000, 0x0000000089500000|  0%| F|  |TAMS 0x0000000089400000, 0x0000000089400000| Untracked 
| 149|0x0000000089500000, 0x0000000089500000, 0x0000000089600000|  0%| F|  |TAMS 0x0000000089500000, 0x0000000089500000| Untracked 
| 150|0x0000000089600000, 0x0000000089600000, 0x0000000089700000|  0%| F|  |TAMS 0x0000000089600000, 0x0000000089600000| Untracked 
| 151|0x0000000089700000, 0x0000000089700000, 0x0000000089800000|  0%| F|  |TAMS 0x0000000089700000, 0x0000000089700000| Untracked 
| 152|0x0000000089800000, 0x0000000089800000, 0x0000000089900000|  0%| F|  |TAMS 0x0000000089800000, 0x0000000089800000| Untracked 
| 153|0x0000000089900000, 0x0000000089900000, 0x0000000089a00000|  0%| F|  |TAMS 0x0000000089900000, 0x0000000089900000| Untracked 
| 154|0x0000000089a00000, 0x0000000089a00000, 0x0000000089b00000|  0%| F|  |TAMS 0x0000000089a00000, 0x0000000089a00000| Untracked 
| 155|0x0000000089b00000, 0x0000000089b00000, 0x0000000089c00000|  0%| F|  |TAMS 0x0000000089b00000, 0x0000000089b00000| Untracked 
| 156|0x0000000089c00000, 0x0000000089c00000, 0x0000000089d00000|  0%| F|  |TAMS 0x0000000089c00000, 0x0000000089c00000| Untracked 
| 157|0x0000000089d00000, 0x0000000089d00000, 0x0000000089e00000|  0%| F|  |TAMS 0x0000000089d00000, 0x0000000089d00000| Untracked 
| 158|0x0000000089e00000, 0x0000000089e00000, 0x0000000089f00000|  0%| F|  |TAMS 0x0000000089e00000, 0x0000000089e00000| Untracked 
| 159|0x0000000089f00000, 0x0000000089f00000, 0x000000008a000000|  0%| F|  |TAMS 0x0000000089f00000, 0x0000000089f00000| Untracked 
| 160|0x000000008a000000, 0x000000008a000000, 0x000000008a100000|  0%| F|  |TAMS 0x000000008a000000, 0x000000008a000000| Untracked 
| 161|0x000000008a100000, 0x000000008a100000, 0x000000008a200000|  0%| F|  |TAMS 0x000000008a100000, 0x000000008a100000| Untracked 
| 162|0x000000008a200000, 0x000000008a200000, 0x000000008a300000|  0%| F|  |TAMS 0x000000008a200000, 0x000000008a200000| Untracked 
| 163|0x000000008a300000, 0x000000008a300000, 0x000000008a400000|  0%| F|  |TAMS 0x000000008a300000, 0x000000008a300000| Untracked 
| 164|0x000000008a400000, 0x000000008a400000, 0x000000008a500000|  0%| F|  |TAMS 0x000000008a400000, 0x000000008a400000| Untracked 
| 165|0x000000008a500000, 0x000000008a500000, 0x000000008a600000|  0%| F|  |TAMS 0x000000008a500000, 0x000000008a500000| Untracked 
| 166|0x000000008a600000, 0x000000008a600000, 0x000000008a700000|  0%| F|  |TAMS 0x000000008a600000, 0x000000008a600000| Untracked 
| 167|0x000000008a700000, 0x000000008a700000, 0x000000008a800000|  0%| F|  |TAMS 0x000000008a700000, 0x000000008a700000| Untracked 
| 168|0x000000008a800000, 0x000000008a800000, 0x000000008a900000|  0%| F|  |TAMS 0x000000008a800000, 0x000000008a800000| Untracked 
| 169|0x000000008a900000, 0x000000008a900000, 0x000000008aa00000|  0%| F|  |TAMS 0x000000008a900000, 0x000000008a900000| Untracked 
| 170|0x000000008aa00000, 0x000000008aa00000, 0x000000008ab00000|  0%| F|  |TAMS 0x000000008aa00000, 0x000000008aa00000| Untracked 
| 171|0x000000008ab00000, 0x000000008ab00000, 0x000000008ac00000|  0%| F|  |TAMS 0x000000008ab00000, 0x000000008ab00000| Untracked 
| 172|0x000000008ac00000, 0x000000008ac00000, 0x000000008ad00000|  0%| F|  |TAMS 0x000000008ac00000, 0x000000008ac00000| Untracked 
| 173|0x000000008ad00000, 0x000000008ad00000, 0x000000008ae00000|  0%| F|  |TAMS 0x000000008ad00000, 0x000000008ad00000| Untracked 
| 174|0x000000008ae00000, 0x000000008ae00000, 0x000000008af00000|  0%| F|  |TAMS 0x000000008ae00000, 0x000000008ae00000| Untracked 
| 175|0x000000008af00000, 0x000000008af00000, 0x000000008b000000|  0%| F|  |TAMS 0x000000008af00000, 0x000000008af00000| Untracked 
| 176|0x000000008b000000, 0x000000008b000000, 0x000000008b100000|  0%| F|  |TAMS 0x000000008b000000, 0x000000008b000000| Untracked 
| 177|0x000000008b100000, 0x000000008b100000, 0x000000008b200000|  0%| F|  |TAMS 0x000000008b100000, 0x000000008b100000| Untracked 
| 178|0x000000008b200000, 0x000000008b200000, 0x000000008b300000|  0%| F|  |TAMS 0x000000008b200000, 0x000000008b200000| Untracked 
| 179|0x000000008b300000, 0x000000008b300000, 0x000000008b400000|  0%| F|  |TAMS 0x000000008b300000, 0x000000008b300000| Untracked 
| 180|0x000000008b400000, 0x000000008b400000, 0x000000008b500000|  0%| F|  |TAMS 0x000000008b400000, 0x000000008b400000| Untracked 
| 181|0x000000008b500000, 0x000000008b500000, 0x000000008b600000|  0%| F|  |TAMS 0x000000008b500000, 0x000000008b500000| Untracked 
| 182|0x000000008b600000, 0x000000008b600000, 0x000000008b700000|  0%| F|  |TAMS 0x000000008b600000, 0x000000008b600000| Untracked 
| 183|0x000000008b700000, 0x000000008b700000, 0x000000008b800000|  0%| F|  |TAMS 0x000000008b700000, 0x000000008b700000| Untracked 
| 184|0x000000008b800000, 0x000000008b800000, 0x000000008b900000|  0%| F|  |TAMS 0x000000008b800000, 0x000000008b800000| Untracked 
| 185|0x000000008b900000, 0x000000008b900000, 0x000000008ba00000|  0%| F|  |TAMS 0x000000008b900000, 0x000000008b900000| Untracked 
| 186|0x000000008ba00000, 0x000000008ba00000, 0x000000008bb00000|  0%| F|  |TAMS 0x000000008ba00000, 0x000000008ba00000| Untracked 
| 187|0x000000008bb00000, 0x000000008bb00000, 0x000000008bc00000|  0%| F|  |TAMS 0x000000008bb00000, 0x000000008bb00000| Untracked 
| 188|0x000000008bc00000, 0x000000008bc00000, 0x000000008bd00000|  0%| F|  |TAMS 0x000000008bc00000, 0x000000008bc00000| Untracked 
| 189|0x000000008bd00000, 0x000000008bd00000, 0x000000008be00000|  0%| F|  |TAMS 0x000000008bd00000, 0x000000008bd00000| Untracked 
| 190|0x000000008be00000, 0x000000008be00000, 0x000000008bf00000|  0%| F|  |TAMS 0x000000008be00000, 0x000000008be00000| Untracked 
| 191|0x000000008bf00000, 0x000000008bf00000, 0x000000008c000000|  0%| F|  |TAMS 0x000000008bf00000, 0x000000008bf00000| Untracked 
| 192|0x000000008c000000, 0x000000008c000000, 0x000000008c100000|  0%| F|  |TAMS 0x000000008c000000, 0x000000008c000000| Untracked 
| 193|0x000000008c100000, 0x000000008c100000, 0x000000008c200000|  0%| F|  |TAMS 0x000000008c100000, 0x000000008c100000| Untracked 
| 194|0x000000008c200000, 0x000000008c200000, 0x000000008c300000|  0%| F|  |TAMS 0x000000008c200000, 0x000000008c200000| Untracked 
| 195|0x000000008c300000, 0x000000008c300000, 0x000000008c400000|  0%| F|  |TAMS 0x000000008c300000, 0x000000008c300000| Untracked 
| 196|0x000000008c400000, 0x000000008c400000, 0x000000008c500000|  0%| F|  |TAMS 0x000000008c400000, 0x000000008c400000| Untracked 
| 197|0x000000008c500000, 0x000000008c500000, 0x000000008c600000|  0%| F|  |TAMS 0x000000008c500000, 0x000000008c500000| Untracked 
| 198|0x000000008c600000, 0x000000008c600000, 0x000000008c700000|  0%| F|  |TAMS 0x000000008c600000, 0x000000008c600000| Untracked 
| 199|0x000000008c700000, 0x000000008c700000, 0x000000008c800000|  0%| F|  |TAMS 0x000000008c700000, 0x000000008c700000| Untracked 
| 200|0x000000008c800000, 0x000000008c800000, 0x000000008c900000|  0%| F|  |TAMS 0x000000008c800000, 0x000000008c800000| Untracked 
| 201|0x000000008c900000, 0x000000008c900000, 0x000000008ca00000|  0%| F|  |TAMS 0x000000008c900000, 0x000000008c900000| Untracked 
| 202|0x000000008ca00000, 0x000000008ca00000, 0x000000008cb00000|  0%| F|  |TAMS 0x000000008ca00000, 0x000000008ca00000| Untracked 
| 203|0x000000008cb00000, 0x000000008cb00000, 0x000000008cc00000|  0%| F|  |TAMS 0x000000008cb00000, 0x000000008cb00000| Untracked 
| 204|0x000000008cc00000, 0x000000008cc00000, 0x000000008cd00000|  0%| F|  |TAMS 0x000000008cc00000, 0x000000008cc00000| Untracked 
| 205|0x000000008cd00000, 0x000000008cd00000, 0x000000008ce00000|  0%| F|  |TAMS 0x000000008cd00000, 0x000000008cd00000| Untracked 
| 206|0x000000008ce00000, 0x000000008ce00000, 0x000000008cf00000|  0%| F|  |TAMS 0x000000008ce00000, 0x000000008ce00000| Untracked 
| 207|0x000000008cf00000, 0x000000008cf00000, 0x000000008d000000|  0%| F|  |TAMS 0x000000008cf00000, 0x000000008cf00000| Untracked 
| 208|0x000000008d000000, 0x000000008d000000, 0x000000008d100000|  0%| F|  |TAMS 0x000000008d000000, 0x000000008d000000| Untracked 
| 209|0x000000008d100000, 0x000000008d100000, 0x000000008d200000|  0%| F|  |TAMS 0x000000008d100000, 0x000000008d100000| Untracked 
| 210|0x000000008d200000, 0x000000008d200000, 0x000000008d300000|  0%| F|  |TAMS 0x000000008d200000, 0x000000008d200000| Untracked 
| 211|0x000000008d300000, 0x000000008d300000, 0x000000008d400000|  0%| F|  |TAMS 0x000000008d300000, 0x000000008d300000| Untracked 
| 212|0x000000008d400000, 0x000000008d400000, 0x000000008d500000|  0%| F|  |TAMS 0x000000008d400000, 0x000000008d400000| Untracked 
| 213|0x000000008d500000, 0x000000008d500000, 0x000000008d600000|  0%| F|  |TAMS 0x000000008d500000, 0x000000008d500000| Untracked 
| 214|0x000000008d600000, 0x000000008d600000, 0x000000008d700000|  0%| F|  |TAMS 0x000000008d600000, 0x000000008d600000| Untracked 
| 215|0x000000008d700000, 0x000000008d700000, 0x000000008d800000|  0%| F|  |TAMS 0x000000008d700000, 0x000000008d700000| Untracked 
| 216|0x000000008d800000, 0x000000008d800000, 0x000000008d900000|  0%| F|  |TAMS 0x000000008d800000, 0x000000008d800000| Untracked 
| 217|0x000000008d900000, 0x000000008d900000, 0x000000008da00000|  0%| F|  |TAMS 0x000000008d900000, 0x000000008d900000| Untracked 
| 218|0x000000008da00000, 0x000000008da3f408, 0x000000008db00000| 24%| S|CS|TAMS 0x000000008da00000, 0x000000008da00000| Complete 
| 219|0x000000008db00000, 0x000000008dc00000, 0x000000008dc00000|100%| S|CS|TAMS 0x000000008db00000, 0x000000008db00000| Complete 
| 220|0x000000008dc00000, 0x000000008dd00000, 0x000000008dd00000|100%| S|CS|TAMS 0x000000008dc00000, 0x000000008dc00000| Complete 
| 221|0x000000008dd00000, 0x000000008de00000, 0x000000008de00000|100%| S|CS|TAMS 0x000000008dd00000, 0x000000008dd00000| Complete 
| 222|0x000000008de00000, 0x000000008df00000, 0x000000008df00000|100%| S|CS|TAMS 0x000000008de00000, 0x000000008de00000| Complete 
| 223|0x000000008df00000, 0x000000008e000000, 0x000000008e000000|100%| S|CS|TAMS 0x000000008df00000, 0x000000008df00000| Complete 
| 224|0x000000008e000000, 0x000000008e100000, 0x000000008e100000|100%| S|CS|TAMS 0x000000008e000000, 0x000000008e000000| Complete 
| 225|0x000000008e100000, 0x000000008e200000, 0x000000008e200000|100%| S|CS|TAMS 0x000000008e100000, 0x000000008e100000| Complete 
| 226|0x000000008e200000, 0x000000008e300000, 0x000000008e300000|100%| S|CS|TAMS 0x000000008e200000, 0x000000008e200000| Complete 
| 227|0x000000008e300000, 0x000000008e400000, 0x000000008e400000|100%| S|CS|TAMS 0x000000008e300000, 0x000000008e300000| Complete 
| 228|0x000000008e400000, 0x000000008e500000, 0x000000008e500000|100%| S|CS|TAMS 0x000000008e400000, 0x000000008e400000| Complete 
| 229|0x000000008e500000, 0x000000008e500000, 0x000000008e600000|  0%| F|  |TAMS 0x000000008e500000, 0x000000008e500000| Untracked 
| 230|0x000000008e600000, 0x000000008e600000, 0x000000008e700000|  0%| F|  |TAMS 0x000000008e600000, 0x000000008e600000| Untracked 
| 231|0x000000008e700000, 0x000000008e700000, 0x000000008e800000|  0%| F|  |TAMS 0x000000008e700000, 0x000000008e700000| Untracked 
| 232|0x000000008e800000, 0x000000008e800000, 0x000000008e900000|  0%| F|  |TAMS 0x000000008e800000, 0x000000008e800000| Untracked 
| 233|0x000000008e900000, 0x000000008e900000, 0x000000008ea00000|  0%| F|  |TAMS 0x000000008e900000, 0x000000008e900000| Untracked 
| 234|0x000000008ea00000, 0x000000008ea00000, 0x000000008eb00000|  0%| F|  |TAMS 0x000000008ea00000, 0x000000008ea00000| Untracked 
| 235|0x000000008eb00000, 0x000000008eb00000, 0x000000008ec00000|  0%| F|  |TAMS 0x000000008eb00000, 0x000000008eb00000| Untracked 
| 236|0x000000008ec00000, 0x000000008ec00000, 0x000000008ed00000|  0%| F|  |TAMS 0x000000008ec00000, 0x000000008ec00000| Untracked 
| 237|0x000000008ed00000, 0x000000008ed00000, 0x000000008ee00000|  0%| F|  |TAMS 0x000000008ed00000, 0x000000008ed00000| Untracked 
| 238|0x000000008ee00000, 0x000000008ee00000, 0x000000008ef00000|  0%| F|  |TAMS 0x000000008ee00000, 0x000000008ee00000| Untracked 
| 239|0x000000008ef00000, 0x000000008ef00000, 0x000000008f000000|  0%| F|  |TAMS 0x000000008ef00000, 0x000000008ef00000| Untracked 
| 240|0x000000008f000000, 0x000000008f100000, 0x000000008f100000|100%| S|CS|TAMS 0x000000008f000000, 0x000000008f000000| Complete 
| 241|0x000000008f100000, 0x000000008f100000, 0x000000008f200000|  0%| F|  |TAMS 0x000000008f100000, 0x000000008f100000| Untracked 
| 242|0x000000008f200000, 0x000000008f200000, 0x000000008f300000|  0%| F|  |TAMS 0x000000008f200000, 0x000000008f200000| Untracked 
| 243|0x000000008f300000, 0x000000008f300000, 0x000000008f400000|  0%| F|  |TAMS 0x000000008f300000, 0x000000008f300000| Untracked 
| 244|0x000000008f400000, 0x000000008f400000, 0x000000008f500000|  0%| F|  |TAMS 0x000000008f400000, 0x000000008f400000| Untracked 
| 245|0x000000008f500000, 0x000000008f500000, 0x000000008f600000|  0%| F|  |TAMS 0x000000008f500000, 0x000000008f500000| Untracked 
| 246|0x000000008f600000, 0x000000008f600000, 0x000000008f700000|  0%| F|  |TAMS 0x000000008f600000, 0x000000008f600000| Untracked 
| 247|0x000000008f700000, 0x000000008f700000, 0x000000008f800000|  0%| F|  |TAMS 0x000000008f700000, 0x000000008f700000| Untracked 
| 248|0x000000008f800000, 0x000000008f800000, 0x000000008f900000|  0%| F|  |TAMS 0x000000008f800000, 0x000000008f800000| Untracked 
| 249|0x000000008f900000, 0x000000008f900000, 0x000000008fa00000|  0%| F|  |TAMS 0x000000008f900000, 0x000000008f900000| Untracked 
| 250|0x000000008fa00000, 0x000000008fa00000, 0x000000008fb00000|  0%| F|  |TAMS 0x000000008fa00000, 0x000000008fa00000| Untracked 
| 251|0x000000008fb00000, 0x000000008fb00000, 0x000000008fc00000|  0%| F|  |TAMS 0x000000008fb00000, 0x000000008fb00000| Untracked 
| 252|0x000000008fc00000, 0x000000008fc00000, 0x000000008fd00000|  0%| F|  |TAMS 0x000000008fc00000, 0x000000008fc00000| Untracked 
| 253|0x000000008fd00000, 0x000000008fd00000, 0x000000008fe00000|  0%| F|  |TAMS 0x000000008fd00000, 0x000000008fd00000| Untracked 
| 254|0x000000008fe00000, 0x000000008fe00000, 0x000000008ff00000|  0%| F|  |TAMS 0x000000008fe00000, 0x000000008fe00000| Untracked 
| 255|0x000000008ff00000, 0x000000008ff00000, 0x0000000090000000|  0%| F|  |TAMS 0x000000008ff00000, 0x000000008ff00000| Untracked 
| 256|0x0000000090000000, 0x0000000090000000, 0x0000000090100000|  0%| F|  |TAMS 0x0000000090000000, 0x0000000090000000| Untracked 
| 257|0x0000000090100000, 0x0000000090100000, 0x0000000090200000|  0%| F|  |TAMS 0x0000000090100000, 0x0000000090100000| Untracked 
| 258|0x0000000090200000, 0x0000000090200000, 0x0000000090300000|  0%| F|  |TAMS 0x0000000090200000, 0x0000000090200000| Untracked 
| 259|0x0000000090300000, 0x0000000090300000, 0x0000000090400000|  0%| F|  |TAMS 0x0000000090300000, 0x0000000090300000| Untracked 
| 260|0x0000000090400000, 0x0000000090400000, 0x0000000090500000|  0%| F|  |TAMS 0x0000000090400000, 0x0000000090400000| Untracked 
| 261|0x0000000090500000, 0x0000000090500000, 0x0000000090600000|  0%| F|  |TAMS 0x0000000090500000, 0x0000000090500000| Untracked 
| 262|0x0000000090600000, 0x0000000090600000, 0x0000000090700000|  0%| F|  |TAMS 0x0000000090600000, 0x0000000090600000| Untracked 
| 263|0x0000000090700000, 0x0000000090700000, 0x0000000090800000|  0%| F|  |TAMS 0x0000000090700000, 0x0000000090700000| Untracked 
| 264|0x0000000090800000, 0x0000000090800000, 0x0000000090900000|  0%| F|  |TAMS 0x0000000090800000, 0x0000000090800000| Untracked 
| 265|0x0000000090900000, 0x0000000090900000, 0x0000000090a00000|  0%| F|  |TAMS 0x0000000090900000, 0x0000000090900000| Untracked 
| 266|0x0000000090a00000, 0x0000000090a00000, 0x0000000090b00000|  0%| F|  |TAMS 0x0000000090a00000, 0x0000000090a00000| Untracked 
| 267|0x0000000090b00000, 0x0000000090b00000, 0x0000000090c00000|  0%| F|  |TAMS 0x0000000090b00000, 0x0000000090b00000| Untracked 
| 268|0x0000000090c00000, 0x0000000090c00000, 0x0000000090d00000|  0%| F|  |TAMS 0x0000000090c00000, 0x0000000090c00000| Untracked 
| 269|0x0000000090d00000, 0x0000000090d00000, 0x0000000090e00000|  0%| F|  |TAMS 0x0000000090d00000, 0x0000000090d00000| Untracked 
| 270|0x0000000090e00000, 0x0000000090e00000, 0x0000000090f00000|  0%| F|  |TAMS 0x0000000090e00000, 0x0000000090e00000| Untracked 
| 271|0x0000000090f00000, 0x0000000090f00000, 0x0000000091000000|  0%| F|  |TAMS 0x0000000090f00000, 0x0000000090f00000| Untracked 
| 272|0x0000000091000000, 0x0000000091000000, 0x0000000091100000|  0%| F|  |TAMS 0x0000000091000000, 0x0000000091000000| Untracked 
| 273|0x0000000091100000, 0x0000000091100000, 0x0000000091200000|  0%| F|  |TAMS 0x0000000091100000, 0x0000000091100000| Untracked 
| 274|0x0000000091200000, 0x0000000091200000, 0x0000000091300000|  0%| F|  |TAMS 0x0000000091200000, 0x0000000091200000| Untracked 
| 275|0x0000000091300000, 0x0000000091300000, 0x0000000091400000|  0%| F|  |TAMS 0x0000000091300000, 0x0000000091300000| Untracked 
| 276|0x0000000091400000, 0x0000000091400000, 0x0000000091500000|  0%| F|  |TAMS 0x0000000091400000, 0x0000000091400000| Untracked 
| 277|0x0000000091500000, 0x0000000091500000, 0x0000000091600000|  0%| F|  |TAMS 0x0000000091500000, 0x0000000091500000| Untracked 
| 278|0x0000000091600000, 0x0000000091600000, 0x0000000091700000|  0%| F|  |TAMS 0x0000000091600000, 0x0000000091600000| Untracked 
| 279|0x0000000091700000, 0x0000000091700000, 0x0000000091800000|  0%| F|  |TAMS 0x0000000091700000, 0x0000000091700000| Untracked 
| 280|0x0000000091800000, 0x0000000091800000, 0x0000000091900000|  0%| F|  |TAMS 0x0000000091800000, 0x0000000091800000| Untracked 
| 281|0x0000000091900000, 0x0000000091900000, 0x0000000091a00000|  0%| F|  |TAMS 0x0000000091900000, 0x0000000091900000| Untracked 
| 282|0x0000000091a00000, 0x0000000091a00000, 0x0000000091b00000|  0%| F|  |TAMS 0x0000000091a00000, 0x0000000091a00000| Untracked 
| 283|0x0000000091b00000, 0x0000000091b00000, 0x0000000091c00000|  0%| F|  |TAMS 0x0000000091b00000, 0x0000000091b00000| Untracked 
| 284|0x0000000091c00000, 0x0000000091c00000, 0x0000000091d00000|  0%| F|  |TAMS 0x0000000091c00000, 0x0000000091c00000| Untracked 
| 285|0x0000000091d00000, 0x0000000091d00000, 0x0000000091e00000|  0%| F|  |TAMS 0x0000000091d00000, 0x0000000091d00000| Untracked 
| 286|0x0000000091e00000, 0x0000000091e00000, 0x0000000091f00000|  0%| F|  |TAMS 0x0000000091e00000, 0x0000000091e00000| Untracked 
| 287|0x0000000091f00000, 0x0000000091f00000, 0x0000000092000000|  0%| F|  |TAMS 0x0000000091f00000, 0x0000000091f00000| Untracked 
| 288|0x0000000092000000, 0x0000000092000000, 0x0000000092100000|  0%| F|  |TAMS 0x0000000092000000, 0x0000000092000000| Untracked 
| 289|0x0000000092100000, 0x0000000092100000, 0x0000000092200000|  0%| F|  |TAMS 0x0000000092100000, 0x0000000092100000| Untracked 
| 290|0x0000000092200000, 0x0000000092200000, 0x0000000092300000|  0%| F|  |TAMS 0x0000000092200000, 0x0000000092200000| Untracked 
| 291|0x0000000092300000, 0x0000000092300000, 0x0000000092400000|  0%| F|  |TAMS 0x0000000092300000, 0x0000000092300000| Untracked 
| 292|0x0000000092400000, 0x0000000092400000, 0x0000000092500000|  0%| F|  |TAMS 0x0000000092400000, 0x0000000092400000| Untracked 
| 293|0x0000000092500000, 0x0000000092500000, 0x0000000092600000|  0%| F|  |TAMS 0x0000000092500000, 0x0000000092500000| Untracked 
| 294|0x0000000092600000, 0x0000000092600000, 0x0000000092700000|  0%| F|  |TAMS 0x0000000092600000, 0x0000000092600000| Untracked 
| 295|0x0000000092700000, 0x0000000092700000, 0x0000000092800000|  0%| F|  |TAMS 0x0000000092700000, 0x0000000092700000| Untracked 
| 296|0x0000000092800000, 0x0000000092800000, 0x0000000092900000|  0%| F|  |TAMS 0x0000000092800000, 0x0000000092800000| Untracked 
| 297|0x0000000092900000, 0x0000000092900000, 0x0000000092a00000|  0%| F|  |TAMS 0x0000000092900000, 0x0000000092900000| Untracked 
| 298|0x0000000092a00000, 0x0000000092a00000, 0x0000000092b00000|  0%| F|  |TAMS 0x0000000092a00000, 0x0000000092a00000| Untracked 
| 299|0x0000000092b00000, 0x0000000092b00000, 0x0000000092c00000|  0%| F|  |TAMS 0x0000000092b00000, 0x0000000092b00000| Untracked 
| 300|0x0000000092c00000, 0x0000000092c00000, 0x0000000092d00000|  0%| F|  |TAMS 0x0000000092c00000, 0x0000000092c00000| Untracked 
| 301|0x0000000092d00000, 0x0000000092d00000, 0x0000000092e00000|  0%| F|  |TAMS 0x0000000092d00000, 0x0000000092d00000| Untracked 
| 302|0x0000000092e00000, 0x0000000092e00000, 0x0000000092f00000|  0%| F|  |TAMS 0x0000000092e00000, 0x0000000092e00000| Untracked 
| 303|0x0000000092f00000, 0x0000000092f00000, 0x0000000093000000|  0%| F|  |TAMS 0x0000000092f00000, 0x0000000092f00000| Untracked 
| 304|0x0000000093000000, 0x0000000093000000, 0x0000000093100000|  0%| F|  |TAMS 0x0000000093000000, 0x0000000093000000| Untracked 
| 305|0x0000000093100000, 0x0000000093100000, 0x0000000093200000|  0%| F|  |TAMS 0x0000000093100000, 0x0000000093100000| Untracked 
| 306|0x0000000093200000, 0x0000000093200000, 0x0000000093300000|  0%| F|  |TAMS 0x0000000093200000, 0x0000000093200000| Untracked 
| 307|0x0000000093300000, 0x0000000093300000, 0x0000000093400000|  0%| F|  |TAMS 0x0000000093300000, 0x0000000093300000| Untracked 
| 308|0x0000000093400000, 0x0000000093400000, 0x0000000093500000|  0%| F|  |TAMS 0x0000000093400000, 0x0000000093400000| Untracked 
| 309|0x0000000093500000, 0x0000000093500000, 0x0000000093600000|  0%| F|  |TAMS 0x0000000093500000, 0x0000000093500000| Untracked 
| 310|0x0000000093600000, 0x0000000093600000, 0x0000000093700000|  0%| F|  |TAMS 0x0000000093600000, 0x0000000093600000| Untracked 
| 311|0x0000000093700000, 0x0000000093700000, 0x0000000093800000|  0%| F|  |TAMS 0x0000000093700000, 0x0000000093700000| Untracked 
| 312|0x0000000093800000, 0x0000000093800000, 0x0000000093900000|  0%| F|  |TAMS 0x0000000093800000, 0x0000000093800000| Untracked 
| 313|0x0000000093900000, 0x0000000093900000, 0x0000000093a00000|  0%| F|  |TAMS 0x0000000093900000, 0x0000000093900000| Untracked 
| 314|0x0000000093a00000, 0x0000000093a00000, 0x0000000093b00000|  0%| F|  |TAMS 0x0000000093a00000, 0x0000000093a00000| Untracked 
| 315|0x0000000093b00000, 0x0000000093b00000, 0x0000000093c00000|  0%| F|  |TAMS 0x0000000093b00000, 0x0000000093b00000| Untracked 
| 316|0x0000000093c00000, 0x0000000093c00000, 0x0000000093d00000|  0%| F|  |TAMS 0x0000000093c00000, 0x0000000093c00000| Untracked 
| 317|0x0000000093d00000, 0x0000000093d00000, 0x0000000093e00000|  0%| F|  |TAMS 0x0000000093d00000, 0x0000000093d00000| Untracked 
| 318|0x0000000093e00000, 0x0000000093e00000, 0x0000000093f00000|  0%| F|  |TAMS 0x0000000093e00000, 0x0000000093e00000| Untracked 
| 319|0x0000000093f00000, 0x0000000093f00000, 0x0000000094000000|  0%| F|  |TAMS 0x0000000093f00000, 0x0000000093f00000| Untracked 
| 320|0x0000000094000000, 0x0000000094000000, 0x0000000094100000|  0%| F|  |TAMS 0x0000000094000000, 0x0000000094000000| Untracked 
| 321|0x0000000094100000, 0x0000000094100000, 0x0000000094200000|  0%| F|  |TAMS 0x0000000094100000, 0x0000000094100000| Untracked 
| 322|0x0000000094200000, 0x0000000094200000, 0x0000000094300000|  0%| F|  |TAMS 0x0000000094200000, 0x0000000094200000| Untracked 
| 323|0x0000000094300000, 0x0000000094300000, 0x0000000094400000|  0%| F|  |TAMS 0x0000000094300000, 0x0000000094300000| Untracked 
| 324|0x0000000094400000, 0x0000000094400000, 0x0000000094500000|  0%| F|  |TAMS 0x0000000094400000, 0x0000000094400000| Untracked 
| 325|0x0000000094500000, 0x0000000094500000, 0x0000000094600000|  0%| F|  |TAMS 0x0000000094500000, 0x0000000094500000| Untracked 
| 326|0x0000000094600000, 0x0000000094600000, 0x0000000094700000|  0%| F|  |TAMS 0x0000000094600000, 0x0000000094600000| Untracked 
| 327|0x0000000094700000, 0x0000000094700000, 0x0000000094800000|  0%| F|  |TAMS 0x0000000094700000, 0x0000000094700000| Untracked 
| 328|0x0000000094800000, 0x0000000094800000, 0x0000000094900000|  0%| F|  |TAMS 0x0000000094800000, 0x0000000094800000| Untracked 
| 329|0x0000000094900000, 0x0000000094900000, 0x0000000094a00000|  0%| F|  |TAMS 0x0000000094900000, 0x0000000094900000| Untracked 
| 330|0x0000000094a00000, 0x0000000094a00000, 0x0000000094b00000|  0%| F|  |TAMS 0x0000000094a00000, 0x0000000094a00000| Untracked 
| 331|0x0000000094b00000, 0x0000000094b00000, 0x0000000094c00000|  0%| F|  |TAMS 0x0000000094b00000, 0x0000000094b00000| Untracked 
| 332|0x0000000094c00000, 0x0000000094c00000, 0x0000000094d00000|  0%| F|  |TAMS 0x0000000094c00000, 0x0000000094c00000| Untracked 
| 333|0x0000000094d00000, 0x0000000094d00000, 0x0000000094e00000|  0%| F|  |TAMS 0x0000000094d00000, 0x0000000094d00000| Untracked 
| 334|0x0000000094e00000, 0x0000000094e00000, 0x0000000094f00000|  0%| F|  |TAMS 0x0000000094e00000, 0x0000000094e00000| Untracked 
| 335|0x0000000094f00000, 0x0000000094f00000, 0x0000000095000000|  0%| F|  |TAMS 0x0000000094f00000, 0x0000000094f00000| Untracked 
| 336|0x0000000095000000, 0x0000000095000000, 0x0000000095100000|  0%| F|  |TAMS 0x0000000095000000, 0x0000000095000000| Untracked 
| 337|0x0000000095100000, 0x0000000095100000, 0x0000000095200000|  0%| F|  |TAMS 0x0000000095100000, 0x0000000095100000| Untracked 
| 338|0x0000000095200000, 0x0000000095200000, 0x0000000095300000|  0%| F|  |TAMS 0x0000000095200000, 0x0000000095200000| Untracked 
| 339|0x0000000095300000, 0x0000000095300000, 0x0000000095400000|  0%| F|  |TAMS 0x0000000095300000, 0x0000000095300000| Untracked 
| 340|0x0000000095400000, 0x0000000095400000, 0x0000000095500000|  0%| F|  |TAMS 0x0000000095400000, 0x0000000095400000| Untracked 
| 341|0x0000000095500000, 0x0000000095500000, 0x0000000095600000|  0%| F|  |TAMS 0x0000000095500000, 0x0000000095500000| Untracked 
| 342|0x0000000095600000, 0x0000000095600000, 0x0000000095700000|  0%| F|  |TAMS 0x0000000095600000, 0x0000000095600000| Untracked 
| 343|0x0000000095700000, 0x0000000095700000, 0x0000000095800000|  0%| F|  |TAMS 0x0000000095700000, 0x0000000095700000| Untracked 
| 344|0x0000000095800000, 0x0000000095800000, 0x0000000095900000|  0%| F|  |TAMS 0x0000000095800000, 0x0000000095800000| Untracked 
| 345|0x0000000095900000, 0x0000000095900000, 0x0000000095a00000|  0%| F|  |TAMS 0x0000000095900000, 0x0000000095900000| Untracked 
| 346|0x0000000095a00000, 0x0000000095a00000, 0x0000000095b00000|  0%| F|  |TAMS 0x0000000095a00000, 0x0000000095a00000| Untracked 
| 347|0x0000000095b00000, 0x0000000095b00000, 0x0000000095c00000|  0%| F|  |TAMS 0x0000000095b00000, 0x0000000095b00000| Untracked 
| 348|0x0000000095c00000, 0x0000000095c00000, 0x0000000095d00000|  0%| F|  |TAMS 0x0000000095c00000, 0x0000000095c00000| Untracked 

Card table byte_map: [0x0000021d739a0000,0x0000021d73da0000] _byte_map_base: 0x0000021d735a0000

Marking Bits (Prev, Next): (CMBitMap*) 0x0000021d6f7c1dd0, (CMBitMap*) 0x0000021d6f7c1d98
 Prev Bits: [0x0000021d761a0000, 0x0000021d781a0000)
 Next Bits: [0x0000021d741a0000, 0x0000021d761a0000)

Polling page: 0x0000021d6ef60000

Metaspace:

Usage:
  Non-class:     84.31 MB capacity,    82.76 MB ( 98%) used,     1.24 MB (  1%) free+waste,   308.38 KB ( <1%) overhead. 
      Class:     13.55 MB capacity,    12.55 MB ( 93%) used,   878.99 KB (  6%) free+waste,   142.56 KB (  1%) overhead. 
       Both:     97.85 MB capacity,    95.31 MB ( 97%) used,     2.10 MB (  2%) free+waste,   450.94 KB ( <1%) overhead. 

Virtual space:
  Non-class space:       86.00 MB reserved,      84.50 MB ( 98%) committed 
      Class space:        1.00 GB reserved,      13.70 MB (  1%) committed 
             Both:        1.08 GB reserved,      98.20 MB (  9%) committed 

Chunk freelists:
   Non-Class:  6.00 KB
       Class:  81.00 KB
        Both:  87.00 KB

MaxMetaspaceSize: 17179869184.00 GB
CompressedClassSpaceSize: 1.00 GB

CodeHeap 'non-profiled nmethods': size=120000Kb used=5883Kb max_used=5883Kb free=114116Kb
 bounds [0x0000021d07ad0000, 0x0000021d08090000, 0x0000021d0f000000]
CodeHeap 'profiled nmethods': size=120000Kb used=28471Kb max_used=28471Kb free=91528Kb
 bounds [0x0000021d005a0000, 0x0000021d02170000, 0x0000021d07ad0000]
CodeHeap 'non-nmethods': size=5760Kb used=2317Kb max_used=2348Kb free=3442Kb
 bounds [0x0000021d00000000, 0x0000021d00270000, 0x0000021d005a0000]
 total_blobs=13107 nmethods=12193 adapters=824
 compilation: enabled
              stopped_count=0, restarted_count=0
 full_count=0

Compilation events (20 events):
Event: 22.186 Thread 0x0000021d7b51b000 nmethod 12642 0x0000021d0214b990 code [0x0000021d0214c120, 0x0000021d021510a8]
Event: 22.186 Thread 0x0000021d7b51b000 12615 %     3       com.android.tools.r8.internal.Kv::a @ 1241 (1305 bytes)
Event: 22.209 Thread 0x0000021d7b51b000 nmethod 12615% 0x0000021d02152c10 code [0x0000021d02153de0, 0x0000021d02160918]
Event: 22.210 Thread 0x0000021d7b51b000 12639 %     3       com.android.tools.r8.internal.f9::b @ 59 (108 bytes)
Event: 22.211 Thread 0x0000021d7b51b000 nmethod 12639% 0x0000021d02165490 code [0x0000021d02165740, 0x0000021d021664e8]
Event: 22.211 Thread 0x0000021d7b51b000 12591       3       com.android.tools.r8.internal.h2::a (34 bytes)
Event: 22.212 Thread 0x0000021d7b51b000 nmethod 12591 0x0000021d02166810 code [0x0000021d02166a60, 0x0000021d02167428]
Event: 22.212 Thread 0x0000021d7b51b000 12644 %     3       com.android.tools.r8.internal.NG::j0 @ 10 (43 bytes)
Event: 22.213 Thread 0x0000021d7b51b000 nmethod 12644% 0x0000021d02167790 code [0x0000021d021679c0, 0x0000021d021681d8]
Event: 22.213 Thread 0x0000021d7b51b000 12580       3       com.android.tools.r8.internal.pf::forEach (37 bytes)
Event: 22.213 Thread 0x0000021d7b51b000 nmethod 12580 0x0000021d02168390 code [0x0000021d02168580, 0x0000021d021689a8]
Event: 22.213 Thread 0x0000021d7b51b000 12623 %     3       com.android.tools.r8.internal.E7::t @ 8 (281 bytes)
Event: 22.217 Thread 0x0000021d7b517000 nmethod 12559 0x0000021d08088f90 code [0x0000021d08089340, 0x0000021d0808bfc0]
Event: 22.218 Thread 0x0000021d7b517000 12648       4       com.android.tools.r8.internal.Oz::a (109 bytes)
Event: 22.219 Thread 0x0000021d7b51b000 nmethod 12623% 0x0000021d02168b10 code [0x0000021d021690c0, 0x0000021d0216cd68]
Event: 22.219 Thread 0x0000021d7b51b000 12683 % !   3       com.android.tools.r8.graph.i::a @ 133 (1446 bytes)
Event: 22.224 Thread 0x0000021d7b517000 nmethod 12648 0x0000021d0808e510 code [0x0000021d0808e6c0, 0x0000021d0808e8e8]
Event: 22.224 Thread 0x0000021d7b517000 12620       4       java.util.Collections$SetFromMap::isEmpty (10 bytes)
Event: 22.226 Thread 0x0000021d7b517000 nmethod 12620 0x0000021d0808eb10 code [0x0000021d0808ecc0, 0x0000021d0808edc8]
Event: 22.227 Thread 0x0000021d7b517000 12583       4       com.android.tools.r8.internal.Lv::a (455 bytes)

GC Heap History (20 events):
Event: 18.718 GC heap after
{Heap after GC invocations=31 (full 0):
 garbage-first heap   total 155648K, used 75836K [0x0000000080000000, 0x0000000100000000)
  region size 1024K, 7 young (7168K), 7 survivors (7168K)
 Metaspace       used 85508K, capacity 87560K, committed 88012K, reserved 1126400K
  class space    used 11096K, capacity 11862K, committed 11980K, reserved 1048576K
}
Event: 18.855 GC heap before
{Heap before GC invocations=31 (full 0):
 garbage-first heap   total 155648K, used 122940K [0x0000000080000000, 0x0000000100000000)
  region size 1024K, 54 young (55296K), 7 survivors (7168K)
 Metaspace       used 86588K, capacity 88681K, committed 88908K, reserved 1126400K
  class space    used 11240K, capacity 12021K, committed 12108K, reserved 1048576K
}
Event: 18.864 GC heap after
{Heap after GC invocations=32 (full 0):
 garbage-first heap   total 155648K, used 87399K [0x0000000080000000, 0x0000000100000000)
  region size 1024K, 7 young (7168K), 7 survivors (7168K)
 Metaspace       used 86588K, capacity 88681K, committed 88908K, reserved 1126400K
  class space    used 11240K, capacity 12021K, committed 12108K, reserved 1048576K
}
Event: 19.229 GC heap before
{Heap before GC invocations=32 (full 0):
 garbage-first heap   total 155648K, used 123239K [0x0000000080000000, 0x0000000100000000)
  region size 1024K, 43 young (44032K), 7 survivors (7168K)
 Metaspace       used 89464K, capacity 91763K, committed 91980K, reserved 1128448K
  class space    used 11704K, capacity 12583K, committed 12620K, reserved 1048576K
}
Event: 19.247 GC heap after
{Heap after GC invocations=33 (full 0):
 garbage-first heap   total 187392K, used 91057K [0x0000000080000000, 0x0000000100000000)
  region size 1024K, 6 young (6144K), 6 survivors (6144K)
 Metaspace       used 89464K, capacity 91763K, committed 91980K, reserved 1128448K
  class space    used 11704K, capacity 12583K, committed 12620K, reserved 1048576K
}
Event: 19.600 GC heap before
{Heap before GC invocations=34 (full 0):
 garbage-first heap   total 187392K, used 140209K [0x0000000080000000, 0x0000000100000000)
  region size 1024K, 55 young (56320K), 6 survivors (6144K)
 Metaspace       used 90430K, capacity 92812K, committed 93004K, reserved 1130496K
  class space    used 11837K, capacity 12739K, committed 12876K, reserved 1048576K
}
Event: 19.624 GC heap after
{Heap after GC invocations=35 (full 0):
 garbage-first heap   total 187392K, used 103234K [0x0000000080000000, 0x0000000100000000)
  region size 1024K, 7 young (7168K), 7 survivors (7168K)
 Metaspace       used 90430K, capacity 92812K, committed 93004K, reserved 1130496K
  class space    used 11837K, capacity 12739K, committed 12876K, reserved 1048576K
}
Event: 19.976 GC heap before
{Heap before GC invocations=35 (full 0):
 garbage-first heap   total 187392K, used 144194K [0x0000000080000000, 0x0000000100000000)
  region size 1024K, 48 young (49152K), 7 survivors (7168K)
 Metaspace       used 93083K, capacity 95649K, committed 95820K, reserved 1132544K
  class space    used 12297K, capacity 13309K, committed 13388K, reserved 1048576K
}
Event: 20.004 GC heap after
{Heap after GC invocations=36 (full 0):
 garbage-first heap   total 187392K, used 111476K [0x0000000080000000, 0x0000000100000000)
  region size 1024K, 6 young (6144K), 6 survivors (6144K)
 Metaspace       used 93083K, capacity 95649K, committed 95820K, reserved 1132544K
  class space    used 12297K, capacity 13309K, committed 13388K, reserved 1048576K
}
Event: 20.352 GC heap before
{Heap before GC invocations=37 (full 0):
 garbage-first heap   total 187392K, used 148340K [0x0000000080000000, 0x0000000100000000)
  region size 1024K, 43 young (44032K), 6 survivors (6144K)
 Metaspace       used 94784K, capacity 97241K, committed 97996K, reserved 1134592K
  class space    used 12532K, capacity 13475K, committed 13772K, reserved 1048576K
}
Event: 20.376 GC heap after
{Heap after GC invocations=38 (full 0):
 garbage-first heap   total 187392K, used 119202K [0x0000000080000000, 0x0000000100000000)
  region size 1024K, 6 young (6144K), 6 survivors (6144K)
 Metaspace       used 94784K, capacity 97241K, committed 97996K, reserved 1134592K
  class space    used 12532K, capacity 13475K, committed 13772K, reserved 1048576K
}
Event: 20.515 GC heap before
{Heap before GC invocations=38 (full 0):
 garbage-first heap   total 187392K, used 151970K [0x0000000080000000, 0x0000000100000000)
  region size 1024K, 38 young (38912K), 6 survivors (6144K)
 Metaspace       used 95141K, capacity 97587K, committed 98252K, reserved 1134592K
  class space    used 12562K, capacity 13523K, committed 13772K, reserved 1048576K
}
Event: 20.542 GC heap after
{Heap after GC invocations=39 (full 0):
 garbage-first heap   total 357376K, used 124825K [0x0000000080000000, 0x0000000100000000)
  region size 1024K, 5 young (5120K), 5 survivors (5120K)
 Metaspace       used 95141K, capacity 97587K, committed 98252K, reserved 1134592K
  class space    used 12562K, capacity 13523K, committed 13772K, reserved 1048576K
}
Event: 21.079 GC heap before
{Heap before GC invocations=40 (full 0):
 garbage-first heap   total 357376K, used 208793K [0x0000000080000000, 0x0000000100000000)
  region size 1024K, 88 young (90112K), 5 survivors (5120K)
 Metaspace       used 96632K, capacity 99088K, committed 99660K, reserved 1134592K
  class space    used 12727K, capacity 13670K, committed 13900K, reserved 1048576K
}
Event: 21.101 GC heap after
{Heap after GC invocations=41 (full 0):
 garbage-first heap   total 357376K, used 130909K [0x0000000080000000, 0x0000000100000000)
  region size 1024K, 11 young (11264K), 11 survivors (11264K)
 Metaspace       used 96632K, capacity 99088K, committed 99660K, reserved 1134592K
  class space    used 12727K, capacity 13670K, committed 13900K, reserved 1048576K
}
Event: 21.486 GC heap before
{Heap before GC invocations=41 (full 0):
 garbage-first heap   total 357376K, used 223069K [0x0000000080000000, 0x0000000100000000)
  region size 1024K, 102 young (104448K), 11 survivors (11264K)
 Metaspace       used 97385K, capacity 99899K, committed 100300K, reserved 1136640K
  class space    used 12817K, capacity 13813K, committed 14028K, reserved 1048576K
}
Event: 21.508 GC heap after
{Heap after GC invocations=42 (full 0):
 garbage-first heap   total 357376K, used 137328K [0x0000000080000000, 0x0000000100000000)
  region size 1024K, 7 young (7168K), 7 survivors (7168K)
 Metaspace       used 97385K, capacity 99899K, committed 100300K, reserved 1136640K
  class space    used 12817K, capacity 13813K, committed 14028K, reserved 1048576K
}
Event: 21.844 GC heap before
{Heap before GC invocations=42 (full 0):
 garbage-first heap   total 357376K, used 238704K [0x0000000080000000, 0x0000000100000000)
  region size 1024K, 107 young (109568K), 7 survivors (7168K)
 Metaspace       used 97566K, capacity 100161K, committed 100556K, reserved 1136640K
  class space    used 12840K, capacity 13856K, committed 14028K, reserved 1048576K
}
Event: 21.869 GC heap after
{Heap after GC invocations=43 (full 0):
 garbage-first heap   total 357376K, used 142999K [0x0000000080000000, 0x0000000100000000)
  region size 1024K, 13 young (13312K), 13 survivors (13312K)
 Metaspace       used 97566K, capacity 100161K, committed 100556K, reserved 1136640K
  class space    used 12840K, capacity 13856K, committed 14028K, reserved 1048576K
}
Event: 22.245 GC heap before
{Heap before GC invocations=43 (full 0):
 garbage-first heap   total 357376K, used 250519K [0x0000000080000000, 0x0000000100000000)
  region size 1024K, 119 young (121856K), 13 survivors (13312K)
 Metaspace       used 97600K, capacity 100201K, committed 100556K, reserved 1136640K
  class space    used 12849K, capacity 13871K, committed 14028K, reserved 1048576K
}

Deoptimization events (20 events):
Event: 21.952 Thread 0x0000021d7f0ee000 DEOPT PACKING pc=0x0000021d08086410 sp=0x000000e62cbfac50
Event: 21.952 Thread 0x0000021d7f0ee000 DEOPT UNPACKING pc=0x0000021d000083af sp=0x000000e62cbfabd8 mode 2
Event: 21.952 Thread 0x0000021d7f0ee000 Uncommon trap: trap_request=0xffffffde fr.pc=0x0000021d08086410 relative=0x0000000000000070
Event: 21.952 Thread 0x0000021d7f0ee000 Uncommon trap: reason=class_check action=maybe_recompile pc=0x0000021d08086410 method=java.util.Collections$SetFromMap.isEmpty()Z @ 4 c2
Event: 21.952 Thread 0x0000021d7f0ee000 DEOPT PACKING pc=0x0000021d08086410 sp=0x000000e62cbfac50
Event: 21.952 Thread 0x0000021d7f0ee000 DEOPT UNPACKING pc=0x0000021d000083af sp=0x000000e62cbfabd8 mode 2
Event: 22.009 Thread 0x0000021d7baee800 DEOPT PACKING pc=0x0000021d01dc9004 sp=0x000000e62d1f98d0
Event: 22.009 Thread 0x0000021d7baee800 DEOPT UNPACKING pc=0x0000021d00028ede sp=0x000000e62d1f8d70 mode 0
Event: 22.153 Thread 0x0000021d7baec800 DEOPT PACKING pc=0x0000021d01f3ac76 sp=0x000000e62d2f97c0
Event: 22.153 Thread 0x0000021d7baec800 DEOPT UNPACKING pc=0x0000021d00028ede sp=0x000000e62d2f8d60 mode 0
Event: 22.163 Thread 0x0000021d7baf1000 DEOPT PACKING pc=0x0000021d01f3d0f4 sp=0x000000e62cef9ac0
Event: 22.163 Thread 0x0000021d7baf1000 DEOPT UNPACKING pc=0x0000021d00028ede sp=0x000000e62cef90b8 mode 0
Event: 22.215 Thread 0x0000021d7baee800 DEOPT PACKING pc=0x0000021d01f23b08 sp=0x000000e62d1f9050
Event: 22.215 Thread 0x0000021d7baee800 DEOPT UNPACKING pc=0x0000021d00028ede sp=0x000000e62d1f8690 mode 0
Event: 22.217 Thread 0x0000021d7baee800 DEOPT PACKING pc=0x0000021d0206330a sp=0x000000e62d1f98f0
Event: 22.217 Thread 0x0000021d7baee800 DEOPT UNPACKING pc=0x0000021d00028ede sp=0x000000e62d1f8e10 mode 0
Event: 22.218 Thread 0x0000021d7baee800 DEOPT PACKING pc=0x0000021d01f69b87 sp=0x000000e62d1f96d0
Event: 22.218 Thread 0x0000021d7baee800 DEOPT UNPACKING pc=0x0000021d00028ede sp=0x000000e62d1f8ca0 mode 0
Event: 22.225 Thread 0x0000021d7baee800 DEOPT PACKING pc=0x0000021d02055c94 sp=0x000000e62d1f93e0
Event: 22.225 Thread 0x0000021d7baee800 DEOPT UNPACKING pc=0x0000021d00028ede sp=0x000000e62d1f8c98 mode 0

Classes redefined (0 events):
No events

Internal exceptions (20 events):
Event: 19.944 Thread 0x0000021d7f0ee800 Exception <a 'java/lang/NoSuchMethodError'{0x00000000892f5068}: 'java.lang.Object java.lang.invoke.DirectMethodHandle$Holder.invokeVirtual(java.lang.Object, java.lang.Object, int, java.lang.Object)'> (0x00000000892f5068) thrown at [./src/hotspot/share/interpreter/linkResolver.cpp, line 773]
Event: 19.944 Thread 0x0000021d7f0f0000 Exception <a 'java/lang/NoSuchMethodError'{0x0000000089759f90}: 'java.lang.Object java.lang.invoke.DirectMethodHandle$Holder.invokeVirtual(java.lang.Object, java.lang.Object, int, java.lang.Object)'> (0x0000000089759f90) thrown at [./src/hotspot/share/interpreter/linkResolver.cpp, line 773]
Event: 19.946 Thread 0x0000021d7f0ee000 Exception <a 'java/lang/NoSuchMethodError'{0x0000000089102d08}: 'java.lang.Object java.lang.invoke.DirectMethodHandle$Holder.invokeVirtual(java.lang.Object, java.lang.Object, int, java.lang.Object)'> (0x0000000089102d08) thrown at [./src/hotspot/share/interpreter/linkResolver.cpp, line 773]
Event: 19.974 Thread 0x0000021d7baf1000 Exception <a 'java/lang/NoSuchMethodError'{0x0000000088f45c78}: 'void java.lang.invoke.DirectMethodHandle$Holder.invokeVirtual(java.lang.Object, java.lang.Object, int, java.lang.Object)'> (0x0000000088f45c78) thrown at [./src/hotspot/share/interpreter/linkResolver.cpp, line 773]
Event: 20.203 Thread 0x0000021d7baf1000 Exception <a 'java/lang/NoSuchMethodError'{0x000000008a29fdb0}: 'java.lang.Object java.lang.invoke.DirectMethodHandle$Holder.invokeInterface(java.lang.Object, java.lang.Object, int)'> (0x000000008a29fdb0) thrown at [./src/hotspot/share/interpreter/linkResolver.cpp, line 773]
Event: 20.604 Thread 0x0000021d7f0ee800 Exception <a 'java/lang/IncompatibleClassChangeError'{0x0000000095052860}: Found class java.lang.Object, but interface was expected> (0x0000000095052860) thrown at [./src/hotspot/share/interpreter/linkResolver.cpp, line 839]
Event: 20.714 Thread 0x0000021d7f0ee800 Exception <a 'java/lang/NoSuchMethodError'{0x00000000941270a0}: 'void java.lang.invoke.DirectMethodHandle$Holder.invokeSpecial(java.lang.Object, java.lang.Object, int, java.lang.Object, java.lang.Object, java.lang.Object, java.lang.Object)'> (0x00000000941270a0) thrown at [./src/hotspot/share/interpreter/linkResolver.cpp, line 773]
Event: 20.716 Thread 0x0000021d7f0ee800 Exception <a 'java/lang/NoSuchMethodError'{0x0000000094132d40}: 'java.lang.Object java.lang.invoke.Invokers$Holder.linkToTargetMethod(java.lang.Object, int, java.lang.Object, java.lang.Object, java.lang.Object, java.lang.Object)'> (0x0000000094132d40) thrown at [./src/hotspot/share/interpreter/linkResolver.cpp, line 773]
Event: 20.716 Thread 0x0000021d7f0ee800 Exception <a 'java/lang/NoSuchMethodError'{0x00000000941371f0}: 'void java.lang.invoke.DirectMethodHandle$Holder.invokeSpecial(java.lang.Object, java.lang.Object, java.lang.Object, java.lang.Object, java.lang.Object, java.lang.Object, java.lang.Object, java.lang.Object, java.lang.Object)'> (0x00000000941371f0) thrown at [./src/hotspot/share/interpreter/linkResolver.cpp, line 773]
Event: 20.783 Thread 0x0000021d7f0ee800 Exception <a 'java/lang/NoSuchMethodError'{0x00000000940a7548}: 'void java.lang.invoke.DirectMethodHandle$Holder.invokeStatic(java.lang.Object, java.lang.Object, java.lang.Object, java.lang.Object, java.lang.Object, java.lang.Object, java.lang.Object, java.lang.Object)'> (0x00000000940a7548) thrown at [./src/hotspot/share/interpreter/linkResolver.cpp, line 773]
Event: 21.036 Thread 0x0000021d7f0f0000 Exception <a 'java/lang/IncompatibleClassChangeError'{0x00000000911e6068}: Found class java.lang.Object, but interface was expected> (0x00000000911e6068) thrown at [./src/hotspot/share/interpreter/linkResolver.cpp, line 839]
Event: 21.105 Thread 0x0000021d7f0f0000 Implicit null exception at 0x0000021d07cb5e10 to 0x0000021d07cb71e4
Event: 21.204 Thread 0x0000021d7f0f0000 Exception <a 'java/lang/NoSuchMethodError'{0x00000000948f8ed8}: 'void java.lang.invoke.DirectMethodHandle$Holder.invokeVirtual(java.lang.Object, java.lang.Object, int)'> (0x00000000948f8ed8) thrown at [./src/hotspot/share/interpreter/linkResolver.cpp, line 773]
Event: 21.258 Thread 0x0000021d7baec800 Exception <a 'java/lang/NoSuchMethodError'{0x0000000093e61288}: 'int java.lang.invoke.DirectMethodHandle$Holder.invokeInterface(java.lang.Object, java.lang.Object, int)'> (0x0000000093e61288) thrown at [./src/hotspot/share/interpreter/linkResolver.cpp, line 773]
Event: 21.262 Thread 0x0000021d7f0f0000 Exception <a 'sun/nio/fs/WindowsException'{0x00000000943c07e0}> (0x00000000943c07e0) thrown at [./src/hotspot/share/prims/jni.cpp, line 615]
Event: 21.262 Thread 0x0000021d7f0ee800 Exception <a 'sun/nio/fs/WindowsException'{0x0000000093d47288}> (0x0000000093d47288) thrown at [./src/hotspot/share/prims/jni.cpp, line 615]
Event: 21.435 Thread 0x0000021d7f0ee800 Exception <a 'sun/nio/fs/WindowsException'{0x000000009147e5f8}> (0x000000009147e5f8) thrown at [./src/hotspot/share/prims/jni.cpp, line 615]
Event: 21.460 Thread 0x0000021d7f0f0000 Exception <a 'sun/nio/fs/WindowsException'{0x000000008feff8e8}> (0x000000008feff8e8) thrown at [./src/hotspot/share/prims/jni.cpp, line 615]
Event: 21.933 Thread 0x0000021d7f0ee000 Exception <a 'sun/nio/fs/WindowsException'{0x0000000095175f40}> (0x0000000095175f40) thrown at [./src/hotspot/share/prims/jni.cpp, line 615]
Event: 22.226 Thread 0x0000021d7f0ee000 Exception <a 'sun/nio/fs/WindowsException'{0x000000008fd59338}> (0x000000008fd59338) thrown at [./src/hotspot/share/prims/jni.cpp, line 615]

Events (20 events):
Event: 22.075 Executing VM operation: RevokeBias done
Event: 22.075 Executing VM operation: RevokeBias
Event: 22.076 Executing VM operation: RevokeBias done
Event: 22.120 Executing VM operation: RevokeBias
Event: 22.120 Executing VM operation: RevokeBias done
Event: 22.120 Executing VM operation: RevokeBias
Event: 22.121 Executing VM operation: RevokeBias done
Event: 22.180 loading class com/android/tools/r8/internal/DE
Event: 22.180 loading class com/android/tools/r8/internal/DE done
Event: 22.180 loading class com/android/tools/r8/internal/DE
Event: 22.180 loading class com/android/tools/r8/internal/DE done
Event: 22.180 loading class com/android/tools/r8/internal/CE
Event: 22.180 loading class com/android/tools/r8/internal/CE done
Event: 22.180 loading class com/android/tools/r8/code/H0
Event: 22.180 loading class com/android/tools/r8/code/H0 done
Event: 22.180 loading class com/android/tools/r8/code/H0
Event: 22.180 loading class com/android/tools/r8/code/H0 done
Event: 22.181 loading class com/android/tools/r8/code/H0
Event: 22.181 loading class com/android/tools/r8/code/H0 done
Event: 22.245 Executing VM operation: G1CollectForAllocation


Dynamic libraries:
0x00007ff78f2e0000 - 0x00007ff78f2ea000 	D:\Program Files\Android\Android Studio\jre\bin\java.exe
0x00007ff94ac00000 - 0x00007ff94ae09000 	C:\WINDOWS\SYSTEM32\ntdll.dll
0x00007ff948db0000 - 0x00007ff948e6d000 	C:\WINDOWS\System32\KERNEL32.DLL
0x00007ff948670000 - 0x00007ff9489ec000 	C:\WINDOWS\System32\KERNELBASE.dll
0x00007ff948550000 - 0x00007ff948661000 	C:\WINDOWS\System32\ucrtbase.dll
0x00007ff919e60000 - 0x00007ff919e77000 	D:\Program Files\Android\Android Studio\jre\bin\VCRUNTIME140.dll
0x00007ff90e5b0000 - 0x00007ff90e5c9000 	D:\Program Files\Android\Android Studio\jre\bin\jli.dll
0x00007ff94a540000 - 0x00007ff94a6ed000 	C:\WINDOWS\System32\USER32.dll
0x00007ff9484a0000 - 0x00007ff9484c6000 	C:\WINDOWS\System32\win32u.dll
0x00007ff94a700000 - 0x00007ff94a729000 	C:\WINDOWS\System32\GDI32.dll
0x00007ff9336a0000 - 0x00007ff933945000 	C:\WINDOWS\WinSxS\amd64_microsoft.windows.common-controls_6595b64144ccf1df_6.0.22000.120_none_9d947278b86cc467\COMCTL32.dll
0x00007ff948380000 - 0x00007ff948499000 	C:\WINDOWS\System32\gdi32full.dll
0x00007ff9489f0000 - 0x00007ff948a8d000 	C:\WINDOWS\System32\msvcp_win.dll
0x00007ff94a870000 - 0x00007ff94a913000 	C:\WINDOWS\System32\msvcrt.dll
0x00007ff948e70000 - 0x00007ff948ea1000 	C:\WINDOWS\System32\IMM32.DLL
0x00007ff90b2d0000 - 0x00007ff90b36d000 	D:\Program Files\Android\Android Studio\jre\bin\msvcp140.dll
0x00007ff8e9c00000 - 0x00007ff8ea6cf000 	D:\Program Files\Android\Android Studio\jre\bin\server\jvm.dll
0x00007ff94aab0000 - 0x00007ff94ab5e000 	C:\WINDOWS\System32\ADVAPI32.dll
0x00007ff948eb0000 - 0x00007ff948f4e000 	C:\WINDOWS\System32\sechost.dll
0x00007ff949f80000 - 0x00007ff94a0a0000 	C:\WINDOWS\System32\RPCRT4.dll
0x00007ff94a920000 - 0x00007ff94a928000 	C:\WINDOWS\System32\PSAPI.DLL
0x00007ff941b40000 - 0x00007ff941b73000 	C:\WINDOWS\SYSTEM32\WINMM.dll
0x00007ff932180000 - 0x00007ff932189000 	C:\WINDOWS\SYSTEM32\WSOCK32.dll
0x00007ff942610000 - 0x00007ff94261a000 	C:\WINDOWS\SYSTEM32\VERSION.dll
0x00007ff94aa40000 - 0x00007ff94aaaf000 	C:\WINDOWS\System32\WS2_32.dll
0x00007ff9472c0000 - 0x00007ff9472d8000 	C:\WINDOWS\SYSTEM32\kernel.appcore.dll
0x00007ff937230000 - 0x00007ff937241000 	D:\Program Files\Android\Android Studio\jre\bin\verify.dll
0x00007ff945c40000 - 0x00007ff945e61000 	C:\WINDOWS\SYSTEM32\DBGHELP.DLL
0x00007ff939130000 - 0x00007ff939161000 	C:\WINDOWS\SYSTEM32\dbgcore.DLL
0x00007ff9484d0000 - 0x00007ff94854f000 	C:\WINDOWS\System32\bcryptPrimitives.dll
0x00007ff926690000 - 0x00007ff9266b9000 	D:\Program Files\Android\Android Studio\jre\bin\java.dll
0x00007ff937220000 - 0x00007ff93722b000 	D:\Program Files\Android\Android Studio\jre\bin\jimage.dll
0x00007ff9202e0000 - 0x00007ff9202f8000 	D:\Program Files\Android\Android Studio\jre\bin\zip.dll
0x00007ff949160000 - 0x00007ff949918000 	C:\WINDOWS\System32\SHELL32.dll
0x00007ff946250000 - 0x00007ff946ab8000 	C:\WINDOWS\SYSTEM32\windows.storage.dll
0x00007ff94a0d0000 - 0x00007ff94a449000 	C:\WINDOWS\System32\combase.dll
0x00007ff9460d0000 - 0x00007ff946236000 	C:\WINDOWS\SYSTEM32\wintypes.dll
0x00007ff948a90000 - 0x00007ff948b7a000 	C:\WINDOWS\System32\SHCORE.dll
0x00007ff949920000 - 0x00007ff94997d000 	C:\WINDOWS\System32\shlwapi.dll
0x00007ff948010000 - 0x00007ff948031000 	C:\WINDOWS\SYSTEM32\profapi.dll
0x00007ff9202c0000 - 0x00007ff9202da000 	D:\Program Files\Android\Android Studio\jre\bin\net.dll
0x00007ff940940000 - 0x00007ff940a4c000 	C:\WINDOWS\SYSTEM32\WINHTTP.dll
0x00007ff9476f0000 - 0x00007ff947757000 	C:\WINDOWS\system32\mswsock.dll
0x00007ff9201c0000 - 0x00007ff9201d4000 	D:\Program Files\Android\Android Studio\jre\bin\nio.dll
0x00007ff90f0f0000 - 0x00007ff90f117000 	C:\Users\ASUS\.gradle\native\8bec1ad78214c89d9ad589b4d07fe93259594b29d510b10fafb7a158f7737e5d\windows-amd64\native-platform.dll
0x00007ff8ef7b0000 - 0x00007ff8ef8ed000 	C:\Users\ASUS\.gradle\native\53dbd7edfb1c66fb8903c78663c9afc45aea4f116125fa6feffd364cf09443e8\windows-amd64\native-platform-file-events.dll
0x00007ff937210000 - 0x00007ff93721a000 	D:\Program Files\Android\Android Studio\jre\bin\management.dll
0x00007ff937080000 - 0x00007ff93708c000 	D:\Program Files\Android\Android Studio\jre\bin\management_ext.dll
0x00007ff947940000 - 0x00007ff947958000 	C:\WINDOWS\SYSTEM32\CRYPTSP.dll
0x00007ff947220000 - 0x00007ff947255000 	C:\WINDOWS\system32\rsaenh.dll
0x00007ff9477e0000 - 0x00007ff947809000 	C:\WINDOWS\SYSTEM32\USERENV.dll
0x00007ff947ac0000 - 0x00007ff947ae7000 	C:\WINDOWS\SYSTEM32\bcrypt.dll
0x00007ff947930000 - 0x00007ff94793c000 	C:\WINDOWS\SYSTEM32\CRYPTBASE.dll
0x00007ff946df0000 - 0x00007ff946e1d000 	C:\WINDOWS\SYSTEM32\IPHLPAPI.DLL
0x00007ff94a0c0000 - 0x00007ff94a0c9000 	C:\WINDOWS\System32\NSI.dll
0x00007ff9414f0000 - 0x00007ff941509000 	C:\WINDOWS\SYSTEM32\dhcpcsvc6.DLL
0x00007ff941960000 - 0x00007ff94197e000 	C:\WINDOWS\SYSTEM32\dhcpcsvc.DLL
0x00007ff946e60000 - 0x00007ff946f48000 	C:\WINDOWS\SYSTEM32\DNSAPI.dll

dbghelp: loaded successfully - version: 4.0.5 - missing functions: none
symbol engine: initialized successfully - sym options: 0x614 - pdb path: .;D:\Program Files\Android\Android Studio\jre\bin;C:\WINDOWS\SYSTEM32;C:\WINDOWS\WinSxS\amd64_microsoft.windows.common-controls_6595b64144ccf1df_6.0.22000.120_none_9d947278b86cc467;D:\Program Files\Android\Android Studio\jre\bin\server;C:\Users\ASUS\.gradle\native\8bec1ad78214c89d9ad589b4d07fe93259594b29d510b10fafb7a158f7737e5d\windows-amd64;C:\Users\ASUS\.gradle\native\53dbd7edfb1c66fb8903c78663c9afc45aea4f116125fa6feffd364cf09443e8\windows-amd64

VM Arguments:
jvm_args: --add-opens=java.base/java.util=ALL-UNNAMED --add-opens=java.base/java.lang=ALL-UNNAMED --add-opens=java.base/java.lang.invoke=ALL-UNNAMED --add-opens=java.base/java.util=ALL-UNNAMED --add-opens=java.prefs/java.util.prefs=ALL-UNNAMED --add-opens=java.prefs/java.util.prefs=ALL-UNNAMED --add-opens=java.base/java.nio.charset=ALL-UNNAMED --add-opens=java.base/java.net=ALL-UNNAMED --add-opens=java.base/java.util.concurrent.atomic=ALL-UNNAMED -Xmx2048m -Dfile.encoding=UTF-8 -Duser.country=CN -Duser.language=zh -Duser.variant 
java_command: org.gradle.launcher.daemon.bootstrap.GradleDaemon 7.0.2
java_class_path (initial): C:\Users\ASUS\.gradle\wrapper\dists\gradle-7.0.2-bin\857tjihv64xamwrf0h14cai3r\gradle-7.0.2\lib\gradle-launcher-7.0.2.jar
Launcher Type: SUN_STANDARD

[Global flags]
     intx CICompilerCount                          = 4                                         {product} {ergonomic}
     uint ConcGCThreads                            = 2                                         {product} {ergonomic}
     uint G1ConcRefinementThreads                  = 8                                         {product} {ergonomic}
   size_t G1HeapRegionSize                         = 1048576                                   {product} {ergonomic}
    uintx GCDrainStackTargetSize                   = 64                                        {product} {ergonomic}
   size_t InitialHeapSize                          = 132120576                                 {product} {ergonomic}
   size_t MarkStackSize                            = 4194304                                   {product} {ergonomic}
   size_t MaxHeapSize                              = 2147483648                                {product} {command line}
   size_t MaxNewSize                               = 1287651328                                {product} {ergonomic}
   size_t MinHeapDeltaBytes                        = 1048576                                   {product} {ergonomic}
    uintx NonNMethodCodeHeapSize                   = 5836300                                {pd product} {ergonomic}
    uintx NonProfiledCodeHeapSize                  = 122910970                              {pd product} {ergonomic}
    uintx ProfiledCodeHeapSize                     = 122910970                              {pd product} {ergonomic}
    uintx ReservedCodeCacheSize                    = 251658240                              {pd product} {ergonomic}
     bool SegmentedCodeCache                       = true                                      {product} {ergonomic}
     bool UseCompressedClassPointers               = true                                 {lp64_product} {ergonomic}
     bool UseCompressedOops                        = true                                 {lp64_product} {ergonomic}
     bool UseG1GC                                  = true                                      {product} {ergonomic}
     bool UseLargePagesIndividualAllocation        = false                                  {pd product} {ergonomic}

Logging:
Log output configuration:
 #0: stdout all=warning uptime,level,tags
 #1: stderr all=off uptime,level,tags

Environment Variables:
JAVA_HOME=C:\Program Files\Java\jdk1.8.0_321
CLASSPATH=.;C:\Program Files\Java\jdk1.8.0_321\lib;C:\Program Files\Java\jdk1.8.0_321\lib\tools.jar
PATH=C:\Program Files (x86)\Common Files\Oracle\Java\javapath;C:\Program Files (x86)\VMware\VMware Workstation\bin\;C:\ProgramData\Oracle\Java\javapath;C:\Program Files\Java\jdk1.8.0_321\bin;C:\Program Files\Java\jdk1.8.0_321\jre\bin;D:\Program Files\MySql\mysql-8.0.23-winx64\bin;C:\Program Files (x86)\Microsoft SQL Server\150\DTS\Binn\;C:\Program Files\Microsoft SQL Server\Client SDK\ODBC\170\Tools\Binn\;C:\Program Files (x86)\Microsoft SQL Server\150\Tools\Binn\;C:\Program Files\Microsoft SQL Server\150\Tools\Binn\;C:\Program Files\Microsoft SQL Server\150\DTS\Binn\;C:\WINDOWS\system32;C:\WINDOWS;C:\WINDOWS\System32\Wbem;C:\WINDOWS\System32\WindowsPowerShell\v1.0\;C:\WINDOWS\System32\OpenSSH\;C:\Program Files (x86)\MySQL\MySQL Server 5.1\bin;D:\apache-tomcat-8.0.50\bin;D:\apache-tomcat-8.0.50\lib;D:\nodeJs\;D:\Git\cmd;C:\Users\ASUS\AppData\Local\Microsoft\WindowsApps;C:\Users\ASUS\AppData\Roaming\npm
USERNAME=ASUS
OS=Windows_NT
PROCESSOR_IDENTIFIER=Intel64 Family 6 Model 126 Stepping 5, GenuineIntel



---------------  S Y S T E M  ---------------

OS: Windows 10 , 64 bit Build 22000 (10.0.22000.708)
OS uptime: 3 days 0:37 hours

CPU:total 8 (initial active 8) (4 cores per cpu, 2 threads per core) family 6 model 126 stepping 5 microcode 0xa6, cmov, cx8, fxsr, mmx, sse, sse2, sse3, ssse3, sse4.1, sse4.2, popcnt, avx, avx2, aes, clmul, erms, 3dnowpref, lzcnt, ht, tsc, tscinvbit, bmi1, bmi2, adx, evex, sha, fma

Memory: 4k page, system-wide physical 7997M (235M free)
TotalPageFile size 20136M (AvailPageFile size 57M)
current process WorkingSet (physical memory assigned to process): 601M, peak: 601M
current process commit charge ("private bytes"): 695M, peak: 924M

vm_info: OpenJDK 64-Bit Server VM (11.0.10+0-b96-7249189) for windows-amd64 JRE (11.0.10+0-b96-7249189), built on Mar 31 2021 21:44:00 by "builder" with MS VC++ 14.0 (VS2015)

END.
