#
# There is insufficient memory for the Java Runtime Environment to continue.
# Native memory allocation (mmap) failed to map 165675008 bytes for Failed to commit area from 0x000000008c200000 to 0x0000000096000000 of length 165675008.
# Possible reasons:
#   The system is out of physical RAM or swap space
#   The process is running with CompressedOops enabled, and the Java Heap may be blocking the growth of the native heap
# Possible solutions:
#   Reduce memory load on the system
#   Increase physical memory or swap space
#   Check if swap backing store is full
#   Decrease Java heap size (-Xmx/-Xms)
#   Decrease number of Java threads
#   Decrease Java thread stack sizes (-Xss)
#   Set larger code cache with -XX:ReservedCodeCacheSize=
#   JVM is running with Unscaled Compressed Oops mode in which the Java heap is
#     placed in the first 4GB address space. The Java Heap base address is the
#     maximum limit for the native heap growth. Please use -XX:HeapBaseMinAddress
#     to set the Java Heap base and to place the Java Heap above 4GB virtual address.
# This output file may be truncated or incomplete.
#
#  Out of Memory Error (./src/hotspot/os/windows/os_windows.cpp:3301), pid=7152, tid=6068
#
# JRE version: OpenJDK Runtime Environment (11.0.10) (build 11.0.10+0-b96-7249189)
# Java VM: OpenJDK 64-Bit Server VM (11.0.10+0-b96-7249189, mixed mode, tiered, compressed oops, g1 gc, windows-amd64)
# No core dump will be written. Minidumps are not enabled by default on client versions of Windows
#

---------------  S U M M A R Y ------------

Command Line: --add-opens=java.base/java.util=ALL-UNNAMED --add-opens=java.base/java.lang=ALL-UNNAMED --add-opens=java.base/java.lang.invoke=ALL-UNNAMED --add-opens=java.base/java.util=ALL-UNNAMED --add-opens=java.prefs/java.util.prefs=ALL-UNNAMED --add-opens=java.prefs/java.util.prefs=ALL-UNNAMED --add-opens=java.base/java.nio.charset=ALL-UNNAMED --add-opens=java.base/java.net=ALL-UNNAMED --add-opens=java.base/java.util.concurrent.atomic=ALL-UNNAMED -Xmx2048m -Dfile.encoding=UTF-8 -Duser.country=CN -Duser.language=zh -Duser.variant org.gradle.launcher.daemon.bootstrap.GradleDaemon 7.0.2

Host: Intel(R) Core(TM) i5-1035G1 CPU @ 1.00GHz, 8 cores, 7G,  Windows 10 , 64 bit Build 22000 (10.0.22000.708)
Time: Thu Oct 13 10:39:42 2022 中国标准时间 elapsed time: 22.567150 seconds (0d 0h 0m 22s)

---------------  T H R E A D  ---------------

Current thread (0x000001c511612800):  VMThread "VM Thread" [stack: 0x000000af8f200000,0x000000af8f300000] [id=6068]

Stack: [0x000000af8f200000,0x000000af8f300000]
[error occurred during error reporting (printing stack bounds), id 0xc0000005, EXCEPTION_ACCESS_VIOLATION (0xc0000005) at pc=0x000001c5000010e7]

Native frames: (J=compiled Java code, j=interpreted, Vv=VM code, C=native code)
V  [jvm.dll+0x5ecfaa]
V  [jvm.dll+0x722bd5]
V  [jvm.dll+0x72412d]
V  [jvm.dll+0x724745]
V  [jvm.dll+0x7246fb]
V  [jvm.dll+0x5ec348]
V  [jvm.dll+0x5ecad8]
C  [ntdll.dll+0xa8b1f]
C  [ntdll.dll+0x35b9a]
C  [ntdll.dll+0xa7b2e]
C  0x000001c5000010e7

VM_Operation (0x000000af927f9140): G1CollectForAllocation, mode: safepoint, requested by thread 0x000001c5152a1800


---------------  P R O C E S S  ---------------

Threads class SMR info:
_java_thread_list=0x000001c519886da0, length=62, elements={
0x000001c577111000, 0x000001c511616800, 0x000001c51161b800, 0x000001c511ea8000,
0x000001c511636800, 0x000001c511637800, 0x000001c51163b000, 0x000001c51164b000,
0x000001c511eae800, 0x000001c512010800, 0x000001c5147ba800, 0x000001c51353e000,
0x000001c513a1e800, 0x000001c514576000, 0x000001c514054800, 0x000001c514053800,
0x000001c513766000, 0x000001c513f5a000, 0x000001c514f0e000, 0x000001c511647000,
0x000001c511646000, 0x000001c51164c800, 0x000001c51164b800, 0x000001c511649000,
0x000001c511648800, 0x000001c51164a000, 0x000001c511647800, 0x000001c514351800,
0x000001c514350800, 0x000001c51434d800, 0x000001c51434e800, 0x000001c51434c800,
0x000001c514353000, 0x000001c514355800, 0x000001c514356800, 0x000001c514358000,
0x000001c514352800, 0x000001c514359000, 0x000001c514359800, 0x000001c51435a800,
0x000001c5152a2000, 0x000001c5152a7000, 0x000001c5152a4800, 0x000001c5152a5800,
0x000001c5152a1800, 0x000001c5152a6000, 0x000001c5152a8000, 0x000001c5152a8800,
0x000001c5152a3000, 0x000001c5152a9800, 0x000001c5152a4000, 0x000001c5152ae800,
0x000001c5152ad800, 0x000001c5152ab000, 0x000001c5152aa800, 0x000001c5152af000,
0x000001c5152b0000, 0x000001c51a240800, 0x000001c51a23e000, 0x000001c51a23b000,
0x000001c51a240000, 0x000001c51a241800
}

Java Threads: ( => current thread )
  0x000001c577111000 JavaThread "main" [_thread_blocked, id=9028, stack(0x000000af8ec00000,0x000000af8ed00000)]
  0x000001c511616800 JavaThread "Reference Handler" daemon [_thread_blocked, id=5548, stack(0x000000af8f300000,0x000000af8f400000)]
  0x000001c51161b800 JavaThread "Finalizer" daemon [_thread_blocked, id=23696, stack(0x000000af8f400000,0x000000af8f500000)]
  0x000001c511ea8000 JavaThread "Signal Dispatcher" daemon [_thread_blocked, id=23128, stack(0x000000af8f500000,0x000000af8f600000)]
  0x000001c511636800 JavaThread "Attach Listener" daemon [_thread_blocked, id=8384, stack(0x000000af8f600000,0x000000af8f700000)]
  0x000001c511637800 JavaThread "Service Thread" daemon [_thread_blocked, id=14828, stack(0x000000af8f700000,0x000000af8f800000)]
  0x000001c51163b000 JavaThread "C2 CompilerThread0" daemon [_thread_in_native, id=20308, stack(0x000000af8f800000,0x000000af8f900000)]
  0x000001c51164b000 JavaThread "C1 CompilerThread0" daemon [_thread_blocked, id=12508, stack(0x000000af8f900000,0x000000af8fa00000)]
  0x000001c511eae800 JavaThread "Sweeper thread" daemon [_thread_blocked, id=12008, stack(0x000000af8fa00000,0x000000af8fb00000)]
  0x000001c512010800 JavaThread "Common-Cleaner" daemon [_thread_blocked, id=20464, stack(0x000000af8fb00000,0x000000af8fc00000)]
  0x000001c5147ba800 JavaThread "Daemon health stats" [_thread_blocked, id=19236, stack(0x000000af90100000,0x000000af90200000)]
  0x000001c51353e000 JavaThread "Incoming local TCP Connector on port 58080" [_thread_in_native, id=22888, stack(0x000000af8fd00000,0x000000af8fe00000)]
  0x000001c513a1e800 JavaThread "Daemon periodic checks" [_thread_blocked, id=3460, stack(0x000000af8fe00000,0x000000af8ff00000)]
  0x000001c514576000 JavaThread "Daemon" [_thread_blocked, id=10820, stack(0x000000af90200000,0x000000af90300000)]
  0x000001c514054800 JavaThread "Handler for socket connection from /127.0.0.1:58080 to /127.0.0.1:58081" [_thread_in_native, id=21940, stack(0x000000af90300000,0x000000af90400000)]
  0x000001c514053800 JavaThread "Cancel handler" [_thread_blocked, id=7840, stack(0x000000af90400000,0x000000af90500000)]
  0x000001c513766000 JavaThread "Daemon worker" [_thread_blocked, id=23988, stack(0x000000af90500000,0x000000af90600000)]
  0x000001c513f5a000 JavaThread "Asynchronous log dispatcher for DefaultDaemonConnection: socket connection from /127.0.0.1:58080 to /127.0.0.1:58081" [_thread_blocked, id=1300, stack(0x000000af90600000,0x000000af90700000)]
  0x000001c514f0e000 JavaThread "Stdin handler" [_thread_blocked, id=8972, stack(0x000000af90700000,0x000000af90800000)]
  0x000001c511647000 JavaThread "Daemon client event forwarder" [_thread_blocked, id=24272, stack(0x000000af90800000,0x000000af90900000)]
  0x000001c511646000 JavaThread "Cache worker for file hash cache (C:\Users\ASUS\.gradle\caches\7.0.2\fileHashes)" [_thread_blocked, id=17948, stack(0x000000af90e00000,0x000000af90f00000)]
  0x000001c51164c800 JavaThread "File lock request listener" [_thread_in_native, id=19084, stack(0x000000af90f00000,0x000000af91000000)]
  0x000001c51164b800 JavaThread "Cache worker for journal cache (C:\Users\ASUS\.gradle\caches\journal-1)" [_thread_blocked, id=14364, stack(0x000000af91100000,0x000000af91200000)]
  0x000001c511649000 JavaThread "Cache worker for file hash cache (D:\WorkSpace\.gradle\7.0.2\fileHashes)" [_thread_blocked, id=21952, stack(0x000000af91300000,0x000000af91400000)]
  0x000001c511648800 JavaThread "File watcher server" daemon [_thread_blocked, id=14420, stack(0x000000af91400000,0x000000af91500000)]
  0x000001c51164a000 JavaThread "File watcher consumer" daemon [_thread_blocked, id=23832, stack(0x000000af91500000,0x000000af91600000)]
  0x000001c511647800 JavaThread "Cache worker for checksums cache (D:\WorkSpace\.gradle\checksums)" [_thread_blocked, id=24024, stack(0x000000af91200000,0x000000af91300000)]
  0x000001c514351800 JavaThread "Cache worker for cache directory md-supplier (C:\Users\ASUS\.gradle\caches\7.0.2\md-supplier)" [_thread_blocked, id=18296, stack(0x000000af91600000,0x000000af91700000)]
  0x000001c514350800 JavaThread "C2 CompilerThread1" daemon [_thread_in_native, id=20324, stack(0x000000af91700000,0x000000af91800000)]
  0x000001c51434d800 JavaThread "Cache worker for cache directory md-rule (C:\Users\ASUS\.gradle\caches\7.0.2\md-rule)" [_thread_blocked, id=23260, stack(0x000000af91800000,0x000000af91900000)]
  0x000001c51434e800 JavaThread "C2 CompilerThread2" daemon [_thread_in_native, id=21628, stack(0x000000af91900000,0x000000af91a00000)]
  0x000001c51434c800 JavaThread "Cache worker for execution history cache (C:\Users\ASUS\.gradle\caches\7.0.2\executionHistory)" [_thread_blocked, id=17212, stack(0x000000af91a00000,0x000000af91b00000)]
  0x000001c514353000 JavaThread "jar transforms" [_thread_blocked, id=23068, stack(0x000000af91b00000,0x000000af91c00000)]
  0x000001c514355800 JavaThread "jar transforms Thread 2" [_thread_blocked, id=7968, stack(0x000000af91c00000,0x000000af91d00000)]
  0x000001c514356800 JavaThread "Cache worker for file content cache (C:\Users\ASUS\.gradle\caches\7.0.2\fileContent)" [_thread_blocked, id=12544, stack(0x000000af91d00000,0x000000af91e00000)]
  0x000001c514358000 JavaThread "Cache worker for dependencies-accessors (D:\WorkSpace\.gradle\7.0.2\dependencies-accessors)" [_thread_blocked, id=18532, stack(0x000000af91e00000,0x000000af91f00000)]
  0x000001c514352800 JavaThread "jar transforms Thread 3" [_thread_blocked, id=23876, stack(0x000000af91f00000,0x000000af92000000)]
  0x000001c514359000 JavaThread "Cache worker for Build Output Cleanup Cache (D:\WorkSpace\.gradle\buildOutputCleanup)" [_thread_blocked, id=8088, stack(0x000000af92000000,0x000000af92100000)]
  0x000001c514359800 JavaThread "Build operations" [_thread_blocked, id=1568, stack(0x000000af92100000,0x000000af92200000)]
  0x000001c51435a800 JavaThread "Build operations Thread 2" [_thread_blocked, id=8592, stack(0x000000af92200000,0x000000af92300000)]
  0x000001c5152a2000 JavaThread "Build operations Thread 3" [_thread_blocked, id=23920, stack(0x000000af92300000,0x000000af92400000)]
  0x000001c5152a7000 JavaThread "Build operations Thread 4" [_thread_blocked, id=15024, stack(0x000000af92400000,0x000000af92500000)]
  0x000001c5152a4800 JavaThread "Build operations Thread 5" [_thread_blocked, id=8788, stack(0x000000af92500000,0x000000af92600000)]
  0x000001c5152a5800 JavaThread "Build operations Thread 6" [_thread_blocked, id=11848, stack(0x000000af92600000,0x000000af92700000)]
  0x000001c5152a1800 JavaThread "Build operations Thread 7" [_thread_blocked, id=13916, stack(0x000000af92700000,0x000000af92800000)]
  0x000001c5152a6000 JavaThread "Build operations Thread 8" [_thread_blocked, id=22368, stack(0x000000af92800000,0x000000af92900000)]
  0x000001c5152a8000 JavaThread "jar transforms Thread 4" [_thread_blocked, id=22996, stack(0x000000af92900000,0x000000af92a00000)]
  0x000001c5152a8800 JavaThread "jar transforms Thread 5" [_thread_blocked, id=19860, stack(0x000000af92a00000,0x000000af92b00000)]
  0x000001c5152a3000 JavaThread "jar transforms Thread 6" [_thread_blocked, id=21688, stack(0x000000af92b00000,0x000000af92c00000)]
  0x000001c5152a9800 JavaThread "jar transforms Thread 7" [_thread_blocked, id=22540, stack(0x000000af92c00000,0x000000af92d00000)]
  0x000001c5152a4000 JavaThread "jar transforms Thread 8" [_thread_blocked, id=10496, stack(0x000000af92d00000,0x000000af92e00000)]
  0x000001c5152ae800 JavaThread "Memory manager" [_thread_blocked, id=15716, stack(0x000000af92e00000,0x000000af92f00000)]
  0x000001c5152ad800 JavaThread "build event listener" [_thread_blocked, id=5420, stack(0x000000af92f00000,0x000000af93000000)]
  0x000001c5152ab000 JavaThread "Execution worker for ':'" [_thread_blocked, id=13120, stack(0x000000af93000000,0x000000af93100000)]
  0x000001c5152aa800 JavaThread "Execution worker for ':' Thread 2" [_thread_blocked, id=8116, stack(0x000000af93100000,0x000000af93200000)]
  0x000001c5152af000 JavaThread "Execution worker for ':' Thread 3" [_thread_blocked, id=20268, stack(0x000000af93200000,0x000000af93300000)]
  0x000001c5152b0000 JavaThread "Execution worker for ':' Thread 4" [_thread_blocked, id=10736, stack(0x000000af93300000,0x000000af93400000)]
  0x000001c51a240800 JavaThread "Execution worker for ':' Thread 5" [_thread_blocked, id=14624, stack(0x000000af93400000,0x000000af93500000)]
  0x000001c51a23e000 JavaThread "Execution worker for ':' Thread 6" [_thread_blocked, id=20768, stack(0x000000af93500000,0x000000af93600000)]
  0x000001c51a23b000 JavaThread "Execution worker for ':' Thread 7" [_thread_blocked, id=5656, stack(0x000000af93600000,0x000000af93700000)]
  0x000001c51a240000 JavaThread "Cache worker for execution history cache (D:\WorkSpace\.gradle\7.0.2\executionHistory)" [_thread_blocked, id=9244, stack(0x000000af93700000,0x000000af93800000)]
  0x000001c51a241800 JavaThread "WorkerExecutor Queue" [_thread_blocked, id=12040, stack(0x000000af93800000,0x000000af93900000)]

Other Threads:
=>0x000001c511612800 VMThread "VM Thread" [stack: 0x000000af8f200000,0x000000af8f300000] [id=6068]
  0x000001c512017000 WatcherThread [stack: 0x000000af8fc00000,0x000000af8fd00000] [id=20328]
  0x000001c57712b000 GCTaskThread "GC Thread#0" [stack: 0x000000af8ed00000,0x000000af8ee00000] [id=20948]
  0x000001c513235000 GCTaskThread "GC Thread#1" [stack: 0x000000af8ff00000,0x000000af90000000] [id=22572]
  0x000001c512d36800 GCTaskThread "GC Thread#2" [stack: 0x000000af90000000,0x000000af90100000] [id=5636]
  0x000001c51466b800 GCTaskThread "GC Thread#3" [stack: 0x000000af90900000,0x000000af90a00000] [id=8968]
  0x000001c5139be800 GCTaskThread "GC Thread#4" [stack: 0x000000af90a00000,0x000000af90b00000] [id=20152]
  0x000001c514983000 GCTaskThread "GC Thread#5" [stack: 0x000000af90b00000,0x000000af90c00000] [id=18176]
  0x000001c51379d800 GCTaskThread "GC Thread#6" [stack: 0x000000af90c00000,0x000000af90d00000] [id=1800]
  0x000001c51379e800 GCTaskThread "GC Thread#7" [stack: 0x000000af90d00000,0x000000af90e00000] [id=23668]
  0x000001c57715a800 ConcurrentGCThread "G1 Main Marker" [stack: 0x000000af8ee00000,0x000000af8ef00000] [id=18556]
  0x000001c57715d000 ConcurrentGCThread "G1 Conc#0" [stack: 0x000000af8ef00000,0x000000af8f000000] [id=22344]
  0x000001c513fc3000 ConcurrentGCThread "G1 Conc#1" [stack: 0x000000af91000000,0x000000af91100000] [id=22176]
  0x000001c5771ee000 ConcurrentGCThread "G1 Refine#0" [stack: 0x000000af8f000000,0x000000af8f100000] [id=18800]
  0x000001c511463800 ConcurrentGCThread "G1 Young RemSet Sampling" [stack: 0x000000af8f100000,0x000000af8f200000] [id=4784]

Threads with active compile tasks:
C2 CompilerThread0  22595 10692       4       com.android.tools.r8.internal.T6::a (6044 bytes)
C1 CompilerThread0  22595 11389       2       com.android.tools.r8.internal.x4::a (591 bytes)
C2 CompilerThread1  22595 10606 %     4       com.android.tools.r8.internal.T6::a @ 2458 (4191 bytes)
C2 CompilerThread2  22595 10182       4       com.android.tools.r8.graph.B0$d::<init> (207 bytes)

VM state:at safepoint (normal execution)

VM Mutex/Monitor currently owned by a thread:  ([mutex/lock_event])
[0x000001c57710e5e0] Threads_lock - owner thread: 0x000001c511612800
[0x000001c57710f510] Heap_lock - owner thread: 0x000001c5152a1800

Heap address: 0x0000000080000000, size: 2048 MB, Compressed Oops mode: 32-bit
Narrow klass base: 0x0000000000000000, Narrow klass shift: 3
Compressed class space size: 1073741824 Address: 0x0000000100000000

Heap:
 garbage-first heap   total 360448K, used 132671K [0x0000000080000000, 0x0000000100000000)
  region size 1024K, 4 young (4096K), 4 survivors (4096K)
 Metaspace       used 93847K, capacity 96250K, committed 96512K, reserved 1132544K
  class space    used 12389K, capacity 13296K, committed 13388K, reserved 1048576K
Heap Regions: E=young(eden), S=young(survivor), O=old, HS=humongous(starts), HC=humongous(continues), CS=collection set, F=free, A=archive, TAMS=top-at-mark-start (previous, next)
|   0|0x0000000080000000, 0x0000000080100000, 0x0000000080100000|100%| O|  |TAMS 0x0000000080100000, 0x0000000080100000| Untracked 
|   1|0x0000000080100000, 0x0000000080200000, 0x0000000080200000|100%| O|  |TAMS 0x0000000080200000, 0x0000000080200000| Untracked 
|   2|0x0000000080200000, 0x0000000080300000, 0x0000000080300000|100%| O|  |TAMS 0x0000000080300000, 0x0000000080300000| Untracked 
|   3|0x0000000080300000, 0x0000000080400000, 0x0000000080400000|100%|HS|  |TAMS 0x0000000080400000, 0x0000000080400000| Complete 
|   4|0x0000000080400000, 0x0000000080500000, 0x0000000080500000|100%|HC|  |TAMS 0x0000000080500000, 0x0000000080500000| Complete 
|   5|0x0000000080500000, 0x0000000080600000, 0x0000000080600000|100%|HC|  |TAMS 0x0000000080600000, 0x0000000080600000| Complete 
|   6|0x0000000080600000, 0x0000000080700000, 0x0000000080700000|100%| O|  |TAMS 0x0000000080700000, 0x0000000080700000| Untracked 
|   7|0x0000000080700000, 0x0000000080800000, 0x0000000080800000|100%| O|  |TAMS 0x0000000080800000, 0x0000000080800000| Untracked 
|   8|0x0000000080800000, 0x0000000080900000, 0x0000000080900000|100%| O|  |TAMS 0x0000000080900000, 0x0000000080900000| Untracked 
|   9|0x0000000080900000, 0x0000000080a00000, 0x0000000080a00000|100%| O|  |TAMS 0x0000000080a00000, 0x0000000080a00000| Untracked 
|  10|0x0000000080a00000, 0x0000000080b00000, 0x0000000080b00000|100%| O|  |TAMS 0x0000000080b00000, 0x0000000080b00000| Untracked 
|  11|0x0000000080b00000, 0x0000000080c00000, 0x0000000080c00000|100%| O|  |TAMS 0x0000000080c00000, 0x0000000080c00000| Untracked 
|  12|0x0000000080c00000, 0x0000000080d00000, 0x0000000080d00000|100%| O|  |TAMS 0x0000000080d00000, 0x0000000080d00000| Untracked 
|  13|0x0000000080d00000, 0x0000000080e00000, 0x0000000080e00000|100%| O|  |TAMS 0x0000000080e00000, 0x0000000080e00000| Untracked 
|  14|0x0000000080e00000, 0x0000000080f00000, 0x0000000080f00000|100%| O|  |TAMS 0x0000000080f00000, 0x0000000080f00000| Untracked 
|  15|0x0000000080f00000, 0x0000000081000000, 0x0000000081000000|100%| O|  |TAMS 0x0000000081000000, 0x0000000081000000| Untracked 
|  16|0x0000000081000000, 0x0000000081100000, 0x0000000081100000|100%|HS|  |TAMS 0x0000000081100000, 0x0000000081100000| Complete 
|  17|0x0000000081100000, 0x0000000081200000, 0x0000000081200000|100%| O|  |TAMS 0x0000000081200000, 0x0000000081200000| Untracked 
|  18|0x0000000081200000, 0x0000000081300000, 0x0000000081300000|100%| O|  |TAMS 0x0000000081300000, 0x0000000081300000| Untracked 
|  19|0x0000000081300000, 0x0000000081400000, 0x0000000081400000|100%| O|  |TAMS 0x0000000081400000, 0x0000000081400000| Untracked 
|  20|0x0000000081400000, 0x0000000081500000, 0x0000000081500000|100%| O|  |TAMS 0x0000000081500000, 0x0000000081500000| Untracked 
|  21|0x0000000081500000, 0x0000000081600000, 0x0000000081600000|100%| O|  |TAMS 0x0000000081600000, 0x0000000081600000| Untracked 
|  22|0x0000000081600000, 0x0000000081700000, 0x0000000081700000|100%| O|  |TAMS 0x0000000081700000, 0x0000000081700000| Untracked 
|  23|0x0000000081700000, 0x0000000081800000, 0x0000000081800000|100%| O|  |TAMS 0x0000000081800000, 0x0000000081800000| Untracked 
|  24|0x0000000081800000, 0x0000000081900000, 0x0000000081900000|100%| O|  |TAMS 0x0000000081900000, 0x0000000081900000| Untracked 
|  25|0x0000000081900000, 0x0000000081a00000, 0x0000000081a00000|100%| O|  |TAMS 0x0000000081a00000, 0x0000000081a00000| Untracked 
|  26|0x0000000081a00000, 0x0000000081b00000, 0x0000000081b00000|100%| O|  |TAMS 0x0000000081b00000, 0x0000000081b00000| Untracked 
|  27|0x0000000081b00000, 0x0000000081c00000, 0x0000000081c00000|100%|HS|  |TAMS 0x0000000081c00000, 0x0000000081c00000| Complete 
|  28|0x0000000081c00000, 0x0000000081d00000, 0x0000000081d00000|100%|HS|  |TAMS 0x0000000081d00000, 0x0000000081d00000| Complete 
|  29|0x0000000081d00000, 0x0000000081e00000, 0x0000000081e00000|100%|HC|  |TAMS 0x0000000081e00000, 0x0000000081e00000| Complete 
|  30|0x0000000081e00000, 0x0000000081f00000, 0x0000000081f00000|100%| O|  |TAMS 0x0000000081f00000, 0x0000000081f00000| Untracked 
|  31|0x0000000081f00000, 0x0000000082000000, 0x0000000082000000|100%| O|  |TAMS 0x0000000082000000, 0x0000000082000000| Untracked 
|  32|0x0000000082000000, 0x0000000082100000, 0x0000000082100000|100%| O|  |TAMS 0x0000000082100000, 0x0000000082100000| Untracked 
|  33|0x0000000082100000, 0x0000000082200000, 0x0000000082200000|100%| O|  |TAMS 0x0000000082200000, 0x0000000082200000| Untracked 
|  34|0x0000000082200000, 0x0000000082300000, 0x0000000082300000|100%| O|  |TAMS 0x0000000082300000, 0x0000000082300000| Untracked 
|  35|0x0000000082300000, 0x0000000082400000, 0x0000000082400000|100%| O|  |TAMS 0x0000000082400000, 0x0000000082400000| Untracked 
|  36|0x0000000082400000, 0x0000000082500000, 0x0000000082500000|100%| O|  |TAMS 0x0000000082500000, 0x0000000082500000| Untracked 
|  37|0x0000000082500000, 0x0000000082600000, 0x0000000082600000|100%| O|  |TAMS 0x0000000082600000, 0x0000000082600000| Untracked 
|  38|0x0000000082600000, 0x0000000082700000, 0x0000000082700000|100%| O|  |TAMS 0x0000000082700000, 0x0000000082700000| Untracked 
|  39|0x0000000082700000, 0x0000000082800000, 0x0000000082800000|100%| O|  |TAMS 0x0000000082800000, 0x0000000082800000| Untracked 
|  40|0x0000000082800000, 0x0000000082900000, 0x0000000082900000|100%| O|  |TAMS 0x0000000082900000, 0x0000000082900000| Untracked 
|  41|0x0000000082900000, 0x0000000082a00000, 0x0000000082a00000|100%| O|  |TAMS 0x0000000082a00000, 0x0000000082a00000| Untracked 
|  42|0x0000000082a00000, 0x0000000082b00000, 0x0000000082b00000|100%| O|  |TAMS 0x0000000082b00000, 0x0000000082b00000| Untracked 
|  43|0x0000000082b00000, 0x0000000082c00000, 0x0000000082c00000|100%| O|  |TAMS 0x0000000082c00000, 0x0000000082c00000| Untracked 
|  44|0x0000000082c00000, 0x0000000082d00000, 0x0000000082d00000|100%| O|  |TAMS 0x0000000082d00000, 0x0000000082d00000| Untracked 
|  45|0x0000000082d00000, 0x0000000082e00000, 0x0000000082e00000|100%| O|  |TAMS 0x0000000082e00000, 0x0000000082e00000| Untracked 
|  46|0x0000000082e00000, 0x0000000082f00000, 0x0000000082f00000|100%| O|  |TAMS 0x0000000082f00000, 0x0000000082f00000| Untracked 
|  47|0x0000000082f00000, 0x0000000083000000, 0x0000000083000000|100%| O|  |TAMS 0x0000000083000000, 0x0000000083000000| Untracked 
|  48|0x0000000083000000, 0x0000000083100000, 0x0000000083100000|100%| O|  |TAMS 0x0000000083100000, 0x0000000083100000| Untracked 
|  49|0x0000000083100000, 0x0000000083200000, 0x0000000083200000|100%| O|  |TAMS 0x0000000083200000, 0x0000000083200000| Untracked 
|  50|0x0000000083200000, 0x0000000083300000, 0x0000000083300000|100%| O|  |TAMS 0x0000000083300000, 0x0000000083300000| Untracked 
|  51|0x0000000083300000, 0x0000000083400000, 0x0000000083400000|100%| O|  |TAMS 0x0000000083400000, 0x0000000083400000| Untracked 
|  52|0x0000000083400000, 0x0000000083500000, 0x0000000083500000|100%| O|  |TAMS 0x0000000083500000, 0x0000000083500000| Untracked 
|  53|0x0000000083500000, 0x0000000083600000, 0x0000000083600000|100%| O|  |TAMS 0x0000000083600000, 0x0000000083600000| Untracked 
|  54|0x0000000083600000, 0x0000000083700000, 0x0000000083700000|100%| O|  |TAMS 0x0000000083700000, 0x0000000083700000| Untracked 
|  55|0x0000000083700000, 0x0000000083800000, 0x0000000083800000|100%| O|  |TAMS 0x0000000083800000, 0x0000000083800000| Untracked 
|  56|0x0000000083800000, 0x0000000083900000, 0x0000000083900000|100%| O|  |TAMS 0x0000000083900000, 0x0000000083900000| Untracked 
|  57|0x0000000083900000, 0x0000000083a00000, 0x0000000083a00000|100%| O|  |TAMS 0x0000000083a00000, 0x0000000083a00000| Untracked 
|  58|0x0000000083a00000, 0x0000000083b00000, 0x0000000083b00000|100%| O|  |TAMS 0x0000000083b00000, 0x0000000083b00000| Untracked 
|  59|0x0000000083b00000, 0x0000000083c00000, 0x0000000083c00000|100%| O|  |TAMS 0x0000000083c00000, 0x0000000083c00000| Untracked 
|  60|0x0000000083c00000, 0x0000000083d00000, 0x0000000083d00000|100%| O|  |TAMS 0x0000000083d00000, 0x0000000083d00000| Untracked 
|  61|0x0000000083d00000, 0x0000000083e00000, 0x0000000083e00000|100%| O|  |TAMS 0x0000000083e00000, 0x0000000083e00000| Untracked 
|  62|0x0000000083e00000, 0x0000000083f00000, 0x0000000083f00000|100%| O|  |TAMS 0x0000000083f00000, 0x0000000083f00000| Untracked 
|  63|0x0000000083f00000, 0x0000000084000000, 0x0000000084000000|100%| O|  |TAMS 0x0000000084000000, 0x0000000084000000| Untracked 
|  64|0x0000000084000000, 0x0000000084100000, 0x0000000084100000|100%| O|  |TAMS 0x0000000084100000, 0x0000000084100000| Untracked 
|  65|0x0000000084100000, 0x0000000084200000, 0x0000000084200000|100%| O|  |TAMS 0x0000000084200000, 0x0000000084200000| Untracked 
|  66|0x0000000084200000, 0x0000000084300000, 0x0000000084300000|100%|HS|  |TAMS 0x0000000084300000, 0x0000000084300000| Complete 
|  67|0x0000000084300000, 0x0000000084400000, 0x0000000084400000|100%|HC|  |TAMS 0x0000000084400000, 0x0000000084400000| Complete 
|  68|0x0000000084400000, 0x0000000084500000, 0x0000000084500000|100%| O|  |TAMS 0x0000000084500000, 0x0000000084500000| Untracked 
|  69|0x0000000084500000, 0x0000000084600000, 0x0000000084600000|100%| O|  |TAMS 0x0000000084600000, 0x0000000084600000| Untracked 
|  70|0x0000000084600000, 0x0000000084700000, 0x0000000084700000|100%| O|  |TAMS 0x0000000084700000, 0x0000000084700000| Untracked 
|  71|0x0000000084700000, 0x0000000084800000, 0x0000000084800000|100%| O|  |TAMS 0x0000000084800000, 0x0000000084800000| Untracked 
|  72|0x0000000084800000, 0x0000000084900000, 0x0000000084900000|100%| O|  |TAMS 0x0000000084900000, 0x0000000084900000| Untracked 
|  73|0x0000000084900000, 0x0000000084a00000, 0x0000000084a00000|100%| O|  |TAMS 0x0000000084a00000, 0x0000000084a00000| Untracked 
|  74|0x0000000084a00000, 0x0000000084b00000, 0x0000000084b00000|100%| O|  |TAMS 0x0000000084b00000, 0x0000000084b00000| Untracked 
|  75|0x0000000084b00000, 0x0000000084c00000, 0x0000000084c00000|100%| O|  |TAMS 0x0000000084c00000, 0x0000000084c00000| Untracked 
|  76|0x0000000084c00000, 0x0000000084d00000, 0x0000000084d00000|100%| O|  |TAMS 0x0000000084d00000, 0x0000000084d00000| Untracked 
|  77|0x0000000084d00000, 0x0000000084e00000, 0x0000000084e00000|100%| O|  |TAMS 0x0000000084e00000, 0x0000000084e00000| Untracked 
|  78|0x0000000084e00000, 0x0000000084f00000, 0x0000000084f00000|100%| O|  |TAMS 0x0000000084f00000, 0x0000000084f00000| Untracked 
|  79|0x0000000084f00000, 0x0000000085000000, 0x0000000085000000|100%| O|  |TAMS 0x0000000085000000, 0x0000000085000000| Untracked 
|  80|0x0000000085000000, 0x0000000085100000, 0x0000000085100000|100%| O|  |TAMS 0x0000000085100000, 0x0000000085100000| Untracked 
|  81|0x0000000085100000, 0x0000000085200000, 0x0000000085200000|100%| O|  |TAMS 0x0000000085200000, 0x0000000085200000| Untracked 
|  82|0x0000000085200000, 0x0000000085300000, 0x0000000085300000|100%| O|  |TAMS 0x0000000085300000, 0x0000000085300000| Untracked 
|  83|0x0000000085300000, 0x0000000085400000, 0x0000000085400000|100%| O|  |TAMS 0x0000000085400000, 0x0000000085400000| Untracked 
|  84|0x0000000085400000, 0x0000000085500000, 0x0000000085500000|100%| O|  |TAMS 0x0000000085500000, 0x0000000085500000| Untracked 
|  85|0x0000000085500000, 0x0000000085600000, 0x0000000085600000|100%| O|  |TAMS 0x0000000085600000, 0x0000000085600000| Untracked 
|  86|0x0000000085600000, 0x0000000085700000, 0x0000000085700000|100%| O|  |TAMS 0x0000000085700000, 0x0000000085700000| Untracked 
|  87|0x0000000085700000, 0x0000000085800000, 0x0000000085800000|100%| O|  |TAMS 0x0000000085800000, 0x0000000085800000| Untracked 
|  88|0x0000000085800000, 0x0000000085900000, 0x0000000085900000|100%| O|  |TAMS 0x0000000085900000, 0x0000000085900000| Untracked 
|  89|0x0000000085900000, 0x0000000085a00000, 0x0000000085a00000|100%| O|  |TAMS 0x0000000085a00000, 0x0000000085a00000| Untracked 
|  90|0x0000000085a00000, 0x0000000085b00000, 0x0000000085b00000|100%| O|  |TAMS 0x0000000085b00000, 0x0000000085b00000| Untracked 
|  91|0x0000000085b00000, 0x0000000085c00000, 0x0000000085c00000|100%| O|  |TAMS 0x0000000085c00000, 0x0000000085c00000| Untracked 
|  92|0x0000000085c00000, 0x0000000085d00000, 0x0000000085d00000|100%| O|  |TAMS 0x0000000085d00000, 0x0000000085d00000| Untracked 
|  93|0x0000000085d00000, 0x0000000085e00000, 0x0000000085e00000|100%| O|  |TAMS 0x0000000085e00000, 0x0000000085e00000| Untracked 
|  94|0x0000000085e00000, 0x0000000085f00000, 0x0000000085f00000|100%| O|  |TAMS 0x0000000085f00000, 0x0000000085f00000| Untracked 
|  95|0x0000000085f00000, 0x0000000086000000, 0x0000000086000000|100%| O|  |TAMS 0x0000000086000000, 0x0000000086000000| Untracked 
|  96|0x0000000086000000, 0x0000000086100000, 0x0000000086100000|100%| O|  |TAMS 0x0000000086100000, 0x0000000086100000| Untracked 
|  97|0x0000000086100000, 0x0000000086200000, 0x0000000086200000|100%| O|  |TAMS 0x0000000086200000, 0x0000000086200000| Untracked 
|  98|0x0000000086200000, 0x0000000086300000, 0x0000000086300000|100%| O|  |TAMS 0x0000000086300000, 0x0000000086300000| Untracked 
|  99|0x0000000086300000, 0x0000000086400000, 0x0000000086400000|100%| O|  |TAMS 0x0000000086400000, 0x0000000086400000| Untracked 
| 100|0x0000000086400000, 0x0000000086500000, 0x0000000086500000|100%| O|  |TAMS 0x0000000086500000, 0x0000000086500000| Untracked 
| 101|0x0000000086500000, 0x0000000086600000, 0x0000000086600000|100%| O|  |TAMS 0x0000000086600000, 0x0000000086600000| Untracked 
| 102|0x0000000086600000, 0x0000000086700000, 0x0000000086700000|100%| O|  |TAMS 0x0000000086700000, 0x0000000086700000| Untracked 
| 103|0x0000000086700000, 0x0000000086800000, 0x0000000086800000|100%| O|  |TAMS 0x0000000086800000, 0x0000000086800000| Untracked 
| 104|0x0000000086800000, 0x0000000086900000, 0x0000000086900000|100%| O|  |TAMS 0x0000000086900000, 0x0000000086900000| Untracked 
| 105|0x0000000086900000, 0x0000000086a00000, 0x0000000086a00000|100%| O|  |TAMS 0x0000000086a00000, 0x0000000086a00000| Untracked 
| 106|0x0000000086a00000, 0x0000000086b00000, 0x0000000086b00000|100%| O|  |TAMS 0x0000000086b00000, 0x0000000086b00000| Untracked 
| 107|0x0000000086b00000, 0x0000000086c00000, 0x0000000086c00000|100%| O|  |TAMS 0x0000000086c00000, 0x0000000086c00000| Untracked 
| 108|0x0000000086c00000, 0x0000000086d00000, 0x0000000086d00000|100%| O|  |TAMS 0x0000000086d00000, 0x0000000086d00000| Untracked 
| 109|0x0000000086d00000, 0x0000000086e00000, 0x0000000086e00000|100%| O|  |TAMS 0x0000000086dfbc00, 0x0000000086e00000| Untracked 
| 110|0x0000000086e00000, 0x0000000086f00000, 0x0000000086f00000|100%| O|  |TAMS 0x0000000086e00000, 0x0000000086f00000| Untracked 
| 111|0x0000000086f00000, 0x0000000087000000, 0x0000000087000000|100%| O|  |TAMS 0x0000000086f00000, 0x0000000087000000| Untracked 
| 112|0x0000000087000000, 0x0000000087100000, 0x0000000087100000|100%| O|  |TAMS 0x0000000087000000, 0x0000000087100000| Untracked 
| 113|0x0000000087100000, 0x0000000087200000, 0x0000000087200000|100%| O|  |TAMS 0x0000000087100000, 0x0000000087200000| Untracked 
| 114|0x0000000087200000, 0x0000000087300000, 0x0000000087300000|100%| O|  |TAMS 0x0000000087200000, 0x0000000087300000| Untracked 
| 115|0x0000000087300000, 0x0000000087400000, 0x0000000087400000|100%| O|  |TAMS 0x0000000087300000, 0x0000000087400000| Untracked 
| 116|0x0000000087400000, 0x0000000087500000, 0x0000000087500000|100%| O|  |TAMS 0x0000000087400000, 0x0000000087500000| Untracked 
| 117|0x0000000087500000, 0x0000000087600000, 0x0000000087600000|100%| O|  |TAMS 0x0000000087500000, 0x0000000087600000| Untracked 
| 118|0x0000000087600000, 0x0000000087700000, 0x0000000087700000|100%| O|  |TAMS 0x0000000087600000, 0x0000000087700000| Untracked 
| 119|0x0000000087700000, 0x0000000087800000, 0x0000000087800000|100%| O|  |TAMS 0x0000000087700000, 0x0000000087800000| Untracked 
| 120|0x0000000087800000, 0x0000000087900000, 0x0000000087900000|100%| O|  |TAMS 0x0000000087800000, 0x0000000087900000| Untracked 
| 121|0x0000000087900000, 0x0000000087a00000, 0x0000000087a00000|100%| O|  |TAMS 0x0000000087900000, 0x0000000087a00000| Untracked 
| 122|0x0000000087a00000, 0x0000000087b00000, 0x0000000087b00000|100%| O|  |TAMS 0x0000000087a00000, 0x0000000087b00000| Untracked 
| 123|0x0000000087b00000, 0x0000000087c00000, 0x0000000087c00000|100%| O|  |TAMS 0x0000000087b00000, 0x0000000087c00000| Untracked 
| 124|0x0000000087c00000, 0x0000000087d00000, 0x0000000087d00000|100%| O|  |TAMS 0x0000000087c00000, 0x0000000087d00000| Untracked 
| 125|0x0000000087d00000, 0x0000000087dde400, 0x0000000087e00000| 86%| O|  |TAMS 0x0000000087d00000, 0x0000000087dde400| Untracked 
| 126|0x0000000087e00000, 0x0000000087e00000, 0x0000000087f00000|  0%| F|  |TAMS 0x0000000087e00000, 0x0000000087e00000| Untracked 
| 127|0x0000000087f00000, 0x0000000087f00000, 0x0000000088000000|  0%| F|  |TAMS 0x0000000087f00000, 0x0000000087f00000| Untracked 
| 128|0x0000000088000000, 0x0000000088000000, 0x0000000088100000|  0%| F|  |TAMS 0x0000000088000000, 0x0000000088000000| Untracked 
| 129|0x0000000088100000, 0x0000000088100000, 0x0000000088200000|  0%| F|  |TAMS 0x0000000088100000, 0x0000000088100000| Untracked 
| 130|0x0000000088200000, 0x0000000088200000, 0x0000000088300000|  0%| F|  |TAMS 0x0000000088200000, 0x0000000088200000| Untracked 
| 131|0x0000000088300000, 0x0000000088300000, 0x0000000088400000|  0%| F|  |TAMS 0x0000000088300000, 0x0000000088300000| Untracked 
| 132|0x0000000088400000, 0x0000000088400000, 0x0000000088500000|  0%| F|  |TAMS 0x0000000088400000, 0x0000000088400000| Untracked 
| 133|0x0000000088500000, 0x0000000088500000, 0x0000000088600000|  0%| F|  |TAMS 0x0000000088500000, 0x0000000088500000| Untracked 
| 134|0x0000000088600000, 0x0000000088600000, 0x0000000088700000|  0%| F|  |TAMS 0x0000000088600000, 0x0000000088600000| Untracked 
| 135|0x0000000088700000, 0x0000000088700000, 0x0000000088800000|  0%| F|  |TAMS 0x0000000088700000, 0x0000000088700000| Untracked 
| 136|0x0000000088800000, 0x0000000088800000, 0x0000000088900000|  0%| F|  |TAMS 0x0000000088800000, 0x0000000088800000| Untracked 
| 137|0x0000000088900000, 0x0000000088900000, 0x0000000088a00000|  0%| F|  |TAMS 0x0000000088900000, 0x0000000088900000| Untracked 
| 138|0x0000000088a00000, 0x0000000088a00000, 0x0000000088b00000|  0%| F|  |TAMS 0x0000000088a00000, 0x0000000088a00000| Untracked 
| 139|0x0000000088b00000, 0x0000000088b00000, 0x0000000088c00000|  0%| F|  |TAMS 0x0000000088b00000, 0x0000000088b00000| Untracked 
| 140|0x0000000088c00000, 0x0000000088c00000, 0x0000000088d00000|  0%| F|  |TAMS 0x0000000088c00000, 0x0000000088c00000| Untracked 
| 141|0x0000000088d00000, 0x0000000088d00000, 0x0000000088e00000|  0%| F|  |TAMS 0x0000000088d00000, 0x0000000088d00000| Untracked 
| 142|0x0000000088e00000, 0x0000000088e00000, 0x0000000088f00000|  0%| F|  |TAMS 0x0000000088e00000, 0x0000000088e00000| Untracked 
| 143|0x0000000088f00000, 0x0000000088f00000, 0x0000000089000000|  0%| F|  |TAMS 0x0000000088f00000, 0x0000000088f00000| Untracked 
| 144|0x0000000089000000, 0x0000000089000000, 0x0000000089100000|  0%| F|  |TAMS 0x0000000089000000, 0x0000000089000000| Untracked 
| 145|0x0000000089100000, 0x0000000089100000, 0x0000000089200000|  0%| F|  |TAMS 0x0000000089100000, 0x0000000089100000| Untracked 
| 146|0x0000000089200000, 0x0000000089200000, 0x0000000089300000|  0%| F|  |TAMS 0x0000000089200000, 0x0000000089200000| Untracked 
| 147|0x0000000089300000, 0x0000000089300000, 0x0000000089400000|  0%| F|  |TAMS 0x0000000089300000, 0x0000000089300000| Untracked 
| 148|0x0000000089400000, 0x0000000089400000, 0x0000000089500000|  0%| F|  |TAMS 0x0000000089400000, 0x0000000089400000| Untracked 
| 149|0x0000000089500000, 0x0000000089500000, 0x0000000089600000|  0%| F|  |TAMS 0x0000000089500000, 0x0000000089500000| Untracked 
| 150|0x0000000089600000, 0x0000000089600000, 0x0000000089700000|  0%| F|  |TAMS 0x0000000089600000, 0x0000000089600000| Untracked 
| 151|0x0000000089700000, 0x0000000089700000, 0x0000000089800000|  0%| F|  |TAMS 0x0000000089700000, 0x0000000089700000| Untracked 
| 152|0x0000000089800000, 0x0000000089800000, 0x0000000089900000|  0%| F|  |TAMS 0x0000000089800000, 0x0000000089800000| Untracked 
| 153|0x0000000089900000, 0x0000000089900000, 0x0000000089a00000|  0%| F|  |TAMS 0x0000000089900000, 0x0000000089900000| Untracked 
| 154|0x0000000089a00000, 0x0000000089a00000, 0x0000000089b00000|  0%| F|  |TAMS 0x0000000089a00000, 0x0000000089a00000| Untracked 
| 155|0x0000000089b00000, 0x0000000089b00000, 0x0000000089c00000|  0%| F|  |TAMS 0x0000000089b00000, 0x0000000089b00000| Untracked 
| 156|0x0000000089c00000, 0x0000000089c00000, 0x0000000089d00000|  0%| F|  |TAMS 0x0000000089c00000, 0x0000000089c00000| Untracked 
| 157|0x0000000089d00000, 0x0000000089db1af8, 0x0000000089e00000| 69%| S|CS|TAMS 0x0000000089d00000, 0x0000000089d00000| Complete 
| 158|0x0000000089e00000, 0x0000000089f00000, 0x0000000089f00000|100%| S|CS|TAMS 0x0000000089e00000, 0x0000000089e00000| Complete 
| 159|0x0000000089f00000, 0x0000000089f00000, 0x000000008a000000|  0%| F|  |TAMS 0x0000000089f00000, 0x0000000089f00000| Untracked 
| 160|0x000000008a000000, 0x000000008a000000, 0x000000008a100000|  0%| F|  |TAMS 0x000000008a000000, 0x000000008a000000| Untracked 
| 161|0x000000008a100000, 0x000000008a100000, 0x000000008a200000|  0%| F|  |TAMS 0x000000008a100000, 0x000000008a100000| Untracked 
| 162|0x000000008a200000, 0x000000008a300000, 0x000000008a300000|100%| S|CS|TAMS 0x000000008a200000, 0x000000008a200000| Complete 
| 163|0x000000008a300000, 0x000000008a300000, 0x000000008a400000|  0%| F|  |TAMS 0x000000008a300000, 0x000000008a300000| Untracked 
| 164|0x000000008a400000, 0x000000008a400000, 0x000000008a500000|  0%| F|  |TAMS 0x000000008a400000, 0x000000008a400000| Untracked 
| 165|0x000000008a500000, 0x000000008a600000, 0x000000008a600000|100%| S|CS|TAMS 0x000000008a500000, 0x000000008a500000| Complete 
| 166|0x000000008a600000, 0x000000008a600000, 0x000000008a700000|  0%| F|  |TAMS 0x000000008a600000, 0x000000008a600000| Untracked 
| 167|0x000000008a700000, 0x000000008a700000, 0x000000008a800000|  0%| F|  |TAMS 0x000000008a700000, 0x000000008a700000| Untracked 
| 168|0x000000008a800000, 0x000000008a800000, 0x000000008a900000|  0%| F|  |TAMS 0x000000008a800000, 0x000000008a800000| Untracked 
| 169|0x000000008a900000, 0x000000008a900000, 0x000000008aa00000|  0%| F|  |TAMS 0x000000008a900000, 0x000000008a900000| Untracked 
| 170|0x000000008aa00000, 0x000000008aa00000, 0x000000008ab00000|  0%| F|  |TAMS 0x000000008aa00000, 0x000000008aa00000| Untracked 
| 171|0x000000008ab00000, 0x000000008ab00000, 0x000000008ac00000|  0%| F|  |TAMS 0x000000008ab00000, 0x000000008ab00000| Untracked 
| 172|0x000000008ac00000, 0x000000008ac00000, 0x000000008ad00000|  0%| F|  |TAMS 0x000000008ac00000, 0x000000008ac00000| Untracked 
| 173|0x000000008ad00000, 0x000000008ad00000, 0x000000008ae00000|  0%| F|  |TAMS 0x000000008ad00000, 0x000000008ad00000| Untracked 
| 174|0x000000008ae00000, 0x000000008ae00000, 0x000000008af00000|  0%| F|  |TAMS 0x000000008ae00000, 0x000000008ae00000| Untracked 
| 175|0x000000008af00000, 0x000000008af00000, 0x000000008b000000|  0%| F|  |TAMS 0x000000008af00000, 0x000000008af00000| Untracked 
| 176|0x000000008b000000, 0x000000008b000000, 0x000000008b100000|  0%| F|  |TAMS 0x000000008b000000, 0x000000008b000000| Untracked 
| 177|0x000000008b100000, 0x000000008b100000, 0x000000008b200000|  0%| F|  |TAMS 0x000000008b100000, 0x000000008b100000| Untracked 
| 178|0x000000008b200000, 0x000000008b200000, 0x000000008b300000|  0%| F|  |TAMS 0x000000008b200000, 0x000000008b200000| Untracked 
| 179|0x000000008b300000, 0x000000008b300000, 0x000000008b400000|  0%| F|  |TAMS 0x000000008b300000, 0x000000008b300000| Untracked 
| 180|0x000000008b400000, 0x000000008b400000, 0x000000008b500000|  0%| F|  |TAMS 0x000000008b400000, 0x000000008b400000| Untracked 
| 181|0x000000008b500000, 0x000000008b500000, 0x000000008b600000|  0%| F|  |TAMS 0x000000008b500000, 0x000000008b500000| Untracked 
| 182|0x000000008b600000, 0x000000008b600000, 0x000000008b700000|  0%| F|  |TAMS 0x000000008b600000, 0x000000008b600000| Untracked 
| 183|0x000000008b700000, 0x000000008b700000, 0x000000008b800000|  0%| F|  |TAMS 0x000000008b700000, 0x000000008b700000| Untracked 
| 184|0x000000008b800000, 0x000000008b800000, 0x000000008b900000|  0%| F|  |TAMS 0x000000008b800000, 0x000000008b800000| Untracked 
| 185|0x000000008b900000, 0x000000008b900000, 0x000000008ba00000|  0%| F|  |TAMS 0x000000008b900000, 0x000000008b900000| Untracked 
| 186|0x000000008ba00000, 0x000000008ba00000, 0x000000008bb00000|  0%| F|  |TAMS 0x000000008ba00000, 0x000000008ba00000| Untracked 
| 187|0x000000008bb00000, 0x000000008bb00000, 0x000000008bc00000|  0%| F|  |TAMS 0x000000008bb00000, 0x000000008bb00000| Untracked 
| 188|0x000000008bc00000, 0x000000008bc00000, 0x000000008bd00000|  0%| F|  |TAMS 0x000000008bc00000, 0x000000008bc00000| Untracked 
| 189|0x000000008bd00000, 0x000000008bd00000, 0x000000008be00000|  0%| F|  |TAMS 0x000000008bd00000, 0x000000008bd00000| Untracked 
| 190|0x000000008be00000, 0x000000008be00000, 0x000000008bf00000|  0%| F|  |TAMS 0x000000008be00000, 0x000000008be00000| Untracked 
| 191|0x000000008bf00000, 0x000000008bf00000, 0x000000008c000000|  0%| F|  |TAMS 0x000000008bf00000, 0x000000008bf00000| Untracked 
| 192|0x000000008c000000, 0x000000008c000000, 0x000000008c100000|  0%| F|  |TAMS 0x000000008c000000, 0x000000008c000000| Untracked 
| 193|0x000000008c100000, 0x000000008c100000, 0x000000008c200000|  0%| F|  |TAMS 0x000000008c100000, 0x000000008c100000| Untracked 

Card table byte_map: [0x000001c57b330000,0x000001c57b730000] _byte_map_base: 0x000001c57af30000

Marking Bits (Prev, Next): (CMBitMap*) 0x000001c577151e40, (CMBitMap*) 0x000001c577151e08
 Prev Bits: [0x000001c57db30000, 0x000001c57fb30000)
 Next Bits: [0x000001c57bb30000, 0x000001c57db30000)

Polling page: 0x000001c5750a0000

Metaspace:

Usage:
  Non-class:     81.01 MB capacity,    79.55 MB ( 98%) used,     1.19 MB (  1%) free+waste,   279.63 KB ( <1%) overhead. 
      Class:     12.98 MB capacity,    12.10 MB ( 93%) used,   776.41 KB (  6%) free+waste,   129.88 KB ( <1%) overhead. 
       Both:     93.99 MB capacity,    91.65 MB ( 98%) used,     1.95 MB (  2%) free+waste,   409.50 KB ( <1%) overhead. 

Virtual space:
  Non-class space:       82.00 MB reserved,      81.18 MB ( 99%) committed 
      Class space:        1.00 GB reserved,      13.07 MB (  1%) committed 
             Both:        1.08 GB reserved,      94.25 MB (  9%) committed 

Chunk freelists:
   Non-Class:  42.00 KB
       Class:  80.00 KB
        Both:  122.00 KB

MaxMetaspaceSize: 17179869184.00 GB
CompressedClassSpaceSize: 1.00 GB

CodeHeap 'non-profiled nmethods': size=120000Kb used=6616Kb max_used=6616Kb free=113383Kb
 bounds [0x000001c507ad0000, 0x000001c508150000, 0x000001c50f000000]
CodeHeap 'profiled nmethods': size=120000Kb used=24598Kb max_used=24598Kb free=95401Kb
 bounds [0x000001c5005a0000, 0x000001c501db0000, 0x000001c507ad0000]
CodeHeap 'non-nmethods': size=5760Kb used=2314Kb max_used=2346Kb free=3446Kb
 bounds [0x000001c500000000, 0x000001c500270000, 0x000001c5005a0000]
 total_blobs=12181 nmethods=11274 adapters=818
 compilation: enabled
              stopped_count=0, restarted_count=0
 full_count=0

Compilation events (20 events):
Event: 22.542 Thread 0x000001c51164b000 nmethod 11348 0x000001c508144c10 code [0x000001c508144dc0, 0x000001c508144e58]
Event: 22.542 Thread 0x000001c51164b000 11349       1       com.android.tools.r8.internal.Le$d::b (5 bytes)
Event: 22.542 Thread 0x000001c51164b000 nmethod 11349 0x000001c508144f10 code [0x000001c5081450c0, 0x000001c508145158]
Event: 22.542 Thread 0x000001c51164b000 11344       1       com.android.tools.r8.internal.H4::n (2 bytes)
Event: 22.542 Thread 0x000001c51164b000 nmethod 11344 0x000001c508145210 code [0x000001c5081453c0, 0x000001c508145478]
Event: 22.542 Thread 0x000001c51164b000 11383       1       com.android.tools.r8.internal.B8::V0 (2 bytes)
Event: 22.542 Thread 0x000001c51164b000 nmethod 11383 0x000001c508145510 code [0x000001c5081456c0, 0x000001c508145778]
Event: 22.542 Thread 0x000001c51164b000 11384       1       com.android.tools.r8.internal.m4::q (5 bytes)
Event: 22.542 Thread 0x000001c51164b000 nmethod 11384 0x000001c508145810 code [0x000001c5081459c0, 0x000001c508145a78]
Event: 22.542 Thread 0x000001c51164b000 11380       1       com.android.tools.r8.internal.h4::n (2 bytes)
Event: 22.542 Thread 0x000001c51164b000 nmethod 11380 0x000001c508145b10 code [0x000001c508145cc0, 0x000001c508145d78]
Event: 22.543 Thread 0x000001c51164b000 11385       1       com.android.tools.r8.internal.Mh::size (5 bytes)
Event: 22.543 Thread 0x000001c51164b000 nmethod 11385 0x000001c508145e10 code [0x000001c508145fc0, 0x000001c508146078]
Event: 22.543 Thread 0x000001c51164b000 11386       2       com.android.tools.r8.internal.Le$f::<init> (7 bytes)
Event: 22.543 Thread 0x000001c51164b000 nmethod 11386 0x000001c501da4d90 code [0x000001c501da4f40, 0x000001c501da5048]
Event: 22.543 Thread 0x000001c51164b000 11387       2       com.android.tools.r8.internal.Le$f::<init> (36 bytes)
Event: 22.543 Thread 0x000001c51164b000 nmethod 11387 0x000001c501da5110 code [0x000001c501da52c0, 0x000001c501da5418]
Event: 22.543 Thread 0x000001c51164b000 11388       2       com.android.tools.r8.internal.nh$e::<init> (23 bytes)
Event: 22.543 Thread 0x000001c51164b000 nmethod 11388 0x000001c501da5490 code [0x000001c501da5640, 0x000001c501da57f8]
Event: 22.543 Thread 0x000001c51164b000 11389       2       com.android.tools.r8.internal.x4::a (591 bytes)

GC Heap History (20 events):
Event: 20.231 GC heap after
{Heap after GC invocations=26 (full 0):
 garbage-first heap   total 129024K, used 74429K [0x0000000080000000, 0x0000000100000000)
  region size 1024K, 4 young (4096K), 4 survivors (4096K)
 Metaspace       used 84088K, capacity 86112K, committed 86528K, reserved 1124352K
  class space    used 10919K, capacity 11661K, committed 11852K, reserved 1048576K
}
Event: 20.344 GC heap before
{Heap before GC invocations=26 (full 0):
 garbage-first heap   total 129024K, used 100029K [0x0000000080000000, 0x0000000100000000)
  region size 1024K, 30 young (30720K), 4 survivors (4096K)
 Metaspace       used 84612K, capacity 86626K, committed 87040K, reserved 1124352K
  class space    used 11005K, capacity 11747K, committed 11852K, reserved 1048576K
}
Event: 20.357 GC heap after
{Heap after GC invocations=27 (full 0):
 garbage-first heap   total 155648K, used 79705K [0x0000000080000000, 0x0000000100000000)
  region size 1024K, 4 young (4096K), 4 survivors (4096K)
 Metaspace       used 84612K, capacity 86626K, committed 87040K, reserved 1124352K
  class space    used 11005K, capacity 11747K, committed 11852K, reserved 1048576K
}
Event: 20.528 GC heap before
{Heap before GC invocations=27 (full 0):
 garbage-first heap   total 155648K, used 111449K [0x0000000080000000, 0x0000000100000000)
  region size 1024K, 36 young (36864K), 4 survivors (4096K)
 Metaspace       used 85171K, capacity 87212K, committed 87680K, reserved 1124352K
  class space    used 11062K, capacity 11813K, committed 11980K, reserved 1048576K
}
Event: 20.534 GC heap after
{Heap after GC invocations=28 (full 0):
 garbage-first heap   total 155648K, used 88380K [0x0000000080000000, 0x0000000100000000)
  region size 1024K, 5 young (5120K), 5 survivors (5120K)
 Metaspace       used 85171K, capacity 87212K, committed 87680K, reserved 1124352K
  class space    used 11062K, capacity 11813K, committed 11980K, reserved 1048576K
}
Event: 20.871 GC heap before
{Heap before GC invocations=29 (full 0):
 garbage-first heap   total 155648K, used 117052K [0x0000000080000000, 0x0000000100000000)
  region size 1024K, 34 young (34816K), 5 survivors (5120K)
 Metaspace       used 87564K, capacity 89805K, committed 90112K, reserved 1126400K
  class space    used 11443K, capacity 12275K, committed 12364K, reserved 1048576K
}
Event: 20.882 GC heap after
{Heap after GC invocations=30 (full 0):
 garbage-first heap   total 155648K, used 91136K [0x0000000080000000, 0x0000000100000000)
  region size 1024K, 5 young (5120K), 5 survivors (5120K)
 Metaspace       used 87564K, capacity 89805K, committed 90112K, reserved 1126400K
  class space    used 11443K, capacity 12275K, committed 12364K, reserved 1048576K
}
Event: 21.044 GC heap before
{Heap before GC invocations=30 (full 0):
 garbage-first heap   total 155648K, used 118784K [0x0000000080000000, 0x0000000100000000)
  region size 1024K, 33 young (33792K), 5 survivors (5120K)
 Metaspace       used 88151K, capacity 90387K, committed 90624K, reserved 1128448K
  class space    used 11522K, capacity 12360K, committed 12364K, reserved 1048576K
}
Event: 21.065 GC heap after
{Heap after GC invocations=31 (full 0):
 garbage-first heap   total 155648K, used 98380K [0x0000000080000000, 0x0000000100000000)
  region size 1024K, 5 young (5120K), 5 survivors (5120K)
 Metaspace       used 88151K, capacity 90387K, committed 90624K, reserved 1128448K
  class space    used 11522K, capacity 12360K, committed 12364K, reserved 1048576K
}
Event: 21.204 GC heap before
{Heap before GC invocations=31 (full 0):
 garbage-first heap   total 155648K, used 120908K [0x0000000080000000, 0x0000000100000000)
  region size 1024K, 28 young (28672K), 5 survivors (5120K)
 Metaspace       used 88548K, capacity 90888K, committed 91008K, reserved 1128448K
  class space    used 11586K, capacity 12463K, committed 12492K, reserved 1048576K
}
Event: 21.221 GC heap after
{Heap after GC invocations=32 (full 0):
 garbage-first heap   total 155648K, used 105414K [0x0000000080000000, 0x0000000100000000)
  region size 1024K, 4 young (4096K), 4 survivors (4096K)
 Metaspace       used 88548K, capacity 90888K, committed 91008K, reserved 1128448K
  class space    used 11586K, capacity 12463K, committed 12492K, reserved 1048576K
}
Event: 21.397 GC heap before
{Heap before GC invocations=33 (full 0):
 garbage-first heap   total 155648K, used 124870K [0x0000000080000000, 0x0000000100000000)
  region size 1024K, 24 young (24576K), 4 survivors (4096K)
 Metaspace       used 89190K, capacity 91489K, committed 91648K, reserved 1128448K
  class space    used 11667K, capacity 12512K, committed 12620K, reserved 1048576K
}
Event: 21.419 GC heap after
{Heap after GC invocations=34 (full 0):
 garbage-first heap   total 198656K, used 110592K [0x0000000080000000, 0x0000000100000000)
  region size 1024K, 3 young (3072K), 3 survivors (3072K)
 Metaspace       used 89190K, capacity 91489K, committed 91648K, reserved 1128448K
  class space    used 11667K, capacity 12512K, committed 12620K, reserved 1048576K
}
Event: 21.622 GC heap before
{Heap before GC invocations=34 (full 0):
 garbage-first heap   total 198656K, used 142336K [0x0000000080000000, 0x0000000100000000)
  region size 1024K, 35 young (35840K), 3 survivors (3072K)
 Metaspace       used 90180K, capacity 92497K, committed 92800K, reserved 1130496K
  class space    used 11779K, capacity 12658K, committed 12748K, reserved 1048576K
}
Event: 21.639 GC heap after
{Heap after GC invocations=35 (full 0):
 garbage-first heap   total 198656K, used 117743K [0x0000000080000000, 0x0000000100000000)
  region size 1024K, 5 young (5120K), 5 survivors (5120K)
 Metaspace       used 90180K, capacity 92497K, committed 92800K, reserved 1130496K
  class space    used 11779K, capacity 12658K, committed 12748K, reserved 1048576K
}
Event: 21.815 GC heap before
{Heap before GC invocations=35 (full 0):
 garbage-first heap   total 198656K, used 148463K [0x0000000080000000, 0x0000000100000000)
  region size 1024K, 36 young (36864K), 5 survivors (5120K)
 Metaspace       used 90897K, capacity 93343K, committed 93440K, reserved 1130496K
  class space    used 11927K, capacity 12867K, committed 12876K, reserved 1048576K
}
Event: 21.835 GC heap after
{Heap after GC invocations=36 (full 0):
 garbage-first heap   total 198656K, used 124258K [0x0000000080000000, 0x0000000100000000)
  region size 1024K, 5 young (5120K), 5 survivors (5120K)
 Metaspace       used 90897K, capacity 93343K, committed 93440K, reserved 1130496K
  class space    used 11927K, capacity 12867K, committed 12876K, reserved 1048576K
}
Event: 22.188 GC heap before
{Heap before GC invocations=37 (full 0):
 garbage-first heap   total 198656K, used 153954K [0x0000000080000000, 0x0000000100000000)
  region size 1024K, 34 young (34816K), 5 survivors (5120K)
 Metaspace       used 92918K, capacity 95273K, committed 95616K, reserved 1132544K
  class space    used 12245K, capacity 13148K, committed 13260K, reserved 1048576K
}
Event: 22.205 GC heap after
{Heap after GC invocations=38 (full 0):
 garbage-first heap   total 198656K, used 129068K [0x0000000080000000, 0x0000000100000000)
  region size 1024K, 5 young (5120K), 5 survivors (5120K)
 Metaspace       used 92918K, capacity 95273K, committed 95616K, reserved 1132544K
  class space    used 12245K, capacity 13148K, committed 13260K, reserved 1048576K
}
Event: 22.546 GC heap before
{Heap before GC invocations=38 (full 0):
 garbage-first heap   total 198656K, used 156716K [0x0000000080000000, 0x0000000100000000)
  region size 1024K, 33 young (33792K), 5 survivors (5120K)
 Metaspace       used 93847K, capacity 96250K, committed 96512K, reserved 1132544K
  class space    used 12389K, capacity 13296K, committed 13388K, reserved 1048576K
}

Deoptimization events (20 events):
Event: 22.101 Thread 0x000001c5152a1800 DEOPT PACKING pc=0x000001c5080d09ac sp=0x000000af927f9dc0
Event: 22.102 Thread 0x000001c5152a1800 DEOPT UNPACKING pc=0x000001c5000083af sp=0x000000af927f9c98 mode 2
Event: 22.102 Thread 0x000001c5152a1800 Uncommon trap: trap_request=0xffffff4d fr.pc=0x000001c5080d1a08 relative=0x0000000000000068
Event: 22.102 Thread 0x000001c5152a1800 Uncommon trap: reason=unstable_if action=reinterpret pc=0x000001c5080d1a08 method=com.android.tools.r8.internal.AA.a(Ljava/lang/Object;[Lcom/android/tools/r8/internal/yf;I)Ljava/lang/Object; @ 5 c2
Event: 22.102 Thread 0x000001c5152a1800 DEOPT PACKING pc=0x000001c5080d1a08 sp=0x000000af927f9d70
Event: 22.102 Thread 0x000001c5152a1800 DEOPT UNPACKING pc=0x000001c5000083af sp=0x000000af927f9ca0 mode 2
Event: 22.135 Thread 0x000001c5152a4800 Uncommon trap: trap_request=0xffffff4d fr.pc=0x000001c5080ca5e0 relative=0x0000000000000040
Event: 22.135 Thread 0x000001c5152a4800 Uncommon trap: reason=unstable_if action=reinterpret pc=0x000001c5080ca5e0 method=com.android.tools.r8.internal.AA.a(Ljava/lang/Object;[Lcom/android/tools/r8/internal/yf;I)Ljava/lang/Object; @ 5 c2
Event: 22.135 Thread 0x000001c5152a4800 DEOPT PACKING pc=0x000001c5080ca5e0 sp=0x000000af925f9e10
Event: 22.135 Thread 0x000001c5152a4800 DEOPT UNPACKING pc=0x000001c5000083af sp=0x000000af925f9dc0 mode 2
Event: 22.154 Thread 0x000001c5152a4800 Uncommon trap: trap_request=0xffffff4d fr.pc=0x000001c507d44dd4 relative=0x00000000000013b4
Event: 22.157 Thread 0x000001c5152a4800 Uncommon trap: reason=unstable_if action=reinterpret pc=0x000001c507d44dd4 method=java.util.HashMap.computeIfAbsent(Ljava/lang/Object;Ljava/util/function/Function;)Ljava/lang/Object; @ 145 c2
Event: 22.157 Thread 0x000001c5152a4800 DEOPT PACKING pc=0x000001c507d44dd4 sp=0x000000af925f9ce0
Event: 22.157 Thread 0x000001c5152a4800 DEOPT UNPACKING pc=0x000001c5000083af sp=0x000000af925f9cc0 mode 2
Event: 22.455 Thread 0x000001c5152a6000 Uncommon trap: trap_request=0xffffff4d fr.pc=0x000001c507e6c224 relative=0x0000000000001784
Event: 22.455 Thread 0x000001c5152a6000 Uncommon trap: reason=unstable_if action=reinterpret pc=0x000001c507e6c224 method=java.util.TreeMap.put(Ljava/lang/Object;Ljava/lang/Object;)Ljava/lang/Object; @ 163 c2
Event: 22.455 Thread 0x000001c5152a6000 DEOPT PACKING pc=0x000001c507e6c224 sp=0x000000af928f9a50
Event: 22.455 Thread 0x000001c5152a6000 DEOPT UNPACKING pc=0x000001c5000083af sp=0x000000af928f9a20 mode 2
Event: 22.486 Thread 0x000001c5152a5800 DEOPT PACKING pc=0x000001c501d40d63 sp=0x000000af926f9bc0
Event: 22.486 Thread 0x000001c5152a5800 DEOPT UNPACKING pc=0x000001c500028ede sp=0x000000af926f9058 mode 0

Classes redefined (0 events):
No events

Internal exceptions (20 events):
Event: 20.957 Thread 0x000001c5152a5800 Exception <a 'java/lang/NoSuchMethodError'{0x000000008964e320}: 'int java.lang.invoke.DirectMethodHandle$Holder.invokeVirtual(java.lang.Object, java.lang.Object, java.lang.Object, java.lang.Object)'> (0x000000008964e320) thrown at [./src/hotspot/share/interpreter/linkResolver.cpp, line 773]
Event: 20.991 Thread 0x000001c5152a7000 Exception <a 'java/lang/NoSuchMethodError'{0x00000000888a3e38}: 'long java.lang.invoke.DirectMethodHandle$Holder.invokeStatic(java.lang.Object, java.lang.Object)'> (0x00000000888a3e38) thrown at [./src/hotspot/share/interpreter/linkResolver.cpp, line 773]
Event: 20.992 Thread 0x000001c5152a5800 Exception <a 'java/lang/NoSuchMethodError'{0x00000000888aed70}: 'long java.lang.invoke.DirectMethodHandle$Holder.invokeStatic(java.lang.Object, java.lang.Object)'> (0x00000000888aed70) thrown at [./src/hotspot/share/interpreter/linkResolver.cpp, line 773]
Event: 21.102 Thread 0x000001c5152a7000 Exception <a 'java/lang/IncompatibleClassChangeError'{0x0000000088f9c7b0}: Found class java.lang.Object, but interface was expected> (0x0000000088f9c7b0) thrown at [./src/hotspot/share/interpreter/linkResolver.cpp, line 839]
Event: 21.107 Thread 0x000001c5152a7000 Exception <a 'java/lang/NoSuchMethodError'{0x0000000088fa4638}: 'java.lang.Object java.lang.invoke.DirectMethodHandle$Holder.newInvokeSpecial(java.lang.Object, int)'> (0x0000000088fa4638) thrown at [./src/hotspot/share/interpreter/linkResolver.cpp, line 773]
Event: 21.117 Thread 0x000001c514359800 Exception <a 'java/lang/IncompatibleClassChangeError'{0x0000000088b01eb0}: Found class java.lang.Object, but interface was expected> (0x0000000088b01eb0) thrown at [./src/hotspot/share/interpreter/linkResolver.cpp, line 839]
Event: 21.119 Thread 0x000001c514359800 Exception <a 'java/lang/IncompatibleClassChangeError'{0x0000000088b0bd38}: Found class java.lang.Object, but interface was expected> (0x0000000088b0bd38) thrown at [./src/hotspot/share/interpreter/linkResolver.cpp, line 839]
Event: 21.168 Thread 0x000001c5152a7000 Exception <a 'java/lang/NoSuchMethodError'{0x000000008846ab50}: 'void java.lang.invoke.DirectMethodHandle$Holder.invokeStatic(java.lang.Object, java.lang.Object, java.lang.Object, int)'> (0x000000008846ab50) thrown at [./src/hotspot/share/interpreter/linkResolver.cpp, line 773]
Event: 21.169 Thread 0x000001c5152a6000 Exception <a 'java/lang/NoSuchMethodError'{0x0000000088486168}: 'void java.lang.invoke.DirectMethodHandle$Holder.invokeStatic(java.lang.Object, java.lang.Object, java.lang.Object, int)'> (0x0000000088486168) thrown at [./src/hotspot/share/interpreter/linkResolver.cpp, line 773]
Event: 21.168 Thread 0x000001c5152a4800 Exception <a 'java/lang/NoSuchMethodError'{0x00000000884a01f0}: 'void java.lang.invoke.DirectMethodHandle$Holder.invokeStatic(java.lang.Object, java.lang.Object, java.lang.Object, int)'> (0x00000000884a01f0) thrown at [./src/hotspot/share/interpreter/linkResolver.cpp, line 773]
Event: 21.183 Thread 0x000001c5152a7000 Exception <a 'java/lang/IncompatibleClassChangeError'{0x00000000884ac718}: Found class java.lang.Object, but interface was expected> (0x00000000884ac718) thrown at [./src/hotspot/share/interpreter/linkResolver.cpp, line 839]
Event: 21.198 Thread 0x000001c514359800 Exception <a 'java/lang/NoSuchMethodError'{0x000000008812fe48}: 'int java.lang.invoke.DirectMethodHandle$Holder.invokeVirtual(java.lang.Object, java.lang.Object, java.lang.Object)'> (0x000000008812fe48) thrown at [./src/hotspot/share/interpreter/linkResolver.cpp, line 773]
Event: 21.680 Thread 0x000001c5152a7000 Exception <a 'java/lang/NoSuchMethodError'{0x000000008b8ab6f8}: 'java.lang.Object java.lang.invoke.DirectMethodHandle$Holder.invokeStatic(java.lang.Object, int, java.lang.Object, java.lang.Object)'> (0x000000008b8ab6f8) thrown at [./src/hotspot/share/interpreter/linkResolver.cpp, line 773]
Event: 21.681 Thread 0x000001c5152a6000 Exception <a 'java/lang/NoSuchMethodError'{0x000000008b9cf608}: 'java.lang.Object java.lang.invoke.DirectMethodHandle$Holder.invokeStatic(java.lang.Object, int, java.lang.Object, java.lang.Object)'> (0x000000008b9cf608) thrown at [./src/hotspot/share/interpreter/linkResolver.cpp, line 773]
Event: 21.716 Thread 0x000001c5152a7000 Exception <a 'java/lang/NoSuchMethodError'{0x000000008b496818}: 'java.lang.Object java.lang.invoke.Invokers$Holder.linkToTargetMethod(java.lang.Object, java.lang.Object, java.lang.Object, java.lang.Object, java.lang.Object, java.lang.Object, java.lang.Object, java.lang.Object)'> (0x000000008b496818) thrown at [./src/hotspot/share/interpreter/linkResolver.cpp, line 773]
Event: 21.751 Thread 0x000001c5152a7000 Exception <a 'java/lang/NoSuchMethodError'{0x000000008ac524f0}: 'java.lang.Object java.lang.invoke.Invokers$Holder.linkToTargetMethod(java.lang.Object, java.lang.Object, java.lang.Object, java.lang.Object, java.lang.Object, java.lang.Object, java.lang.Object)'> (0x000000008ac524f0) thrown at [./src/hotspot/share/interpreter/linkResolver.cpp, line 773]
Event: 21.923 Thread 0x000001c5152a7000 Exception <a 'java/lang/NoSuchMethodError'{0x000000008bbb8c68}: 'java.lang.Object java.lang.invoke.DirectMethodHandle$Holder.invokeVirtual(java.lang.Object, java.lang.Object, int, java.lang.Object)'> (0x000000008bbb8c68) thrown at [./src/hotspot/share/interpreter/linkResolver.cpp, line 773]
Event: 21.981 Thread 0x000001c5152a4800 Exception <a 'java/lang/NoSuchMethodError'{0x000000008b7a2188}: 'void java.lang.invoke.DirectMethodHandle$Holder.invokeVirtual(java.lang.Object, java.lang.Object, int, java.lang.Object)'> (0x000000008b7a2188) thrown at [./src/hotspot/share/interpreter/linkResolver.cpp, line 773]
Event: 22.115 Thread 0x000001c5152a1800 Exception <a 'java/lang/NoSuchMethodError'{0x000000008ac91c80}: 'int java.lang.invoke.DirectMethodHandle$Holder.invokeSpecial(java.lang.Object, java.lang.Object, java.lang.Object, int, java.lang.Object)'> (0x000000008ac91c80) thrown at [./src/hotspot/share/interpreter/linkResolver.cpp, line 773]
Event: 22.261 Thread 0x000001c51435a800 Exception <a 'java/lang/NoSuchMethodError'{0x000000008ba51ca8}: 'java.lang.Object java.lang.invoke.DirectMethodHandle$Holder.invokeInterface(java.lang.Object, java.lang.Object, int)'> (0x000000008ba51ca8) thrown at [./src/hotspot/share/interpreter/linkResolver.cpp, line 773]

Events (20 events):
Event: 22.511 loading class com/android/tools/r8/graph/v0$i done
Event: 22.511 loading class com/android/tools/r8/internal/b0
Event: 22.511 loading class com/android/tools/r8/internal/b0 done
Event: 22.512 loading class com/android/tools/r8/graph/v0$h
Event: 22.512 loading class com/android/tools/r8/graph/v0$h done
Event: 22.512 loading class com/android/tools/r8/internal/i0
Event: 22.512 loading class com/android/tools/r8/internal/i0 done
Event: 22.512 loading class com/android/tools/r8/internal/w2
Event: 22.512 loading class com/android/tools/r8/internal/w2 done
Event: 22.513 loading class com/android/tools/r8/internal/t2
Event: 22.513 loading class com/android/tools/r8/internal/t2 done
Event: 22.518 loading class com/android/tools/r8/internal/i0$b
Event: 22.518 loading class com/android/tools/r8/internal/i0$b done
Event: 22.519 loading class com/android/tools/r8/internal/ps
Event: 22.519 loading class com/android/tools/r8/internal/ps done
Event: 22.519 loading class com/android/tools/r8/internal/a0
Event: 22.519 loading class com/android/tools/r8/internal/a0 done
Event: 22.538 Executing VM operation: ICBufferFull
Event: 22.539 Executing VM operation: ICBufferFull done
Event: 22.545 Executing VM operation: G1CollectForAllocation


Dynamic libraries:
0x00007ff64fe30000 - 0x00007ff64fe3a000 	D:\Program Files\Android\Android Studio\jre\bin\java.exe
0x00007ff94ac00000 - 0x00007ff94ae09000 	C:\WINDOWS\SYSTEM32\ntdll.dll
0x00007ff948db0000 - 0x00007ff948e6d000 	C:\WINDOWS\System32\KERNEL32.DLL
0x00007ff948670000 - 0x00007ff9489ec000 	C:\WINDOWS\System32\KERNELBASE.dll
0x00007ff948550000 - 0x00007ff948661000 	C:\WINDOWS\System32\ucrtbase.dll
0x00007ff935dd0000 - 0x00007ff935de7000 	D:\Program Files\Android\Android Studio\jre\bin\VCRUNTIME140.dll
0x00007ff931430000 - 0x00007ff931449000 	D:\Program Files\Android\Android Studio\jre\bin\jli.dll
0x00007ff94a540000 - 0x00007ff94a6ed000 	C:\WINDOWS\System32\USER32.dll
0x00007ff9484a0000 - 0x00007ff9484c6000 	C:\WINDOWS\System32\win32u.dll
0x00007ff94a700000 - 0x00007ff94a729000 	C:\WINDOWS\System32\GDI32.dll
0x00007ff9336a0000 - 0x00007ff933945000 	C:\WINDOWS\WinSxS\amd64_microsoft.windows.common-controls_6595b64144ccf1df_6.0.22000.120_none_9d947278b86cc467\COMCTL32.dll
0x00007ff948380000 - 0x00007ff948499000 	C:\WINDOWS\System32\gdi32full.dll
0x00007ff94a870000 - 0x00007ff94a913000 	C:\WINDOWS\System32\msvcrt.dll
0x00007ff9489f0000 - 0x00007ff948a8d000 	C:\WINDOWS\System32\msvcp_win.dll
0x00007ff948e70000 - 0x00007ff948ea1000 	C:\WINDOWS\System32\IMM32.DLL
0x00007ff90b2d0000 - 0x00007ff90b36d000 	D:\Program Files\Android\Android Studio\jre\bin\msvcp140.dll
0x00007ff8e9c00000 - 0x00007ff8ea6cf000 	D:\Program Files\Android\Android Studio\jre\bin\server\jvm.dll
0x00007ff94aab0000 - 0x00007ff94ab5e000 	C:\WINDOWS\System32\ADVAPI32.dll
0x00007ff948eb0000 - 0x00007ff948f4e000 	C:\WINDOWS\System32\sechost.dll
0x00007ff949f80000 - 0x00007ff94a0a0000 	C:\WINDOWS\System32\RPCRT4.dll
0x00007ff94a920000 - 0x00007ff94a928000 	C:\WINDOWS\System32\PSAPI.DLL
0x00007ff941b40000 - 0x00007ff941b73000 	C:\WINDOWS\SYSTEM32\WINMM.dll
0x00007ff942610000 - 0x00007ff94261a000 	C:\WINDOWS\SYSTEM32\VERSION.dll
0x00007ff932180000 - 0x00007ff932189000 	C:\WINDOWS\SYSTEM32\WSOCK32.dll
0x00007ff94aa40000 - 0x00007ff94aaaf000 	C:\WINDOWS\System32\WS2_32.dll
0x00007ff9472c0000 - 0x00007ff9472d8000 	C:\WINDOWS\SYSTEM32\kernel.appcore.dll
0x00007ff937230000 - 0x00007ff937241000 	D:\Program Files\Android\Android Studio\jre\bin\verify.dll
0x00007ff945c40000 - 0x00007ff945e61000 	C:\WINDOWS\SYSTEM32\DBGHELP.DLL
0x00007ff939130000 - 0x00007ff939161000 	C:\WINDOWS\SYSTEM32\dbgcore.DLL
0x00007ff9484d0000 - 0x00007ff94854f000 	C:\WINDOWS\System32\bcryptPrimitives.dll
0x00007ff926690000 - 0x00007ff9266b9000 	D:\Program Files\Android\Android Studio\jre\bin\java.dll
0x00007ff937220000 - 0x00007ff93722b000 	D:\Program Files\Android\Android Studio\jre\bin\jimage.dll
0x00007ff9202e0000 - 0x00007ff9202f8000 	D:\Program Files\Android\Android Studio\jre\bin\zip.dll
0x00007ff949160000 - 0x00007ff949918000 	C:\WINDOWS\System32\SHELL32.dll
0x00007ff946250000 - 0x00007ff946ab8000 	C:\WINDOWS\SYSTEM32\windows.storage.dll
0x00007ff94a0d0000 - 0x00007ff94a449000 	C:\WINDOWS\System32\combase.dll
0x00007ff9460d0000 - 0x00007ff946236000 	C:\WINDOWS\SYSTEM32\wintypes.dll
0x00007ff948a90000 - 0x00007ff948b7a000 	C:\WINDOWS\System32\SHCORE.dll
0x00007ff949920000 - 0x00007ff94997d000 	C:\WINDOWS\System32\shlwapi.dll
0x00007ff948010000 - 0x00007ff948031000 	C:\WINDOWS\SYSTEM32\profapi.dll
0x00007ff9202c0000 - 0x00007ff9202da000 	D:\Program Files\Android\Android Studio\jre\bin\net.dll
0x00007ff940940000 - 0x00007ff940a4c000 	C:\WINDOWS\SYSTEM32\WINHTTP.dll
0x00007ff9476f0000 - 0x00007ff947757000 	C:\WINDOWS\system32\mswsock.dll
0x00007ff9201c0000 - 0x00007ff9201d4000 	D:\Program Files\Android\Android Studio\jre\bin\nio.dll
0x00007ff90f0f0000 - 0x00007ff90f117000 	C:\Users\ASUS\.gradle\native\8bec1ad78214c89d9ad589b4d07fe93259594b29d510b10fafb7a158f7737e5d\windows-amd64\native-platform.dll
0x00007ff8ef7b0000 - 0x00007ff8ef8ed000 	C:\Users\ASUS\.gradle\native\53dbd7edfb1c66fb8903c78663c9afc45aea4f116125fa6feffd364cf09443e8\windows-amd64\native-platform-file-events.dll
0x00007ff937210000 - 0x00007ff93721a000 	D:\Program Files\Android\Android Studio\jre\bin\management.dll
0x00007ff937080000 - 0x00007ff93708c000 	D:\Program Files\Android\Android Studio\jre\bin\management_ext.dll
0x00007ff947940000 - 0x00007ff947958000 	C:\WINDOWS\SYSTEM32\CRYPTSP.dll
0x00007ff947220000 - 0x00007ff947255000 	C:\WINDOWS\system32\rsaenh.dll
0x00007ff9477e0000 - 0x00007ff947809000 	C:\WINDOWS\SYSTEM32\USERENV.dll
0x00007ff947ac0000 - 0x00007ff947ae7000 	C:\WINDOWS\SYSTEM32\bcrypt.dll
0x00007ff947930000 - 0x00007ff94793c000 	C:\WINDOWS\SYSTEM32\CRYPTBASE.dll
0x00007ff946df0000 - 0x00007ff946e1d000 	C:\WINDOWS\SYSTEM32\IPHLPAPI.DLL
0x00007ff94a0c0000 - 0x00007ff94a0c9000 	C:\WINDOWS\System32\NSI.dll
0x00007ff9414f0000 - 0x00007ff941509000 	C:\WINDOWS\SYSTEM32\dhcpcsvc6.DLL
0x00007ff941960000 - 0x00007ff94197e000 	C:\WINDOWS\SYSTEM32\dhcpcsvc.DLL
0x00007ff946e60000 - 0x00007ff946f48000 	C:\WINDOWS\SYSTEM32\DNSAPI.dll

dbghelp: loaded successfully - version: 4.0.5 - missing functions: none
symbol engine: initialized successfully - sym options: 0x614 - pdb path: .;D:\Program Files\Android\Android Studio\jre\bin;C:\WINDOWS\SYSTEM32;C:\WINDOWS\WinSxS\amd64_microsoft.windows.common-controls_6595b64144ccf1df_6.0.22000.120_none_9d947278b86cc467;D:\Program Files\Android\Android Studio\jre\bin\server;C:\Users\ASUS\.gradle\native\8bec1ad78214c89d9ad589b4d07fe93259594b29d510b10fafb7a158f7737e5d\windows-amd64;C:\Users\ASUS\.gradle\native\53dbd7edfb1c66fb8903c78663c9afc45aea4f116125fa6feffd364cf09443e8\windows-amd64

VM Arguments:
jvm_args: --add-opens=java.base/java.util=ALL-UNNAMED --add-opens=java.base/java.lang=ALL-UNNAMED --add-opens=java.base/java.lang.invoke=ALL-UNNAMED --add-opens=java.base/java.util=ALL-UNNAMED --add-opens=java.prefs/java.util.prefs=ALL-UNNAMED --add-opens=java.prefs/java.util.prefs=ALL-UNNAMED --add-opens=java.base/java.nio.charset=ALL-UNNAMED --add-opens=java.base/java.net=ALL-UNNAMED --add-opens=java.base/java.util.concurrent.atomic=ALL-UNNAMED -Xmx2048m -Dfile.encoding=UTF-8 -Duser.country=CN -Duser.language=zh -Duser.variant 
java_command: org.gradle.launcher.daemon.bootstrap.GradleDaemon 7.0.2
java_class_path (initial): C:\Users\ASUS\.gradle\wrapper\dists\gradle-7.0.2-bin\857tjihv64xamwrf0h14cai3r\gradle-7.0.2\lib\gradle-launcher-7.0.2.jar
Launcher Type: SUN_STANDARD

[Global flags]
     intx CICompilerCount                          = 4                                         {product} {ergonomic}
     uint ConcGCThreads                            = 2                                         {product} {ergonomic}
     uint G1ConcRefinementThreads                  = 8                                         {product} {ergonomic}
   size_t G1HeapRegionSize                         = 1048576                                   {product} {ergonomic}
    uintx GCDrainStackTargetSize                   = 64                                        {product} {ergonomic}
   size_t InitialHeapSize                          = 132120576                                 {product} {ergonomic}
   size_t MarkStackSize                            = 4194304                                   {product} {ergonomic}
   size_t MaxHeapSize                              = 2147483648                                {product} {command line}
   size_t MaxNewSize                               = 1287651328                                {product} {ergonomic}
   size_t MinHeapDeltaBytes                        = 1048576                                   {product} {ergonomic}
    uintx NonNMethodCodeHeapSize                   = 5836300                                {pd product} {ergonomic}
    uintx NonProfiledCodeHeapSize                  = 122910970                              {pd product} {ergonomic}
    uintx ProfiledCodeHeapSize                     = 122910970                              {pd product} {ergonomic}
    uintx ReservedCodeCacheSize                    = 251658240                              {pd product} {ergonomic}
     bool SegmentedCodeCache                       = true                                      {product} {ergonomic}
     bool UseCompressedClassPointers               = true                                 {lp64_product} {ergonomic}
     bool UseCompressedOops                        = true                                 {lp64_product} {ergonomic}
     bool UseG1GC                                  = true                                      {product} {ergonomic}
     bool UseLargePagesIndividualAllocation        = false                                  {pd product} {ergonomic}

Logging:
Log output configuration:
 #0: stdout all=warning uptime,level,tags
 #1: stderr all=off uptime,level,tags

Environment Variables:
JAVA_HOME=C:\Program Files\Java\jdk1.8.0_321
CLASSPATH=.;C:\Program Files\Java\jdk1.8.0_321\lib;C:\Program Files\Java\jdk1.8.0_321\lib\tools.jar
PATH=C:\Program Files (x86)\Common Files\Oracle\Java\javapath;C:\Program Files (x86)\VMware\VMware Workstation\bin\;C:\ProgramData\Oracle\Java\javapath;C:\Program Files\Java\jdk1.8.0_321\bin;C:\Program Files\Java\jdk1.8.0_321\jre\bin;D:\Program Files\MySql\mysql-8.0.23-winx64\bin;C:\Program Files (x86)\Microsoft SQL Server\150\DTS\Binn\;C:\Program Files\Microsoft SQL Server\Client SDK\ODBC\170\Tools\Binn\;C:\Program Files (x86)\Microsoft SQL Server\150\Tools\Binn\;C:\Program Files\Microsoft SQL Server\150\Tools\Binn\;C:\Program Files\Microsoft SQL Server\150\DTS\Binn\;C:\WINDOWS\system32;C:\WINDOWS;C:\WINDOWS\System32\Wbem;C:\WINDOWS\System32\WindowsPowerShell\v1.0\;C:\WINDOWS\System32\OpenSSH\;C:\Program Files (x86)\MySQL\MySQL Server 5.1\bin;D:\apache-tomcat-8.0.50\bin;D:\apache-tomcat-8.0.50\lib;D:\nodeJs\;D:\Git\cmd;C:\Users\ASUS\AppData\Local\Microsoft\WindowsApps;C:\Users\ASUS\AppData\Roaming\npm
USERNAME=ASUS
OS=Windows_NT
PROCESSOR_IDENTIFIER=Intel64 Family 6 Model 126 Stepping 5, GenuineIntel



---------------  S Y S T E M  ---------------

OS: Windows 10 , 64 bit Build 22000 (10.0.22000.708)
OS uptime: 3 days 0:40 hours

CPU:total 8 (initial active 8) (4 cores per cpu, 2 threads per core) family 6 model 126 stepping 5 microcode 0xa6, cmov, cx8, fxsr, mmx, sse, sse2, sse3, ssse3, sse4.1, sse4.2, popcnt, avx, avx2, aes, clmul, erms, 3dnowpref, lzcnt, ht, tsc, tscinvbit, bmi1, bmi2, adx, evex, sha, fma

Memory: 4k page, system-wide physical 7997M (370M free)
TotalPageFile size 20136M (AvailPageFile size 134M)
current process WorkingSet (physical memory assigned to process): 504M, peak: 504M
current process commit charge ("private bytes"): 560M, peak: 715M

vm_info: OpenJDK 64-Bit Server VM (11.0.10+0-b96-7249189) for windows-amd64 JRE (11.0.10+0-b96-7249189), built on Mar 31 2021 21:44:00 by "builder" with MS VC++ 14.0 (VS2015)

END.
